mode: set
beauty-salon-backend-go/cmd/migrate/main.go:12.13,19.20 3 0
beauty-salon-backend-go/cmd/migrate/main.go:19.20,22.3 2 0
beauty-salon-backend-go/cmd/migrate/main.go:25.2,26.16 2 0
beauty-salon-backend-go/cmd/migrate/main.go:26.16,28.3 1 0
beauty-salon-backend-go/cmd/migrate/main.go:29.2,34.9 3 0
beauty-salon-backend-go/cmd/migrate/main.go:34.9,36.50 2 0
beauty-salon-backend-go/cmd/migrate/main.go:36.50,38.4 1 0
beauty-salon-backend-go/cmd/migrate/main.go:39.3,39.52 1 0
beauty-salon-backend-go/cmd/migrate/main.go:42.2,42.11 1 0
beauty-salon-backend-go/cmd/migrate/main.go:42.11,45.3 2 0
beauty-salon-backend-go/internal/models/appointment.go:35.154,50.2 2 0
beauty-salon-backend-go/internal/models/appointment.go:53.41,55.2 1 0
beauty-salon-backend-go/internal/models/appointment.go:58.40,59.30 1 0
beauty-salon-backend-go/internal/models/appointment.go:59.30,61.3 1 0
beauty-salon-backend-go/internal/models/appointment.go:62.2,62.27 1 0
beauty-salon-backend-go/internal/models/appointment.go:62.27,64.3 1 0
beauty-salon-backend-go/internal/models/appointment.go:65.2,65.29 1 0
beauty-salon-backend-go/internal/models/appointment.go:65.29,67.3 1 0
beauty-salon-backend-go/internal/models/appointment.go:68.2,68.32 1 0
beauty-salon-backend-go/internal/models/appointment.go:68.32,70.3 1 0
beauty-salon-backend-go/internal/models/appointment.go:71.2,71.32 1 0
beauty-salon-backend-go/internal/models/appointment.go:71.32,73.3 1 0
beauty-salon-backend-go/internal/models/appointment.go:74.2,74.12 1 0
beauty-salon-backend-go/internal/models/appointment.go:78.68,79.16 1 0
beauty-salon-backend-go/internal/models/appointment.go:80.74,81.14 1 0
beauty-salon-backend-go/internal/models/appointment.go:82.10,83.15 1 0
beauty-salon-backend-go/internal/models/customer.go:20.55,30.2 2 0
beauty-salon-backend-go/internal/models/customer.go:33.38,35.2 1 0
beauty-salon-backend-go/internal/models/customer.go:38.37,39.18 1 0
beauty-salon-backend-go/internal/models/customer.go:39.18,41.3 1 0
beauty-salon-backend-go/internal/models/customer.go:42.2,42.19 1 0
beauty-salon-backend-go/internal/models/customer.go:42.19,44.3 1 0
beauty-salon-backend-go/internal/models/customer.go:45.2,45.12 1 0
beauty-salon-backend-go/internal/models/service.go:21.77,32.2 2 0
beauty-salon-backend-go/internal/models/service.go:35.37,37.2 1 0
beauty-salon-backend-go/internal/models/service.go:40.36,41.18 1 0
beauty-salon-backend-go/internal/models/service.go:41.18,43.3 1 0
beauty-salon-backend-go/internal/models/service.go:44.2,44.18 1 0
beauty-salon-backend-go/internal/models/service.go:44.18,46.3 1 0
beauty-salon-backend-go/internal/models/service.go:47.2,47.12 1 0
beauty-salon-backend-go/internal/models/staff.go:21.55,32.2 2 0
beauty-salon-backend-go/internal/models/staff.go:35.35,37.2 1 0
beauty-salon-backend-go/internal/models/staff.go:40.34,41.18 1 0
beauty-salon-backend-go/internal/models/staff.go:41.18,43.3 1 0
beauty-salon-backend-go/internal/models/staff.go:44.2,44.19 1 0
beauty-salon-backend-go/internal/models/staff.go:44.19,46.3 1 0
beauty-salon-backend-go/internal/models/staff.go:47.2,47.18 1 0
beauty-salon-backend-go/internal/models/staff.go:47.18,49.3 1 0
beauty-salon-backend-go/internal/models/staff.go:50.2,50.12 1 0
beauty-salon-backend-go/internal/handlers/appointment_handler.go:22.85,24.2 1 0
beauty-salon-backend-go/internal/handlers/appointment_handler.go:53.64,55.47 2 0
beauty-salon-backend-go/internal/handlers/appointment_handler.go:55.47,58.3 2 0
beauty-salon-backend-go/internal/handlers/appointment_handler.go:61.2,62.16 2 0
beauty-salon-backend-go/internal/handlers/appointment_handler.go:62.16,65.3 2 0
beauty-salon-backend-go/internal/handlers/appointment_handler.go:67.2,68.16 2 0
beauty-salon-backend-go/internal/handlers/appointment_handler.go:68.16,71.3 2 0
beauty-salon-backend-go/internal/handlers/appointment_handler.go:73.2,74.16 2 0
beauty-salon-backend-go/internal/handlers/appointment_handler.go:74.16,77.3 2 0
beauty-salon-backend-go/internal/handlers/appointment_handler.go:80.2,81.16 2 0
beauty-salon-backend-go/internal/handlers/appointment_handler.go:81.16,84.3 2 0
beauty-salon-backend-go/internal/handlers/appointment_handler.go:86.2,87.16 2 0
beauty-salon-backend-go/internal/handlers/appointment_handler.go:87.16,90.3 2 0
beauty-salon-backend-go/internal/handlers/appointment_handler.go:92.2,96.16 3 0
beauty-salon-backend-go/internal/handlers/appointment_handler.go:96.16,98.40 2 0
beauty-salon-backend-go/internal/handlers/appointment_handler.go:98.40,101.4 2 0
beauty-salon-backend-go/internal/handlers/appointment_handler.go:102.3,102.37 1 0
beauty-salon-backend-go/internal/handlers/appointment_handler.go:102.37,105.4 2 0
beauty-salon-backend-go/internal/handlers/appointment_handler.go:106.3,106.39 1 0
beauty-salon-backend-go/internal/handlers/appointment_handler.go:106.39,109.4 2 0
beauty-salon-backend-go/internal/handlers/appointment_handler.go:110.3,110.42 1 0
beauty-salon-backend-go/internal/handlers/appointment_handler.go:110.42,113.4 2 0
beauty-salon-backend-go/internal/handlers/appointment_handler.go:114.3,114.67 1 0
beauty-salon-backend-go/internal/handlers/appointment_handler.go:114.67,117.4 2 0
beauty-salon-backend-go/internal/handlers/appointment_handler.go:118.3,119.9 2 0
beauty-salon-backend-go/internal/handlers/appointment_handler.go:122.2,123.41 2 0
beauty-salon-backend-go/internal/handlers/appointment_handler.go:127.61,130.16 3 0
beauty-salon-backend-go/internal/handlers/appointment_handler.go:130.16,133.3 2 0
beauty-salon-backend-go/internal/handlers/appointment_handler.go:135.2,136.16 2 0
beauty-salon-backend-go/internal/handlers/appointment_handler.go:136.16,137.43 1 0
beauty-salon-backend-go/internal/handlers/appointment_handler.go:137.43,140.4 2 0
beauty-salon-backend-go/internal/handlers/appointment_handler.go:141.3,142.9 2 0
beauty-salon-backend-go/internal/handlers/appointment_handler.go:145.2,145.36 1 0
beauty-salon-backend-go/internal/handlers/appointment_handler.go:149.65,152.18 2 0
beauty-salon-backend-go/internal/handlers/appointment_handler.go:152.18,154.17 2 0
beauty-salon-backend-go/internal/handlers/appointment_handler.go:154.17,157.4 2 0
beauty-salon-backend-go/internal/handlers/appointment_handler.go:158.3,159.9 2 0
beauty-salon-backend-go/internal/handlers/appointment_handler.go:163.2,164.25 2 0
beauty-salon-backend-go/internal/handlers/appointment_handler.go:164.25,166.17 2 0
beauty-salon-backend-go/internal/handlers/appointment_handler.go:166.17,169.4 2 0
beauty-salon-backend-go/internal/handlers/appointment_handler.go:170.3,171.17 2 0
beauty-salon-backend-go/internal/handlers/appointment_handler.go:171.17,174.4 2 0
beauty-salon-backend-go/internal/handlers/appointment_handler.go:175.3,176.9 2 0
beauty-salon-backend-go/internal/handlers/appointment_handler.go:180.2,181.22 2 0
beauty-salon-backend-go/internal/handlers/appointment_handler.go:181.22,183.17 2 0
beauty-salon-backend-go/internal/handlers/appointment_handler.go:183.17,186.4 2 0
beauty-salon-backend-go/internal/handlers/appointment_handler.go:187.3,188.17 2 0
beauty-salon-backend-go/internal/handlers/appointment_handler.go:188.17,191.4 2 0
beauty-salon-backend-go/internal/handlers/appointment_handler.go:192.3,193.9 2 0
beauty-salon-backend-go/internal/handlers/appointment_handler.go:197.2,199.47 3 0
beauty-salon-backend-go/internal/handlers/appointment_handler.go:199.47,200.59 1 0
beauty-salon-backend-go/internal/handlers/appointment_handler.go:200.59,202.4 1 0
beauty-salon-backend-go/internal/handlers/appointment_handler.go:204.2,204.50 1 0
beauty-salon-backend-go/internal/handlers/appointment_handler.go:204.50,205.72 1 0
beauty-salon-backend-go/internal/handlers/appointment_handler.go:205.72,207.4 1 0
beauty-salon-backend-go/internal/handlers/appointment_handler.go:210.2,211.16 2 0
beauty-salon-backend-go/internal/handlers/appointment_handler.go:211.16,214.3 2 0
beauty-salon-backend-go/internal/handlers/appointment_handler.go:217.2,221.20 4 0
beauty-salon-backend-go/internal/handlers/appointment_handler.go:221.20,229.3 2 0
beauty-salon-backend-go/internal/handlers/appointment_handler.go:231.2,231.17 1 0
beauty-salon-backend-go/internal/handlers/appointment_handler.go:231.17,233.3 1 0
beauty-salon-backend-go/internal/handlers/appointment_handler.go:235.2,241.4 2 0
beauty-salon-backend-go/internal/handlers/appointment_handler.go:245.64,248.16 3 0
beauty-salon-backend-go/internal/handlers/appointment_handler.go:248.16,251.3 2 0
beauty-salon-backend-go/internal/handlers/appointment_handler.go:253.2,254.47 2 0
beauty-salon-backend-go/internal/handlers/appointment_handler.go:254.47,257.3 2 0
beauty-salon-backend-go/internal/handlers/appointment_handler.go:260.2,261.16 2 0
beauty-salon-backend-go/internal/handlers/appointment_handler.go:261.16,264.3 2 0
beauty-salon-backend-go/internal/handlers/appointment_handler.go:266.2,267.16 2 0
beauty-salon-backend-go/internal/handlers/appointment_handler.go:267.16,270.3 2 0
beauty-salon-backend-go/internal/handlers/appointment_handler.go:272.2,273.16 2 0
beauty-salon-backend-go/internal/handlers/appointment_handler.go:273.16,276.3 2 0
beauty-salon-backend-go/internal/handlers/appointment_handler.go:279.2,280.16 2 0
beauty-salon-backend-go/internal/handlers/appointment_handler.go:280.16,283.3 2 0
beauty-salon-backend-go/internal/handlers/appointment_handler.go:285.2,286.16 2 0
beauty-salon-backend-go/internal/handlers/appointment_handler.go:286.16,289.3 2 0
beauty-salon-backend-go/internal/handlers/appointment_handler.go:292.2,295.16 3 0
beauty-salon-backend-go/internal/handlers/appointment_handler.go:295.16,296.43 1 0
beauty-salon-backend-go/internal/handlers/appointment_handler.go:296.43,299.4 2 0
beauty-salon-backend-go/internal/handlers/appointment_handler.go:300.3,300.40 1 0
beauty-salon-backend-go/internal/handlers/appointment_handler.go:300.40,303.4 2 0
beauty-salon-backend-go/internal/handlers/appointment_handler.go:304.3,304.37 1 0
beauty-salon-backend-go/internal/handlers/appointment_handler.go:304.37,307.4 2 0
beauty-salon-backend-go/internal/handlers/appointment_handler.go:308.3,308.39 1 0
beauty-salon-backend-go/internal/handlers/appointment_handler.go:308.39,311.4 2 0
beauty-salon-backend-go/internal/handlers/appointment_handler.go:312.3,312.42 1 0
beauty-salon-backend-go/internal/handlers/appointment_handler.go:312.42,315.4 2 0
beauty-salon-backend-go/internal/handlers/appointment_handler.go:316.3,316.101 1 0
beauty-salon-backend-go/internal/handlers/appointment_handler.go:316.101,319.4 2 0
beauty-salon-backend-go/internal/handlers/appointment_handler.go:320.3,321.9 2 0
beauty-salon-backend-go/internal/handlers/appointment_handler.go:324.2,324.36 1 0
beauty-salon-backend-go/internal/handlers/appointment_handler.go:328.70,331.16 3 0
beauty-salon-backend-go/internal/handlers/appointment_handler.go:331.16,334.3 2 0
beauty-salon-backend-go/internal/handlers/appointment_handler.go:336.2,337.47 2 0
beauty-salon-backend-go/internal/handlers/appointment_handler.go:337.47,340.3 2 0
beauty-salon-backend-go/internal/handlers/appointment_handler.go:342.2,345.16 3 0
beauty-salon-backend-go/internal/handlers/appointment_handler.go:345.16,346.43 1 0
beauty-salon-backend-go/internal/handlers/appointment_handler.go:346.43,349.4 2 0
beauty-salon-backend-go/internal/handlers/appointment_handler.go:350.3,350.37 1 0
beauty-salon-backend-go/internal/handlers/appointment_handler.go:350.37,353.4 2 0
beauty-salon-backend-go/internal/handlers/appointment_handler.go:354.3,355.9 2 0
beauty-salon-backend-go/internal/handlers/appointment_handler.go:358.2,358.36 1 0
beauty-salon-backend-go/internal/handlers/appointment_handler.go:362.64,365.16 3 0
beauty-salon-backend-go/internal/handlers/appointment_handler.go:365.16,368.3 2 0
beauty-salon-backend-go/internal/handlers/appointment_handler.go:370.2,371.16 2 0
beauty-salon-backend-go/internal/handlers/appointment_handler.go:371.16,372.43 1 0
beauty-salon-backend-go/internal/handlers/appointment_handler.go:372.43,375.4 2 0
beauty-salon-backend-go/internal/handlers/appointment_handler.go:376.3,377.9 2 0
beauty-salon-backend-go/internal/handlers/appointment_handler.go:380.2,380.35 1 0
beauty-salon-backend-go/internal/handlers/appointment_handler.go:384.66,386.16 2 0
beauty-salon-backend-go/internal/handlers/appointment_handler.go:386.16,389.3 2 0
beauty-salon-backend-go/internal/handlers/appointment_handler.go:391.2,391.46 1 0
beauty-salon-backend-go/internal/handlers/appointment_handler.go:395.70,397.16 2 0
beauty-salon-backend-go/internal/handlers/appointment_handler.go:397.16,400.3 2 0
beauty-salon-backend-go/internal/handlers/appointment_handler.go:402.2,402.37 1 0
beauty-salon-backend-go/internal/handlers/appointment_handler.go:406.67,408.16 2 0
beauty-salon-backend-go/internal/handlers/appointment_handler.go:408.16,411.3 2 0
beauty-salon-backend-go/internal/handlers/appointment_handler.go:413.2,413.37 1 0
beauty-salon-backend-go/internal/handlers/appointment_handler.go:417.73,421.44 3 0
beauty-salon-backend-go/internal/handlers/appointment_handler.go:421.44,424.3 2 0
beauty-salon-backend-go/internal/handlers/appointment_handler.go:426.2,427.16 2 0
beauty-salon-backend-go/internal/handlers/appointment_handler.go:427.16,430.3 2 0
beauty-salon-backend-go/internal/handlers/appointment_handler.go:432.2,433.16 2 0
beauty-salon-backend-go/internal/handlers/appointment_handler.go:433.16,436.3 2 0
beauty-salon-backend-go/internal/handlers/appointment_handler.go:438.2,439.16 2 0
beauty-salon-backend-go/internal/handlers/appointment_handler.go:439.16,442.3 2 0
beauty-salon-backend-go/internal/handlers/appointment_handler.go:444.2,444.37 1 0
beauty-salon-backend-go/internal/handlers/appointment_handler.go:448.72,451.16 3 0
beauty-salon-backend-go/internal/handlers/appointment_handler.go:451.16,454.3 2 0
beauty-salon-backend-go/internal/handlers/appointment_handler.go:456.2,457.16 2 0
beauty-salon-backend-go/internal/handlers/appointment_handler.go:457.16,460.3 2 0
beauty-salon-backend-go/internal/handlers/appointment_handler.go:462.2,462.37 1 0
beauty-salon-backend-go/internal/handlers/appointment_handler.go:466.69,469.16 3 0
beauty-salon-backend-go/internal/handlers/appointment_handler.go:469.16,472.3 2 0
beauty-salon-backend-go/internal/handlers/appointment_handler.go:474.2,475.16 2 0
beauty-salon-backend-go/internal/handlers/appointment_handler.go:475.16,478.3 2 0
beauty-salon-backend-go/internal/handlers/appointment_handler.go:480.2,480.37 1 0
beauty-salon-backend-go/internal/handlers/appointment_handler.go:484.68,487.16 3 0
beauty-salon-backend-go/internal/handlers/appointment_handler.go:487.16,490.3 2 0
beauty-salon-backend-go/internal/handlers/appointment_handler.go:492.2,493.16 2 0
beauty-salon-backend-go/internal/handlers/appointment_handler.go:493.16,496.3 2 0
beauty-salon-backend-go/internal/handlers/appointment_handler.go:498.2,498.37 1 0
beauty-salon-backend-go/internal/handlers/appointment_handler.go:502.76,507.16 4 0
beauty-salon-backend-go/internal/handlers/appointment_handler.go:507.16,510.3 2 0
beauty-salon-backend-go/internal/handlers/appointment_handler.go:512.2,513.16 2 0
beauty-salon-backend-go/internal/handlers/appointment_handler.go:513.16,516.3 2 0
beauty-salon-backend-go/internal/handlers/appointment_handler.go:518.2,519.16 2 0
beauty-salon-backend-go/internal/handlers/appointment_handler.go:519.16,522.3 2 0
beauty-salon-backend-go/internal/handlers/appointment_handler.go:524.2,524.37 1 0
beauty-salon-backend-go/internal/handlers/appointment_handler.go:528.71,531.16 3 0
beauty-salon-backend-go/internal/handlers/appointment_handler.go:531.16,534.3 2 0
beauty-salon-backend-go/internal/handlers/appointment_handler.go:536.2,537.16 2 0
beauty-salon-backend-go/internal/handlers/appointment_handler.go:537.16,540.3 2 0
beauty-salon-backend-go/internal/handlers/appointment_handler.go:542.2,542.37 1 0
beauty-salon-backend-go/internal/handlers/appointment_handler.go:546.70,551.16 4 0
beauty-salon-backend-go/internal/handlers/appointment_handler.go:551.16,554.3 2 0
beauty-salon-backend-go/internal/handlers/appointment_handler.go:556.2,556.37 1 0
beauty-salon-backend-go/internal/handlers/appointment_handler.go:560.74,565.16 4 0
beauty-salon-backend-go/internal/handlers/appointment_handler.go:565.16,568.3 2 0
beauty-salon-backend-go/internal/handlers/appointment_handler.go:570.2,570.46 1 0
beauty-salon-backend-go/internal/handlers/customer_handler.go:20.76,22.2 1 0
beauty-salon-backend-go/internal/handlers/customer_handler.go:39.58,41.47 2 0
beauty-salon-backend-go/internal/handlers/customer_handler.go:41.47,44.3 2 0
beauty-salon-backend-go/internal/handlers/customer_handler.go:46.2,47.16 2 0
beauty-salon-backend-go/internal/handlers/customer_handler.go:47.16,48.37 1 0
beauty-salon-backend-go/internal/handlers/customer_handler.go:48.37,51.4 2 0
beauty-salon-backend-go/internal/handlers/customer_handler.go:52.3,52.68 1 0
beauty-salon-backend-go/internal/handlers/customer_handler.go:52.68,55.4 2 0
beauty-salon-backend-go/internal/handlers/customer_handler.go:56.3,57.9 2 0
beauty-salon-backend-go/internal/handlers/customer_handler.go:60.2,60.38 1 0
beauty-salon-backend-go/internal/handlers/customer_handler.go:64.55,67.16 3 0
beauty-salon-backend-go/internal/handlers/customer_handler.go:67.16,70.3 2 0
beauty-salon-backend-go/internal/handlers/customer_handler.go:72.2,73.16 2 0
beauty-salon-backend-go/internal/handlers/customer_handler.go:73.16,74.40 1 0
beauty-salon-backend-go/internal/handlers/customer_handler.go:74.40,77.4 2 0
beauty-salon-backend-go/internal/handlers/customer_handler.go:78.3,79.9 2 0
beauty-salon-backend-go/internal/handlers/customer_handler.go:82.2,82.33 1 0
beauty-salon-backend-go/internal/handlers/customer_handler.go:86.59,89.22 2 0
beauty-salon-backend-go/internal/handlers/customer_handler.go:89.22,91.17 2 0
beauty-salon-backend-go/internal/handlers/customer_handler.go:91.17,94.4 2 0
beauty-salon-backend-go/internal/handlers/customer_handler.go:95.3,96.9 2 0
beauty-salon-backend-go/internal/handlers/customer_handler.go:100.2,102.47 3 0
beauty-salon-backend-go/internal/handlers/customer_handler.go:102.47,103.59 1 0
beauty-salon-backend-go/internal/handlers/customer_handler.go:103.59,105.4 1 0
beauty-salon-backend-go/internal/handlers/customer_handler.go:107.2,107.50 1 0
beauty-salon-backend-go/internal/handlers/customer_handler.go:107.50,108.72 1 0
beauty-salon-backend-go/internal/handlers/customer_handler.go:108.72,110.4 1 0
beauty-salon-backend-go/internal/handlers/customer_handler.go:113.2,114.16 2 0
beauty-salon-backend-go/internal/handlers/customer_handler.go:114.16,117.3 2 0
beauty-salon-backend-go/internal/handlers/customer_handler.go:120.2,124.20 4 0
beauty-salon-backend-go/internal/handlers/customer_handler.go:124.20,132.3 2 0
beauty-salon-backend-go/internal/handlers/customer_handler.go:134.2,134.17 1 0
beauty-salon-backend-go/internal/handlers/customer_handler.go:134.17,136.3 1 0
beauty-salon-backend-go/internal/handlers/customer_handler.go:138.2,144.4 2 0
beauty-salon-backend-go/internal/handlers/customer_handler.go:148.58,151.16 3 0
beauty-salon-backend-go/internal/handlers/customer_handler.go:151.16,154.3 2 0
beauty-salon-backend-go/internal/handlers/customer_handler.go:156.2,157.47 2 0
beauty-salon-backend-go/internal/handlers/customer_handler.go:157.47,160.3 2 0
beauty-salon-backend-go/internal/handlers/customer_handler.go:162.2,163.16 2 0
beauty-salon-backend-go/internal/handlers/customer_handler.go:163.16,164.40 1 0
beauty-salon-backend-go/internal/handlers/customer_handler.go:164.40,167.4 2 0
beauty-salon-backend-go/internal/handlers/customer_handler.go:168.3,168.37 1 0
beauty-salon-backend-go/internal/handlers/customer_handler.go:168.37,171.4 2 0
beauty-salon-backend-go/internal/handlers/customer_handler.go:172.3,172.68 1 0
beauty-salon-backend-go/internal/handlers/customer_handler.go:172.68,175.4 2 0
beauty-salon-backend-go/internal/handlers/customer_handler.go:176.3,177.9 2 0
beauty-salon-backend-go/internal/handlers/customer_handler.go:180.2,180.33 1 0
beauty-salon-backend-go/internal/handlers/customer_handler.go:184.58,187.16 3 0
beauty-salon-backend-go/internal/handlers/customer_handler.go:187.16,190.3 2 0
beauty-salon-backend-go/internal/handlers/customer_handler.go:192.2,193.16 2 0
beauty-salon-backend-go/internal/handlers/customer_handler.go:193.16,194.40 1 0
beauty-salon-backend-go/internal/handlers/customer_handler.go:194.40,197.4 2 0
beauty-salon-backend-go/internal/handlers/customer_handler.go:198.3,199.9 2 0
beauty-salon-backend-go/internal/handlers/customer_handler.go:202.2,202.35 1 0
beauty-salon-backend-go/internal/handlers/customer_handler.go:206.62,208.17 2 0
beauty-salon-backend-go/internal/handlers/customer_handler.go:208.17,211.3 2 0
beauty-salon-backend-go/internal/handlers/customer_handler.go:213.2,214.16 2 0
beauty-salon-backend-go/internal/handlers/customer_handler.go:214.16,215.40 1 0
beauty-salon-backend-go/internal/handlers/customer_handler.go:215.40,218.4 2 0
beauty-salon-backend-go/internal/handlers/customer_handler.go:219.3,220.9 2 0
beauty-salon-backend-go/internal/handlers/customer_handler.go:223.2,223.33 1 0
beauty-salon-backend-go/internal/handlers/customer_handler.go:227.60,229.16 2 0
beauty-salon-backend-go/internal/handlers/customer_handler.go:229.16,232.3 2 0
beauty-salon-backend-go/internal/handlers/customer_handler.go:234.2,234.46 1 0
beauty-salon-backend-go/internal/handlers/customer_handler.go:238.59,240.17 2 0
beauty-salon-backend-go/internal/handlers/customer_handler.go:240.17,243.3 2 0
beauty-salon-backend-go/internal/handlers/customer_handler.go:245.2,246.50 2 0
beauty-salon-backend-go/internal/handlers/customer_handler.go:246.50,247.80 1 0
beauty-salon-backend-go/internal/handlers/customer_handler.go:247.80,249.4 1 0
beauty-salon-backend-go/internal/handlers/customer_handler.go:252.2,253.16 2 0
beauty-salon-backend-go/internal/handlers/customer_handler.go:253.16,256.3 2 0
beauty-salon-backend-go/internal/handlers/customer_handler.go:258.2,258.34 1 0
beauty-salon-backend-go/internal/handlers/service_handler.go:20.73,22.2 1 0
beauty-salon-backend-go/internal/handlers/service_handler.go:41.56,43.47 2 0
beauty-salon-backend-go/internal/handlers/service_handler.go:43.47,46.3 2 0
beauty-salon-backend-go/internal/handlers/service_handler.go:48.2,49.16 2 0
beauty-salon-backend-go/internal/handlers/service_handler.go:49.16,50.68 1 0
beauty-salon-backend-go/internal/handlers/service_handler.go:50.68,53.4 2 0
beauty-salon-backend-go/internal/handlers/service_handler.go:54.3,55.9 2 0
beauty-salon-backend-go/internal/handlers/service_handler.go:58.2,58.37 1 0
beauty-salon-backend-go/internal/handlers/service_handler.go:62.53,65.16 3 0
beauty-salon-backend-go/internal/handlers/service_handler.go:65.16,68.3 2 0
beauty-salon-backend-go/internal/handlers/service_handler.go:70.2,71.16 2 0
beauty-salon-backend-go/internal/handlers/service_handler.go:71.16,72.39 1 0
beauty-salon-backend-go/internal/handlers/service_handler.go:72.39,75.4 2 0
beauty-salon-backend-go/internal/handlers/service_handler.go:76.3,77.9 2 0
beauty-salon-backend-go/internal/handlers/service_handler.go:80.2,80.32 1 0
beauty-salon-backend-go/internal/handlers/service_handler.go:84.57,87.20 2 0
beauty-salon-backend-go/internal/handlers/service_handler.go:87.20,89.17 2 0
beauty-salon-backend-go/internal/handlers/service_handler.go:89.17,92.4 2 0
beauty-salon-backend-go/internal/handlers/service_handler.go:93.3,94.9 2 0
beauty-salon-backend-go/internal/handlers/service_handler.go:98.2,100.47 3 0
beauty-salon-backend-go/internal/handlers/service_handler.go:100.47,101.59 1 0
beauty-salon-backend-go/internal/handlers/service_handler.go:101.59,103.4 1 0
beauty-salon-backend-go/internal/handlers/service_handler.go:105.2,105.50 1 0
beauty-salon-backend-go/internal/handlers/service_handler.go:105.50,106.72 1 0
beauty-salon-backend-go/internal/handlers/service_handler.go:106.72,108.4 1 0
beauty-salon-backend-go/internal/handlers/service_handler.go:111.2,112.16 2 0
beauty-salon-backend-go/internal/handlers/service_handler.go:112.16,115.3 2 0
beauty-salon-backend-go/internal/handlers/service_handler.go:118.2,122.20 4 0
beauty-salon-backend-go/internal/handlers/service_handler.go:122.20,130.3 2 0
beauty-salon-backend-go/internal/handlers/service_handler.go:132.2,132.17 1 0
beauty-salon-backend-go/internal/handlers/service_handler.go:132.17,134.3 1 0
beauty-salon-backend-go/internal/handlers/service_handler.go:136.2,142.4 2 0
beauty-salon-backend-go/internal/handlers/service_handler.go:146.56,149.16 3 0
beauty-salon-backend-go/internal/handlers/service_handler.go:149.16,152.3 2 0
beauty-salon-backend-go/internal/handlers/service_handler.go:154.2,155.47 2 0
beauty-salon-backend-go/internal/handlers/service_handler.go:155.47,158.3 2 0
beauty-salon-backend-go/internal/handlers/service_handler.go:160.2,161.16 2 0
beauty-salon-backend-go/internal/handlers/service_handler.go:161.16,162.39 1 0
beauty-salon-backend-go/internal/handlers/service_handler.go:162.39,165.4 2 0
beauty-salon-backend-go/internal/handlers/service_handler.go:166.3,166.68 1 0
beauty-salon-backend-go/internal/handlers/service_handler.go:166.68,169.4 2 0
beauty-salon-backend-go/internal/handlers/service_handler.go:170.3,171.9 2 0
beauty-salon-backend-go/internal/handlers/service_handler.go:174.2,174.32 1 0
beauty-salon-backend-go/internal/handlers/service_handler.go:178.56,181.16 3 0
beauty-salon-backend-go/internal/handlers/service_handler.go:181.16,184.3 2 0
beauty-salon-backend-go/internal/handlers/service_handler.go:186.2,187.16 2 0
beauty-salon-backend-go/internal/handlers/service_handler.go:187.16,188.39 1 0
beauty-salon-backend-go/internal/handlers/service_handler.go:188.39,191.4 2 0
beauty-salon-backend-go/internal/handlers/service_handler.go:192.3,193.9 2 0
beauty-salon-backend-go/internal/handlers/service_handler.go:196.2,196.35 1 0
beauty-salon-backend-go/internal/handlers/service_handler.go:200.60,202.16 2 0
beauty-salon-backend-go/internal/handlers/service_handler.go:202.16,205.3 2 0
beauty-salon-backend-go/internal/handlers/service_handler.go:207.2,207.33 1 0
beauty-salon-backend-go/internal/handlers/service_handler.go:211.58,213.16 2 0
beauty-salon-backend-go/internal/handlers/service_handler.go:213.16,216.3 2 0
beauty-salon-backend-go/internal/handlers/service_handler.go:218.2,218.46 1 0
beauty-salon-backend-go/internal/handlers/service_handler.go:222.56,224.16 2 0
beauty-salon-backend-go/internal/handlers/service_handler.go:224.16,227.3 2 0
beauty-salon-backend-go/internal/handlers/service_handler.go:229.2,229.56 1 0
beauty-salon-backend-go/internal/handlers/service_handler.go:233.57,235.17 2 0
beauty-salon-backend-go/internal/handlers/service_handler.go:235.17,238.3 2 0
beauty-salon-backend-go/internal/handlers/service_handler.go:240.2,241.50 2 0
beauty-salon-backend-go/internal/handlers/service_handler.go:241.50,242.80 1 0
beauty-salon-backend-go/internal/handlers/service_handler.go:242.80,244.4 1 0
beauty-salon-backend-go/internal/handlers/service_handler.go:247.2,248.16 2 0
beauty-salon-backend-go/internal/handlers/service_handler.go:248.16,251.3 2 0
beauty-salon-backend-go/internal/handlers/service_handler.go:253.2,253.33 1 0
beauty-salon-backend-go/internal/handlers/service_handler.go:257.64,259.20 2 0
beauty-salon-backend-go/internal/handlers/service_handler.go:259.20,262.3 2 0
beauty-salon-backend-go/internal/handlers/service_handler.go:264.2,265.16 2 0
beauty-salon-backend-go/internal/handlers/service_handler.go:265.16,268.3 2 0
beauty-salon-backend-go/internal/handlers/service_handler.go:270.2,270.33 1 0
beauty-salon-backend-go/internal/handlers/service_handler.go:274.70,276.20 2 0
beauty-salon-backend-go/internal/handlers/service_handler.go:276.20,279.3 2 0
beauty-salon-backend-go/internal/handlers/service_handler.go:281.2,282.16 2 0
beauty-salon-backend-go/internal/handlers/service_handler.go:282.16,285.3 2 0
beauty-salon-backend-go/internal/handlers/service_handler.go:287.2,287.33 1 0
beauty-salon-backend-go/internal/handlers/staff_handler.go:20.67,22.2 1 0
beauty-salon-backend-go/internal/handlers/staff_handler.go:43.52,45.47 2 0
beauty-salon-backend-go/internal/handlers/staff_handler.go:45.47,48.3 2 0
beauty-salon-backend-go/internal/handlers/staff_handler.go:50.2,51.16 2 0
beauty-salon-backend-go/internal/handlers/staff_handler.go:51.16,52.37 1 0
beauty-salon-backend-go/internal/handlers/staff_handler.go:52.37,55.4 2 0
beauty-salon-backend-go/internal/handlers/staff_handler.go:56.3,56.100 1 0
beauty-salon-backend-go/internal/handlers/staff_handler.go:56.100,59.4 2 0
beauty-salon-backend-go/internal/handlers/staff_handler.go:60.3,61.9 2 0
beauty-salon-backend-go/internal/handlers/staff_handler.go:64.2,64.35 1 0
beauty-salon-backend-go/internal/handlers/staff_handler.go:68.49,71.16 3 0
beauty-salon-backend-go/internal/handlers/staff_handler.go:71.16,74.3 2 0
beauty-salon-backend-go/internal/handlers/staff_handler.go:76.2,77.16 2 0
beauty-salon-backend-go/internal/handlers/staff_handler.go:77.16,78.37 1 0
beauty-salon-backend-go/internal/handlers/staff_handler.go:78.37,81.4 2 0
beauty-salon-backend-go/internal/handlers/staff_handler.go:82.3,83.9 2 0
beauty-salon-backend-go/internal/handlers/staff_handler.go:86.2,86.30 1 0
beauty-salon-backend-go/internal/handlers/staff_handler.go:90.52,93.16 2 0
beauty-salon-backend-go/internal/handlers/staff_handler.go:93.16,95.17 2 0
beauty-salon-backend-go/internal/handlers/staff_handler.go:95.17,98.4 2 0
beauty-salon-backend-go/internal/handlers/staff_handler.go:99.3,100.9 2 0
beauty-salon-backend-go/internal/handlers/staff_handler.go:104.2,106.47 3 0
beauty-salon-backend-go/internal/handlers/staff_handler.go:106.47,107.59 1 0
beauty-salon-backend-go/internal/handlers/staff_handler.go:107.59,109.4 1 0
beauty-salon-backend-go/internal/handlers/staff_handler.go:111.2,111.50 1 0
beauty-salon-backend-go/internal/handlers/staff_handler.go:111.50,112.72 1 0
beauty-salon-backend-go/internal/handlers/staff_handler.go:112.72,114.4 1 0
beauty-salon-backend-go/internal/handlers/staff_handler.go:117.2,118.16 2 0
beauty-salon-backend-go/internal/handlers/staff_handler.go:118.16,121.3 2 0
beauty-salon-backend-go/internal/handlers/staff_handler.go:124.2,128.20 4 0
beauty-salon-backend-go/internal/handlers/staff_handler.go:128.20,136.3 2 0
beauty-salon-backend-go/internal/handlers/staff_handler.go:138.2,138.17 1 0
beauty-salon-backend-go/internal/handlers/staff_handler.go:138.17,140.3 1 0
beauty-salon-backend-go/internal/handlers/staff_handler.go:142.2,148.4 2 0
beauty-salon-backend-go/internal/handlers/staff_handler.go:152.52,155.16 3 0
beauty-salon-backend-go/internal/handlers/staff_handler.go:155.16,158.3 2 0
beauty-salon-backend-go/internal/handlers/staff_handler.go:160.2,161.47 2 0
beauty-salon-backend-go/internal/handlers/staff_handler.go:161.47,164.3 2 0
beauty-salon-backend-go/internal/handlers/staff_handler.go:166.2,167.16 2 0
beauty-salon-backend-go/internal/handlers/staff_handler.go:167.16,168.37 1 0
beauty-salon-backend-go/internal/handlers/staff_handler.go:168.37,171.4 2 0
beauty-salon-backend-go/internal/handlers/staff_handler.go:172.3,172.37 1 0
beauty-salon-backend-go/internal/handlers/staff_handler.go:172.37,175.4 2 0
beauty-salon-backend-go/internal/handlers/staff_handler.go:176.3,176.100 1 0
beauty-salon-backend-go/internal/handlers/staff_handler.go:176.100,179.4 2 0
beauty-salon-backend-go/internal/handlers/staff_handler.go:180.3,181.9 2 0
beauty-salon-backend-go/internal/handlers/staff_handler.go:184.2,184.30 1 0
beauty-salon-backend-go/internal/handlers/staff_handler.go:188.52,191.16 3 0
beauty-salon-backend-go/internal/handlers/staff_handler.go:191.16,194.3 2 0
beauty-salon-backend-go/internal/handlers/staff_handler.go:196.2,197.16 2 0
beauty-salon-backend-go/internal/handlers/staff_handler.go:197.16,198.37 1 0
beauty-salon-backend-go/internal/handlers/staff_handler.go:198.37,201.4 2 0
beauty-salon-backend-go/internal/handlers/staff_handler.go:202.3,203.9 2 0
beauty-salon-backend-go/internal/handlers/staff_handler.go:206.2,206.35 1 0
beauty-salon-backend-go/internal/handlers/staff_handler.go:210.56,212.17 2 0
beauty-salon-backend-go/internal/handlers/staff_handler.go:212.17,215.3 2 0
beauty-salon-backend-go/internal/handlers/staff_handler.go:217.2,218.16 2 0
beauty-salon-backend-go/internal/handlers/staff_handler.go:218.16,219.37 1 0
beauty-salon-backend-go/internal/handlers/staff_handler.go:219.37,222.4 2 0
beauty-salon-backend-go/internal/handlers/staff_handler.go:223.3,224.9 2 0
beauty-salon-backend-go/internal/handlers/staff_handler.go:227.2,227.30 1 0
beauty-salon-backend-go/internal/handlers/staff_handler.go:231.55,233.16 2 0
beauty-salon-backend-go/internal/handlers/staff_handler.go:233.16,236.3 2 0
beauty-salon-backend-go/internal/handlers/staff_handler.go:238.2,238.30 1 0
beauty-salon-backend-go/internal/handlers/staff_handler.go:242.54,244.16 2 0
beauty-salon-backend-go/internal/handlers/staff_handler.go:244.16,247.3 2 0
beauty-salon-backend-go/internal/handlers/staff_handler.go:249.2,249.46 1 0
beauty-salon-backend-go/internal/handlers/staff_handler.go:253.49,255.16 2 0
beauty-salon-backend-go/internal/handlers/staff_handler.go:255.16,258.3 2 0
beauty-salon-backend-go/internal/handlers/staff_handler.go:260.2,260.46 1 0
beauty-salon-backend-go/internal/handlers/staff_handler.go:264.52,266.17 2 0
beauty-salon-backend-go/internal/handlers/staff_handler.go:266.17,269.3 2 0
beauty-salon-backend-go/internal/handlers/staff_handler.go:271.2,272.50 2 0
beauty-salon-backend-go/internal/handlers/staff_handler.go:272.50,273.80 1 0
beauty-salon-backend-go/internal/handlers/staff_handler.go:273.80,275.4 1 0
beauty-salon-backend-go/internal/handlers/staff_handler.go:278.2,279.16 2 0
beauty-salon-backend-go/internal/handlers/staff_handler.go:279.16,282.3 2 0
beauty-salon-backend-go/internal/handlers/staff_handler.go:284.2,284.30 1 0
beauty-salon-backend-go/internal/handlers/staff_handler.go:288.55,290.16 2 0
beauty-salon-backend-go/internal/handlers/staff_handler.go:290.16,293.3 2 0
beauty-salon-backend-go/internal/handlers/staff_handler.go:295.2,296.16 2 0
beauty-salon-backend-go/internal/handlers/staff_handler.go:296.16,299.3 2 0
beauty-salon-backend-go/internal/handlers/staff_handler.go:301.2,301.30 1 0
beauty-salon-backend-go/internal/handlers/staff_handler.go:305.61,307.16 2 0
beauty-salon-backend-go/internal/handlers/staff_handler.go:307.16,310.3 2 0
beauty-salon-backend-go/internal/handlers/staff_handler.go:312.2,313.16 2 0
beauty-salon-backend-go/internal/handlers/staff_handler.go:313.16,316.3 2 0
beauty-salon-backend-go/internal/handlers/staff_handler.go:318.2,318.30 1 0
beauty-salon-backend-go/internal/handlers/staff_handler.go:322.60,324.21 2 0
beauty-salon-backend-go/internal/handlers/staff_handler.go:324.21,327.3 2 0
beauty-salon-backend-go/internal/handlers/staff_handler.go:329.2,330.16 2 0
beauty-salon-backend-go/internal/handlers/staff_handler.go:330.16,333.3 2 0
beauty-salon-backend-go/internal/handlers/staff_handler.go:335.2,335.30 1 0
beauty-salon-backend-go/cmd/server/main.go:22.13,28.16 3 0
beauty-salon-backend-go/cmd/server/main.go:28.16,30.3 1 0
beauty-salon-backend-go/cmd/server/main.go:32.2,36.49 3 0
beauty-salon-backend-go/cmd/server/main.go:36.49,38.3 1 0
beauty-salon-backend-go/cmd/server/main.go:41.2,42.16 2 0
beauty-salon-backend-go/cmd/server/main.go:42.16,44.3 1 0
beauty-salon-backend-go/cmd/server/main.go:45.2,78.12 16 0
beauty-salon-backend-go/cmd/server/main.go:78.12,83.80 4 0
beauty-salon-backend-go/cmd/server/main.go:83.80,85.4 1 0
beauty-salon-backend-go/cmd/server/main.go:89.2,98.45 7 0
beauty-salon-backend-go/cmd/server/main.go:98.45,100.3 1 0
beauty-salon-backend-go/cmd/server/main.go:102.2,102.41 1 0
beauty-salon-backend-go/internal/repository/appointment_repository.go:21.80,23.2 1 0
beauty-salon-backend-go/internal/repository/appointment_repository.go:26.79,44.2 2 0
beauty-salon-backend-go/internal/repository/appointment_repository.go:47.85,72.16 8 0
beauty-salon-backend-go/internal/repository/appointment_repository.go:72.16,73.31 1 0
beauty-salon-backend-go/internal/repository/appointment_repository.go:73.31,75.4 1 0
beauty-salon-backend-go/internal/repository/appointment_repository.go:76.3,76.64 1 0
beauty-salon-backend-go/internal/repository/appointment_repository.go:80.2,81.16 2 0
beauty-salon-backend-go/internal/repository/appointment_repository.go:81.16,83.3 1 0
beauty-salon-backend-go/internal/repository/appointment_repository.go:84.2,87.16 3 0
beauty-salon-backend-go/internal/repository/appointment_repository.go:87.16,89.3 1 0
beauty-salon-backend-go/internal/repository/appointment_repository.go:90.2,93.16 3 0
beauty-salon-backend-go/internal/repository/appointment_repository.go:93.16,95.3 1 0
beauty-salon-backend-go/internal/repository/appointment_repository.go:96.2,99.16 3 0
beauty-salon-backend-go/internal/repository/appointment_repository.go:99.16,101.3 1 0
beauty-salon-backend-go/internal/repository/appointment_repository.go:102.2,106.16 3 0
beauty-salon-backend-go/internal/repository/appointment_repository.go:106.16,108.3 1 0
beauty-salon-backend-go/internal/repository/appointment_repository.go:109.2,112.16 3 0
beauty-salon-backend-go/internal/repository/appointment_repository.go:112.16,114.3 1 0
beauty-salon-backend-go/internal/repository/appointment_repository.go:115.2,120.16 4 0
beauty-salon-backend-go/internal/repository/appointment_repository.go:120.16,122.3 1 0
beauty-salon-backend-go/internal/repository/appointment_repository.go:123.2,125.25 2 0
beauty-salon-backend-go/internal/repository/appointment_repository.go:129.74,154.4 10 0
beauty-salon-backend-go/internal/repository/appointment_repository.go:154.4,157.17 2 0
beauty-salon-backend-go/internal/repository/appointment_repository.go:157.17,158.12 1 0
beauty-salon-backend-go/internal/repository/appointment_repository.go:160.3,161.17 2 0
beauty-salon-backend-go/internal/repository/appointment_repository.go:161.17,162.12 1 0
beauty-salon-backend-go/internal/repository/appointment_repository.go:164.3,165.17 2 0
beauty-salon-backend-go/internal/repository/appointment_repository.go:165.17,166.12 1 0
beauty-salon-backend-go/internal/repository/appointment_repository.go:168.3,169.17 2 0
beauty-salon-backend-go/internal/repository/appointment_repository.go:169.17,170.12 1 0
beauty-salon-backend-go/internal/repository/appointment_repository.go:174.3,175.17 2 0
beauty-salon-backend-go/internal/repository/appointment_repository.go:175.17,176.12 1 0
beauty-salon-backend-go/internal/repository/appointment_repository.go:179.3,180.17 2 0
beauty-salon-backend-go/internal/repository/appointment_repository.go:180.17,181.12 1 0
beauty-salon-backend-go/internal/repository/appointment_repository.go:184.3,196.5 1 0
beauty-salon-backend-go/internal/repository/appointment_repository.go:199.2,199.37 1 0
beauty-salon-backend-go/internal/repository/appointment_repository.go:199.37,201.3 1 0
beauty-salon-backend-go/internal/repository/appointment_repository.go:203.2,203.26 1 0
beauty-salon-backend-go/internal/repository/appointment_repository.go:207.103,233.4 10 0
beauty-salon-backend-go/internal/repository/appointment_repository.go:233.4,236.17 2 0
beauty-salon-backend-go/internal/repository/appointment_repository.go:236.17,237.12 1 0
beauty-salon-backend-go/internal/repository/appointment_repository.go:239.3,240.17 2 0
beauty-salon-backend-go/internal/repository/appointment_repository.go:240.17,241.12 1 0
beauty-salon-backend-go/internal/repository/appointment_repository.go:243.3,244.17 2 0
beauty-salon-backend-go/internal/repository/appointment_repository.go:244.17,245.12 1 0
beauty-salon-backend-go/internal/repository/appointment_repository.go:247.3,248.17 2 0
beauty-salon-backend-go/internal/repository/appointment_repository.go:248.17,249.12 1 0
beauty-salon-backend-go/internal/repository/appointment_repository.go:253.3,254.17 2 0
beauty-salon-backend-go/internal/repository/appointment_repository.go:254.17,255.12 1 0
beauty-salon-backend-go/internal/repository/appointment_repository.go:258.3,259.17 2 0
beauty-salon-backend-go/internal/repository/appointment_repository.go:259.17,260.12 1 0
beauty-salon-backend-go/internal/repository/appointment_repository.go:263.3,275.5 1 0
beauty-salon-backend-go/internal/repository/appointment_repository.go:278.2,278.37 1 0
beauty-salon-backend-go/internal/repository/appointment_repository.go:278.37,280.3 1 0
beauty-salon-backend-go/internal/repository/appointment_repository.go:282.2,282.26 1 0
beauty-salon-backend-go/internal/repository/appointment_repository.go:286.97,312.4 10 0
beauty-salon-backend-go/internal/repository/appointment_repository.go:312.4,315.17 2 0
beauty-salon-backend-go/internal/repository/appointment_repository.go:315.17,316.12 1 0
beauty-salon-backend-go/internal/repository/appointment_repository.go:319.3,320.17 2 0
beauty-salon-backend-go/internal/repository/appointment_repository.go:320.17,321.12 1 0
beauty-salon-backend-go/internal/repository/appointment_repository.go:324.3,325.17 2 0
beauty-salon-backend-go/internal/repository/appointment_repository.go:325.17,326.12 1 0
beauty-salon-backend-go/internal/repository/appointment_repository.go:329.3,330.17 2 0
beauty-salon-backend-go/internal/repository/appointment_repository.go:330.17,331.12 1 0
beauty-salon-backend-go/internal/repository/appointment_repository.go:335.3,336.17 2 0
beauty-salon-backend-go/internal/repository/appointment_repository.go:336.17,337.12 1 0
beauty-salon-backend-go/internal/repository/appointment_repository.go:340.3,341.17 2 0
beauty-salon-backend-go/internal/repository/appointment_repository.go:341.17,342.12 1 0
beauty-salon-backend-go/internal/repository/appointment_repository.go:345.3,357.5 1 0
beauty-salon-backend-go/internal/repository/appointment_repository.go:360.2,360.37 1 0
beauty-salon-backend-go/internal/repository/appointment_repository.go:360.37,362.3 1 0
beauty-salon-backend-go/internal/repository/appointment_repository.go:364.2,364.26 1 0
beauty-salon-backend-go/internal/repository/appointment_repository.go:368.91,394.4 10 0
beauty-salon-backend-go/internal/repository/appointment_repository.go:394.4,397.17 2 0
beauty-salon-backend-go/internal/repository/appointment_repository.go:397.17,398.12 1 0
beauty-salon-backend-go/internal/repository/appointment_repository.go:400.3,401.17 2 0
beauty-salon-backend-go/internal/repository/appointment_repository.go:401.17,402.12 1 0
beauty-salon-backend-go/internal/repository/appointment_repository.go:404.3,405.17 2 0
beauty-salon-backend-go/internal/repository/appointment_repository.go:405.17,406.12 1 0
beauty-salon-backend-go/internal/repository/appointment_repository.go:408.3,409.17 2 0
beauty-salon-backend-go/internal/repository/appointment_repository.go:409.17,410.12 1 0
beauty-salon-backend-go/internal/repository/appointment_repository.go:414.3,415.17 2 0
beauty-salon-backend-go/internal/repository/appointment_repository.go:415.17,416.12 1 0
beauty-salon-backend-go/internal/repository/appointment_repository.go:419.3,420.17 2 0
beauty-salon-backend-go/internal/repository/appointment_repository.go:420.17,421.12 1 0
beauty-salon-backend-go/internal/repository/appointment_repository.go:424.3,436.5 1 0
beauty-salon-backend-go/internal/repository/appointment_repository.go:439.2,439.37 1 0
beauty-salon-backend-go/internal/repository/appointment_repository.go:439.37,441.3 1 0
beauty-salon-backend-go/internal/repository/appointment_repository.go:443.2,443.26 1 0
beauty-salon-backend-go/internal/repository/appointment_repository.go:447.79,466.2 3 0
beauty-salon-backend-go/internal/repository/appointment_repository.go:469.60,472.2 2 0
beauty-salon-backend-go/internal/repository/appointment_repository.go:475.68,480.16 4 0
beauty-salon-backend-go/internal/repository/appointment_repository.go:480.16,482.3 1 0
beauty-salon-backend-go/internal/repository/appointment_repository.go:484.2,484.23 1 0
beauty-salon-backend-go/internal/repository/appointment_repository.go:488.110,514.4 10 0
beauty-salon-backend-go/internal/repository/appointment_repository.go:514.4,517.17 2 0
beauty-salon-backend-go/internal/repository/appointment_repository.go:517.17,518.12 1 0
beauty-salon-backend-go/internal/repository/appointment_repository.go:520.3,521.17 2 0
beauty-salon-backend-go/internal/repository/appointment_repository.go:521.17,522.12 1 0
beauty-salon-backend-go/internal/repository/appointment_repository.go:524.3,525.17 2 0
beauty-salon-backend-go/internal/repository/appointment_repository.go:525.17,526.12 1 0
beauty-salon-backend-go/internal/repository/appointment_repository.go:528.3,529.17 2 0
beauty-salon-backend-go/internal/repository/appointment_repository.go:529.17,530.12 1 0
beauty-salon-backend-go/internal/repository/appointment_repository.go:534.3,535.17 2 0
beauty-salon-backend-go/internal/repository/appointment_repository.go:535.17,536.12 1 0
beauty-salon-backend-go/internal/repository/appointment_repository.go:539.3,540.17 2 0
beauty-salon-backend-go/internal/repository/appointment_repository.go:540.17,541.12 1 0
beauty-salon-backend-go/internal/repository/appointment_repository.go:544.3,545.17 2 0
beauty-salon-backend-go/internal/repository/appointment_repository.go:545.17,546.12 1 0
beauty-salon-backend-go/internal/repository/appointment_repository.go:549.3,561.5 1 0
beauty-salon-backend-go/internal/repository/appointment_repository.go:564.2,564.37 1 0
beauty-salon-backend-go/internal/repository/appointment_repository.go:564.37,566.3 1 0
beauty-salon-backend-go/internal/repository/appointment_repository.go:568.2,568.26 1 0
beauty-salon-backend-go/internal/repository/appointment_repository.go:572.54,577.16 4 0
beauty-salon-backend-go/internal/repository/appointment_repository.go:577.16,579.3 1 0
beauty-salon-backend-go/internal/repository/appointment_repository.go:581.2,581.19 1 0
beauty-salon-backend-go/internal/repository/appointment_repository.go:585.97,589.16 2 0
beauty-salon-backend-go/internal/repository/appointment_repository.go:589.16,591.3 1 0
beauty-salon-backend-go/internal/repository/appointment_repository.go:593.2,594.43 2 0
beauty-salon-backend-go/internal/repository/appointment_repository.go:594.43,606.42 2 0
beauty-salon-backend-go/internal/repository/appointment_repository.go:606.42,608.4 1 0
beauty-salon-backend-go/internal/repository/appointment_repository.go:611.2,611.22 1 0
beauty-salon-backend-go/internal/repository/appointment_repository.go:615.110,619.16 2 0
beauty-salon-backend-go/internal/repository/appointment_repository.go:619.16,621.3 1 0
beauty-salon-backend-go/internal/repository/appointment_repository.go:623.2,624.43 2 0
beauty-salon-backend-go/internal/repository/appointment_repository.go:624.43,626.98 1 0
beauty-salon-backend-go/internal/repository/appointment_repository.go:626.98,628.4 1 0
beauty-salon-backend-go/internal/repository/appointment_repository.go:631.2,631.22 1 0
beauty-salon-backend-go/internal/repository/appointment_repository.go:635.118,661.4 10 0
beauty-salon-backend-go/internal/repository/appointment_repository.go:661.4,664.17 2 0
beauty-salon-backend-go/internal/repository/appointment_repository.go:664.17,665.12 1 0
beauty-salon-backend-go/internal/repository/appointment_repository.go:667.3,668.17 2 0
beauty-salon-backend-go/internal/repository/appointment_repository.go:668.17,669.12 1 0
beauty-salon-backend-go/internal/repository/appointment_repository.go:671.3,672.17 2 0
beauty-salon-backend-go/internal/repository/appointment_repository.go:672.17,673.12 1 0
beauty-salon-backend-go/internal/repository/appointment_repository.go:675.3,676.17 2 0
beauty-salon-backend-go/internal/repository/appointment_repository.go:676.17,677.12 1 0
beauty-salon-backend-go/internal/repository/appointment_repository.go:681.3,682.17 2 0
beauty-salon-backend-go/internal/repository/appointment_repository.go:682.17,683.12 1 0
beauty-salon-backend-go/internal/repository/appointment_repository.go:686.3,687.17 2 0
beauty-salon-backend-go/internal/repository/appointment_repository.go:687.17,688.12 1 0
beauty-salon-backend-go/internal/repository/appointment_repository.go:691.3,692.17 2 0
beauty-salon-backend-go/internal/repository/appointment_repository.go:692.17,693.12 1 0
beauty-salon-backend-go/internal/repository/appointment_repository.go:696.3,708.5 1 0
beauty-salon-backend-go/internal/repository/appointment_repository.go:711.2,711.37 1 0
beauty-salon-backend-go/internal/repository/appointment_repository.go:711.37,713.3 1 0
beauty-salon-backend-go/internal/repository/appointment_repository.go:715.2,715.26 1 0
beauty-salon-backend-go/internal/repository/appointment_repository.go:719.101,745.4 10 0
beauty-salon-backend-go/internal/repository/appointment_repository.go:745.4,748.17 2 0
beauty-salon-backend-go/internal/repository/appointment_repository.go:748.17,749.12 1 0
beauty-salon-backend-go/internal/repository/appointment_repository.go:751.3,752.17 2 0
beauty-salon-backend-go/internal/repository/appointment_repository.go:752.17,753.12 1 0
beauty-salon-backend-go/internal/repository/appointment_repository.go:755.3,756.17 2 0
beauty-salon-backend-go/internal/repository/appointment_repository.go:756.17,757.12 1 0
beauty-salon-backend-go/internal/repository/appointment_repository.go:759.3,760.17 2 0
beauty-salon-backend-go/internal/repository/appointment_repository.go:760.17,761.12 1 0
beauty-salon-backend-go/internal/repository/appointment_repository.go:765.3,766.17 2 0
beauty-salon-backend-go/internal/repository/appointment_repository.go:766.17,767.12 1 0
beauty-salon-backend-go/internal/repository/appointment_repository.go:770.3,771.17 2 0
beauty-salon-backend-go/internal/repository/appointment_repository.go:771.17,772.12 1 0
beauty-salon-backend-go/internal/repository/appointment_repository.go:775.3,776.17 2 0
beauty-salon-backend-go/internal/repository/appointment_repository.go:776.17,777.12 1 0
beauty-salon-backend-go/internal/repository/appointment_repository.go:780.3,792.5 1 0
beauty-salon-backend-go/internal/repository/appointment_repository.go:795.2,795.37 1 0
beauty-salon-backend-go/internal/repository/appointment_repository.go:795.37,797.3 1 0
beauty-salon-backend-go/internal/repository/appointment_repository.go:799.2,799.26 1 0
beauty-salon-backend-go/internal/repository/appointment_repository.go:803.93,808.16 4 0
beauty-salon-backend-go/internal/repository/appointment_repository.go:808.16,810.3 1 0
beauty-salon-backend-go/internal/repository/appointment_repository.go:812.2,812.19 1 0
beauty-salon-backend-go/internal/repository/customer_repository.go:20.74,22.2 1 0
beauty-salon-backend-go/internal/repository/customer_repository.go:25.70,37.2 2 0
beauty-salon-backend-go/internal/repository/customer_repository.go:40.79,56.16 6 0
beauty-salon-backend-go/internal/repository/customer_repository.go:56.16,57.31 1 0
beauty-salon-backend-go/internal/repository/customer_repository.go:57.31,59.4 1 0
beauty-salon-backend-go/internal/repository/customer_repository.go:60.3,60.61 1 0
beauty-salon-backend-go/internal/repository/customer_repository.go:63.2,64.16 2 0
beauty-salon-backend-go/internal/repository/customer_repository.go:64.16,66.3 1 0
beauty-salon-backend-go/internal/repository/customer_repository.go:68.2,77.22 2 0
beauty-salon-backend-go/internal/repository/customer_repository.go:81.82,98.16 6 0
beauty-salon-backend-go/internal/repository/customer_repository.go:98.16,99.31 1 0
beauty-salon-backend-go/internal/repository/customer_repository.go:99.31,101.4 1 0
beauty-salon-backend-go/internal/repository/customer_repository.go:102.3,102.70 1 0
beauty-salon-backend-go/internal/repository/customer_repository.go:105.2,106.16 2 0
beauty-salon-backend-go/internal/repository/customer_repository.go:106.16,108.3 1 0
beauty-salon-backend-go/internal/repository/customer_repository.go:110.2,119.22 2 0
beauty-salon-backend-go/internal/repository/customer_repository.go:123.68,129.6 4 0
beauty-salon-backend-go/internal/repository/customer_repository.go:129.6,134.72 4 0
beauty-salon-backend-go/internal/repository/customer_repository.go:134.72,135.9 1 0
beauty-salon-backend-go/internal/repository/customer_repository.go:138.3,139.17 2 0
beauty-salon-backend-go/internal/repository/customer_repository.go:139.17,141.4 1 0
beauty-salon-backend-go/internal/repository/customer_repository.go:143.3,150.5 1 0
beauty-salon-backend-go/internal/repository/customer_repository.go:153.2,153.37 1 0
beauty-salon-backend-go/internal/repository/customer_repository.go:153.37,155.3 1 0
beauty-salon-backend-go/internal/repository/customer_repository.go:157.2,157.23 1 0
beauty-salon-backend-go/internal/repository/customer_repository.go:161.84,170.6 4 0
beauty-salon-backend-go/internal/repository/customer_repository.go:170.6,175.80 4 0
beauty-salon-backend-go/internal/repository/customer_repository.go:175.80,176.9 1 0
beauty-salon-backend-go/internal/repository/customer_repository.go:180.3,180.45 1 0
beauty-salon-backend-go/internal/repository/customer_repository.go:180.45,182.18 2 0
beauty-salon-backend-go/internal/repository/customer_repository.go:182.18,184.5 1 0
beauty-salon-backend-go/internal/repository/customer_repository.go:186.4,193.6 1 0
beauty-salon-backend-go/internal/repository/customer_repository.go:197.2,197.37 1 0
beauty-salon-backend-go/internal/repository/customer_repository.go:197.37,199.3 1 0
beauty-salon-backend-go/internal/repository/customer_repository.go:201.2,201.23 1 0
beauty-salon-backend-go/internal/repository/customer_repository.go:205.70,218.2 3 0
beauty-salon-backend-go/internal/repository/customer_repository.go:221.57,224.2 2 0
beauty-salon-backend-go/internal/repository/customer_repository.go:227.65,232.16 4 0
beauty-salon-backend-go/internal/repository/customer_repository.go:232.16,234.3 1 0
beauty-salon-backend-go/internal/repository/customer_repository.go:236.2,236.23 1 0
beauty-salon-backend-go/internal/repository/customer_repository.go:240.51,245.16 4 0
beauty-salon-backend-go/internal/repository/customer_repository.go:245.16,247.3 1 0
beauty-salon-backend-go/internal/repository/customer_repository.go:249.2,249.19 1 0
beauty-salon-backend-go/internal/repository/customer_repository.go:253.96,263.20 5 0
beauty-salon-backend-go/internal/repository/customer_repository.go:263.20,268.80 4 0
beauty-salon-backend-go/internal/repository/customer_repository.go:268.80,269.9 1 0
beauty-salon-backend-go/internal/repository/customer_repository.go:273.3,275.45 1 0
beauty-salon-backend-go/internal/repository/customer_repository.go:275.45,277.18 2 0
beauty-salon-backend-go/internal/repository/customer_repository.go:277.18,279.5 1 0
beauty-salon-backend-go/internal/repository/customer_repository.go:281.4,289.11 2 0
beauty-salon-backend-go/internal/repository/customer_repository.go:293.2,293.37 1 0
beauty-salon-backend-go/internal/repository/customer_repository.go:293.37,295.3 1 0
beauty-salon-backend-go/internal/repository/customer_repository.go:297.2,297.23 1 0
beauty-salon-backend-go/internal/repository/service_repository.go:21.72,23.2 1 0
beauty-salon-backend-go/internal/repository/service_repository.go:26.67,39.2 2 0
beauty-salon-backend-go/internal/repository/service_repository.go:42.77,53.16 7 0
beauty-salon-backend-go/internal/repository/service_repository.go:53.16,54.31 1 0
beauty-salon-backend-go/internal/repository/service_repository.go:54.31,56.4 1 0
beauty-salon-backend-go/internal/repository/service_repository.go:57.3,57.60 1 0
beauty-salon-backend-go/internal/repository/service_repository.go:60.2,61.16 2 0
beauty-salon-backend-go/internal/repository/service_repository.go:61.16,63.3 1 0
beauty-salon-backend-go/internal/repository/service_repository.go:65.2,66.16 2 0
beauty-salon-backend-go/internal/repository/service_repository.go:66.16,68.3 1 0
beauty-salon-backend-go/internal/repository/service_repository.go:70.2,78.8 1 0
beauty-salon-backend-go/internal/repository/service_repository.go:82.66,88.6 4 0
beauty-salon-backend-go/internal/repository/service_repository.go:88.6,94.92 5 0
beauty-salon-backend-go/internal/repository/service_repository.go:94.92,95.9 1 0
beauty-salon-backend-go/internal/repository/service_repository.go:98.3,99.17 2 0
beauty-salon-backend-go/internal/repository/service_repository.go:99.17,101.4 1 0
beauty-salon-backend-go/internal/repository/service_repository.go:103.3,104.17 2 0
beauty-salon-backend-go/internal/repository/service_repository.go:104.17,106.4 1 0
beauty-salon-backend-go/internal/repository/service_repository.go:108.3,116.5 1 0
beauty-salon-backend-go/internal/repository/service_repository.go:119.2,119.37 1 0
beauty-salon-backend-go/internal/repository/service_repository.go:119.37,121.3 1 0
beauty-salon-backend-go/internal/repository/service_repository.go:123.2,123.22 1 0
beauty-salon-backend-go/internal/repository/service_repository.go:127.88,133.6 4 0
beauty-salon-backend-go/internal/repository/service_repository.go:133.6,139.99 5 0
beauty-salon-backend-go/internal/repository/service_repository.go:139.99,140.9 1 0
beauty-salon-backend-go/internal/repository/service_repository.go:143.3,144.17 2 0
beauty-salon-backend-go/internal/repository/service_repository.go:144.17,146.4 1 0
beauty-salon-backend-go/internal/repository/service_repository.go:148.3,149.17 2 0
beauty-salon-backend-go/internal/repository/service_repository.go:149.17,151.4 1 0
beauty-salon-backend-go/internal/repository/service_repository.go:153.3,161.5 1 0
beauty-salon-backend-go/internal/repository/service_repository.go:164.2,164.37 1 0
beauty-salon-backend-go/internal/repository/service_repository.go:164.37,166.3 1 0
beauty-salon-backend-go/internal/repository/service_repository.go:168.2,168.22 1 0
beauty-salon-backend-go/internal/repository/service_repository.go:172.67,186.2 3 0
beauty-salon-backend-go/internal/repository/service_repository.go:189.56,192.2 2 0
beauty-salon-backend-go/internal/repository/service_repository.go:195.64,200.16 4 0
beauty-salon-backend-go/internal/repository/service_repository.go:200.16,202.3 1 0
beauty-salon-backend-go/internal/repository/service_repository.go:204.2,204.23 1 0
beauty-salon-backend-go/internal/repository/service_repository.go:208.69,212.2 1 0
beauty-salon-backend-go/internal/repository/service_repository.go:215.50,220.16 4 0
beauty-salon-backend-go/internal/repository/service_repository.go:220.16,222.3 1 0
beauty-salon-backend-go/internal/repository/service_repository.go:224.2,224.19 1 0
beauty-salon-backend-go/internal/repository/service_repository.go:228.63,235.27 5 0
beauty-salon-backend-go/internal/repository/service_repository.go:235.27,237.3 1 0
beauty-salon-backend-go/internal/repository/service_repository.go:239.2,239.37 1 0
beauty-salon-backend-go/internal/repository/service_repository.go:239.37,241.3 1 0
beauty-salon-backend-go/internal/repository/service_repository.go:243.2,243.24 1 0
beauty-salon-backend-go/internal/repository/service_repository.go:247.94,254.20 5 0
beauty-salon-backend-go/internal/repository/service_repository.go:254.20,260.92 5 0
beauty-salon-backend-go/internal/repository/service_repository.go:260.92,261.9 1 0
beauty-salon-backend-go/internal/repository/service_repository.go:265.3,265.92 1 0
beauty-salon-backend-go/internal/repository/service_repository.go:265.92,267.18 2 0
beauty-salon-backend-go/internal/repository/service_repository.go:267.18,269.5 1 0
beauty-salon-backend-go/internal/repository/service_repository.go:271.4,272.18 2 0
beauty-salon-backend-go/internal/repository/service_repository.go:272.18,274.5 1 0
beauty-salon-backend-go/internal/repository/service_repository.go:276.4,285.11 2 0
beauty-salon-backend-go/internal/repository/service_repository.go:289.2,289.37 1 0
beauty-salon-backend-go/internal/repository/service_repository.go:289.37,291.3 1 0
beauty-salon-backend-go/internal/repository/service_repository.go:293.2,293.22 1 0
beauty-salon-backend-go/internal/repository/service_repository.go:297.98,301.2 1 0
beauty-salon-backend-go/internal/repository/staff_repository.go:20.68,22.2 1 0
beauty-salon-backend-go/internal/repository/staff_repository.go:25.61,38.2 2 0
beauty-salon-backend-go/internal/repository/staff_repository.go:41.73,57.16 5 0
beauty-salon-backend-go/internal/repository/staff_repository.go:57.16,58.31 1 0
beauty-salon-backend-go/internal/repository/staff_repository.go:58.31,60.4 1 0
beauty-salon-backend-go/internal/repository/staff_repository.go:61.3,61.58 1 0
beauty-salon-backend-go/internal/repository/staff_repository.go:65.2,66.16 2 0
beauty-salon-backend-go/internal/repository/staff_repository.go:66.16,68.3 1 0
beauty-salon-backend-go/internal/repository/staff_repository.go:69.2,71.19 2 0
beauty-salon-backend-go/internal/repository/staff_repository.go:75.76,91.16 5 0
beauty-salon-backend-go/internal/repository/staff_repository.go:91.16,92.31 1 0
beauty-salon-backend-go/internal/repository/staff_repository.go:92.31,94.4 1 0
beauty-salon-backend-go/internal/repository/staff_repository.go:95.3,95.67 1 0
beauty-salon-backend-go/internal/repository/staff_repository.go:99.2,100.16 2 0
beauty-salon-backend-go/internal/repository/staff_repository.go:100.16,102.3 1 0
beauty-salon-backend-go/internal/repository/staff_repository.go:103.2,105.19 2 0
beauty-salon-backend-go/internal/repository/staff_repository.go:109.62,125.4 6 0
beauty-salon-backend-go/internal/repository/staff_repository.go:125.4,128.17 2 0
beauty-salon-backend-go/internal/repository/staff_repository.go:128.17,129.12 1 0
beauty-salon-backend-go/internal/repository/staff_repository.go:132.3,141.26 2 0
beauty-salon-backend-go/internal/repository/staff_repository.go:144.2,144.37 1 0
beauty-salon-backend-go/internal/repository/staff_repository.go:144.37,146.3 1 0
beauty-salon-backend-go/internal/repository/staff_repository.go:148.2,148.26 1 0
beauty-salon-backend-go/internal/repository/staff_repository.go:152.76,169.4 6 0
beauty-salon-backend-go/internal/repository/staff_repository.go:169.4,172.17 2 0
beauty-salon-backend-go/internal/repository/staff_repository.go:172.17,173.12 1 0
beauty-salon-backend-go/internal/repository/staff_repository.go:176.3,185.26 2 0
beauty-salon-backend-go/internal/repository/staff_repository.go:188.2,188.37 1 0
beauty-salon-backend-go/internal/repository/staff_repository.go:188.37,190.3 1 0
beauty-salon-backend-go/internal/repository/staff_repository.go:192.2,192.26 1 0
beauty-salon-backend-go/internal/repository/staff_repository.go:196.61,210.2 3 0
beauty-salon-backend-go/internal/repository/staff_repository.go:213.54,216.2 2 0
beauty-salon-backend-go/internal/repository/staff_repository.go:219.62,224.16 4 0
beauty-salon-backend-go/internal/repository/staff_repository.go:224.16,226.3 1 0
beauty-salon-backend-go/internal/repository/staff_repository.go:228.2,228.23 1 0
beauty-salon-backend-go/internal/repository/staff_repository.go:232.65,236.2 1 0
beauty-salon-backend-go/internal/repository/staff_repository.go:239.48,244.16 4 0
beauty-salon-backend-go/internal/repository/staff_repository.go:244.16,246.3 1 0
beauty-salon-backend-go/internal/repository/staff_repository.go:248.2,248.19 1 0
beauty-salon-backend-go/internal/repository/staff_repository.go:252.56,259.23 5 0
beauty-salon-backend-go/internal/repository/staff_repository.go:259.23,261.3 1 0
beauty-salon-backend-go/internal/repository/staff_repository.go:263.2,263.37 1 0
beauty-salon-backend-go/internal/repository/staff_repository.go:263.37,265.3 1 0
beauty-salon-backend-go/internal/repository/staff_repository.go:267.2,267.19 1 0
beauty-salon-backend-go/internal/repository/staff_repository.go:271.90,278.20 5 0
beauty-salon-backend-go/internal/repository/staff_repository.go:278.20,283.79 4 0
beauty-salon-backend-go/internal/repository/staff_repository.go:283.79,284.9 1 0
beauty-salon-backend-go/internal/repository/staff_repository.go:288.3,290.44 1 0
beauty-salon-backend-go/internal/repository/staff_repository.go:290.44,292.18 2 0
beauty-salon-backend-go/internal/repository/staff_repository.go:292.18,294.5 1 0
beauty-salon-backend-go/internal/repository/staff_repository.go:296.4,305.11 2 0
beauty-salon-backend-go/internal/repository/staff_repository.go:309.2,309.37 1 0
beauty-salon-backend-go/internal/repository/staff_repository.go:309.37,311.3 1 0
beauty-salon-backend-go/internal/repository/staff_repository.go:313.2,313.26 1 0
beauty-salon-backend-go/internal/repository/staff_repository.go:317.82,321.2 1 0
beauty-salon-backend-go/internal/repository/staff_repository.go:324.86,328.2 1 0
beauty-salon-backend-go/internal/repository/utils.go:6.48,8.2 1 0
beauty-salon-backend-go/internal/config/config.go:64.27,98.2 1 0
beauty-salon-backend-go/internal/config/config.go:102.55,103.42 1 0
beauty-salon-backend-go/internal/config/config.go:103.42,105.3 1 0
beauty-salon-backend-go/internal/config/config.go:106.2,106.21 1 0
beauty-salon-backend-go/internal/config/config.go:109.61,110.48 1 0
beauty-salon-backend-go/internal/config/config.go:110.48,111.55 1 0
beauty-salon-backend-go/internal/config/config.go:111.55,113.4 1 0
beauty-salon-backend-go/internal/config/config.go:114.3,114.106 1 0
beauty-salon-backend-go/internal/config/config.go:116.2,116.21 1 0
beauty-salon-backend-go/internal/config/config.go:119.64,120.48 1 0
beauty-salon-backend-go/internal/config/config.go:120.48,121.60 1 0
beauty-salon-backend-go/internal/config/config.go:121.60,123.4 1 0
beauty-salon-backend-go/internal/config/config.go:124.3,124.106 1 0
beauty-salon-backend-go/internal/config/config.go:126.2,126.21 1 0
beauty-salon-backend-go/internal/config/config.go:129.64,130.48 1 0
beauty-salon-backend-go/internal/config/config.go:130.48,132.3 1 0
beauty-salon-backend-go/internal/config/config.go:133.2,133.21 1 0
beauty-salon-backend-go/pkg/database/cassandra.go:30.68,38.52 6 0
beauty-salon-backend-go/pkg/database/cassandra.go:38.52,43.3 1 0
beauty-salon-backend-go/pkg/database/cassandra.go:45.2,45.29 1 0
beauty-salon-backend-go/pkg/database/cassandra.go:45.29,47.3 1 0
beauty-salon-backend-go/pkg/database/cassandra.go:49.2,50.16 2 0
beauty-salon-backend-go/pkg/database/cassandra.go:50.16,52.3 1 0
beauty-salon-backend-go/pkg/database/cassandra.go:54.2,60.34 2 0
beauty-salon-backend-go/pkg/database/cassandra.go:60.34,63.3 2 0
beauty-salon-backend-go/pkg/database/cassandra.go:65.2,66.16 2 0
beauty-salon-backend-go/pkg/database/cassandra.go:71.52,73.20 2 0
beauty-salon-backend-go/pkg/database/cassandra.go:73.20,75.3 1 0
beauty-salon-backend-go/pkg/database/cassandra.go:76.2,86.31 3 0
beauty-salon-backend-go/pkg/database/cassandra.go:90.97,98.52 7 0
beauty-salon-backend-go/pkg/database/cassandra.go:98.52,103.3 1 0
beauty-salon-backend-go/pkg/database/cassandra.go:105.2,105.29 1 0
beauty-salon-backend-go/pkg/database/cassandra.go:105.29,107.3 1 0
beauty-salon-backend-go/pkg/database/cassandra.go:109.2,110.16 2 0
beauty-salon-backend-go/pkg/database/cassandra.go:110.16,112.3 1 0
beauty-salon-backend-go/pkg/database/cassandra.go:114.2,126.34 2 0
beauty-salon-backend-go/pkg/database/cassandra.go:126.34,129.3 2 0
beauty-salon-backend-go/pkg/database/cassandra.go:131.2,132.16 2 0
beauty-salon-backend-go/pkg/database/cassandra.go:136.64,138.20 2 0
beauty-salon-backend-go/pkg/database/cassandra.go:138.20,140.3 1 0
beauty-salon-backend-go/pkg/database/cassandra.go:141.2,153.53 4 0
beauty-salon-backend-go/pkg/database/cassandra.go:157.37,159.2 1 0
beauty-salon-backend-go/pkg/database/cassandra.go:162.32,163.23 1 0
beauty-salon-backend-go/pkg/database/cassandra.go:163.23,166.3 2 0
beauty-salon-backend-go/pkg/database/cassandra.go:170.58,179.2 2 0
beauty-salon-backend-go/pkg/database/cassandra.go:182.45,225.31 2 0
beauty-salon-backend-go/pkg/database/cassandra.go:225.31,226.56 1 0
beauty-salon-backend-go/pkg/database/cassandra.go:226.56,228.4 1 0
beauty-salon-backend-go/pkg/database/cassandra.go:232.2,241.32 2 0
beauty-salon-backend-go/pkg/database/cassandra.go:241.32,242.56 1 0
beauty-salon-backend-go/pkg/database/cassandra.go:242.56,244.4 1 0
beauty-salon-backend-go/pkg/database/cassandra.go:247.2,248.12 2 0
beauty-salon-backend-go/pkg/database/cassandra.go:252.55,253.42 1 0
beauty-salon-backend-go/pkg/database/cassandra.go:253.42,255.3 1 0
beauty-salon-backend-go/pkg/database/cassandra.go:256.2,256.21 1 0
beauty-salon-backend-go/internal/migrations/migrations.go:25.52,29.2 1 0
beauty-salon-backend-go/internal/migrations/migrations.go:32.34,177.2 1 0
beauty-salon-backend-go/internal/migrations/migrations.go:180.42,184.49 2 0
beauty-salon-backend-go/internal/migrations/migrations.go:184.49,186.3 1 0
beauty-salon-backend-go/internal/migrations/migrations.go:188.2,190.39 2 0
beauty-salon-backend-go/internal/migrations/migrations.go:190.39,192.17 2 0
beauty-salon-backend-go/internal/migrations/migrations.go:192.17,194.4 1 0
beauty-salon-backend-go/internal/migrations/migrations.go:196.3,196.14 1 0
beauty-salon-backend-go/internal/migrations/migrations.go:196.14,198.12 2 0
beauty-salon-backend-go/internal/migrations/migrations.go:201.3,203.55 2 0
beauty-salon-backend-go/internal/migrations/migrations.go:203.55,205.4 1 0
beauty-salon-backend-go/internal/migrations/migrations.go:207.3,207.54 1 0
beauty-salon-backend-go/internal/migrations/migrations.go:207.54,209.4 1 0
beauty-salon-backend-go/internal/migrations/migrations.go:211.3,211.69 1 0
beauty-salon-backend-go/internal/migrations/migrations.go:214.2,215.12 2 0
beauty-salon-backend-go/internal/migrations/migrations.go:219.49,229.63 2 0
beauty-salon-backend-go/internal/migrations/migrations.go:229.63,231.3 1 0
beauty-salon-backend-go/internal/migrations/migrations.go:236.2,244.60 2 0
beauty-salon-backend-go/internal/migrations/migrations.go:244.60,246.3 1 0
beauty-salon-backend-go/internal/migrations/migrations.go:248.2,248.12 1 0
beauty-salon-backend-go/internal/migrations/migrations.go:252.69,256.69 3 0
beauty-salon-backend-go/internal/migrations/migrations.go:256.69,258.3 1 0
beauty-salon-backend-go/internal/migrations/migrations.go:260.2,260.23 1 0
beauty-salon-backend-go/internal/migrations/migrations.go:264.64,268.34 2 0
beauty-salon-backend-go/internal/migrations/migrations.go:268.34,270.17 2 0
beauty-salon-backend-go/internal/migrations/migrations.go:270.17,271.12 1 0
beauty-salon-backend-go/internal/migrations/migrations.go:274.3,274.54 1 0
beauty-salon-backend-go/internal/migrations/migrations.go:274.54,276.4 1 0
beauty-salon-backend-go/internal/migrations/migrations.go:279.2,279.12 1 0
beauty-salon-backend-go/internal/migrations/migrations.go:283.63,290.2 2 0
beauty-salon-backend-go/internal/migrations/migrations.go:293.36,297.39 3 0
beauty-salon-backend-go/internal/migrations/migrations.go:297.39,301.36 2 0
beauty-salon-backend-go/internal/migrations/migrations.go:301.36,302.12 1 0
beauty-salon-backend-go/internal/migrations/migrations.go:305.3,308.30 2 0
beauty-salon-backend-go/internal/migrations/migrations.go:308.30,311.4 2 0
beauty-salon-backend-go/internal/migrations/migrations.go:315.2,315.19 1 0
beauty-salon-backend-go/internal/migrations/migrations.go:315.19,317.3 1 0
beauty-salon-backend-go/internal/migrations/migrations.go:319.2,319.19 1 0
beauty-salon-backend-go/internal/migrations/migrations.go:323.36,327.25 3 0
beauty-salon-backend-go/internal/migrations/migrations.go:327.25,328.19 1 0
beauty-salon-backend-go/internal/migrations/migrations.go:328.19,331.4 2 0
beauty-salon-backend-go/internal/migrations/migrations.go:331.9,333.4 1 0
beauty-salon-backend-go/internal/migrations/migrations.go:336.2,336.19 1 0
beauty-salon-backend-go/internal/migrations/migrations.go:336.19,338.3 1 0
beauty-salon-backend-go/internal/migrations/migrations.go:340.2,340.14 1 0
beauty-salon-backend-go/internal/migrations/migrations.go:343.35,349.53 3 0
beauty-salon-backend-go/internal/migrations/migrations.go:349.53,351.3 1 0
beauty-salon-backend-go/internal/migrations/migrations.go:354.2,354.47 1 0
beauty-salon-backend-go/internal/migrations/migrations.go:354.47,356.3 1 0
beauty-salon-backend-go/internal/migrations/migrations.go:358.2,358.24 1 0
beauty-salon-backend-go/internal/migrations/migrations.go:361.40,363.2 1 0
beauty-salon-backend-go/internal/migrations/migrations.go:365.35,367.2 1 0
beauty-salon-backend-go/internal/migrations/migrations.go:369.34,371.2 1 0
beauty-salon-backend-go/internal/migrations/migrations.go:373.42,375.2 1 0
beauty-salon-backend-go/internal/service/appointment_service.go:28.23,35.2 1 0
beauty-salon-backend-go/internal/service/appointment_service.go:38.177,43.16 3 0
beauty-salon-backend-go/internal/service/appointment_service.go:43.16,45.3 1 0
beauty-salon-backend-go/internal/service/appointment_service.go:46.2,46.21 1 0
beauty-salon-backend-go/internal/service/appointment_service.go:46.21,48.3 1 0
beauty-salon-backend-go/internal/service/appointment_service.go:49.2,53.16 3 0
beauty-salon-backend-go/internal/service/appointment_service.go:53.16,55.3 1 0
beauty-salon-backend-go/internal/service/appointment_service.go:56.2,56.18 1 0
beauty-salon-backend-go/internal/service/appointment_service.go:56.18,58.3 1 0
beauty-salon-backend-go/internal/service/appointment_service.go:59.2,63.16 3 0
beauty-salon-backend-go/internal/service/appointment_service.go:63.16,65.3 1 0
beauty-salon-backend-go/internal/service/appointment_service.go:66.2,69.30 2 0
beauty-salon-backend-go/internal/service/appointment_service.go:69.30,71.3 1 0
beauty-salon-backend-go/internal/service/appointment_service.go:72.2,72.30 1 0
beauty-salon-backend-go/internal/service/appointment_service.go:72.30,74.3 1 0
beauty-salon-backend-go/internal/service/appointment_service.go:75.2,79.87 3 0
beauty-salon-backend-go/internal/service/appointment_service.go:79.87,81.3 1 0
beauty-salon-backend-go/internal/service/appointment_service.go:82.2,88.51 4 0
beauty-salon-backend-go/internal/service/appointment_service.go:88.51,91.3 2 0
beauty-salon-backend-go/internal/service/appointment_service.go:93.2,94.25 2 0
beauty-salon-backend-go/internal/service/appointment_service.go:98.92,100.16 2 0
beauty-salon-backend-go/internal/service/appointment_service.go:100.16,101.32 1 0
beauty-salon-backend-go/internal/service/appointment_service.go:101.32,103.4 1 0
beauty-salon-backend-go/internal/service/appointment_service.go:104.3,104.63 1 0
beauty-salon-backend-go/internal/service/appointment_service.go:106.2,106.25 1 0
beauty-salon-backend-go/internal/service/appointment_service.go:110.82,112.16 2 0
beauty-salon-backend-go/internal/service/appointment_service.go:112.16,114.3 1 0
beauty-salon-backend-go/internal/service/appointment_service.go:115.2,115.26 1 0
beauty-salon-backend-go/internal/service/appointment_service.go:119.111,121.16 2 0
beauty-salon-backend-go/internal/service/appointment_service.go:121.16,123.3 1 0
beauty-salon-backend-go/internal/service/appointment_service.go:124.2,124.26 1 0
beauty-salon-backend-go/internal/service/appointment_service.go:128.105,130.16 2 0
beauty-salon-backend-go/internal/service/appointment_service.go:130.16,132.3 1 0
beauty-salon-backend-go/internal/service/appointment_service.go:133.2,133.26 1 0
beauty-salon-backend-go/internal/service/appointment_service.go:137.99,139.16 2 0
beauty-salon-backend-go/internal/service/appointment_service.go:139.16,141.3 1 0
beauty-salon-backend-go/internal/service/appointment_service.go:142.2,142.26 1 0
beauty-salon-backend-go/internal/service/appointment_service.go:146.224,149.16 2 0
beauty-salon-backend-go/internal/service/appointment_service.go:149.16,150.32 1 0
beauty-salon-backend-go/internal/service/appointment_service.go:150.32,152.4 1 0
beauty-salon-backend-go/internal/service/appointment_service.go:153.3,153.64 1 0
beauty-salon-backend-go/internal/service/appointment_service.go:157.2,158.16 2 0
beauty-salon-backend-go/internal/service/appointment_service.go:158.16,160.3 1 0
beauty-salon-backend-go/internal/service/appointment_service.go:161.2,161.21 1 0
beauty-salon-backend-go/internal/service/appointment_service.go:161.21,163.3 1 0
beauty-salon-backend-go/internal/service/appointment_service.go:166.2,167.16 2 0
beauty-salon-backend-go/internal/service/appointment_service.go:167.16,169.3 1 0
beauty-salon-backend-go/internal/service/appointment_service.go:170.2,170.18 1 0
beauty-salon-backend-go/internal/service/appointment_service.go:170.18,172.3 1 0
beauty-salon-backend-go/internal/service/appointment_service.go:175.2,176.16 2 0
beauty-salon-backend-go/internal/service/appointment_service.go:176.16,178.3 1 0
beauty-salon-backend-go/internal/service/appointment_service.go:181.2,181.30 1 0
beauty-salon-backend-go/internal/service/appointment_service.go:181.30,183.3 1 0
beauty-salon-backend-go/internal/service/appointment_service.go:184.2,184.30 1 0
beauty-salon-backend-go/internal/service/appointment_service.go:184.30,186.3 1 0
beauty-salon-backend-go/internal/service/appointment_service.go:189.2,189.40 1 0
beauty-salon-backend-go/internal/service/appointment_service.go:189.40,191.3 1 0
beauty-salon-backend-go/internal/service/appointment_service.go:194.2,194.146 1 0
beauty-salon-backend-go/internal/service/appointment_service.go:194.146,195.88 1 0
beauty-salon-backend-go/internal/service/appointment_service.go:195.88,197.4 1 0
beauty-salon-backend-go/internal/service/appointment_service.go:201.2,211.51 10 0
beauty-salon-backend-go/internal/service/appointment_service.go:211.51,213.3 1 0
beauty-salon-backend-go/internal/service/appointment_service.go:215.2,216.25 2 0
beauty-salon-backend-go/internal/service/appointment_service.go:220.130,223.16 2 0
beauty-salon-backend-go/internal/service/appointment_service.go:223.16,224.32 1 0
beauty-salon-backend-go/internal/service/appointment_service.go:224.32,226.4 1 0
beauty-salon-backend-go/internal/service/appointment_service.go:227.3,227.64 1 0
beauty-salon-backend-go/internal/service/appointment_service.go:231.2,231.40 1 0
beauty-salon-backend-go/internal/service/appointment_service.go:231.40,233.3 1 0
beauty-salon-backend-go/internal/service/appointment_service.go:236.2,239.51 3 0
beauty-salon-backend-go/internal/service/appointment_service.go:239.51,241.3 1 0
beauty-salon-backend-go/internal/service/appointment_service.go:243.2,244.25 2 0
beauty-salon-backend-go/internal/service/appointment_service.go:248.68,251.16 2 0
beauty-salon-backend-go/internal/service/appointment_service.go:251.16,253.3 1 0
beauty-salon-backend-go/internal/service/appointment_service.go:254.2,254.13 1 0
beauty-salon-backend-go/internal/service/appointment_service.go:254.13,256.3 1 0
beauty-salon-backend-go/internal/service/appointment_service.go:258.2,258.42 1 0
beauty-salon-backend-go/internal/service/appointment_service.go:258.42,260.3 1 0
beauty-salon-backend-go/internal/service/appointment_service.go:262.2,263.12 2 0
beauty-salon-backend-go/internal/service/appointment_service.go:267.117,270.16 2 0
beauty-salon-backend-go/internal/service/appointment_service.go:270.16,272.3 1 0
beauty-salon-backend-go/internal/service/appointment_service.go:275.2,275.40 1 0
beauty-salon-backend-go/internal/service/appointment_service.go:275.40,276.105 1 0
beauty-salon-backend-go/internal/service/appointment_service.go:276.105,277.49 1 0
beauty-salon-backend-go/internal/service/appointment_service.go:277.49,279.5 1 0
beauty-salon-backend-go/internal/service/appointment_service.go:283.2,283.12 1 0
beauty-salon-backend-go/internal/service/appointment_service.go:287.118,289.16 2 0
beauty-salon-backend-go/internal/service/appointment_service.go:289.16,291.3 1 0
beauty-salon-backend-go/internal/service/appointment_service.go:292.2,292.26 1 0
beauty-salon-backend-go/internal/service/appointment_service.go:296.65,298.16 2 0
beauty-salon-backend-go/internal/service/appointment_service.go:298.16,300.3 1 0
beauty-salon-backend-go/internal/service/appointment_service.go:301.2,301.19 1 0
beauty-salon-backend-go/internal/service/appointment_service.go:305.87,308.16 3 0
beauty-salon-backend-go/internal/service/appointment_service.go:308.16,310.3 1 0
beauty-salon-backend-go/internal/service/appointment_service.go:311.2,311.26 1 0
beauty-salon-backend-go/internal/service/appointment_service.go:315.84,318.16 3 0
beauty-salon-backend-go/internal/service/appointment_service.go:318.16,320.3 1 0
beauty-salon-backend-go/internal/service/appointment_service.go:321.2,321.26 1 0
beauty-salon-backend-go/internal/service/appointment_service.go:325.118,327.16 2 0
beauty-salon-backend-go/internal/service/appointment_service.go:327.16,329.3 1 0
beauty-salon-backend-go/internal/service/appointment_service.go:330.2,330.26 1 0
beauty-salon-backend-go/internal/service/appointment_service.go:334.126,336.16 2 0
beauty-salon-backend-go/internal/service/appointment_service.go:336.16,338.3 1 0
beauty-salon-backend-go/internal/service/appointment_service.go:339.2,339.26 1 0
beauty-salon-backend-go/internal/service/appointment_service.go:343.109,345.16 2 0
beauty-salon-backend-go/internal/service/appointment_service.go:345.16,347.3 1 0
beauty-salon-backend-go/internal/service/appointment_service.go:348.2,348.26 1 0
beauty-salon-backend-go/internal/service/appointment_service.go:352.104,354.16 2 0
beauty-salon-backend-go/internal/service/appointment_service.go:354.16,356.3 1 0
beauty-salon-backend-go/internal/service/appointment_service.go:357.2,357.19 1 0
beauty-salon-backend-go/internal/service/customer_service.go:19.79,21.2 1 0
beauty-salon-backend-go/internal/service/customer_service.go:24.95,26.16 1 0
beauty-salon-backend-go/internal/service/customer_service.go:26.16,28.3 1 0
beauty-salon-backend-go/internal/service/customer_service.go:29.2,29.17 1 0
beauty-salon-backend-go/internal/service/customer_service.go:29.17,31.3 1 0
beauty-salon-backend-go/internal/service/customer_service.go:34.2,35.45 2 0
beauty-salon-backend-go/internal/service/customer_service.go:35.45,37.3 1 0
beauty-salon-backend-go/internal/service/customer_service.go:38.2,38.21 1 0
beauty-salon-backend-go/internal/service/customer_service.go:38.21,40.3 1 0
beauty-salon-backend-go/internal/service/customer_service.go:43.2,45.48 2 0
beauty-salon-backend-go/internal/service/customer_service.go:45.48,47.3 1 0
beauty-salon-backend-go/internal/service/customer_service.go:49.2,50.22 2 0
beauty-salon-backend-go/internal/service/customer_service.go:54.83,56.16 2 0
beauty-salon-backend-go/internal/service/customer_service.go:56.16,57.32 1 0
beauty-salon-backend-go/internal/service/customer_service.go:57.32,59.4 1 0
beauty-salon-backend-go/internal/service/customer_service.go:60.3,60.60 1 0
beauty-salon-backend-go/internal/service/customer_service.go:62.2,62.22 1 0
beauty-salon-backend-go/internal/service/customer_service.go:66.86,67.17 1 0
beauty-salon-backend-go/internal/service/customer_service.go:67.17,69.3 1 0
beauty-salon-backend-go/internal/service/customer_service.go:71.2,72.16 2 0
beauty-salon-backend-go/internal/service/customer_service.go:72.16,73.32 1 0
beauty-salon-backend-go/internal/service/customer_service.go:73.32,75.4 1 0
beauty-salon-backend-go/internal/service/customer_service.go:76.3,76.69 1 0
beauty-salon-backend-go/internal/service/customer_service.go:78.2,78.22 1 0
beauty-salon-backend-go/internal/service/customer_service.go:82.73,84.16 2 0
beauty-salon-backend-go/internal/service/customer_service.go:84.16,86.3 1 0
beauty-salon-backend-go/internal/service/customer_service.go:87.2,87.23 1 0
beauty-salon-backend-go/internal/service/customer_service.go:91.90,92.16 1 0
beauty-salon-backend-go/internal/service/customer_service.go:92.16,94.3 1 0
beauty-salon-backend-go/internal/service/customer_service.go:96.2,97.16 2 0
beauty-salon-backend-go/internal/service/customer_service.go:97.16,99.3 1 0
beauty-salon-backend-go/internal/service/customer_service.go:100.2,100.23 1 0
beauty-salon-backend-go/internal/service/customer_service.go:104.109,106.16 1 0
beauty-salon-backend-go/internal/service/customer_service.go:106.16,108.3 1 0
beauty-salon-backend-go/internal/service/customer_service.go:109.2,109.17 1 0
beauty-salon-backend-go/internal/service/customer_service.go:109.17,111.3 1 0
beauty-salon-backend-go/internal/service/customer_service.go:114.2,115.16 2 0
beauty-salon-backend-go/internal/service/customer_service.go:115.16,116.32 1 0
beauty-salon-backend-go/internal/service/customer_service.go:116.32,118.4 1 0
beauty-salon-backend-go/internal/service/customer_service.go:119.3,119.61 1 0
beauty-salon-backend-go/internal/service/customer_service.go:123.2,123.29 1 0
beauty-salon-backend-go/internal/service/customer_service.go:123.29,125.46 2 0
beauty-salon-backend-go/internal/service/customer_service.go:125.46,127.4 1 0
beauty-salon-backend-go/internal/service/customer_service.go:128.3,128.43 1 0
beauty-salon-backend-go/internal/service/customer_service.go:128.43,130.4 1 0
beauty-salon-backend-go/internal/service/customer_service.go:134.2,139.48 5 0
beauty-salon-backend-go/internal/service/customer_service.go:139.48,141.3 1 0
beauty-salon-backend-go/internal/service/customer_service.go:143.2,144.22 2 0
beauty-salon-backend-go/internal/service/customer_service.go:148.62,151.16 2 0
beauty-salon-backend-go/internal/service/customer_service.go:151.16,153.3 1 0
beauty-salon-backend-go/internal/service/customer_service.go:154.2,154.13 1 0
beauty-salon-backend-go/internal/service/customer_service.go:154.13,156.3 1 0
beauty-salon-backend-go/internal/service/customer_service.go:158.2,158.42 1 0
beauty-salon-backend-go/internal/service/customer_service.go:158.42,160.3 1 0
beauty-salon-backend-go/internal/service/customer_service.go:162.2,163.12 2 0
beauty-salon-backend-go/internal/service/customer_service.go:167.70,169.16 2 0
beauty-salon-backend-go/internal/service/customer_service.go:169.16,171.3 1 0
beauty-salon-backend-go/internal/service/customer_service.go:172.2,172.20 1 0
beauty-salon-backend-go/internal/service/customer_service.go:176.59,178.16 2 0
beauty-salon-backend-go/internal/service/customer_service.go:178.16,180.3 1 0
beauty-salon-backend-go/internal/service/customer_service.go:181.2,181.19 1 0
beauty-salon-backend-go/internal/service/customer_service.go:185.96,186.17 1 0
beauty-salon-backend-go/internal/service/customer_service.go:186.17,188.3 1 0
beauty-salon-backend-go/internal/service/customer_service.go:190.2,191.16 2 0
beauty-salon-backend-go/internal/service/customer_service.go:191.16,193.3 1 0
beauty-salon-backend-go/internal/service/customer_service.go:194.2,194.23 1 0
beauty-salon-backend-go/internal/service/service_service.go:19.76,21.2 1 0
beauty-salon-backend-go/internal/service/service_service.go:24.116,26.16 1 0
beauty-salon-backend-go/internal/service/service_service.go:26.16,28.3 1 0
beauty-salon-backend-go/internal/service/service_service.go:29.2,29.16 1 0
beauty-salon-backend-go/internal/service/service_service.go:29.16,31.3 1 0
beauty-salon-backend-go/internal/service/service_service.go:34.2,36.47 2 0
beauty-salon-backend-go/internal/service/service_service.go:36.47,38.3 1 0
beauty-salon-backend-go/internal/service/service_service.go:40.2,41.21 2 0
beauty-salon-backend-go/internal/service/service_service.go:45.80,47.16 2 0
beauty-salon-backend-go/internal/service/service_service.go:47.16,48.32 1 0
beauty-salon-backend-go/internal/service/service_service.go:48.32,50.4 1 0
beauty-salon-backend-go/internal/service/service_service.go:51.3,51.59 1 0
beauty-salon-backend-go/internal/service/service_service.go:53.2,53.21 1 0
beauty-salon-backend-go/internal/service/service_service.go:57.70,59.16 2 0
beauty-salon-backend-go/internal/service/service_service.go:59.16,61.3 1 0
beauty-salon-backend-go/internal/service/service_service.go:62.2,62.22 1 0
beauty-salon-backend-go/internal/service/service_service.go:66.92,67.20 1 0
beauty-salon-backend-go/internal/service/service_service.go:67.20,69.3 1 0
beauty-salon-backend-go/internal/service/service_service.go:71.2,72.16 2 0
beauty-salon-backend-go/internal/service/service_service.go:72.16,74.3 1 0
beauty-salon-backend-go/internal/service/service_service.go:75.2,75.22 1 0
beauty-salon-backend-go/internal/service/service_service.go:79.130,81.16 1 0
beauty-salon-backend-go/internal/service/service_service.go:81.16,83.3 1 0
beauty-salon-backend-go/internal/service/service_service.go:84.2,84.16 1 0
beauty-salon-backend-go/internal/service/service_service.go:84.16,86.3 1 0
beauty-salon-backend-go/internal/service/service_service.go:89.2,90.16 2 0
beauty-salon-backend-go/internal/service/service_service.go:90.16,91.32 1 0
beauty-salon-backend-go/internal/service/service_service.go:91.32,93.4 1 0
beauty-salon-backend-go/internal/service/service_service.go:94.3,94.60 1 0
beauty-salon-backend-go/internal/service/service_service.go:98.2,104.47 6 0
beauty-salon-backend-go/internal/service/service_service.go:104.47,106.3 1 0
beauty-salon-backend-go/internal/service/service_service.go:108.2,109.21 2 0
beauty-salon-backend-go/internal/service/service_service.go:113.60,116.16 2 0
beauty-salon-backend-go/internal/service/service_service.go:116.16,118.3 1 0
beauty-salon-backend-go/internal/service/service_service.go:119.2,119.13 1 0
beauty-salon-backend-go/internal/service/service_service.go:119.13,121.3 1 0
beauty-salon-backend-go/internal/service/service_service.go:123.2,123.42 1 0
beauty-salon-backend-go/internal/service/service_service.go:123.42,125.3 1 0
beauty-salon-backend-go/internal/service/service_service.go:127.2,128.12 2 0
beauty-salon-backend-go/internal/service/service_service.go:132.68,134.16 2 0
beauty-salon-backend-go/internal/service/service_service.go:134.16,136.3 1 0
beauty-salon-backend-go/internal/service/service_service.go:137.2,137.20 1 0
beauty-salon-backend-go/internal/service/service_service.go:141.73,143.16 2 0
beauty-salon-backend-go/internal/service/service_service.go:143.16,145.3 1 0
beauty-salon-backend-go/internal/service/service_service.go:146.2,146.22 1 0
beauty-salon-backend-go/internal/service/service_service.go:150.57,152.16 2 0
beauty-salon-backend-go/internal/service/service_service.go:152.16,154.3 1 0
beauty-salon-backend-go/internal/service/service_service.go:155.2,155.19 1 0
beauty-salon-backend-go/internal/service/service_service.go:159.60,161.16 2 0
beauty-salon-backend-go/internal/service/service_service.go:161.16,163.3 1 0
beauty-salon-backend-go/internal/service/service_service.go:164.2,164.24 1 0
beauty-salon-backend-go/internal/service/service_service.go:168.93,169.17 1 0
beauty-salon-backend-go/internal/service/service_service.go:169.17,171.3 1 0
beauty-salon-backend-go/internal/service/service_service.go:173.2,174.16 2 0
beauty-salon-backend-go/internal/service/service_service.go:174.16,176.3 1 0
beauty-salon-backend-go/internal/service/service_service.go:177.2,177.22 1 0
beauty-salon-backend-go/internal/service/service_service.go:181.98,182.20 1 0
beauty-salon-backend-go/internal/service/service_service.go:182.20,184.3 1 0
beauty-salon-backend-go/internal/service/service_service.go:186.2,187.16 2 0
beauty-salon-backend-go/internal/service/service_service.go:187.16,189.3 1 0
beauty-salon-backend-go/internal/service/service_service.go:190.2,190.22 1 0
beauty-salon-backend-go/internal/service/staff_service.go:19.70,21.2 1 0
beauty-salon-backend-go/internal/service/staff_service.go:24.92,26.16 1 0
beauty-salon-backend-go/internal/service/staff_service.go:26.16,28.3 1 0
beauty-salon-backend-go/internal/service/staff_service.go:29.2,29.17 1 0
beauty-salon-backend-go/internal/service/staff_service.go:29.17,31.3 1 0
beauty-salon-backend-go/internal/service/staff_service.go:32.2,32.16 1 0
beauty-salon-backend-go/internal/service/staff_service.go:32.16,34.3 1 0
beauty-salon-backend-go/internal/service/staff_service.go:37.2,38.45 2 0
beauty-salon-backend-go/internal/service/staff_service.go:38.45,40.3 1 0
beauty-salon-backend-go/internal/service/staff_service.go:41.2,41.21 1 0
beauty-salon-backend-go/internal/service/staff_service.go:41.21,43.3 1 0
beauty-salon-backend-go/internal/service/staff_service.go:46.2,48.45 2 0
beauty-salon-backend-go/internal/service/staff_service.go:48.45,50.3 1 0
beauty-salon-backend-go/internal/service/staff_service.go:52.2,53.19 2 0
beauty-salon-backend-go/internal/service/staff_service.go:57.74,59.16 2 0
beauty-salon-backend-go/internal/service/staff_service.go:59.16,60.32 1 0
beauty-salon-backend-go/internal/service/staff_service.go:60.32,62.4 1 0
beauty-salon-backend-go/internal/service/staff_service.go:63.3,63.57 1 0
beauty-salon-backend-go/internal/service/staff_service.go:65.2,65.19 1 0
beauty-salon-backend-go/internal/service/staff_service.go:69.77,70.17 1 0
beauty-salon-backend-go/internal/service/staff_service.go:70.17,72.3 1 0
beauty-salon-backend-go/internal/service/staff_service.go:74.2,75.16 2 0
beauty-salon-backend-go/internal/service/staff_service.go:75.16,76.32 1 0
beauty-salon-backend-go/internal/service/staff_service.go:76.32,78.4 1 0
beauty-salon-backend-go/internal/service/staff_service.go:79.3,79.66 1 0
beauty-salon-backend-go/internal/service/staff_service.go:81.2,81.19 1 0
beauty-salon-backend-go/internal/service/staff_service.go:85.63,87.16 2 0
beauty-salon-backend-go/internal/service/staff_service.go:87.16,89.3 1 0
beauty-salon-backend-go/internal/service/staff_service.go:90.2,90.19 1 0
beauty-salon-backend-go/internal/service/staff_service.go:94.77,95.16 1 0
beauty-salon-backend-go/internal/service/staff_service.go:95.16,97.3 1 0
beauty-salon-backend-go/internal/service/staff_service.go:99.2,100.16 2 0
beauty-salon-backend-go/internal/service/staff_service.go:100.16,102.3 1 0
beauty-salon-backend-go/internal/service/staff_service.go:103.2,103.19 1 0
beauty-salon-backend-go/internal/service/staff_service.go:107.106,109.16 1 0
beauty-salon-backend-go/internal/service/staff_service.go:109.16,111.3 1 0
beauty-salon-backend-go/internal/service/staff_service.go:112.2,112.17 1 0
beauty-salon-backend-go/internal/service/staff_service.go:112.17,114.3 1 0
beauty-salon-backend-go/internal/service/staff_service.go:115.2,115.16 1 0
beauty-salon-backend-go/internal/service/staff_service.go:115.16,117.3 1 0
beauty-salon-backend-go/internal/service/staff_service.go:120.2,121.16 2 0
beauty-salon-backend-go/internal/service/staff_service.go:121.16,122.32 1 0
beauty-salon-backend-go/internal/service/staff_service.go:122.32,124.4 1 0
beauty-salon-backend-go/internal/service/staff_service.go:125.3,125.58 1 0
beauty-salon-backend-go/internal/service/staff_service.go:129.2,129.26 1 0
beauty-salon-backend-go/internal/service/staff_service.go:129.26,131.46 2 0
beauty-salon-backend-go/internal/service/staff_service.go:131.46,133.4 1 0
beauty-salon-backend-go/internal/service/staff_service.go:134.3,134.43 1 0
beauty-salon-backend-go/internal/service/staff_service.go:134.43,136.4 1 0
beauty-salon-backend-go/internal/service/staff_service.go:140.2,146.45 6 0
beauty-salon-backend-go/internal/service/staff_service.go:146.45,148.3 1 0
beauty-salon-backend-go/internal/service/staff_service.go:150.2,151.19 2 0
beauty-salon-backend-go/internal/service/staff_service.go:155.56,158.16 2 0
beauty-salon-backend-go/internal/service/staff_service.go:158.16,160.3 1 0
beauty-salon-backend-go/internal/service/staff_service.go:161.2,161.13 1 0
beauty-salon-backend-go/internal/service/staff_service.go:161.13,163.3 1 0
beauty-salon-backend-go/internal/service/staff_service.go:165.2,165.42 1 0
beauty-salon-backend-go/internal/service/staff_service.go:165.42,167.3 1 0
beauty-salon-backend-go/internal/service/staff_service.go:169.2,170.12 2 0
beauty-salon-backend-go/internal/service/staff_service.go:174.64,176.16 2 0
beauty-salon-backend-go/internal/service/staff_service.go:176.16,178.3 1 0
beauty-salon-backend-go/internal/service/staff_service.go:179.2,179.20 1 0
beauty-salon-backend-go/internal/service/staff_service.go:183.66,185.16 2 0
beauty-salon-backend-go/internal/service/staff_service.go:185.16,187.3 1 0
beauty-salon-backend-go/internal/service/staff_service.go:188.2,188.19 1 0
beauty-salon-backend-go/internal/service/staff_service.go:192.53,194.16 2 0
beauty-salon-backend-go/internal/service/staff_service.go:194.16,196.3 1 0
beauty-salon-backend-go/internal/service/staff_service.go:197.2,197.19 1 0
beauty-salon-backend-go/internal/service/staff_service.go:201.53,203.16 2 0
beauty-salon-backend-go/internal/service/staff_service.go:203.16,205.3 1 0
beauty-salon-backend-go/internal/service/staff_service.go:206.2,206.19 1 0
beauty-salon-backend-go/internal/service/staff_service.go:210.86,211.17 1 0
beauty-salon-backend-go/internal/service/staff_service.go:211.17,213.3 1 0
beauty-salon-backend-go/internal/service/staff_service.go:215.2,216.16 2 0
beauty-salon-backend-go/internal/service/staff_service.go:216.16,218.3 1 0
beauty-salon-backend-go/internal/service/staff_service.go:219.2,219.19 1 0
beauty-salon-backend-go/internal/service/staff_service.go:223.83,224.16 1 0
beauty-salon-backend-go/internal/service/staff_service.go:224.16,226.3 1 0
beauty-salon-backend-go/internal/service/staff_service.go:228.2,229.16 2 0
beauty-salon-backend-go/internal/service/staff_service.go:229.16,231.3 1 0
beauty-salon-backend-go/internal/service/staff_service.go:232.2,232.19 1 0
beauty-salon-backend-go/internal/service/staff_service.go:236.87,237.21 1 0
beauty-salon-backend-go/internal/service/staff_service.go:237.21,239.3 1 0
beauty-salon-backend-go/internal/service/staff_service.go:241.2,242.16 2 0
beauty-salon-backend-go/internal/service/staff_service.go:242.16,244.3 1 0
beauty-salon-backend-go/internal/service/staff_service.go:245.2,245.19 1 0
beauty-salon-backend-go/internal/routes/routes.go:21.15,23.34 1 0
beauty-salon-backend-go/internal/routes/routes.go:23.34,25.3 1 0
beauty-salon-backend-go/internal/routes/routes.go:25.8,27.3 1 0
beauty-salon-backend-go/internal/routes/routes.go:29.2,47.24 6 0
beauty-salon-backend-go/internal/routes/routes.go:47.24,48.56 1 0
beauty-salon-backend-go/internal/routes/routes.go:48.56,55.4 1 0
beauty-salon-backend-go/internal/routes/routes.go:59.2,60.2 2 0
beauty-salon-backend-go/internal/routes/routes.go:60.2,63.3 2 0
beauty-salon-backend-go/internal/routes/routes.go:63.3,72.4 8 0
beauty-salon-backend-go/internal/routes/routes.go:75.3,76.3 2 0
beauty-salon-backend-go/internal/routes/routes.go:76.3,88.4 11 0
beauty-salon-backend-go/internal/routes/routes.go:91.3,92.3 2 0
beauty-salon-backend-go/internal/routes/routes.go:92.3,106.4 13 0
beauty-salon-backend-go/internal/routes/routes.go:109.3,110.3 2 0
beauty-salon-backend-go/internal/routes/routes.go:110.3,128.4 17 0
beauty-salon-backend-go/internal/routes/routes.go:132.2,132.39 1 0
beauty-salon-backend-go/internal/routes/routes.go:132.39,145.3 1 0
beauty-salon-backend-go/internal/routes/routes.go:147.2,147.15 1 0
