-------------------------------------------------------------------------------
Test set: com.beautysalon.performance.Phase2PerformanceTest
-------------------------------------------------------------------------------
Tests run: 2, Failures: 1, Errors: 0, Skipped: 0, Time elapsed: 10.29 s <<< FAILURE! -- in com.beautysalon.performance.Phase2PerformanceTest
com.beautysalon.performance.Phase2PerformanceTest.testCachePerformance -- Time elapsed: 0.190 s <<< FAILURE!
java.lang.AssertionError: Success rate should be >= 95%, got: 50.0%
	at com.beautysalon.performance.Phase2PerformanceTest.testCachePerformance(Phase2PerformanceTest.java:172)
	at java.base/java.lang.reflect.Method.invoke(Method.java:565)
	at java.base/java.util.ArrayList.forEach(ArrayList.java:1604)
	at java.base/java.util.ArrayList.forEach(ArrayList.java:1604)

