<?xml version="1.0" encoding="UTF-8"?>
<testsuite xmlns:xsi="http://www.w3.org/2001/XMLSchema-instance" xsi:noNamespaceSchemaLocation="https://maven.apache.org/surefire/maven-surefire-plugin/xsd/surefire-test-report.xsd" version="3.0.2" name="com.beautysalon.validation.CustomerValidationTest" time="9.557" tests="1" errors="0" skipped="0" failures="0">
  <properties>
[...]
</properties>
  <testcase name="testValidCustomerCreation" classname="com.beautysalon.validation.CustomerValidationTest" time="0.55">
    <system-out><![CDATA[23:06:59.196 [main] INFO org.springframework.test.context.support.AnnotationConfigContextLoaderUtils -- Could not detect default configuration classes for test class [com.beautysalon.validation.CustomerValidationTest]: CustomerValidationTest does not declare any static, non-private, non-final, nested classes annotated with @Configuration.
23:06:59.272 [main] INFO org.springframework.boot.test.context.SpringBootTestContextBootstrapper -- Found @SpringBootConfiguration com.beautysalon.BeautySalonApplication for test class com.beautysalon.validation.CustomerValidationTest
23:06:59.352 [main] INFO org.testcontainers.images.PullPolicy -- Image pull policy will be performed by: DefaultPullPolicy()
23:06:59.353 [main] INFO org.testcontainers.utility.ImageNameSubstitutor -- Image name substitution will be performed by: DefaultImageNameSubstitutor (composite of 'ConfigurationFileImageNameSubstitutor' and 'PrefixingImageNameSubstitutor')
23:06:59.557 [main] INFO org.testcontainers.dockerclient.DockerClientProviderStrategy -- Loaded org.testcontainers.dockerclient.UnixSocketClientProviderStrategy from ~/.testcontainers.properties, will try it first
23:06:59.751 [main] INFO org.testcontainers.dockerclient.DockerClientProviderStrategy -- Found Docker environment with local Unix socket (unix:///var/run/docker.sock)
23:06:59.752 [main] INFO org.testcontainers.DockerClientFactory -- Docker host IP address is localhost
23:06:59.765 [main] INFO org.testcontainers.DockerClientFactory -- Connected to docker: 
  Server Version: 28.1.1
  API Version: 1.49
  Operating System: Docker Desktop
  Total Memory: 7837 MB
23:06:59.837 [main] INFO tc.testcontainers/ryuk:0.7.0 -- Creating container for image: testcontainers/ryuk:0.7.0
23:06:59.984 [main] INFO org.testcontainers.utility.RegistryAuthLocator -- Credential helper/store (docker-credential-desktop) does not have credentials for https://index.docker.io/v1/
23:07:00.072 [main] INFO tc.testcontainers/ryuk:0.7.0 -- Container testcontainers/ryuk:0.7.0 is starting: 2d846393fdbfc4579fde97d03cb6d58e5c014600f33de03c49e3a2b9f6d8f18c
23:07:00.309 [main] INFO tc.testcontainers/ryuk:0.7.0 -- Container testcontainers/ryuk:0.7.0 started in PT0.471815S
23:07:00.313 [main] INFO org.testcontainers.utility.RyukResourceReaper -- Ryuk started - will monitor and terminate Testcontainers containers on JVM exit
23:07:00.313 [main] INFO org.testcontainers.DockerClientFactory -- Checking the system...
23:07:00.313 [main] INFO org.testcontainers.DockerClientFactory -- ✔︎ Docker server version should be at least 1.6.0
23:07:00.315 [main] INFO tc.cassandra:4.1 -- Creating container for image: cassandra:4.1
23:07:00.316 [main] WARN tc.cassandra:4.1 -- Reuse was requested but the environment does not support the reuse of containers
To enable reuse of containers, you must set 'testcontainers.reuse.enable=true' in a file located at /Users/leandro.yamaniha/.testcontainers.properties
23:07:00.346 [main] INFO tc.cassandra:4.1 -- Container cassandra:4.1 is starting: 3ad2b230fec01c40d497c5e7d476aed5109960326629443d4495458e150f0ac5
23:07:03.238 [main] INFO tc.cassandra:4.1 -- Container cassandra:4.1 started in PT2.922806S
23:07:03.254 [main] INFO org.testcontainers.ext.ScriptUtils -- Executing database script from init.cql
23:07:03.258 [main] INFO com.datastax.driver.core -- DataStax Java driver 3.10.0 for Apache Cassandra
23:07:03.266 [main] INFO com.datastax.driver.core.GuavaCompatibility -- Detected Guava >= 19 in the classpath, using modern compatibility layer
23:07:03.293 [main] INFO com.datastax.driver.core.Native -- Could not load JNR C Library, native system calls through this library will not be available (set this logger level to DEBUG to see the full stack trace).
23:07:03.293 [main] INFO com.datastax.driver.core.ClockFactory -- Using java.lang.System clock to generate timestamps.
23:07:03.355 [main] INFO com.datastax.driver.core.NettyUtil -- Did not find Netty's native epoll transport in the classpath, defaulting to NIO.
23:07:03.672 [main] INFO com.datastax.driver.core.policies.DCAwareRoundRobinPolicy -- Using data-center name 'datacenter1' for DCAwareRoundRobinPolicy (if this is incorrect, please provide the correct datacenter name with DCAwareRoundRobinPolicy constructor)
23:07:03.673 [main] INFO com.datastax.driver.core.Cluster -- New Cassandra host localhost/127.0.0.1:55903 added
23:07:05.991 [main] INFO org.testcontainers.ext.ScriptUtils -- Executed database script from init.cql in 2737 ms.
23:07:06.046 [main] INFO org.springframework.boot.devtools.restart.RestartApplicationListener -- Restart disabled due to context in which it is running

  .   ____          _            __ _ _
 /\\ / ___'_ __ _ _(_)_ __  __ _ \ \ \ \
( ( )\___ | '_ | '_| | '_ \/ _` | \ \ \ \
 \\/  ___)| |_)| | | | | || (_| |  ) ) ) )
  '  |____| .__|_| |_|_| |_\__, | / / / /
 =========|_|==============|___/=/_/_/_/

 :: Spring Boot ::             (v4.0.0-M1)

2025-08-09T23:07:06.223-03:00  INFO 96915 --- [beauty-salon-backend] [           main] [                                                 ] c.b.validation.CustomerValidationTest    : Starting CustomerValidationTest using Java 24.0.1 with PID 96915 (started by leandro.yamaniha in /Volumes/Dock/ai/ide/windsurf/beauty-salon-app/backend)
2025-08-09T23:07:06.224-03:00 DEBUG 96915 --- [beauty-salon-backend] [           main] [                                                 ] c.b.validation.CustomerValidationTest    : Running with Spring Boot v4.0.0-M1, Spring v7.0.0-M7
2025-08-09T23:07:06.224-03:00  INFO 96915 --- [beauty-salon-backend] [           main] [                                                 ] c.b.validation.CustomerValidationTest    : The following 1 profile is active: "local"
2025-08-09T23:07:06.609-03:00  INFO 96915 --- [beauty-salon-backend] [           main] [                                                 ] .s.d.r.c.RepositoryConfigurationDelegate : Bootstrapping Spring Data Reactive Cassandra repositories in DEFAULT mode.
2025-08-09T23:07:06.626-03:00  INFO 96915 --- [beauty-salon-backend] [           main] [                                                 ] .s.d.r.c.RepositoryConfigurationDelegate : Finished Spring Data repository scanning in 13 ms. Found 0 Reactive Cassandra repository interfaces.
2025-08-09T23:07:06.629-03:00  INFO 96915 --- [beauty-salon-backend] [           main] [                                                 ] .s.d.r.c.RepositoryConfigurationDelegate : Bootstrapping Spring Data Cassandra repositories in DEFAULT mode.
2025-08-09T23:07:06.638-03:00  INFO 96915 --- [beauty-salon-backend] [           main] [                                                 ] .s.d.r.c.RepositoryConfigurationDelegate : Finished Spring Data repository scanning in 8 ms. Found 4 Cassandra repository interfaces.
2025-08-09T23:07:06.874-03:00  INFO 96915 --- [beauty-salon-backend] [           main] [                                                 ] o.s.boot.tomcat.TomcatWebServer          : Tomcat initialized with port 0 (http)
2025-08-09T23:07:06.883-03:00  INFO 96915 --- [beauty-salon-backend] [           main] [                                                 ] o.apache.catalina.core.StandardService   : Starting service [Tomcat]
2025-08-09T23:07:06.883-03:00  INFO 96915 --- [beauty-salon-backend] [           main] [                                                 ] o.apache.catalina.core.StandardEngine    : Starting Servlet engine: [Apache Tomcat/11.0.9]
2025-08-09T23:07:06.905-03:00  INFO 96915 --- [beauty-salon-backend] [           main] [                                                 ] b.w.c.s.WebApplicationContextInitializer : Root WebApplicationContext: initialization completed in 673 ms
2025-08-09T23:07:06.990-03:00  INFO 96915 --- [beauty-salon-backend] [           main] [                                                 ] c.d.o.d.i.core.DefaultMavenCoordinates   : Apache Cassandra Java Driver (org.apache.cassandra:java-driver-core) version 4.19.0
2025-08-09T23:07:07.172-03:00  INFO 96915 --- [beauty-salon-backend] [           main] [                                                 ] c.d.o.d.internal.core.ContactPoints      : Contact point localhost:55903 resolves to multiple addresses, will use them all ([localhost/127.0.0.1, localhost/0:0:0:0:0:0:0:1])
2025-08-09T23:07:07.210-03:00  INFO 96915 --- [beauty-salon-backend] [           main] [                                                 ] c.d.o.d.i.c.c.CqlPrepareAsyncProcessor   : Adding handler to invalidate cached prepared statements on type changes
2025-08-09T23:07:07.235-03:00  INFO 96915 --- [beauty-salon-backend] [     s0-admin-0] [                                                 ] c.d.oss.driver.internal.core.time.Clock  : Could not access native clock (see debug logs for details), falling back to Java system clock
2025-08-09T23:07:07.353-03:00  WARN 96915 --- [beauty-salon-backend] [     s0-admin-0] [                                                 ] c.d.o.d.i.c.l.h.OptionalLocalDcHelper    : [s0|default] You specified datacenter1 as the local DC, but some contact points are from a different DC: Node(endPoint=localhost/127.0.0.1:55903, hostId=null, hashCode=3d47bdf5)=null; please provide the correct local DC, or check your contact points
2025-08-09T23:07:07.379-03:00 DEBUG 96915 --- [beauty-salon-backend] [           main] [                                                 ] o.s.data.cassandra.core.cql.CqlTemplate  : Executing CQL statement [CREATE TABLE IF NOT EXISTS services (id uuid, name text, description text, duration int, price decimal, category text, is_active boolean, created_at timestamp, updated_at timestamp, PRIMARY KEY (id));]
2025-08-09T23:07:07.389-03:00 DEBUG 96915 --- [beauty-salon-backend] [           main] [                                                 ] o.s.data.cassandra.core.cql.CqlTemplate  : Executing CQL statement [CREATE TABLE IF NOT EXISTS customers (id uuid, name text, email text, phone text, address text, created_at timestamp, updated_at timestamp, PRIMARY KEY (id));]
2025-08-09T23:07:07.392-03:00 DEBUG 96915 --- [beauty-salon-backend] [           main] [                                                 ] o.s.data.cassandra.core.cql.CqlTemplate  : Executing CQL statement [CREATE TABLE IF NOT EXISTS appointments (id uuid, customer_id uuid, staff_id uuid, service_id uuid, appointment_date date, appointment_time time, status text, notes text, total_price decimal, created_at timestamp, updated_at timestamp, PRIMARY KEY (id));]
2025-08-09T23:07:07.394-03:00 DEBUG 96915 --- [beauty-salon-backend] [           main] [                                                 ] o.s.data.cassandra.core.cql.CqlTemplate  : Executing CQL statement [CREATE TABLE IF NOT EXISTS staff (id uuid, name text, email text, phone text, role text, specialties set<text>, is_active boolean, created_at timestamp, updated_at timestamp, PRIMARY KEY (id));]
2025-08-09T23:07:07.740-03:00  INFO 96915 --- [beauty-salon-backend] [           main] [                                                 ] o.a.c.c.C.[Tomcat].[localhost].[/]       : Initializing Spring TestDispatcherServlet ''
2025-08-09T23:07:07.741-03:00  INFO 96915 --- [beauty-salon-backend] [           main] [                                                 ] o.s.t.web.servlet.TestDispatcherServlet  : Initializing Servlet ''
2025-08-09T23:07:07.746-03:00  INFO 96915 --- [beauty-salon-backend] [           main] [                                                 ] o.s.b.a.e.web.EndpointLinksResolver      : Exposing 2 endpoints beneath base path '/actuator'
2025-08-09T23:07:07.749-03:00  INFO 96915 --- [beauty-salon-backend] [           main] [                                                 ] o.s.t.web.servlet.TestDispatcherServlet  : Completed initialization in 8 ms
2025-08-09T23:07:07.773-03:00  INFO 96915 --- [beauty-salon-backend] [           main] [                                                 ] o.s.boot.tomcat.TomcatWebServer          : Tomcat started on port 55918 (http) with context path '/'
2025-08-09T23:07:07.776-03:00  INFO 96915 --- [beauty-salon-backend] [           main] [                                                 ] c.b.validation.CustomerValidationTest    : Started CustomerValidationTest in 1.739 seconds (process running for 9.175)
🔍 Testing valid customer JSON: {"id":"1194ba2d-9e47-4421-b3c2-492d49781fbf","name":"Valid Customer","email":"valid@test.com","phone":"1234567890","address":"Valid Address","createdAt":"2025-08-10T02:07:08.184597Z","updatedAt":"2025-08-10T02:07:08.184600Z"}
2025-08-09T23:07:08.286-03:00 DEBUG 96915 --- [beauty-salon-backend] [           main] [                                                 ] o.s.d.c.c.c.MappingCassandraConverter    : doWithProperties Property.type java.util.UUID, Property.value 1194ba2d-9e47-4421-b3c2-492d49781fbf
2025-08-09T23:07:08.286-03:00 DEBUG 96915 --- [beauty-salon-backend] [           main] [                                                 ] o.s.d.c.c.c.MappingCassandraConverter    : Adding map.entry [id] - [1194ba2d-9e47-4421-b3c2-492d49781fbf]
2025-08-09T23:07:08.286-03:00 DEBUG 96915 --- [beauty-salon-backend] [           main] [                                                 ] o.s.d.c.c.c.MappingCassandraConverter    : doWithProperties Property.type java.lang.String, Property.value Valid Customer
2025-08-09T23:07:08.286-03:00 DEBUG 96915 --- [beauty-salon-backend] [           main] [                                                 ] o.s.d.c.c.c.MappingCassandraConverter    : Adding map.entry [name] - [Valid Customer]
2025-08-09T23:07:08.286-03:00 DEBUG 96915 --- [beauty-salon-backend] [           main] [                                                 ] o.s.d.c.c.c.MappingCassandraConverter    : doWithProperties Property.type java.lang.String, Property.value valid@test.com
2025-08-09T23:07:08.286-03:00 DEBUG 96915 --- [beauty-salon-backend] [           main] [                                                 ] o.s.d.c.c.c.MappingCassandraConverter    : Adding map.entry [email] - [valid@test.com]
2025-08-09T23:07:08.286-03:00 DEBUG 96915 --- [beauty-salon-backend] [           main] [                                                 ] o.s.d.c.c.c.MappingCassandraConverter    : doWithProperties Property.type java.lang.String, Property.value 1234567890
2025-08-09T23:07:08.286-03:00 DEBUG 96915 --- [beauty-salon-backend] [           main] [                                                 ] o.s.d.c.c.c.MappingCassandraConverter    : Adding map.entry [phone] - [1234567890]
2025-08-09T23:07:08.287-03:00 DEBUG 96915 --- [beauty-salon-backend] [           main] [                                                 ] o.s.d.c.c.c.MappingCassandraConverter    : doWithProperties Property.type java.lang.String, Property.value Valid Address
2025-08-09T23:07:08.287-03:00 DEBUG 96915 --- [beauty-salon-backend] [           main] [                                                 ] o.s.d.c.c.c.MappingCassandraConverter    : Adding map.entry [address] - [Valid Address]
2025-08-09T23:07:08.287-03:00 DEBUG 96915 --- [beauty-salon-backend] [           main] [                                                 ] o.s.d.c.c.c.MappingCassandraConverter    : doWithProperties Property.type java.time.Instant, Property.value 2025-08-10T02:07:08.267304Z
2025-08-09T23:07:08.287-03:00 DEBUG 96915 --- [beauty-salon-backend] [           main] [                                                 ] o.s.d.c.c.c.MappingCassandraConverter    : Adding map.entry [created_at] - [2025-08-10T02:07:08.267304Z]
2025-08-09T23:07:08.287-03:00 DEBUG 96915 --- [beauty-salon-backend] [           main] [                                                 ] o.s.d.c.c.c.MappingCassandraConverter    : doWithProperties Property.type java.time.Instant, Property.value 2025-08-10T02:07:08.267306Z
2025-08-09T23:07:08.287-03:00 DEBUG 96915 --- [beauty-salon-backend] [           main] [                                                 ] o.s.d.c.c.c.MappingCassandraConverter    : Adding map.entry [updated_at] - [2025-08-10T02:07:08.267306Z]
2025-08-09T23:07:08.297-03:00 DEBUG 96915 --- [beauty-salon-backend] [           main] [                                                 ] o.s.data.cassandra.core.cql.CqlTemplate  : Preparing statement [INSERT INTO customers (id,name,email,phone,address,created_at,updated_at) VALUES (?,?,?,?,?,?,?)] using org.springframework.data.cassandra.core.CassandraTemplate$PreparedStatementHandler@71ca5e49
2025-08-09T23:07:08.315-03:00 DEBUG 96915 --- [beauty-salon-backend] [           main] [                                                 ] o.s.data.cassandra.core.cql.CqlTemplate  : Executing prepared statement [INSERT INTO customers (id,name,email,phone,address,created_at,updated_at) VALUES (?,?,?,?,?,?,?)]
📊 Response Status: 201
📊 Response Body: {"id":"1194ba2d-9e47-4421-b3c2-492d49781fbf","name":"Valid Customer","email":"valid@test.com","phone":"1234567890","address":"Valid Address","createdAt":"2025-08-10T02:07:08.267304Z","updatedAt":"2025-08-10T02:07:08.267306Z"}
📊 Response Headers: [Vary, Content-Type]
]]></system-out>
    <system-err><![CDATA[Mockito is currently self-attaching to enable the inline-mock-maker. This will no longer work in future releases of the JDK. Please add Mockito as an agent to your build as described in Mockito's documentation: https://javadoc.io/doc/org.mockito/mockito-core/latest/org.mockito/org/mockito/Mockito.html#0.3
WARNING: A Java agent has been loaded dynamically (/Users/leandro.yamaniha/.m2/repository/net/bytebuddy/byte-buddy-agent/1.17.6/byte-buddy-agent-1.17.6.jar)
WARNING: If a serviceability tool is in use, please run with -XX:+EnableDynamicAgentLoading to hide this warning
WARNING: If a serviceability tool is not in use, please run with -Djdk.instrument.traceUsage for more information
WARNING: Dynamic loading of agents will be disallowed by default in a future release
]]></system-err>
  </testcase>
</testsuite>