<?xml version="1.0" encoding="UTF-8"?>
<testsuite xmlns:xsi="http://www.w3.org/2001/XMLSchema-instance" xsi:noNamespaceSchemaLocation="https://maven.apache.org/surefire/maven-surefire-plugin/xsd/surefire-test-report.xsd" version="3.0.2" name="com.beautysalon.performance.Phase2ValidationTest" time="10.082" tests="3" errors="0" skipped="0" failures="0">
  <properties>
[...]
</properties>
  <testcase name="testPhase2CachePerformance" classname="com.beautysalon.performance.Phase2ValidationTest" time="0.563">
    <system-out><![CDATA[23:17:00.278 [main] INFO org.springframework.test.context.support.AnnotationConfigContextLoaderUtils -- Could not detect default configuration classes for test class [com.beautysalon.performance.Phase2ValidationTest]: Phase2ValidationTest does not declare any static, non-private, non-final, nested classes annotated with @Configuration.
23:17:00.379 [main] INFO org.springframework.boot.test.context.SpringBootTestContextBootstrapper -- Found @SpringBootConfiguration com.beautysalon.BeautySalonApplication for test class com.beautysalon.performance.Phase2ValidationTest
23:17:00.469 [main] INFO org.testcontainers.images.PullPolicy -- Image pull policy will be performed by: DefaultPullPolicy()
23:17:00.470 [main] INFO org.testcontainers.utility.ImageNameSubstitutor -- Image name substitution will be performed by: DefaultImageNameSubstitutor (composite of 'ConfigurationFileImageNameSubstitutor' and 'PrefixingImageNameSubstitutor')
23:17:00.672 [main] INFO org.testcontainers.dockerclient.DockerClientProviderStrategy -- Loaded org.testcontainers.dockerclient.UnixSocketClientProviderStrategy from ~/.testcontainers.properties, will try it first
23:17:00.869 [main] INFO org.testcontainers.dockerclient.DockerClientProviderStrategy -- Found Docker environment with local Unix socket (unix:///var/run/docker.sock)
23:17:00.869 [main] INFO org.testcontainers.DockerClientFactory -- Docker host IP address is localhost
23:17:00.884 [main] INFO org.testcontainers.DockerClientFactory -- Connected to docker: 
  Server Version: 28.1.1
  API Version: 1.49
  Operating System: Docker Desktop
  Total Memory: 7837 MB
23:17:00.961 [main] INFO tc.testcontainers/ryuk:0.7.0 -- Creating container for image: testcontainers/ryuk:0.7.0
23:17:01.125 [main] INFO org.testcontainers.utility.RegistryAuthLocator -- Credential helper/store (docker-credential-desktop) does not have credentials for https://index.docker.io/v1/
23:17:01.211 [main] INFO tc.testcontainers/ryuk:0.7.0 -- Container testcontainers/ryuk:0.7.0 is starting: 4b5f134930ada770e4ad33ae33b4f934942fffc5b13b85f02716b92f9fbe27e2
23:17:01.551 [main] INFO tc.testcontainers/ryuk:0.7.0 -- Container testcontainers/ryuk:0.7.0 started in PT0.589894S
23:17:01.555 [main] INFO org.testcontainers.utility.RyukResourceReaper -- Ryuk started - will monitor and terminate Testcontainers containers on JVM exit
23:17:01.555 [main] INFO org.testcontainers.DockerClientFactory -- Checking the system...
23:17:01.556 [main] INFO org.testcontainers.DockerClientFactory -- ✔︎ Docker server version should be at least 1.6.0
23:17:01.557 [main] INFO tc.cassandra:4.1 -- Creating container for image: cassandra:4.1
23:17:01.559 [main] WARN tc.cassandra:4.1 -- Reuse was requested but the environment does not support the reuse of containers
To enable reuse of containers, you must set 'testcontainers.reuse.enable=true' in a file located at /Users/leandro.yamaniha/.testcontainers.properties
23:17:01.598 [main] INFO tc.cassandra:4.1 -- Container cassandra:4.1 is starting: e74d4d0623283de6cc6e74ef2ee873fce1a448f413597e4afb9b0c5f73852d66
23:17:04.370 [main] INFO tc.cassandra:4.1 -- Container cassandra:4.1 started in PT2.812913S
23:17:04.386 [main] INFO org.testcontainers.ext.ScriptUtils -- Executing database script from init.cql
23:17:04.390 [main] INFO com.datastax.driver.core -- DataStax Java driver 3.10.0 for Apache Cassandra
23:17:04.397 [main] INFO com.datastax.driver.core.GuavaCompatibility -- Detected Guava >= 19 in the classpath, using modern compatibility layer
23:17:04.429 [main] INFO com.datastax.driver.core.Native -- Could not load JNR C Library, native system calls through this library will not be available (set this logger level to DEBUG to see the full stack trace).
23:17:04.429 [main] INFO com.datastax.driver.core.ClockFactory -- Using java.lang.System clock to generate timestamps.
23:17:04.485 [main] INFO com.datastax.driver.core.NettyUtil -- Did not find Netty's native epoll transport in the classpath, defaulting to NIO.
23:17:04.767 [main] INFO com.datastax.driver.core.policies.DCAwareRoundRobinPolicy -- Using data-center name 'datacenter1' for DCAwareRoundRobinPolicy (if this is incorrect, please provide the correct datacenter name with DCAwareRoundRobinPolicy constructor)
23:17:04.767 [main] INFO com.datastax.driver.core.Cluster -- New Cassandra host localhost/127.0.0.1:56836 added
23:17:07.291 [main] INFO org.testcontainers.ext.ScriptUtils -- Executed database script from init.cql in 2904 ms.
23:17:07.349 [main] INFO org.springframework.boot.devtools.restart.RestartApplicationListener -- Restart disabled due to context in which it is running

  .   ____          _            __ _ _
 /\\ / ___'_ __ _ _(_)_ __  __ _ \ \ \ \
( ( )\___ | '_ | '_| | '_ \/ _` | \ \ \ \
 \\/  ___)| |_)| | | | | || (_| |  ) ) ) )
  '  |____| .__|_| |_|_| |_\__, | / / / /
 =========|_|==============|___/=/_/_/_/

 :: Spring Boot ::             (v4.0.0-M1)

2025-08-09T23:17:07.523-03:00  INFO 99081 --- [beauty-salon-backend] [           main] [                                                 ] c.b.performance.Phase2ValidationTest     : Starting Phase2ValidationTest using Java 24.0.1 with PID 99081 (started by leandro.yamaniha in /Volumes/Dock/ai/ide/windsurf/beauty-salon-app/backend)
2025-08-09T23:17:07.523-03:00 DEBUG 99081 --- [beauty-salon-backend] [           main] [                                                 ] c.b.performance.Phase2ValidationTest     : Running with Spring Boot v4.0.0-M1, Spring v7.0.0-M7
2025-08-09T23:17:07.524-03:00  INFO 99081 --- [beauty-salon-backend] [           main] [                                                 ] c.b.performance.Phase2ValidationTest     : The following 1 profile is active: "test"
2025-08-09T23:17:07.935-03:00  INFO 99081 --- [beauty-salon-backend] [           main] [                                                 ] .s.d.r.c.RepositoryConfigurationDelegate : Bootstrapping Spring Data Reactive Cassandra repositories in DEFAULT mode.
2025-08-09T23:17:07.954-03:00  INFO 99081 --- [beauty-salon-backend] [           main] [                                                 ] .s.d.r.c.RepositoryConfigurationDelegate : Finished Spring Data repository scanning in 15 ms. Found 0 Reactive Cassandra repository interfaces.
2025-08-09T23:17:07.957-03:00  INFO 99081 --- [beauty-salon-backend] [           main] [                                                 ] .s.d.r.c.RepositoryConfigurationDelegate : Bootstrapping Spring Data Cassandra repositories in DEFAULT mode.
2025-08-09T23:17:07.970-03:00  INFO 99081 --- [beauty-salon-backend] [           main] [                                                 ] .s.d.r.c.RepositoryConfigurationDelegate : Finished Spring Data repository scanning in 12 ms. Found 4 Cassandra repository interfaces.
2025-08-09T23:17:08.086-03:00  INFO 99081 --- [beauty-salon-backend] [           main] [                                                 ] c.d.o.d.i.core.DefaultMavenCoordinates   : Apache Cassandra Java Driver (org.apache.cassandra:java-driver-core) version 4.19.0
2025-08-09T23:17:08.300-03:00  INFO 99081 --- [beauty-salon-backend] [           main] [                                                 ] c.d.o.d.internal.core.ContactPoints      : Contact point localhost:56836 resolves to multiple addresses, will use them all ([localhost/127.0.0.1, localhost/0:0:0:0:0:0:0:1])
2025-08-09T23:17:08.339-03:00  INFO 99081 --- [beauty-salon-backend] [           main] [                                                 ] c.d.o.d.i.c.c.CqlPrepareAsyncProcessor   : Adding handler to invalidate cached prepared statements on type changes
2025-08-09T23:17:08.365-03:00  INFO 99081 --- [beauty-salon-backend] [     s0-admin-0] [                                                 ] c.d.oss.driver.internal.core.time.Clock  : Could not access native clock (see debug logs for details), falling back to Java system clock
2025-08-09T23:17:08.485-03:00  WARN 99081 --- [beauty-salon-backend] [     s0-admin-0] [                                                 ] c.d.o.d.i.c.l.h.OptionalLocalDcHelper    : [s0|default] You specified datacenter1 as the local DC, but some contact points are from a different DC: Node(endPoint=localhost/[0:0:0:0:0:0:0:1]:56836, hostId=null, hashCode=7c9b6e83)=null; please provide the correct local DC, or check your contact points
2025-08-09T23:17:08.511-03:00 DEBUG 99081 --- [beauty-salon-backend] [           main] [                                                 ] o.s.data.cassandra.core.cql.CqlTemplate  : Executing CQL statement [CREATE TABLE IF NOT EXISTS staff (id uuid, name text, email text, phone text, role text, specialties set<text>, is_active boolean, created_at timestamp, updated_at timestamp, PRIMARY KEY (id));]
2025-08-09T23:17:08.520-03:00 DEBUG 99081 --- [beauty-salon-backend] [           main] [                                                 ] o.s.data.cassandra.core.cql.CqlTemplate  : Executing CQL statement [CREATE TABLE IF NOT EXISTS customers (id uuid, name text, email text, phone text, address text, created_at timestamp, updated_at timestamp, PRIMARY KEY (id));]
2025-08-09T23:17:08.522-03:00 DEBUG 99081 --- [beauty-salon-backend] [           main] [                                                 ] o.s.data.cassandra.core.cql.CqlTemplate  : Executing CQL statement [CREATE TABLE IF NOT EXISTS services (id uuid, name text, description text, duration int, price decimal, category text, is_active boolean, created_at timestamp, updated_at timestamp, PRIMARY KEY (id));]
2025-08-09T23:17:08.523-03:00 DEBUG 99081 --- [beauty-salon-backend] [           main] [                                                 ] o.s.data.cassandra.core.cql.CqlTemplate  : Executing CQL statement [CREATE TABLE IF NOT EXISTS appointments (id uuid, customer_id uuid, staff_id uuid, service_id uuid, appointment_date date, appointment_time time, status text, notes text, total_price decimal, created_at timestamp, updated_at timestamp, PRIMARY KEY (id));]
2025-08-09T23:17:09.082-03:00  INFO 99081 --- [beauty-salon-backend] [           main] [                                                 ] o.s.b.t.m.w.SpringBootMockServletContext : Initializing Spring TestDispatcherServlet ''
2025-08-09T23:17:09.082-03:00  INFO 99081 --- [beauty-salon-backend] [           main] [                                                 ] o.s.t.web.servlet.TestDispatcherServlet  : Initializing Servlet ''
2025-08-09T23:17:09.088-03:00  INFO 99081 --- [beauty-salon-backend] [           main] [                                                 ] o.s.b.a.e.web.EndpointLinksResolver      : Exposing 2 endpoints beneath base path '/actuator'
2025-08-09T23:17:09.093-03:00  INFO 99081 --- [beauty-salon-backend] [           main] [                                                 ] o.s.t.web.servlet.TestDispatcherServlet  : Completed initialization in 11 ms
2025-08-09T23:17:09.134-03:00  INFO 99081 --- [beauty-salon-backend] [           main] [                                                 ] c.b.performance.Phase2ValidationTest     : Started Phase2ValidationTest in 1.796 seconds (process running for 9.437)

=== Phase 2: Cache Performance Validation ===
2025-08-09T23:17:09.631-03:00 DEBUG 99081 --- [beauty-salon-backend] [           main] [                                                 ] o.s.d.c.c.c.MappingCassandraConverter    : doWithProperties Property.type java.util.UUID, Property.value 87216d75-e9aa-496c-ac4f-d73b5aee21dd
2025-08-09T23:17:09.632-03:00 DEBUG 99081 --- [beauty-salon-backend] [           main] [                                                 ] o.s.d.c.c.c.MappingCassandraConverter    : Adding map.entry [id] - [87216d75-e9aa-496c-ac4f-d73b5aee21dd]
2025-08-09T23:17:09.632-03:00 DEBUG 99081 --- [beauty-salon-backend] [           main] [                                                 ] o.s.d.c.c.c.MappingCassandraConverter    : doWithProperties Property.type java.lang.String, Property.value Cache Test 76310b76
2025-08-09T23:17:09.632-03:00 DEBUG 99081 --- [beauty-salon-backend] [           main] [                                                 ] o.s.d.c.c.c.MappingCassandraConverter    : Adding map.entry [name] - [Cache Test 76310b76]
2025-08-09T23:17:09.632-03:00 DEBUG 99081 --- [beauty-salon-backend] [           main] [                                                 ] o.s.d.c.c.c.MappingCassandraConverter    : doWithProperties Property.type java.lang.String, Property.value cachetest76310b76@phase2.com
2025-08-09T23:17:09.632-03:00 DEBUG 99081 --- [beauty-salon-backend] [           main] [                                                 ] o.s.d.c.c.c.MappingCassandraConverter    : Adding map.entry [email] - [cachetest76310b76@phase2.com]
2025-08-09T23:17:09.632-03:00 DEBUG 99081 --- [beauty-salon-backend] [           main] [                                                 ] o.s.d.c.c.c.MappingCassandraConverter    : doWithProperties Property.type java.lang.String, Property.value 5559999763
2025-08-09T23:17:09.632-03:00 DEBUG 99081 --- [beauty-salon-backend] [           main] [                                                 ] o.s.d.c.c.c.MappingCassandraConverter    : Adding map.entry [phone] - [5559999763]
2025-08-09T23:17:09.632-03:00 DEBUG 99081 --- [beauty-salon-backend] [           main] [                                                 ] o.s.d.c.c.c.MappingCassandraConverter    : doWithProperties Property.type java.lang.String, Property.value Cache Address 76310b76
2025-08-09T23:17:09.632-03:00 DEBUG 99081 --- [beauty-salon-backend] [           main] [                                                 ] o.s.d.c.c.c.MappingCassandraConverter    : Adding map.entry [address] - [Cache Address 76310b76]
2025-08-09T23:17:09.632-03:00 DEBUG 99081 --- [beauty-salon-backend] [           main] [                                                 ] o.s.d.c.c.c.MappingCassandraConverter    : doWithProperties Property.type java.time.Instant, Property.value 2025-08-10T02:17:09.624626Z
2025-08-09T23:17:09.633-03:00 DEBUG 99081 --- [beauty-salon-backend] [           main] [                                                 ] o.s.d.c.c.c.MappingCassandraConverter    : Adding map.entry [created_at] - [2025-08-10T02:17:09.624626Z]
2025-08-09T23:17:09.633-03:00 DEBUG 99081 --- [beauty-salon-backend] [           main] [                                                 ] o.s.d.c.c.c.MappingCassandraConverter    : doWithProperties Property.type java.time.Instant, Property.value 2025-08-10T02:17:09.624629Z
2025-08-09T23:17:09.633-03:00 DEBUG 99081 --- [beauty-salon-backend] [           main] [                                                 ] o.s.d.c.c.c.MappingCassandraConverter    : Adding map.entry [updated_at] - [2025-08-10T02:17:09.624629Z]
2025-08-09T23:17:09.642-03:00 DEBUG 99081 --- [beauty-salon-backend] [           main] [                                                 ] o.s.data.cassandra.core.cql.CqlTemplate  : Preparing statement [INSERT INTO customers (id,name,email,phone,address,created_at,updated_at) VALUES (?,?,?,?,?,?,?)] using org.springframework.data.cassandra.core.CassandraTemplate$PreparedStatementHandler@328faaed
2025-08-09T23:17:09.664-03:00 DEBUG 99081 --- [beauty-salon-backend] [           main] [                                                 ] o.s.data.cassandra.core.cql.CqlTemplate  : Executing prepared statement [INSERT INTO customers (id,name,email,phone,address,created_at,updated_at) VALUES (?,?,?,?,?,?,?)]
2025-08-09T23:17:09.705-03:00 DEBUG 99081 --- [beauty-salon-backend] [           main] [                                                 ] o.s.data.cassandra.core.cql.CqlTemplate  : Preparing statement [SELECT * FROM customers WHERE id=? LIMIT 1] using org.springframework.data.cassandra.core.CassandraTemplate$PreparedStatementHandler@6c18f0a8
2025-08-09T23:17:09.709-03:00 DEBUG 99081 --- [beauty-salon-backend] [           main] [                                                 ] o.s.data.cassandra.core.cql.CqlTemplate  : Executing prepared statement [SELECT * FROM customers WHERE id=? LIMIT 1]
📊 CACHE PERFORMANCE RESULTS:
🔍 Cache Miss Time: 17 ms
⚡ Cache Hit Time: 1 ms
📈 Average Cache Hit Time (5 requests): 0,00 ms
🚀 Cache Performance Improvement: 94,1%
✅ Cache Performance Validation PASSED!
]]></system-out>
    <system-err><![CDATA[Mockito is currently self-attaching to enable the inline-mock-maker. This will no longer work in future releases of the JDK. Please add Mockito as an agent to your build as described in Mockito's documentation: https://javadoc.io/doc/org.mockito/mockito-core/latest/org.mockito/org/mockito/Mockito.html#0.3
WARNING: A Java agent has been loaded dynamically (/Users/leandro.yamaniha/.m2/repository/net/bytebuddy/byte-buddy-agent/1.17.6/byte-buddy-agent-1.17.6.jar)
WARNING: If a serviceability tool is in use, please run with -XX:+EnableDynamicAgentLoading to hide this warning
WARNING: If a serviceability tool is not in use, please run with -Djdk.instrument.traceUsage for more information
WARNING: Dynamic loading of agents will be disallowed by default in a future release
]]></system-err>
  </testcase>
  <testcase name="testPhase2OverallPerformanceComparison" classname="com.beautysalon.performance.Phase2ValidationTest" time="0.209">
    <system-out><![CDATA[
=== Phase 2: Overall Performance Comparison ===
2025-08-09T23:17:09.732-03:00 DEBUG 99081 --- [beauty-salon-backend] [           main] [                                                 ] o.s.d.c.c.c.MappingCassandraConverter    : doWithProperties Property.type java.util.UUID, Property.value cd51a743-12dc-413d-b255-e7b8b8976645
2025-08-09T23:17:09.733-03:00 DEBUG 99081 --- [beauty-salon-backend] [           main] [                                                 ] o.s.d.c.c.c.MappingCassandraConverter    : Adding map.entry [id] - [cd51a743-12dc-413d-b255-e7b8b8976645]
2025-08-09T23:17:09.733-03:00 DEBUG 99081 --- [beauty-salon-backend] [           main] [                                                 ] o.s.d.c.c.c.MappingCassandraConverter    : doWithProperties Property.type java.lang.String, Property.value Comparison Test 75338651
2025-08-09T23:17:09.733-03:00 DEBUG 99081 --- [beauty-salon-backend] [           main] [                                                 ] o.s.d.c.c.c.MappingCassandraConverter    : Adding map.entry [name] - [Comparison Test 75338651]
2025-08-09T23:17:09.733-03:00 DEBUG 99081 --- [beauty-salon-backend] [           main] [                                                 ] o.s.d.c.c.c.MappingCassandraConverter    : doWithProperties Property.type java.lang.String, Property.value comparison75338651@phase2.com
2025-08-09T23:17:09.733-03:00 DEBUG 99081 --- [beauty-salon-backend] [           main] [                                                 ] o.s.d.c.c.c.MappingCassandraConverter    : Adding map.entry [email] - [comparison75338651@phase2.com]
2025-08-09T23:17:09.733-03:00 DEBUG 99081 --- [beauty-salon-backend] [           main] [                                                 ] o.s.d.c.c.c.MappingCassandraConverter    : doWithProperties Property.type java.lang.String, Property.value 5550000000
2025-08-09T23:17:09.733-03:00 DEBUG 99081 --- [beauty-salon-backend] [           main] [                                                 ] o.s.d.c.c.c.MappingCassandraConverter    : Adding map.entry [phone] - [5550000000]
2025-08-09T23:17:09.733-03:00 DEBUG 99081 --- [beauty-salon-backend] [           main] [                                                 ] o.s.d.c.c.c.MappingCassandraConverter    : doWithProperties Property.type java.lang.String, Property.value Comparison Address 75338651
2025-08-09T23:17:09.733-03:00 DEBUG 99081 --- [beauty-salon-backend] [           main] [                                                 ] o.s.d.c.c.c.MappingCassandraConverter    : Adding map.entry [address] - [Comparison Address 75338651]
2025-08-09T23:17:09.733-03:00 DEBUG 99081 --- [beauty-salon-backend] [           main] [                                                 ] o.s.d.c.c.c.MappingCassandraConverter    : doWithProperties Property.type java.time.Instant, Property.value 2025-08-10T02:17:09.732619Z
2025-08-09T23:17:09.733-03:00 DEBUG 99081 --- [beauty-salon-backend] [           main] [                                                 ] o.s.d.c.c.c.MappingCassandraConverter    : Adding map.entry [created_at] - [2025-08-10T02:17:09.732619Z]
2025-08-09T23:17:09.734-03:00 DEBUG 99081 --- [beauty-salon-backend] [           main] [                                                 ] o.s.d.c.c.c.MappingCassandraConverter    : doWithProperties Property.type java.time.Instant, Property.value 2025-08-10T02:17:09.732620Z
2025-08-09T23:17:09.734-03:00 DEBUG 99081 --- [beauty-salon-backend] [           main] [                                                 ] o.s.d.c.c.c.MappingCassandraConverter    : Adding map.entry [updated_at] - [2025-08-10T02:17:09.732620Z]
2025-08-09T23:17:09.734-03:00 DEBUG 99081 --- [beauty-salon-backend] [           main] [                                                 ] o.s.data.cassandra.core.cql.CqlTemplate  : Preparing statement [INSERT INTO customers (id,name,email,phone,address,created_at,updated_at) VALUES (?,?,?,?,?,?,?)] using org.springframework.data.cassandra.core.CassandraTemplate$PreparedStatementHandler@1f0d5dec
2025-08-09T23:17:09.734-03:00 DEBUG 99081 --- [beauty-salon-backend] [           main] [                                                 ] o.s.data.cassandra.core.cql.CqlTemplate  : Executing prepared statement [INSERT INTO customers (id,name,email,phone,address,created_at,updated_at) VALUES (?,?,?,?,?,?,?)]
2025-08-09T23:17:09.743-03:00 DEBUG 99081 --- [beauty-salon-backend] [           main] [                                                 ] o.s.d.c.c.c.MappingCassandraConverter    : doWithProperties Property.type java.util.UUID, Property.value ad88e705-403f-4460-8d2b-3a54423b4dd5
2025-08-09T23:17:09.743-03:00 DEBUG 99081 --- [beauty-salon-backend] [           main] [                                                 ] o.s.d.c.c.c.MappingCassandraConverter    : Adding map.entry [id] - [ad88e705-403f-4460-8d2b-3a54423b4dd5]
2025-08-09T23:17:09.743-03:00 DEBUG 99081 --- [beauty-salon-backend] [           main] [                                                 ] o.s.d.c.c.c.MappingCassandraConverter    : doWithProperties Property.type java.lang.String, Property.value Comparison Test a3c63c51
2025-08-09T23:17:09.743-03:00 DEBUG 99081 --- [beauty-salon-backend] [           main] [                                                 ] o.s.d.c.c.c.MappingCassandraConverter    : Adding map.entry [name] - [Comparison Test a3c63c51]
2025-08-09T23:17:09.743-03:00 DEBUG 99081 --- [beauty-salon-backend] [           main] [                                                 ] o.s.d.c.c.c.MappingCassandraConverter    : doWithProperties Property.type java.lang.String, Property.value comparisona3c63c51@phase2.com
2025-08-09T23:17:09.743-03:00 DEBUG 99081 --- [beauty-salon-backend] [           main] [                                                 ] o.s.d.c.c.c.MappingCassandraConverter    : Adding map.entry [email] - [comparisona3c63c51@phase2.com]
2025-08-09T23:17:09.743-03:00 DEBUG 99081 --- [beauty-salon-backend] [           main] [                                                 ] o.s.d.c.c.c.MappingCassandraConverter    : doWithProperties Property.type java.lang.String, Property.value 5550000001
2025-08-09T23:17:09.743-03:00 DEBUG 99081 --- [beauty-salon-backend] [           main] [                                                 ] o.s.d.c.c.c.MappingCassandraConverter    : Adding map.entry [phone] - [5550000001]
2025-08-09T23:17:09.743-03:00 DEBUG 99081 --- [beauty-salon-backend] [           main] [                                                 ] o.s.d.c.c.c.MappingCassandraConverter    : doWithProperties Property.type java.lang.String, Property.value Comparison Address a3c63c51
2025-08-09T23:17:09.743-03:00 DEBUG 99081 --- [beauty-salon-backend] [           main] [                                                 ] o.s.d.c.c.c.MappingCassandraConverter    : Adding map.entry [address] - [Comparison Address a3c63c51]
2025-08-09T23:17:09.743-03:00 DEBUG 99081 --- [beauty-salon-backend] [           main] [                                                 ] o.s.d.c.c.c.MappingCassandraConverter    : doWithProperties Property.type java.time.Instant, Property.value 2025-08-10T02:17:09.742946Z
2025-08-09T23:17:09.743-03:00 DEBUG 99081 --- [beauty-salon-backend] [           main] [                                                 ] o.s.d.c.c.c.MappingCassandraConverter    : Adding map.entry [created_at] - [2025-08-10T02:17:09.742946Z]
2025-08-09T23:17:09.743-03:00 DEBUG 99081 --- [beauty-salon-backend] [           main] [                                                 ] o.s.d.c.c.c.MappingCassandraConverter    : doWithProperties Property.type java.time.Instant, Property.value 2025-08-10T02:17:09.742946Z
2025-08-09T23:17:09.743-03:00 DEBUG 99081 --- [beauty-salon-backend] [           main] [                                                 ] o.s.d.c.c.c.MappingCassandraConverter    : Adding map.entry [updated_at] - [2025-08-10T02:17:09.742946Z]
2025-08-09T23:17:09.743-03:00 DEBUG 99081 --- [beauty-salon-backend] [           main] [                                                 ] o.s.data.cassandra.core.cql.CqlTemplate  : Preparing statement [INSERT INTO customers (id,name,email,phone,address,created_at,updated_at) VALUES (?,?,?,?,?,?,?)] using org.springframework.data.cassandra.core.CassandraTemplate$PreparedStatementHandler@60714568
2025-08-09T23:17:09.744-03:00 DEBUG 99081 --- [beauty-salon-backend] [           main] [                                                 ] o.s.data.cassandra.core.cql.CqlTemplate  : Executing prepared statement [INSERT INTO customers (id,name,email,phone,address,created_at,updated_at) VALUES (?,?,?,?,?,?,?)]
2025-08-09T23:17:09.749-03:00 DEBUG 99081 --- [beauty-salon-backend] [           main] [                                                 ] o.s.d.c.c.c.MappingCassandraConverter    : doWithProperties Property.type java.util.UUID, Property.value 709ce60f-5fce-4488-a4eb-ac3b505c8658
2025-08-09T23:17:09.749-03:00 DEBUG 99081 --- [beauty-salon-backend] [           main] [                                                 ] o.s.d.c.c.c.MappingCassandraConverter    : Adding map.entry [id] - [709ce60f-5fce-4488-a4eb-ac3b505c8658]
2025-08-09T23:17:09.750-03:00 DEBUG 99081 --- [beauty-salon-backend] [           main] [                                                 ] o.s.d.c.c.c.MappingCassandraConverter    : doWithProperties Property.type java.lang.String, Property.value Comparison Test 4dd37bf9
2025-08-09T23:17:09.750-03:00 DEBUG 99081 --- [beauty-salon-backend] [           main] [                                                 ] o.s.d.c.c.c.MappingCassandraConverter    : Adding map.entry [name] - [Comparison Test 4dd37bf9]
2025-08-09T23:17:09.750-03:00 DEBUG 99081 --- [beauty-salon-backend] [           main] [                                                 ] o.s.d.c.c.c.MappingCassandraConverter    : doWithProperties Property.type java.lang.String, Property.value comparison4dd37bf9@phase2.com
2025-08-09T23:17:09.750-03:00 DEBUG 99081 --- [beauty-salon-backend] [           main] [                                                 ] o.s.d.c.c.c.MappingCassandraConverter    : Adding map.entry [email] - [comparison4dd37bf9@phase2.com]
2025-08-09T23:17:09.750-03:00 DEBUG 99081 --- [beauty-salon-backend] [           main] [                                                 ] o.s.d.c.c.c.MappingCassandraConverter    : doWithProperties Property.type java.lang.String, Property.value 5550000002
2025-08-09T23:17:09.750-03:00 DEBUG 99081 --- [beauty-salon-backend] [           main] [                                                 ] o.s.d.c.c.c.MappingCassandraConverter    : Adding map.entry [phone] - [5550000002]
2025-08-09T23:17:09.750-03:00 DEBUG 99081 --- [beauty-salon-backend] [           main] [                                                 ] o.s.d.c.c.c.MappingCassandraConverter    : doWithProperties Property.type java.lang.String, Property.value Comparison Address 4dd37bf9
2025-08-09T23:17:09.750-03:00 DEBUG 99081 --- [beauty-salon-backend] [           main] [                                                 ] o.s.d.c.c.c.MappingCassandraConverter    : Adding map.entry [address] - [Comparison Address 4dd37bf9]
2025-08-09T23:17:09.750-03:00 DEBUG 99081 --- [beauty-salon-backend] [           main] [                                                 ] o.s.d.c.c.c.MappingCassandraConverter    : doWithProperties Property.type java.time.Instant, Property.value 2025-08-10T02:17:09.749680Z
2025-08-09T23:17:09.750-03:00 DEBUG 99081 --- [beauty-salon-backend] [           main] [                                                 ] o.s.d.c.c.c.MappingCassandraConverter    : Adding map.entry [created_at] - [2025-08-10T02:17:09.749680Z]
2025-08-09T23:17:09.750-03:00 DEBUG 99081 --- [beauty-salon-backend] [           main] [                                                 ] o.s.d.c.c.c.MappingCassandraConverter    : doWithProperties Property.type java.time.Instant, Property.value 2025-08-10T02:17:09.749680Z
2025-08-09T23:17:09.750-03:00 DEBUG 99081 --- [beauty-salon-backend] [           main] [                                                 ] o.s.d.c.c.c.MappingCassandraConverter    : Adding map.entry [updated_at] - [2025-08-10T02:17:09.749680Z]
2025-08-09T23:17:09.750-03:00 DEBUG 99081 --- [beauty-salon-backend] [           main] [                                                 ] o.s.data.cassandra.core.cql.CqlTemplate  : Preparing statement [INSERT INTO customers (id,name,email,phone,address,created_at,updated_at) VALUES (?,?,?,?,?,?,?)] using org.springframework.data.cassandra.core.CassandraTemplate$PreparedStatementHandler@73de16d1
2025-08-09T23:17:09.750-03:00 DEBUG 99081 --- [beauty-salon-backend] [           main] [                                                 ] o.s.data.cassandra.core.cql.CqlTemplate  : Executing prepared statement [INSERT INTO customers (id,name,email,phone,address,created_at,updated_at) VALUES (?,?,?,?,?,?,?)]
2025-08-09T23:17:09.757-03:00 DEBUG 99081 --- [beauty-salon-backend] [           main] [                                                 ] o.s.d.c.c.c.MappingCassandraConverter    : doWithProperties Property.type java.util.UUID, Property.value d4ca231c-b092-4677-82a5-e53752b0538b
2025-08-09T23:17:09.757-03:00 DEBUG 99081 --- [beauty-salon-backend] [           main] [                                                 ] o.s.d.c.c.c.MappingCassandraConverter    : Adding map.entry [id] - [d4ca231c-b092-4677-82a5-e53752b0538b]
2025-08-09T23:17:09.757-03:00 DEBUG 99081 --- [beauty-salon-backend] [           main] [                                                 ] o.s.d.c.c.c.MappingCassandraConverter    : doWithProperties Property.type java.lang.String, Property.value Comparison Test 979f7d58
2025-08-09T23:17:09.757-03:00 DEBUG 99081 --- [beauty-salon-backend] [           main] [                                                 ] o.s.d.c.c.c.MappingCassandraConverter    : Adding map.entry [name] - [Comparison Test 979f7d58]
2025-08-09T23:17:09.757-03:00 DEBUG 99081 --- [beauty-salon-backend] [           main] [                                                 ] o.s.d.c.c.c.MappingCassandraConverter    : doWithProperties Property.type java.lang.String, Property.value comparison979f7d58@phase2.com
2025-08-09T23:17:09.757-03:00 DEBUG 99081 --- [beauty-salon-backend] [           main] [                                                 ] o.s.d.c.c.c.MappingCassandraConverter    : Adding map.entry [email] - [comparison979f7d58@phase2.com]
2025-08-09T23:17:09.757-03:00 DEBUG 99081 --- [beauty-salon-backend] [           main] [                                                 ] o.s.d.c.c.c.MappingCassandraConverter    : doWithProperties Property.type java.lang.String, Property.value 5550000003
2025-08-09T23:17:09.757-03:00 DEBUG 99081 --- [beauty-salon-backend] [           main] [                                                 ] o.s.d.c.c.c.MappingCassandraConverter    : Adding map.entry [phone] - [5550000003]
2025-08-09T23:17:09.757-03:00 DEBUG 99081 --- [beauty-salon-backend] [           main] [                                                 ] o.s.d.c.c.c.MappingCassandraConverter    : doWithProperties Property.type java.lang.String, Property.value Comparison Address 979f7d58
2025-08-09T23:17:09.757-03:00 DEBUG 99081 --- [beauty-salon-backend] [           main] [                                                 ] o.s.d.c.c.c.MappingCassandraConverter    : Adding map.entry [address] - [Comparison Address 979f7d58]
2025-08-09T23:17:09.757-03:00 DEBUG 99081 --- [beauty-salon-backend] [           main] [                                                 ] o.s.d.c.c.c.MappingCassandraConverter    : doWithProperties Property.type java.time.Instant, Property.value 2025-08-10T02:17:09.757153Z
2025-08-09T23:17:09.757-03:00 DEBUG 99081 --- [beauty-salon-backend] [           main] [                                                 ] o.s.d.c.c.c.MappingCassandraConverter    : Adding map.entry [created_at] - [2025-08-10T02:17:09.757153Z]
2025-08-09T23:17:09.757-03:00 DEBUG 99081 --- [beauty-salon-backend] [           main] [                                                 ] o.s.d.c.c.c.MappingCassandraConverter    : doWithProperties Property.type java.time.Instant, Property.value 2025-08-10T02:17:09.757153Z
2025-08-09T23:17:09.757-03:00 DEBUG 99081 --- [beauty-salon-backend] [           main] [                                                 ] o.s.d.c.c.c.MappingCassandraConverter    : Adding map.entry [updated_at] - [2025-08-10T02:17:09.757153Z]
2025-08-09T23:17:09.758-03:00 DEBUG 99081 --- [beauty-salon-backend] [           main] [                                                 ] o.s.data.cassandra.core.cql.CqlTemplate  : Preparing statement [INSERT INTO customers (id,name,email,phone,address,created_at,updated_at) VALUES (?,?,?,?,?,?,?)] using org.springframework.data.cassandra.core.CassandraTemplate$PreparedStatementHandler@2ae99657
2025-08-09T23:17:09.758-03:00 DEBUG 99081 --- [beauty-salon-backend] [           main] [                                                 ] o.s.data.cassandra.core.cql.CqlTemplate  : Executing prepared statement [INSERT INTO customers (id,name,email,phone,address,created_at,updated_at) VALUES (?,?,?,?,?,?,?)]
2025-08-09T23:17:09.763-03:00 DEBUG 99081 --- [beauty-salon-backend] [           main] [                                                 ] o.s.d.c.c.c.MappingCassandraConverter    : doWithProperties Property.type java.util.UUID, Property.value 7a091764-a945-4177-b4e5-28e499678ed6
2025-08-09T23:17:09.763-03:00 DEBUG 99081 --- [beauty-salon-backend] [           main] [                                                 ] o.s.d.c.c.c.MappingCassandraConverter    : Adding map.entry [id] - [7a091764-a945-4177-b4e5-28e499678ed6]
2025-08-09T23:17:09.764-03:00 DEBUG 99081 --- [beauty-salon-backend] [           main] [                                                 ] o.s.d.c.c.c.MappingCassandraConverter    : doWithProperties Property.type java.lang.String, Property.value Comparison Test 6e647758
2025-08-09T23:17:09.764-03:00 DEBUG 99081 --- [beauty-salon-backend] [           main] [                                                 ] o.s.d.c.c.c.MappingCassandraConverter    : Adding map.entry [name] - [Comparison Test 6e647758]
2025-08-09T23:17:09.764-03:00 DEBUG 99081 --- [beauty-salon-backend] [           main] [                                                 ] o.s.d.c.c.c.MappingCassandraConverter    : doWithProperties Property.type java.lang.String, Property.value comparison6e647758@phase2.com
2025-08-09T23:17:09.764-03:00 DEBUG 99081 --- [beauty-salon-backend] [           main] [                                                 ] o.s.d.c.c.c.MappingCassandraConverter    : Adding map.entry [email] - [comparison6e647758@phase2.com]
2025-08-09T23:17:09.764-03:00 DEBUG 99081 --- [beauty-salon-backend] [           main] [                                                 ] o.s.d.c.c.c.MappingCassandraConverter    : doWithProperties Property.type java.lang.String, Property.value 5550000004
2025-08-09T23:17:09.764-03:00 DEBUG 99081 --- [beauty-salon-backend] [           main] [                                                 ] o.s.d.c.c.c.MappingCassandraConverter    : Adding map.entry [phone] - [5550000004]
2025-08-09T23:17:09.764-03:00 DEBUG 99081 --- [beauty-salon-backend] [           main] [                                                 ] o.s.d.c.c.c.MappingCassandraConverter    : doWithProperties Property.type java.lang.String, Property.value Comparison Address 6e647758
2025-08-09T23:17:09.764-03:00 DEBUG 99081 --- [beauty-salon-backend] [           main] [                                                 ] o.s.d.c.c.c.MappingCassandraConverter    : Adding map.entry [address] - [Comparison Address 6e647758]
2025-08-09T23:17:09.764-03:00 DEBUG 99081 --- [beauty-salon-backend] [           main] [                                                 ] o.s.d.c.c.c.MappingCassandraConverter    : doWithProperties Property.type java.time.Instant, Property.value 2025-08-10T02:17:09.763750Z
2025-08-09T23:17:09.764-03:00 DEBUG 99081 --- [beauty-salon-backend] [           main] [                                                 ] o.s.d.c.c.c.MappingCassandraConverter    : Adding map.entry [created_at] - [2025-08-10T02:17:09.763750Z]
2025-08-09T23:17:09.764-03:00 DEBUG 99081 --- [beauty-salon-backend] [           main] [                                                 ] o.s.d.c.c.c.MappingCassandraConverter    : doWithProperties Property.type java.time.Instant, Property.value 2025-08-10T02:17:09.763750Z
2025-08-09T23:17:09.764-03:00 DEBUG 99081 --- [beauty-salon-backend] [           main] [                                                 ] o.s.d.c.c.c.MappingCassandraConverter    : Adding map.entry [updated_at] - [2025-08-10T02:17:09.763750Z]
2025-08-09T23:17:09.764-03:00 DEBUG 99081 --- [beauty-salon-backend] [           main] [                                                 ] o.s.data.cassandra.core.cql.CqlTemplate  : Preparing statement [INSERT INTO customers (id,name,email,phone,address,created_at,updated_at) VALUES (?,?,?,?,?,?,?)] using org.springframework.data.cassandra.core.CassandraTemplate$PreparedStatementHandler@61cd6f49
2025-08-09T23:17:09.764-03:00 DEBUG 99081 --- [beauty-salon-backend] [           main] [                                                 ] o.s.data.cassandra.core.cql.CqlTemplate  : Executing prepared statement [INSERT INTO customers (id,name,email,phone,address,created_at,updated_at) VALUES (?,?,?,?,?,?,?)]
2025-08-09T23:17:09.769-03:00 DEBUG 99081 --- [beauty-salon-backend] [           main] [                                                 ] o.s.data.cassandra.core.cql.CqlTemplate  : Preparing statement [SELECT * FROM customers WHERE id=? LIMIT 1] using org.springframework.data.cassandra.core.CassandraTemplate$PreparedStatementHandler@9ae1213
2025-08-09T23:17:09.769-03:00 DEBUG 99081 --- [beauty-salon-backend] [           main] [                                                 ] o.s.data.cassandra.core.cql.CqlTemplate  : Executing prepared statement [SELECT * FROM customers WHERE id=? LIMIT 1]
2025-08-09T23:17:09.776-03:00 DEBUG 99081 --- [beauty-salon-backend] [           main] [                                                 ] o.s.data.cassandra.core.cql.CqlTemplate  : Preparing statement [SELECT * FROM customers] using org.springframework.data.cassandra.core.CassandraTemplate$PreparedStatementHandler@33521792
2025-08-09T23:17:09.779-03:00 DEBUG 99081 --- [beauty-salon-backend] [           main] [                                                 ] o.s.data.cassandra.core.cql.CqlTemplate  : Executing prepared statement [SELECT * FROM customers]
2025-08-09T23:17:09.788-03:00 DEBUG 99081 --- [beauty-salon-backend] [           main] [                                                 ] o.s.d.c.c.c.MappingCassandraConverter    : doWithProperties Property.type java.util.UUID, Property.value 6c733e04-df44-4b9a-9a2d-4e711ee347f4
2025-08-09T23:17:09.788-03:00 DEBUG 99081 --- [beauty-salon-backend] [           main] [                                                 ] o.s.d.c.c.c.MappingCassandraConverter    : Adding map.entry [id] - [6c733e04-df44-4b9a-9a2d-4e711ee347f4]
2025-08-09T23:17:09.788-03:00 DEBUG 99081 --- [beauty-salon-backend] [           main] [                                                 ] o.s.d.c.c.c.MappingCassandraConverter    : doWithProperties Property.type java.lang.String, Property.value Mixed Test 21756059
2025-08-09T23:17:09.788-03:00 DEBUG 99081 --- [beauty-salon-backend] [           main] [                                                 ] o.s.d.c.c.c.MappingCassandraConverter    : Adding map.entry [name] - [Mixed Test 21756059]
2025-08-09T23:17:09.788-03:00 DEBUG 99081 --- [beauty-salon-backend] [           main] [                                                 ] o.s.d.c.c.c.MappingCassandraConverter    : doWithProperties Property.type java.lang.String, Property.value mixed21756059@phase2.com
2025-08-09T23:17:09.788-03:00 DEBUG 99081 --- [beauty-salon-backend] [           main] [                                                 ] o.s.d.c.c.c.MappingCassandraConverter    : Adding map.entry [email] - [mixed21756059@phase2.com]
2025-08-09T23:17:09.788-03:00 DEBUG 99081 --- [beauty-salon-backend] [           main] [                                                 ] o.s.d.c.c.c.MappingCassandraConverter    : doWithProperties Property.type java.lang.String, Property.value 5550000002
2025-08-09T23:17:09.788-03:00 DEBUG 99081 --- [beauty-salon-backend] [           main] [                                                 ] o.s.d.c.c.c.MappingCassandraConverter    : Adding map.entry [phone] - [5550000002]
2025-08-09T23:17:09.788-03:00 DEBUG 99081 --- [beauty-salon-backend] [           main] [                                                 ] o.s.d.c.c.c.MappingCassandraConverter    : doWithProperties Property.type java.lang.String, Property.value Mixed Address 21756059
2025-08-09T23:17:09.788-03:00 DEBUG 99081 --- [beauty-salon-backend] [           main] [                                                 ] o.s.d.c.c.c.MappingCassandraConverter    : Adding map.entry [address] - [Mixed Address 21756059]
2025-08-09T23:17:09.788-03:00 DEBUG 99081 --- [beauty-salon-backend] [           main] [                                                 ] o.s.d.c.c.c.MappingCassandraConverter    : doWithProperties Property.type java.time.Instant, Property.value 2025-08-10T02:17:09.788289Z
2025-08-09T23:17:09.788-03:00 DEBUG 99081 --- [beauty-salon-backend] [           main] [                                                 ] o.s.d.c.c.c.MappingCassandraConverter    : Adding map.entry [created_at] - [2025-08-10T02:17:09.788289Z]
2025-08-09T23:17:09.789-03:00 DEBUG 99081 --- [beauty-salon-backend] [           main] [                                                 ] o.s.d.c.c.c.MappingCassandraConverter    : doWithProperties Property.type java.time.Instant, Property.value 2025-08-10T02:17:09.788289Z
2025-08-09T23:17:09.789-03:00 DEBUG 99081 --- [beauty-salon-backend] [           main] [                                                 ] o.s.d.c.c.c.MappingCassandraConverter    : Adding map.entry [updated_at] - [2025-08-10T02:17:09.788289Z]
2025-08-09T23:17:09.789-03:00 DEBUG 99081 --- [beauty-salon-backend] [           main] [                                                 ] o.s.data.cassandra.core.cql.CqlTemplate  : Preparing statement [INSERT INTO customers (id,name,email,phone,address,created_at,updated_at) VALUES (?,?,?,?,?,?,?)] using org.springframework.data.cassandra.core.CassandraTemplate$PreparedStatementHandler@10c10655
2025-08-09T23:17:09.789-03:00 DEBUG 99081 --- [beauty-salon-backend] [           main] [                                                 ] o.s.data.cassandra.core.cql.CqlTemplate  : Executing prepared statement [INSERT INTO customers (id,name,email,phone,address,created_at,updated_at) VALUES (?,?,?,?,?,?,?)]
2025-08-09T23:17:09.799-03:00 DEBUG 99081 --- [beauty-salon-backend] [           main] [                                                 ] o.s.data.cassandra.core.cql.CqlTemplate  : Preparing statement [SELECT * FROM customers WHERE id=? LIMIT 1] using org.springframework.data.cassandra.core.CassandraTemplate$PreparedStatementHandler@75472842
2025-08-09T23:17:09.799-03:00 DEBUG 99081 --- [beauty-salon-backend] [           main] [                                                 ] o.s.data.cassandra.core.cql.CqlTemplate  : Executing prepared statement [SELECT * FROM customers WHERE id=? LIMIT 1]
2025-08-09T23:17:09.807-03:00 DEBUG 99081 --- [beauty-salon-backend] [           main] [                                                 ] o.s.data.cassandra.core.cql.CqlTemplate  : Preparing statement [SELECT * FROM customers] using org.springframework.data.cassandra.core.CassandraTemplate$PreparedStatementHandler@18019109
2025-08-09T23:17:09.807-03:00 DEBUG 99081 --- [beauty-salon-backend] [           main] [                                                 ] o.s.data.cassandra.core.cql.CqlTemplate  : Executing prepared statement [SELECT * FROM customers]
2025-08-09T23:17:09.813-03:00 DEBUG 99081 --- [beauty-salon-backend] [           main] [                                                 ] o.s.d.c.c.c.MappingCassandraConverter    : doWithProperties Property.type java.util.UUID, Property.value c1b16524-6459-4174-a628-b495b805d274
2025-08-09T23:17:09.813-03:00 DEBUG 99081 --- [beauty-salon-backend] [           main] [                                                 ] o.s.d.c.c.c.MappingCassandraConverter    : Adding map.entry [id] - [c1b16524-6459-4174-a628-b495b805d274]
2025-08-09T23:17:09.813-03:00 DEBUG 99081 --- [beauty-salon-backend] [           main] [                                                 ] o.s.d.c.c.c.MappingCassandraConverter    : doWithProperties Property.type java.lang.String, Property.value Mixed Test fde9abb9
2025-08-09T23:17:09.813-03:00 DEBUG 99081 --- [beauty-salon-backend] [           main] [                                                 ] o.s.d.c.c.c.MappingCassandraConverter    : Adding map.entry [name] - [Mixed Test fde9abb9]
2025-08-09T23:17:09.813-03:00 DEBUG 99081 --- [beauty-salon-backend] [           main] [                                                 ] o.s.d.c.c.c.MappingCassandraConverter    : doWithProperties Property.type java.lang.String, Property.value mixedfde9abb9@phase2.com
2025-08-09T23:17:09.813-03:00 DEBUG 99081 --- [beauty-salon-backend] [           main] [                                                 ] o.s.d.c.c.c.MappingCassandraConverter    : Adding map.entry [email] - [mixedfde9abb9@phase2.com]
2025-08-09T23:17:09.814-03:00 DEBUG 99081 --- [beauty-salon-backend] [           main] [                                                 ] o.s.d.c.c.c.MappingCassandraConverter    : doWithProperties Property.type java.lang.String, Property.value 5550000005
2025-08-09T23:17:09.814-03:00 DEBUG 99081 --- [beauty-salon-backend] [           main] [                                                 ] o.s.d.c.c.c.MappingCassandraConverter    : Adding map.entry [phone] - [5550000005]
2025-08-09T23:17:09.814-03:00 DEBUG 99081 --- [beauty-salon-backend] [           main] [                                                 ] o.s.d.c.c.c.MappingCassandraConverter    : doWithProperties Property.type java.lang.String, Property.value Mixed Address fde9abb9
2025-08-09T23:17:09.814-03:00 DEBUG 99081 --- [beauty-salon-backend] [           main] [                                                 ] o.s.d.c.c.c.MappingCassandraConverter    : Adding map.entry [address] - [Mixed Address fde9abb9]
2025-08-09T23:17:09.814-03:00 DEBUG 99081 --- [beauty-salon-backend] [           main] [                                                 ] o.s.d.c.c.c.MappingCassandraConverter    : doWithProperties Property.type java.time.Instant, Property.value 2025-08-10T02:17:09.813602Z
2025-08-09T23:17:09.814-03:00 DEBUG 99081 --- [beauty-salon-backend] [           main] [                                                 ] o.s.d.c.c.c.MappingCassandraConverter    : Adding map.entry [created_at] - [2025-08-10T02:17:09.813602Z]
2025-08-09T23:17:09.814-03:00 DEBUG 99081 --- [beauty-salon-backend] [           main] [                                                 ] o.s.d.c.c.c.MappingCassandraConverter    : doWithProperties Property.type java.time.Instant, Property.value 2025-08-10T02:17:09.813602Z
2025-08-09T23:17:09.814-03:00 DEBUG 99081 --- [beauty-salon-backend] [           main] [                                                 ] o.s.d.c.c.c.MappingCassandraConverter    : Adding map.entry [updated_at] - [2025-08-10T02:17:09.813602Z]
2025-08-09T23:17:09.814-03:00 DEBUG 99081 --- [beauty-salon-backend] [           main] [                                                 ] o.s.data.cassandra.core.cql.CqlTemplate  : Preparing statement [INSERT INTO customers (id,name,email,phone,address,created_at,updated_at) VALUES (?,?,?,?,?,?,?)] using org.springframework.data.cassandra.core.CassandraTemplate$PreparedStatementHandler@2c1034c9
2025-08-09T23:17:09.814-03:00 DEBUG 99081 --- [beauty-salon-backend] [           main] [                                                 ] o.s.data.cassandra.core.cql.CqlTemplate  : Executing prepared statement [INSERT INTO customers (id,name,email,phone,address,created_at,updated_at) VALUES (?,?,?,?,?,?,?)]
2025-08-09T23:17:09.818-03:00 DEBUG 99081 --- [beauty-salon-backend] [           main] [                                                 ] o.s.data.cassandra.core.cql.CqlTemplate  : Preparing statement [SELECT * FROM customers WHERE id=? LIMIT 1] using org.springframework.data.cassandra.core.CassandraTemplate$PreparedStatementHandler@1f631eda
2025-08-09T23:17:09.818-03:00 DEBUG 99081 --- [beauty-salon-backend] [           main] [                                                 ] o.s.data.cassandra.core.cql.CqlTemplate  : Executing prepared statement [SELECT * FROM customers WHERE id=? LIMIT 1]
2025-08-09T23:17:09.822-03:00 DEBUG 99081 --- [beauty-salon-backend] [           main] [                                                 ] o.s.data.cassandra.core.cql.CqlTemplate  : Preparing statement [SELECT * FROM customers] using org.springframework.data.cassandra.core.CassandraTemplate$PreparedStatementHandler@1007d7b1
2025-08-09T23:17:09.822-03:00 DEBUG 99081 --- [beauty-salon-backend] [           main] [                                                 ] o.s.data.cassandra.core.cql.CqlTemplate  : Executing prepared statement [SELECT * FROM customers]
2025-08-09T23:17:09.827-03:00 DEBUG 99081 --- [beauty-salon-backend] [           main] [                                                 ] o.s.d.c.c.c.MappingCassandraConverter    : doWithProperties Property.type java.util.UUID, Property.value 7ddb5302-b7b4-40d6-b0c4-27a6fe6a458d
2025-08-09T23:17:09.827-03:00 DEBUG 99081 --- [beauty-salon-backend] [           main] [                                                 ] o.s.d.c.c.c.MappingCassandraConverter    : Adding map.entry [id] - [7ddb5302-b7b4-40d6-b0c4-27a6fe6a458d]
2025-08-09T23:17:09.827-03:00 DEBUG 99081 --- [beauty-salon-backend] [           main] [                                                 ] o.s.d.c.c.c.MappingCassandraConverter    : doWithProperties Property.type java.lang.String, Property.value Mixed Test 7c36fa16
2025-08-09T23:17:09.827-03:00 DEBUG 99081 --- [beauty-salon-backend] [           main] [                                                 ] o.s.d.c.c.c.MappingCassandraConverter    : Adding map.entry [name] - [Mixed Test 7c36fa16]
2025-08-09T23:17:09.827-03:00 DEBUG 99081 --- [beauty-salon-backend] [           main] [                                                 ] o.s.d.c.c.c.MappingCassandraConverter    : doWithProperties Property.type java.lang.String, Property.value mixed7c36fa16@phase2.com
2025-08-09T23:17:09.827-03:00 DEBUG 99081 --- [beauty-salon-backend] [           main] [                                                 ] o.s.d.c.c.c.MappingCassandraConverter    : Adding map.entry [email] - [mixed7c36fa16@phase2.com]
2025-08-09T23:17:09.827-03:00 DEBUG 99081 --- [beauty-salon-backend] [           main] [                                                 ] o.s.d.c.c.c.MappingCassandraConverter    : doWithProperties Property.type java.lang.String, Property.value 5550000008
2025-08-09T23:17:09.827-03:00 DEBUG 99081 --- [beauty-salon-backend] [           main] [                                                 ] o.s.d.c.c.c.MappingCassandraConverter    : Adding map.entry [phone] - [5550000008]
2025-08-09T23:17:09.827-03:00 DEBUG 99081 --- [beauty-salon-backend] [           main] [                                                 ] o.s.d.c.c.c.MappingCassandraConverter    : doWithProperties Property.type java.lang.String, Property.value Mixed Address 7c36fa16
2025-08-09T23:17:09.827-03:00 DEBUG 99081 --- [beauty-salon-backend] [           main] [                                                 ] o.s.d.c.c.c.MappingCassandraConverter    : Adding map.entry [address] - [Mixed Address 7c36fa16]
2025-08-09T23:17:09.827-03:00 DEBUG 99081 --- [beauty-salon-backend] [           main] [                                                 ] o.s.d.c.c.c.MappingCassandraConverter    : doWithProperties Property.type java.time.Instant, Property.value 2025-08-10T02:17:09.827409Z
2025-08-09T23:17:09.827-03:00 DEBUG 99081 --- [beauty-salon-backend] [           main] [                                                 ] o.s.d.c.c.c.MappingCassandraConverter    : Adding map.entry [created_at] - [2025-08-10T02:17:09.827409Z]
2025-08-09T23:17:09.827-03:00 DEBUG 99081 --- [beauty-salon-backend] [           main] [                                                 ] o.s.d.c.c.c.MappingCassandraConverter    : doWithProperties Property.type java.time.Instant, Property.value 2025-08-10T02:17:09.827409Z
2025-08-09T23:17:09.827-03:00 DEBUG 99081 --- [beauty-salon-backend] [           main] [                                                 ] o.s.d.c.c.c.MappingCassandraConverter    : Adding map.entry [updated_at] - [2025-08-10T02:17:09.827409Z]
2025-08-09T23:17:09.828-03:00 DEBUG 99081 --- [beauty-salon-backend] [           main] [                                                 ] o.s.data.cassandra.core.cql.CqlTemplate  : Preparing statement [INSERT INTO customers (id,name,email,phone,address,created_at,updated_at) VALUES (?,?,?,?,?,?,?)] using org.springframework.data.cassandra.core.CassandraTemplate$PreparedStatementHandler@44473eed
2025-08-09T23:17:09.828-03:00 DEBUG 99081 --- [beauty-salon-backend] [           main] [                                                 ] o.s.data.cassandra.core.cql.CqlTemplate  : Executing prepared statement [INSERT INTO customers (id,name,email,phone,address,created_at,updated_at) VALUES (?,?,?,?,?,?,?)]
2025-08-09T23:17:09.832-03:00 DEBUG 99081 --- [beauty-salon-backend] [           main] [                                                 ] o.s.data.cassandra.core.cql.CqlTemplate  : Preparing statement [SELECT * FROM customers WHERE id=? LIMIT 1] using org.springframework.data.cassandra.core.CassandraTemplate$PreparedStatementHandler@37c7abb4
2025-08-09T23:17:09.832-03:00 DEBUG 99081 --- [beauty-salon-backend] [           main] [                                                 ] o.s.data.cassandra.core.cql.CqlTemplate  : Executing prepared statement [SELECT * FROM customers WHERE id=? LIMIT 1]
2025-08-09T23:17:09.836-03:00 DEBUG 99081 --- [beauty-salon-backend] [           main] [                                                 ] o.s.data.cassandra.core.cql.CqlTemplate  : Preparing statement [SELECT * FROM customers] using org.springframework.data.cassandra.core.CassandraTemplate$PreparedStatementHandler@225b9cf3
2025-08-09T23:17:09.836-03:00 DEBUG 99081 --- [beauty-salon-backend] [           main] [                                                 ] o.s.data.cassandra.core.cql.CqlTemplate  : Executing prepared statement [SELECT * FROM customers]
2025-08-09T23:17:09.843-03:00 DEBUG 99081 --- [beauty-salon-backend] [           main] [                                                 ] o.s.d.c.c.c.MappingCassandraConverter    : doWithProperties Property.type java.util.UUID, Property.value 7e497324-33f2-49c9-9897-203e9a43dd75
2025-08-09T23:17:09.843-03:00 DEBUG 99081 --- [beauty-salon-backend] [           main] [                                                 ] o.s.d.c.c.c.MappingCassandraConverter    : Adding map.entry [id] - [7e497324-33f2-49c9-9897-203e9a43dd75]
2025-08-09T23:17:09.843-03:00 DEBUG 99081 --- [beauty-salon-backend] [           main] [                                                 ] o.s.d.c.c.c.MappingCassandraConverter    : doWithProperties Property.type java.lang.String, Property.value Mixed Test b939be37
2025-08-09T23:17:09.843-03:00 DEBUG 99081 --- [beauty-salon-backend] [           main] [                                                 ] o.s.d.c.c.c.MappingCassandraConverter    : Adding map.entry [name] - [Mixed Test b939be37]
2025-08-09T23:17:09.843-03:00 DEBUG 99081 --- [beauty-salon-backend] [           main] [                                                 ] o.s.d.c.c.c.MappingCassandraConverter    : doWithProperties Property.type java.lang.String, Property.value mixedb939be37@phase2.com
2025-08-09T23:17:09.843-03:00 DEBUG 99081 --- [beauty-salon-backend] [           main] [                                                 ] o.s.d.c.c.c.MappingCassandraConverter    : Adding map.entry [email] - [mixedb939be37@phase2.com]
2025-08-09T23:17:09.843-03:00 DEBUG 99081 --- [beauty-salon-backend] [           main] [                                                 ] o.s.d.c.c.c.MappingCassandraConverter    : doWithProperties Property.type java.lang.String, Property.value 5550000011
2025-08-09T23:17:09.843-03:00 DEBUG 99081 --- [beauty-salon-backend] [           main] [                                                 ] o.s.d.c.c.c.MappingCassandraConverter    : Adding map.entry [phone] - [5550000011]
2025-08-09T23:17:09.844-03:00 DEBUG 99081 --- [beauty-salon-backend] [           main] [                                                 ] o.s.d.c.c.c.MappingCassandraConverter    : doWithProperties Property.type java.lang.String, Property.value Mixed Address b939be37
2025-08-09T23:17:09.844-03:00 DEBUG 99081 --- [beauty-salon-backend] [           main] [                                                 ] o.s.d.c.c.c.MappingCassandraConverter    : Adding map.entry [address] - [Mixed Address b939be37]
2025-08-09T23:17:09.844-03:00 DEBUG 99081 --- [beauty-salon-backend] [           main] [                                                 ] o.s.d.c.c.c.MappingCassandraConverter    : doWithProperties Property.type java.time.Instant, Property.value 2025-08-10T02:17:09.843470Z
2025-08-09T23:17:09.844-03:00 DEBUG 99081 --- [beauty-salon-backend] [           main] [                                                 ] o.s.d.c.c.c.MappingCassandraConverter    : Adding map.entry [created_at] - [2025-08-10T02:17:09.843470Z]
2025-08-09T23:17:09.844-03:00 DEBUG 99081 --- [beauty-salon-backend] [           main] [                                                 ] o.s.d.c.c.c.MappingCassandraConverter    : doWithProperties Property.type java.time.Instant, Property.value 2025-08-10T02:17:09.843470Z
2025-08-09T23:17:09.844-03:00 DEBUG 99081 --- [beauty-salon-backend] [           main] [                                                 ] o.s.d.c.c.c.MappingCassandraConverter    : Adding map.entry [updated_at] - [2025-08-10T02:17:09.843470Z]
2025-08-09T23:17:09.844-03:00 DEBUG 99081 --- [beauty-salon-backend] [           main] [                                                 ] o.s.data.cassandra.core.cql.CqlTemplate  : Preparing statement [INSERT INTO customers (id,name,email,phone,address,created_at,updated_at) VALUES (?,?,?,?,?,?,?)] using org.springframework.data.cassandra.core.CassandraTemplate$PreparedStatementHandler@2b70e806
2025-08-09T23:17:09.844-03:00 DEBUG 99081 --- [beauty-salon-backend] [           main] [                                                 ] o.s.data.cassandra.core.cql.CqlTemplate  : Executing prepared statement [INSERT INTO customers (id,name,email,phone,address,created_at,updated_at) VALUES (?,?,?,?,?,?,?)]
2025-08-09T23:17:09.848-03:00 DEBUG 99081 --- [beauty-salon-backend] [           main] [                                                 ] o.s.data.cassandra.core.cql.CqlTemplate  : Preparing statement [SELECT * FROM customers WHERE id=? LIMIT 1] using org.springframework.data.cassandra.core.CassandraTemplate$PreparedStatementHandler@39c5f774
2025-08-09T23:17:09.848-03:00 DEBUG 99081 --- [beauty-salon-backend] [           main] [                                                 ] o.s.data.cassandra.core.cql.CqlTemplate  : Executing prepared statement [SELECT * FROM customers WHERE id=? LIMIT 1]
2025-08-09T23:17:09.853-03:00 DEBUG 99081 --- [beauty-salon-backend] [           main] [                                                 ] o.s.data.cassandra.core.cql.CqlTemplate  : Preparing statement [SELECT * FROM customers] using org.springframework.data.cassandra.core.CassandraTemplate$PreparedStatementHandler@37f7c2af
2025-08-09T23:17:09.853-03:00 DEBUG 99081 --- [beauty-salon-backend] [           main] [                                                 ] o.s.data.cassandra.core.cql.CqlTemplate  : Executing prepared statement [SELECT * FROM customers]
2025-08-09T23:17:09.861-03:00 DEBUG 99081 --- [beauty-salon-backend] [           main] [                                                 ] o.s.d.c.c.c.MappingCassandraConverter    : doWithProperties Property.type java.util.UUID, Property.value 4495ceed-d7f9-4b3e-806b-5e7af1909557
2025-08-09T23:17:09.861-03:00 DEBUG 99081 --- [beauty-salon-backend] [           main] [                                                 ] o.s.d.c.c.c.MappingCassandraConverter    : Adding map.entry [id] - [4495ceed-d7f9-4b3e-806b-5e7af1909557]
2025-08-09T23:17:09.861-03:00 DEBUG 99081 --- [beauty-salon-backend] [           main] [                                                 ] o.s.d.c.c.c.MappingCassandraConverter    : doWithProperties Property.type java.lang.String, Property.value Mixed Test 0ae79afd
2025-08-09T23:17:09.862-03:00 DEBUG 99081 --- [beauty-salon-backend] [           main] [                                                 ] o.s.d.c.c.c.MappingCassandraConverter    : Adding map.entry [name] - [Mixed Test 0ae79afd]
2025-08-09T23:17:09.862-03:00 DEBUG 99081 --- [beauty-salon-backend] [           main] [                                                 ] o.s.d.c.c.c.MappingCassandraConverter    : doWithProperties Property.type java.lang.String, Property.value mixed0ae79afd@phase2.com
2025-08-09T23:17:09.862-03:00 DEBUG 99081 --- [beauty-salon-backend] [           main] [                                                 ] o.s.d.c.c.c.MappingCassandraConverter    : Adding map.entry [email] - [mixed0ae79afd@phase2.com]
2025-08-09T23:17:09.862-03:00 DEBUG 99081 --- [beauty-salon-backend] [           main] [                                                 ] o.s.d.c.c.c.MappingCassandraConverter    : doWithProperties Property.type java.lang.String, Property.value 5550000014
2025-08-09T23:17:09.862-03:00 DEBUG 99081 --- [beauty-salon-backend] [           main] [                                                 ] o.s.d.c.c.c.MappingCassandraConverter    : Adding map.entry [phone] - [5550000014]
2025-08-09T23:17:09.862-03:00 DEBUG 99081 --- [beauty-salon-backend] [           main] [                                                 ] o.s.d.c.c.c.MappingCassandraConverter    : doWithProperties Property.type java.lang.String, Property.value Mixed Address 0ae79afd
2025-08-09T23:17:09.862-03:00 DEBUG 99081 --- [beauty-salon-backend] [           main] [                                                 ] o.s.d.c.c.c.MappingCassandraConverter    : Adding map.entry [address] - [Mixed Address 0ae79afd]
2025-08-09T23:17:09.862-03:00 DEBUG 99081 --- [beauty-salon-backend] [           main] [                                                 ] o.s.d.c.c.c.MappingCassandraConverter    : doWithProperties Property.type java.time.Instant, Property.value 2025-08-10T02:17:09.861708Z
2025-08-09T23:17:09.862-03:00 DEBUG 99081 --- [beauty-salon-backend] [           main] [                                                 ] o.s.d.c.c.c.MappingCassandraConverter    : Adding map.entry [created_at] - [2025-08-10T02:17:09.861708Z]
2025-08-09T23:17:09.862-03:00 DEBUG 99081 --- [beauty-salon-backend] [           main] [                                                 ] o.s.d.c.c.c.MappingCassandraConverter    : doWithProperties Property.type java.time.Instant, Property.value 2025-08-10T02:17:09.861709Z
2025-08-09T23:17:09.862-03:00 DEBUG 99081 --- [beauty-salon-backend] [           main] [                                                 ] o.s.d.c.c.c.MappingCassandraConverter    : Adding map.entry [updated_at] - [2025-08-10T02:17:09.861709Z]
2025-08-09T23:17:09.862-03:00 DEBUG 99081 --- [beauty-salon-backend] [           main] [                                                 ] o.s.data.cassandra.core.cql.CqlTemplate  : Preparing statement [INSERT INTO customers (id,name,email,phone,address,created_at,updated_at) VALUES (?,?,?,?,?,?,?)] using org.springframework.data.cassandra.core.CassandraTemplate$PreparedStatementHandler@5c5e0788
2025-08-09T23:17:09.862-03:00 DEBUG 99081 --- [beauty-salon-backend] [           main] [                                                 ] o.s.data.cassandra.core.cql.CqlTemplate  : Executing prepared statement [INSERT INTO customers (id,name,email,phone,address,created_at,updated_at) VALUES (?,?,?,?,?,?,?)]
2025-08-09T23:17:09.866-03:00 DEBUG 99081 --- [beauty-salon-backend] [           main] [                                                 ] o.s.data.cassandra.core.cql.CqlTemplate  : Preparing statement [SELECT * FROM customers WHERE id=? LIMIT 1] using org.springframework.data.cassandra.core.CassandraTemplate$PreparedStatementHandler@17543d14
2025-08-09T23:17:09.866-03:00 DEBUG 99081 --- [beauty-salon-backend] [           main] [                                                 ] o.s.data.cassandra.core.cql.CqlTemplate  : Executing prepared statement [SELECT * FROM customers WHERE id=? LIMIT 1]
2025-08-09T23:17:09.871-03:00 DEBUG 99081 --- [beauty-salon-backend] [           main] [                                                 ] o.s.data.cassandra.core.cql.CqlTemplate  : Preparing statement [SELECT * FROM customers] using org.springframework.data.cassandra.core.CassandraTemplate$PreparedStatementHandler@40e8c117
2025-08-09T23:17:09.871-03:00 DEBUG 99081 --- [beauty-salon-backend] [           main] [                                                 ] o.s.data.cassandra.core.cql.CqlTemplate  : Executing prepared statement [SELECT * FROM customers]
2025-08-09T23:17:09.877-03:00 DEBUG 99081 --- [beauty-salon-backend] [           main] [                                                 ] o.s.d.c.c.c.MappingCassandraConverter    : doWithProperties Property.type java.util.UUID, Property.value e1b8b18a-259e-44c6-a2d9-7d32ecb62005
2025-08-09T23:17:09.877-03:00 DEBUG 99081 --- [beauty-salon-backend] [           main] [                                                 ] o.s.d.c.c.c.MappingCassandraConverter    : Adding map.entry [id] - [e1b8b18a-259e-44c6-a2d9-7d32ecb62005]
2025-08-09T23:17:09.877-03:00 DEBUG 99081 --- [beauty-salon-backend] [           main] [                                                 ] o.s.d.c.c.c.MappingCassandraConverter    : doWithProperties Property.type java.lang.String, Property.value Mixed Test 1cf99039
2025-08-09T23:17:09.877-03:00 DEBUG 99081 --- [beauty-salon-backend] [           main] [                                                 ] o.s.d.c.c.c.MappingCassandraConverter    : Adding map.entry [name] - [Mixed Test 1cf99039]
2025-08-09T23:17:09.877-03:00 DEBUG 99081 --- [beauty-salon-backend] [           main] [                                                 ] o.s.d.c.c.c.MappingCassandraConverter    : doWithProperties Property.type java.lang.String, Property.value mixed1cf99039@phase2.com
2025-08-09T23:17:09.877-03:00 DEBUG 99081 --- [beauty-salon-backend] [           main] [                                                 ] o.s.d.c.c.c.MappingCassandraConverter    : Adding map.entry [email] - [mixed1cf99039@phase2.com]
2025-08-09T23:17:09.877-03:00 DEBUG 99081 --- [beauty-salon-backend] [           main] [                                                 ] o.s.d.c.c.c.MappingCassandraConverter    : doWithProperties Property.type java.lang.String, Property.value 5550000017
2025-08-09T23:17:09.877-03:00 DEBUG 99081 --- [beauty-salon-backend] [           main] [                                                 ] o.s.d.c.c.c.MappingCassandraConverter    : Adding map.entry [phone] - [5550000017]
2025-08-09T23:17:09.877-03:00 DEBUG 99081 --- [beauty-salon-backend] [           main] [                                                 ] o.s.d.c.c.c.MappingCassandraConverter    : doWithProperties Property.type java.lang.String, Property.value Mixed Address 1cf99039
2025-08-09T23:17:09.877-03:00 DEBUG 99081 --- [beauty-salon-backend] [           main] [                                                 ] o.s.d.c.c.c.MappingCassandraConverter    : Adding map.entry [address] - [Mixed Address 1cf99039]
2025-08-09T23:17:09.877-03:00 DEBUG 99081 --- [beauty-salon-backend] [           main] [                                                 ] o.s.d.c.c.c.MappingCassandraConverter    : doWithProperties Property.type java.time.Instant, Property.value 2025-08-10T02:17:09.877424Z
2025-08-09T23:17:09.877-03:00 DEBUG 99081 --- [beauty-salon-backend] [           main] [                                                 ] o.s.d.c.c.c.MappingCassandraConverter    : Adding map.entry [created_at] - [2025-08-10T02:17:09.877424Z]
2025-08-09T23:17:09.877-03:00 DEBUG 99081 --- [beauty-salon-backend] [           main] [                                                 ] o.s.d.c.c.c.MappingCassandraConverter    : doWithProperties Property.type java.time.Instant, Property.value 2025-08-10T02:17:09.877424Z
2025-08-09T23:17:09.877-03:00 DEBUG 99081 --- [beauty-salon-backend] [           main] [                                                 ] o.s.d.c.c.c.MappingCassandraConverter    : Adding map.entry [updated_at] - [2025-08-10T02:17:09.877424Z]
2025-08-09T23:17:09.878-03:00 DEBUG 99081 --- [beauty-salon-backend] [           main] [                                                 ] o.s.data.cassandra.core.cql.CqlTemplate  : Preparing statement [INSERT INTO customers (id,name,email,phone,address,created_at,updated_at) VALUES (?,?,?,?,?,?,?)] using org.springframework.data.cassandra.core.CassandraTemplate$PreparedStatementHandler@138ea3b3
2025-08-09T23:17:09.878-03:00 DEBUG 99081 --- [beauty-salon-backend] [           main] [                                                 ] o.s.data.cassandra.core.cql.CqlTemplate  : Executing prepared statement [INSERT INTO customers (id,name,email,phone,address,created_at,updated_at) VALUES (?,?,?,?,?,?,?)]
2025-08-09T23:17:09.882-03:00 DEBUG 99081 --- [beauty-salon-backend] [           main] [                                                 ] o.s.data.cassandra.core.cql.CqlTemplate  : Preparing statement [SELECT * FROM customers WHERE id=? LIMIT 1] using org.springframework.data.cassandra.core.CassandraTemplate$PreparedStatementHandler@4e5fd47e
2025-08-09T23:17:09.882-03:00 DEBUG 99081 --- [beauty-salon-backend] [           main] [                                                 ] o.s.data.cassandra.core.cql.CqlTemplate  : Executing prepared statement [SELECT * FROM customers WHERE id=? LIMIT 1]
2025-08-09T23:17:09.885-03:00 DEBUG 99081 --- [beauty-salon-backend] [           main] [                                                 ] o.s.data.cassandra.core.cql.CqlTemplate  : Preparing statement [SELECT * FROM customers] using org.springframework.data.cassandra.core.CassandraTemplate$PreparedStatementHandler@299b1a1c
2025-08-09T23:17:09.885-03:00 DEBUG 99081 --- [beauty-salon-backend] [           main] [                                                 ] o.s.data.cassandra.core.cql.CqlTemplate  : Executing prepared statement [SELECT * FROM customers]
2025-08-09T23:17:09.891-03:00 DEBUG 99081 --- [beauty-salon-backend] [           main] [                                                 ] o.s.d.c.c.c.MappingCassandraConverter    : doWithProperties Property.type java.util.UUID, Property.value 91d1d07c-a8bc-414b-88f8-f4a94e03af9e
2025-08-09T23:17:09.891-03:00 DEBUG 99081 --- [beauty-salon-backend] [           main] [                                                 ] o.s.d.c.c.c.MappingCassandraConverter    : Adding map.entry [id] - [91d1d07c-a8bc-414b-88f8-f4a94e03af9e]
2025-08-09T23:17:09.891-03:00 DEBUG 99081 --- [beauty-salon-backend] [           main] [                                                 ] o.s.d.c.c.c.MappingCassandraConverter    : doWithProperties Property.type java.lang.String, Property.value Mixed Test 609c1bd7
2025-08-09T23:17:09.891-03:00 DEBUG 99081 --- [beauty-salon-backend] [           main] [                                                 ] o.s.d.c.c.c.MappingCassandraConverter    : Adding map.entry [name] - [Mixed Test 609c1bd7]
2025-08-09T23:17:09.891-03:00 DEBUG 99081 --- [beauty-salon-backend] [           main] [                                                 ] o.s.d.c.c.c.MappingCassandraConverter    : doWithProperties Property.type java.lang.String, Property.value mixed609c1bd7@phase2.com
2025-08-09T23:17:09.891-03:00 DEBUG 99081 --- [beauty-salon-backend] [           main] [                                                 ] o.s.d.c.c.c.MappingCassandraConverter    : Adding map.entry [email] - [mixed609c1bd7@phase2.com]
2025-08-09T23:17:09.891-03:00 DEBUG 99081 --- [beauty-salon-backend] [           main] [                                                 ] o.s.d.c.c.c.MappingCassandraConverter    : doWithProperties Property.type java.lang.String, Property.value 5550000020
2025-08-09T23:17:09.891-03:00 DEBUG 99081 --- [beauty-salon-backend] [           main] [                                                 ] o.s.d.c.c.c.MappingCassandraConverter    : Adding map.entry [phone] - [5550000020]
2025-08-09T23:17:09.891-03:00 DEBUG 99081 --- [beauty-salon-backend] [           main] [                                                 ] o.s.d.c.c.c.MappingCassandraConverter    : doWithProperties Property.type java.lang.String, Property.value Mixed Address 609c1bd7
2025-08-09T23:17:09.891-03:00 DEBUG 99081 --- [beauty-salon-backend] [           main] [                                                 ] o.s.d.c.c.c.MappingCassandraConverter    : Adding map.entry [address] - [Mixed Address 609c1bd7]
2025-08-09T23:17:09.891-03:00 DEBUG 99081 --- [beauty-salon-backend] [           main] [                                                 ] o.s.d.c.c.c.MappingCassandraConverter    : doWithProperties Property.type java.time.Instant, Property.value 2025-08-10T02:17:09.890952Z
2025-08-09T23:17:09.891-03:00 DEBUG 99081 --- [beauty-salon-backend] [           main] [                                                 ] o.s.d.c.c.c.MappingCassandraConverter    : Adding map.entry [created_at] - [2025-08-10T02:17:09.890952Z]
2025-08-09T23:17:09.891-03:00 DEBUG 99081 --- [beauty-salon-backend] [           main] [                                                 ] o.s.d.c.c.c.MappingCassandraConverter    : doWithProperties Property.type java.time.Instant, Property.value 2025-08-10T02:17:09.890952Z
2025-08-09T23:17:09.891-03:00 DEBUG 99081 --- [beauty-salon-backend] [           main] [                                                 ] o.s.d.c.c.c.MappingCassandraConverter    : Adding map.entry [updated_at] - [2025-08-10T02:17:09.890952Z]
2025-08-09T23:17:09.891-03:00 DEBUG 99081 --- [beauty-salon-backend] [           main] [                                                 ] o.s.data.cassandra.core.cql.CqlTemplate  : Preparing statement [INSERT INTO customers (id,name,email,phone,address,created_at,updated_at) VALUES (?,?,?,?,?,?,?)] using org.springframework.data.cassandra.core.CassandraTemplate$PreparedStatementHandler@1b4cb7ee
2025-08-09T23:17:09.891-03:00 DEBUG 99081 --- [beauty-salon-backend] [           main] [                                                 ] o.s.data.cassandra.core.cql.CqlTemplate  : Executing prepared statement [INSERT INTO customers (id,name,email,phone,address,created_at,updated_at) VALUES (?,?,?,?,?,?,?)]
2025-08-09T23:17:09.895-03:00 DEBUG 99081 --- [beauty-salon-backend] [           main] [                                                 ] o.s.data.cassandra.core.cql.CqlTemplate  : Preparing statement [SELECT * FROM customers WHERE id=? LIMIT 1] using org.springframework.data.cassandra.core.CassandraTemplate$PreparedStatementHandler@5079c753
2025-08-09T23:17:09.895-03:00 DEBUG 99081 --- [beauty-salon-backend] [           main] [                                                 ] o.s.data.cassandra.core.cql.CqlTemplate  : Executing prepared statement [SELECT * FROM customers WHERE id=? LIMIT 1]
2025-08-09T23:17:09.898-03:00 DEBUG 99081 --- [beauty-salon-backend] [           main] [                                                 ] o.s.data.cassandra.core.cql.CqlTemplate  : Preparing statement [SELECT * FROM customers] using org.springframework.data.cassandra.core.CassandraTemplate$PreparedStatementHandler@60a6a6b
2025-08-09T23:17:09.898-03:00 DEBUG 99081 --- [beauty-salon-backend] [           main] [                                                 ] o.s.data.cassandra.core.cql.CqlTemplate  : Executing prepared statement [SELECT * FROM customers]
2025-08-09T23:17:09.904-03:00 DEBUG 99081 --- [beauty-salon-backend] [           main] [                                                 ] o.s.d.c.c.c.MappingCassandraConverter    : doWithProperties Property.type java.util.UUID, Property.value c7b76694-ccd1-46eb-9c23-ec30cb26c4d0
2025-08-09T23:17:09.904-03:00 DEBUG 99081 --- [beauty-salon-backend] [           main] [                                                 ] o.s.d.c.c.c.MappingCassandraConverter    : Adding map.entry [id] - [c7b76694-ccd1-46eb-9c23-ec30cb26c4d0]
2025-08-09T23:17:09.904-03:00 DEBUG 99081 --- [beauty-salon-backend] [           main] [                                                 ] o.s.d.c.c.c.MappingCassandraConverter    : doWithProperties Property.type java.lang.String, Property.value Mixed Test a073d0ac
2025-08-09T23:17:09.904-03:00 DEBUG 99081 --- [beauty-salon-backend] [           main] [                                                 ] o.s.d.c.c.c.MappingCassandraConverter    : Adding map.entry [name] - [Mixed Test a073d0ac]
2025-08-09T23:17:09.904-03:00 DEBUG 99081 --- [beauty-salon-backend] [           main] [                                                 ] o.s.d.c.c.c.MappingCassandraConverter    : doWithProperties Property.type java.lang.String, Property.value mixeda073d0ac@phase2.com
2025-08-09T23:17:09.904-03:00 DEBUG 99081 --- [beauty-salon-backend] [           main] [                                                 ] o.s.d.c.c.c.MappingCassandraConverter    : Adding map.entry [email] - [mixeda073d0ac@phase2.com]
[...]
2025-08-09T23:17:09.979-03:00 DEBUG 99081 --- [beauty-salon-backend] [pool-3-thread-4] [                                                 ] o.s.d.c.c.c.MappingCassandraConverter    : Adding map.entry [created_at] - [2025-08-10T02:17:09.979662Z]
2025-08-09T23:17:09.979-03:00 DEBUG 99081 --- [beauty-salon-backend] [pool-3-thread-4] [                                                 ] o.s.d.c.c.c.MappingCassandraConverter    : doWithProperties Property.type java.time.Instant, Property.value 2025-08-10T02:17:09.979662Z
2025-08-09T23:17:09.979-03:00 DEBUG 99081 --- [beauty-salon-backend] [pool-3-thread-4] [                                                 ] o.s.d.c.c.c.MappingCassandraConverter    : Adding map.entry [updated_at] - [2025-08-10T02:17:09.979662Z]
2025-08-09T23:17:09.980-03:00 DEBUG 99081 --- [beauty-salon-backend] [pool-3-thread-4] [                                                 ] o.s.data.cassandra.core.cql.CqlTemplate  : Preparing statement [INSERT INTO customers (id,name,email,phone,address,created_at,updated_at) VALUES (?,?,?,?,?,?,?)] using org.springframework.data.cassandra.core.CassandraTemplate$PreparedStatementHandler@410d3b91
2025-08-09T23:17:09.980-03:00 DEBUG 99081 --- [beauty-salon-backend] [pool-3-thread-4] [                                                 ] o.s.data.cassandra.core.cql.CqlTemplate  : Executing prepared statement [INSERT INTO customers (id,name,email,phone,address,created_at,updated_at) VALUES (?,?,?,?,?,?,?)]
2025-08-09T23:17:09.980-03:00 DEBUG 99081 --- [beauty-salon-backend] [pool-3-thread-1] [                                                 ] o.s.d.c.c.c.MappingCassandraConverter    : doWithProperties Property.type java.util.UUID, Property.value ddeff20d-a6ca-4bbb-aef4-638c6bc856c1
2025-08-09T23:17:09.980-03:00 DEBUG 99081 --- [beauty-salon-backend] [pool-3-thread-1] [                                                 ] o.s.d.c.c.c.MappingCassandraConverter    : Adding map.entry [id] - [ddeff20d-a6ca-4bbb-aef4-638c6bc856c1]
2025-08-09T23:17:09.980-03:00 DEBUG 99081 --- [beauty-salon-backend] [pool-3-thread-1] [                                                 ] o.s.d.c.c.c.MappingCassandraConverter    : doWithProperties Property.type java.lang.String, Property.value Pool Test 282981ff
2025-08-09T23:17:09.980-03:00 DEBUG 99081 --- [beauty-salon-backend] [pool-3-thread-1] [                                                 ] o.s.d.c.c.c.MappingCassandraConverter    : Adding map.entry [name] - [Pool Test 282981ff]
2025-08-09T23:17:09.980-03:00 DEBUG 99081 --- [beauty-salon-backend] [pool-3-thread-1] [                                                 ] o.s.d.c.c.c.MappingCassandraConverter    : doWithProperties Property.type java.lang.String, Property.value pooltest282981ff@phase2.com
2025-08-09T23:17:09.980-03:00 DEBUG 99081 --- [beauty-salon-backend] [pool-3-thread-1] [                                                 ] o.s.d.c.c.c.MappingCassandraConverter    : Adding map.entry [email] - [pooltest282981ff@phase2.com]
2025-08-09T23:17:09.980-03:00 DEBUG 99081 --- [beauty-salon-backend] [pool-3-thread-1] [                                                 ] o.s.d.c.c.c.MappingCassandraConverter    : doWithProperties Property.type java.lang.String, Property.value 5550000042
2025-08-09T23:17:09.980-03:00 DEBUG 99081 --- [beauty-salon-backend] [pool-3-thread-1] [                                                 ] o.s.d.c.c.c.MappingCassandraConverter    : Adding map.entry [phone] - [5550000042]
2025-08-09T23:17:09.980-03:00 DEBUG 99081 --- [beauty-salon-backend] [pool-3-thread-1] [                                                 ] o.s.d.c.c.c.MappingCassandraConverter    : doWithProperties Property.type java.lang.String, Property.value Pool Address 282981ff
2025-08-09T23:17:09.980-03:00 DEBUG 99081 --- [beauty-salon-backend] [pool-3-thread-1] [                                                 ] o.s.d.c.c.c.MappingCassandraConverter    : Adding map.entry [address] - [Pool Address 282981ff]
2025-08-09T23:17:09.980-03:00 DEBUG 99081 --- [beauty-salon-backend] [pool-3-thread-1] [                                                 ] o.s.d.c.c.c.MappingCassandraConverter    : doWithProperties Property.type java.time.Instant, Property.value 2025-08-10T02:17:09.980763Z
2025-08-09T23:17:09.981-03:00 DEBUG 99081 --- [beauty-salon-backend] [pool-3-thread-1] [                                                 ] o.s.d.c.c.c.MappingCassandraConverter    : Adding map.entry [created_at] - [2025-08-10T02:17:09.980763Z]
2025-08-09T23:17:09.981-03:00 DEBUG 99081 --- [beauty-salon-backend] [pool-3-thread-1] [                                                 ] o.s.d.c.c.c.MappingCassandraConverter    : doWithProperties Property.type java.time.Instant, Property.value 2025-08-10T02:17:09.980764Z
2025-08-09T23:17:09.981-03:00 DEBUG 99081 --- [beauty-salon-backend] [pool-3-thread-1] [                                                 ] o.s.d.c.c.c.MappingCassandraConverter    : Adding map.entry [updated_at] - [2025-08-10T02:17:09.980764Z]
2025-08-09T23:17:09.981-03:00 DEBUG 99081 --- [beauty-salon-backend] [pool-3-thread-1] [                                                 ] o.s.data.cassandra.core.cql.CqlTemplate  : Preparing statement [INSERT INTO customers (id,name,email,phone,address,created_at,updated_at) VALUES (?,?,?,?,?,?,?)] using org.springframework.data.cassandra.core.CassandraTemplate$PreparedStatementHandler@3ce7a6de
2025-08-09T23:17:09.981-03:00 DEBUG 99081 --- [beauty-salon-backend] [pool-3-thread-1] [                                                 ] o.s.data.cassandra.core.cql.CqlTemplate  : Executing prepared statement [INSERT INTO customers (id,name,email,phone,address,created_at,updated_at) VALUES (?,?,?,?,?,?,?)]
2025-08-09T23:17:09.981-03:00 DEBUG 99081 --- [beauty-salon-backend] [pool-3-thread-7] [                                                 ] o.s.data.cassandra.core.cql.CqlTemplate  : Preparing statement [SELECT * FROM customers] using org.springframework.data.cassandra.core.CassandraTemplate$PreparedStatementHandler@222f2215
2025-08-09T23:17:09.981-03:00 DEBUG 99081 --- [beauty-salon-backend] [pool-3-thread-7] [                                                 ] o.s.data.cassandra.core.cql.CqlTemplate  : Executing prepared statement [SELECT * FROM customers]
2025-08-09T23:17:09.982-03:00 DEBUG 99081 --- [beauty-salon-backend] [pool-3-thread-3] [                                                 ] o.s.d.c.c.c.MappingCassandraConverter    : doWithProperties Property.type java.util.UUID, Property.value e6ee36af-57b2-47b6-8de9-aa2593cc6abd
2025-08-09T23:17:09.982-03:00 DEBUG 99081 --- [beauty-salon-backend] [pool-3-thread-3] [                                                 ] o.s.d.c.c.c.MappingCassandraConverter    : Adding map.entry [id] - [e6ee36af-57b2-47b6-8de9-aa2593cc6abd]
2025-08-09T23:17:09.982-03:00 DEBUG 99081 --- [beauty-salon-backend] [pool-3-thread-3] [                                                 ] o.s.d.c.c.c.MappingCassandraConverter    : doWithProperties Property.type java.lang.String, Property.value Pool Test e7769c89
2025-08-09T23:17:09.982-03:00 DEBUG 99081 --- [beauty-salon-backend] [pool-3-thread-3] [                                                 ] o.s.d.c.c.c.MappingCassandraConverter    : Adding map.entry [name] - [Pool Test e7769c89]
2025-08-09T23:17:09.982-03:00 DEBUG 99081 --- [beauty-salon-backend] [pool-3-thread-3] [                                                 ] o.s.d.c.c.c.MappingCassandraConverter    : doWithProperties Property.type java.lang.String, Property.value poolteste7769c89@phase2.com
2025-08-09T23:17:09.982-03:00 DEBUG 99081 --- [beauty-salon-backend] [pool-3-thread-3] [                                                 ] o.s.d.c.c.c.MappingCassandraConverter    : Adding map.entry [email] - [poolteste7769c89@phase2.com]
2025-08-09T23:17:09.982-03:00 DEBUG 99081 --- [beauty-salon-backend] [pool-3-thread-3] [                                                 ] o.s.d.c.c.c.MappingCassandraConverter    : doWithProperties Property.type java.lang.String, Property.value 5550000044
2025-08-09T23:17:09.982-03:00 DEBUG 99081 --- [beauty-salon-backend] [pool-3-thread-3] [                                                 ] o.s.d.c.c.c.MappingCassandraConverter    : Adding map.entry [phone] - [5550000044]
2025-08-09T23:17:09.982-03:00 DEBUG 99081 --- [beauty-salon-backend] [pool-3-thread-3] [                                                 ] o.s.d.c.c.c.MappingCassandraConverter    : doWithProperties Property.type java.lang.String, Property.value Pool Address e7769c89
2025-08-09T23:17:09.982-03:00 DEBUG 99081 --- [beauty-salon-backend] [pool-3-thread-3] [                                                 ] o.s.d.c.c.c.MappingCassandraConverter    : Adding map.entry [address] - [Pool Address e7769c89]
2025-08-09T23:17:09.982-03:00 DEBUG 99081 --- [beauty-salon-backend] [pool-3-thread-3] [                                                 ] o.s.d.c.c.c.MappingCassandraConverter    : doWithProperties Property.type java.time.Instant, Property.value 2025-08-10T02:17:09.982445Z
2025-08-09T23:17:09.982-03:00 DEBUG 99081 --- [beauty-salon-backend] [pool-3-thread-3] [                                                 ] o.s.d.c.c.c.MappingCassandraConverter    : Adding map.entry [created_at] - [2025-08-10T02:17:09.982445Z]
2025-08-09T23:17:09.982-03:00 DEBUG 99081 --- [beauty-salon-backend] [pool-3-thread-3] [                                                 ] o.s.d.c.c.c.MappingCassandraConverter    : doWithProperties Property.type java.time.Instant, Property.value 2025-08-10T02:17:09.982445Z
2025-08-09T23:17:09.982-03:00 DEBUG 99081 --- [beauty-salon-backend] [pool-3-thread-3] [                                                 ] o.s.d.c.c.c.MappingCassandraConverter    : Adding map.entry [updated_at] - [2025-08-10T02:17:09.982445Z]
2025-08-09T23:17:09.982-03:00 DEBUG 99081 --- [beauty-salon-backend] [pool-3-thread-3] [                                                 ] o.s.data.cassandra.core.cql.CqlTemplate  : Preparing statement [INSERT INTO customers (id,name,email,phone,address,created_at,updated_at) VALUES (?,?,?,?,?,?,?)] using org.springframework.data.cassandra.core.CassandraTemplate$PreparedStatementHandler@774c5caf
2025-08-09T23:17:09.982-03:00 DEBUG 99081 --- [beauty-salon-backend] [pool-3-thread-3] [                                                 ] o.s.data.cassandra.core.cql.CqlTemplate  : Executing prepared statement [INSERT INTO customers (id,name,email,phone,address,created_at,updated_at) VALUES (?,?,?,?,?,?,?)]
2025-08-09T23:17:09.984-03:00 DEBUG 99081 --- [beauty-salon-backend] [pool-3-thread-6] [                                                 ] o.s.d.c.c.c.MappingCassandraConverter    : doWithProperties Property.type java.util.UUID, Property.value 7c08745f-dd5c-4ff7-b08d-6ba2475637c9
2025-08-09T23:17:09.984-03:00 DEBUG 99081 --- [beauty-salon-backend] [pool-3-thread-6] [                                                 ] o.s.d.c.c.c.MappingCassandraConverter    : Adding map.entry [id] - [7c08745f-dd5c-4ff7-b08d-6ba2475637c9]
2025-08-09T23:17:09.984-03:00 DEBUG 99081 --- [beauty-salon-backend] [pool-3-thread-6] [                                                 ] o.s.d.c.c.c.MappingCassandraConverter    : doWithProperties Property.type java.lang.String, Property.value Pool Test 9e66ed11
2025-08-09T23:17:09.984-03:00 DEBUG 99081 --- [beauty-salon-backend] [pool-3-thread-6] [                                                 ] o.s.d.c.c.c.MappingCassandraConverter    : Adding map.entry [name] - [Pool Test 9e66ed11]
2025-08-09T23:17:09.984-03:00 DEBUG 99081 --- [beauty-salon-backend] [pool-3-thread-6] [                                                 ] o.s.d.c.c.c.MappingCassandraConverter    : doWithProperties Property.type java.lang.String, Property.value pooltest9e66ed11@phase2.com
2025-08-09T23:17:09.984-03:00 DEBUG 99081 --- [beauty-salon-backend] [pool-3-thread-6] [                                                 ] o.s.d.c.c.c.MappingCassandraConverter    : Adding map.entry [email] - [pooltest9e66ed11@phase2.com]
2025-08-09T23:17:09.984-03:00 DEBUG 99081 --- [beauty-salon-backend] [pool-3-thread-6] [                                                 ] o.s.d.c.c.c.MappingCassandraConverter    : doWithProperties Property.type java.lang.String, Property.value 5550000046
2025-08-09T23:17:09.984-03:00 DEBUG 99081 --- [beauty-salon-backend] [pool-3-thread-6] [                                                 ] o.s.d.c.c.c.MappingCassandraConverter    : Adding map.entry [phone] - [5550000046]
2025-08-09T23:17:09.984-03:00 DEBUG 99081 --- [beauty-salon-backend] [pool-3-thread-6] [                                                 ] o.s.d.c.c.c.MappingCassandraConverter    : doWithProperties Property.type java.lang.String, Property.value Pool Address 9e66ed11
2025-08-09T23:17:09.984-03:00 DEBUG 99081 --- [beauty-salon-backend] [pool-3-thread-6] [                                                 ] o.s.d.c.c.c.MappingCassandraConverter    : Adding map.entry [address] - [Pool Address 9e66ed11]
2025-08-09T23:17:09.984-03:00 DEBUG 99081 --- [beauty-salon-backend] [pool-3-thread-6] [                                                 ] o.s.d.c.c.c.MappingCassandraConverter    : doWithProperties Property.type java.time.Instant, Property.value 2025-08-10T02:17:09.984232Z
2025-08-09T23:17:09.984-03:00 DEBUG 99081 --- [beauty-salon-backend] [pool-3-thread-6] [                                                 ] o.s.d.c.c.c.MappingCassandraConverter    : Adding map.entry [created_at] - [2025-08-10T02:17:09.984232Z]
2025-08-09T23:17:09.984-03:00 DEBUG 99081 --- [beauty-salon-backend] [pool-3-thread-6] [                                                 ] o.s.d.c.c.c.MappingCassandraConverter    : doWithProperties Property.type java.time.Instant, Property.value 2025-08-10T02:17:09.984232Z
2025-08-09T23:17:09.984-03:00 DEBUG 99081 --- [beauty-salon-backend] [pool-3-thread-6] [                                                 ] o.s.d.c.c.c.MappingCassandraConverter    : Adding map.entry [updated_at] - [2025-08-10T02:17:09.984232Z]
2025-08-09T23:17:09.984-03:00 DEBUG 99081 --- [beauty-salon-backend] [pool-3-thread-6] [                                                 ] o.s.data.cassandra.core.cql.CqlTemplate  : Preparing statement [INSERT INTO customers (id,name,email,phone,address,created_at,updated_at) VALUES (?,?,?,?,?,?,?)] using org.springframework.data.cassandra.core.CassandraTemplate$PreparedStatementHandler@77b837ff
2025-08-09T23:17:09.984-03:00 DEBUG 99081 --- [beauty-salon-backend] [pool-3-thread-6] [                                                 ] o.s.data.cassandra.core.cql.CqlTemplate  : Executing prepared statement [INSERT INTO customers (id,name,email,phone,address,created_at,updated_at) VALUES (?,?,?,?,?,?,?)]
2025-08-09T23:17:09.987-03:00 DEBUG 99081 --- [beauty-salon-backend] [pool-3-thread-8] [                                                 ] o.s.d.c.c.c.MappingCassandraConverter    : doWithProperties Property.type java.util.UUID, Property.value 80b2f87e-065d-45cd-88ac-f64331a4dc20
2025-08-09T23:17:09.987-03:00 DEBUG 99081 --- [beauty-salon-backend] [pool-3-thread-8] [                                                 ] o.s.d.c.c.c.MappingCassandraConverter    : Adding map.entry [id] - [80b2f87e-065d-45cd-88ac-f64331a4dc20]
2025-08-09T23:17:09.987-03:00 DEBUG 99081 --- [beauty-salon-backend] [pool-3-thread-8] [                                                 ] o.s.d.c.c.c.MappingCassandraConverter    : doWithProperties Property.type java.lang.String, Property.value Pool Test c9b61545
2025-08-09T23:17:09.987-03:00 DEBUG 99081 --- [beauty-salon-backend] [pool-3-thread-8] [                                                 ] o.s.d.c.c.c.MappingCassandraConverter    : Adding map.entry [name] - [Pool Test c9b61545]
2025-08-09T23:17:09.987-03:00 DEBUG 99081 --- [beauty-salon-backend] [pool-3-thread-8] [                                                 ] o.s.d.c.c.c.MappingCassandraConverter    : doWithProperties Property.type java.lang.String, Property.value pooltestc9b61545@phase2.com
2025-08-09T23:17:09.987-03:00 DEBUG 99081 --- [beauty-salon-backend] [pool-3-thread-8] [                                                 ] o.s.d.c.c.c.MappingCassandraConverter    : Adding map.entry [email] - [pooltestc9b61545@phase2.com]
2025-08-09T23:17:09.987-03:00 DEBUG 99081 --- [beauty-salon-backend] [pool-3-thread-8] [                                                 ] o.s.d.c.c.c.MappingCassandraConverter    : doWithProperties Property.type java.lang.String, Property.value 5550000048
2025-08-09T23:17:09.987-03:00 DEBUG 99081 --- [beauty-salon-backend] [pool-3-thread-8] [                                                 ] o.s.d.c.c.c.MappingCassandraConverter    : Adding map.entry [phone] - [5550000048]
2025-08-09T23:17:09.987-03:00 DEBUG 99081 --- [beauty-salon-backend] [pool-3-thread-8] [                                                 ] o.s.d.c.c.c.MappingCassandraConverter    : doWithProperties Property.type java.lang.String, Property.value Pool Address c9b61545
2025-08-09T23:17:09.987-03:00 DEBUG 99081 --- [beauty-salon-backend] [pool-3-thread-8] [                                                 ] o.s.d.c.c.c.MappingCassandraConverter    : Adding map.entry [address] - [Pool Address c9b61545]
2025-08-09T23:17:09.987-03:00 DEBUG 99081 --- [beauty-salon-backend] [pool-3-thread-8] [                                                 ] o.s.d.c.c.c.MappingCassandraConverter    : doWithProperties Property.type java.time.Instant, Property.value 2025-08-10T02:17:09.986982Z
2025-08-09T23:17:09.987-03:00 DEBUG 99081 --- [beauty-salon-backend] [pool-3-thread-8] [                                                 ] o.s.d.c.c.c.MappingCassandraConverter    : Adding map.entry [created_at] - [2025-08-10T02:17:09.986982Z]
2025-08-09T23:17:09.987-03:00 DEBUG 99081 --- [beauty-salon-backend] [pool-3-thread-8] [                                                 ] o.s.d.c.c.c.MappingCassandraConverter    : doWithProperties Property.type java.time.Instant, Property.value 2025-08-10T02:17:09.986983Z
2025-08-09T23:17:09.987-03:00 DEBUG 99081 --- [beauty-salon-backend] [pool-3-thread-8] [                                                 ] o.s.d.c.c.c.MappingCassandraConverter    : Adding map.entry [updated_at] - [2025-08-10T02:17:09.986983Z]
2025-08-09T23:17:09.987-03:00 DEBUG 99081 --- [beauty-salon-backend] [pool-3-thread-8] [                                                 ] o.s.data.cassandra.core.cql.CqlTemplate  : Preparing statement [INSERT INTO customers (id,name,email,phone,address,created_at,updated_at) VALUES (?,?,?,?,?,?,?)] using org.springframework.data.cassandra.core.CassandraTemplate$PreparedStatementHandler@7b2782d3
2025-08-09T23:17:09.987-03:00 DEBUG 99081 --- [beauty-salon-backend] [pool-3-thread-8] [                                                 ] o.s.data.cassandra.core.cql.CqlTemplate  : Executing prepared statement [INSERT INTO customers (id,name,email,phone,address,created_at,updated_at) VALUES (?,?,?,?,?,?,?)]
2025-08-09T23:17:09.988-03:00 DEBUG 99081 --- [beauty-salon-backend] [pool-3-thread-5] [                                                 ] o.s.data.cassandra.core.cql.CqlTemplate  : Preparing statement [SELECT * FROM customers] using org.springframework.data.cassandra.core.CassandraTemplate$PreparedStatementHandler@72778e57
2025-08-09T23:17:09.989-03:00 DEBUG 99081 --- [beauty-salon-backend] [pool-3-thread-5] [                                                 ] o.s.data.cassandra.core.cql.CqlTemplate  : Executing prepared statement [SELECT * FROM customers]
📊 CONNECTION POOL PERFORMANCE RESULTS:
✅ Success Rate: 100,00% (50/50)
🚀 Throughput: 877,19 req/s
⏱️  Average Response Time: 9,76 ms
⚡ Min Response Time: 0 ms
🔥 Max Response Time: 16 ms
⏰ Total Test Duration: 57 ms
🔗 Concurrency Level: 10 threads
✅ Connection Pool Performance Validation PASSED!
]]></system-out>
  </testcase>
</testsuite>