<?xml version="1.0" encoding="UTF-8"?>
<testsuite xmlns:xsi="http://www.w3.org/2001/XMLSchema-instance" xsi:noNamespaceSchemaLocation="https://maven.apache.org/surefire/maven-surefire-plugin/xsd/surefire-test-report.xsd" version="3.0.2" name="com.beautysalon.performance.Phase2PerformanceTest" time="10.287" tests="2" errors="0" skipped="0" failures="1">
  <properties>
[...]
</properties>
  <testcase name="testConnectionPoolPerformance" classname="com.beautysalon.performance.Phase2PerformanceTest" time="0.869">
    <system-out><![CDATA[23:11:33.929 [main] INFO org.springframework.test.context.support.AnnotationConfigContextLoaderUtils -- Could not detect default configuration classes for test class [com.beautysalon.performance.Phase2PerformanceTest]: Phase2PerformanceTest does not declare any static, non-private, non-final, nested classes annotated with @Configuration.
23:11:34.000 [main] INFO org.springframework.boot.test.context.SpringBootTestContextBootstrapper -- Found @SpringBootConfiguration com.beautysalon.BeautySalonApplication for test class com.beautysalon.performance.Phase2PerformanceTest
23:11:34.088 [main] INFO org.testcontainers.images.PullPolicy -- Image pull policy will be performed by: DefaultPullPolicy()
23:11:34.089 [main] INFO org.testcontainers.utility.ImageNameSubstitutor -- Image name substitution will be performed by: DefaultImageNameSubstitutor (composite of 'ConfigurationFileImageNameSubstitutor' and 'PrefixingImageNameSubstitutor')
23:11:34.292 [main] INFO org.testcontainers.dockerclient.DockerClientProviderStrategy -- Loaded org.testcontainers.dockerclient.UnixSocketClientProviderStrategy from ~/.testcontainers.properties, will try it first
23:11:34.464 [main] INFO org.testcontainers.dockerclient.DockerClientProviderStrategy -- Found Docker environment with local Unix socket (unix:///var/run/docker.sock)
23:11:34.465 [main] INFO org.testcontainers.DockerClientFactory -- Docker host IP address is localhost
23:11:34.478 [main] INFO org.testcontainers.DockerClientFactory -- Connected to docker: 
  Server Version: 28.1.1
  API Version: 1.49
  Operating System: Docker Desktop
  Total Memory: 7837 MB
23:11:34.554 [main] INFO tc.testcontainers/ryuk:0.7.0 -- Creating container for image: testcontainers/ryuk:0.7.0
23:11:34.714 [main] INFO org.testcontainers.utility.RegistryAuthLocator -- Credential helper/store (docker-credential-desktop) does not have credentials for https://index.docker.io/v1/
23:11:34.800 [main] INFO tc.testcontainers/ryuk:0.7.0 -- Container testcontainers/ryuk:0.7.0 is starting: 159e2fdaa8190f4163715b9f055d514090bad52fa93fe39d0c0a741f26cc91d0
23:11:35.043 [main] INFO tc.testcontainers/ryuk:0.7.0 -- Container testcontainers/ryuk:0.7.0 started in PT0.488166S
23:11:35.047 [main] INFO org.testcontainers.utility.RyukResourceReaper -- Ryuk started - will monitor and terminate Testcontainers containers on JVM exit
23:11:35.047 [main] INFO org.testcontainers.DockerClientFactory -- Checking the system...
23:11:35.047 [main] INFO org.testcontainers.DockerClientFactory -- ✔︎ Docker server version should be at least 1.6.0
23:11:35.049 [main] INFO tc.cassandra:4.1 -- Creating container for image: cassandra:4.1
23:11:35.050 [main] WARN tc.cassandra:4.1 -- Reuse was requested but the environment does not support the reuse of containers
To enable reuse of containers, you must set 'testcontainers.reuse.enable=true' in a file located at /Users/leandro.yamaniha/.testcontainers.properties
23:11:35.089 [main] INFO tc.cassandra:4.1 -- Container cassandra:4.1 is starting: 5f285245663e3115df8b21f7c139954f969485bfbb69c5f8ded06f48b18d5afe
23:11:37.968 [main] INFO tc.cassandra:4.1 -- Container cassandra:4.1 started in PT2.918892S
23:11:37.981 [main] INFO org.testcontainers.ext.ScriptUtils -- Executing database script from init.cql
23:11:37.986 [main] INFO com.datastax.driver.core -- DataStax Java driver 3.10.0 for Apache Cassandra
23:11:37.992 [main] INFO com.datastax.driver.core.GuavaCompatibility -- Detected Guava >= 19 in the classpath, using modern compatibility layer
23:11:38.022 [main] INFO com.datastax.driver.core.Native -- Could not load JNR C Library, native system calls through this library will not be available (set this logger level to DEBUG to see the full stack trace).
23:11:38.022 [main] INFO com.datastax.driver.core.ClockFactory -- Using java.lang.System clock to generate timestamps.
23:11:38.079 [main] INFO com.datastax.driver.core.NettyUtil -- Did not find Netty's native epoll transport in the classpath, defaulting to NIO.
23:11:38.422 [main] INFO com.datastax.driver.core.policies.DCAwareRoundRobinPolicy -- Using data-center name 'datacenter1' for DCAwareRoundRobinPolicy (if this is incorrect, please provide the correct datacenter name with DCAwareRoundRobinPolicy constructor)
23:11:38.423 [main] INFO com.datastax.driver.core.Cluster -- New Cassandra host localhost/127.0.0.1:56341 added
23:11:40.965 [main] INFO org.testcontainers.ext.ScriptUtils -- Executed database script from init.cql in 2983 ms.
23:11:41.022 [main] INFO org.springframework.boot.devtools.restart.RestartApplicationListener -- Restart disabled due to context in which it is running

  .   ____          _            __ _ _
 /\\ / ___'_ __ _ _(_)_ __  __ _ \ \ \ \
( ( )\___ | '_ | '_| | '_ \/ _` | \ \ \ \
 \\/  ___)| |_)| | | | | || (_| |  ) ) ) )
  '  |____| .__|_| |_|_| |_\__, | / / / /
 =========|_|==============|___/=/_/_/_/

 :: Spring Boot ::             (v4.0.0-M1)

2025-08-09T23:11:41.202-03:00  INFO 97564 --- [beauty-salon-backend] [           main] [                                                 ] c.b.performance.Phase2PerformanceTest    : Starting Phase2PerformanceTest using Java 24.0.1 with PID 97564 (started by leandro.yamaniha in /Volumes/Dock/ai/ide/windsurf/beauty-salon-app/backend)
2025-08-09T23:11:41.202-03:00 DEBUG 97564 --- [beauty-salon-backend] [           main] [                                                 ] c.b.performance.Phase2PerformanceTest    : Running with Spring Boot v4.0.0-M1, Spring v7.0.0-M7
2025-08-09T23:11:41.202-03:00  INFO 97564 --- [beauty-salon-backend] [           main] [                                                 ] c.b.performance.Phase2PerformanceTest    : The following 1 profile is active: "test"
2025-08-09T23:11:41.648-03:00  INFO 97564 --- [beauty-salon-backend] [           main] [                                                 ] .s.d.r.c.RepositoryConfigurationDelegate : Bootstrapping Spring Data Reactive Cassandra repositories in DEFAULT mode.
2025-08-09T23:11:41.667-03:00  INFO 97564 --- [beauty-salon-backend] [           main] [                                                 ] .s.d.r.c.RepositoryConfigurationDelegate : Finished Spring Data repository scanning in 15 ms. Found 0 Reactive Cassandra repository interfaces.
2025-08-09T23:11:41.670-03:00  INFO 97564 --- [beauty-salon-backend] [           main] [                                                 ] .s.d.r.c.RepositoryConfigurationDelegate : Bootstrapping Spring Data Cassandra repositories in DEFAULT mode.
2025-08-09T23:11:41.683-03:00  INFO 97564 --- [beauty-salon-backend] [           main] [                                                 ] .s.d.r.c.RepositoryConfigurationDelegate : Finished Spring Data repository scanning in 12 ms. Found 4 Cassandra repository interfaces.
2025-08-09T23:11:41.797-03:00  INFO 97564 --- [beauty-salon-backend] [           main] [                                                 ] c.d.o.d.i.core.DefaultMavenCoordinates   : Apache Cassandra Java Driver (org.apache.cassandra:java-driver-core) version 4.19.0
2025-08-09T23:11:42.007-03:00  INFO 97564 --- [beauty-salon-backend] [           main] [                                                 ] c.d.o.d.internal.core.ContactPoints      : Contact point localhost:56341 resolves to multiple addresses, will use them all ([localhost/127.0.0.1, localhost/0:0:0:0:0:0:0:1])
2025-08-09T23:11:42.047-03:00  INFO 97564 --- [beauty-salon-backend] [           main] [                                                 ] c.d.o.d.i.c.c.CqlPrepareAsyncProcessor   : Adding handler to invalidate cached prepared statements on type changes
2025-08-09T23:11:42.075-03:00  INFO 97564 --- [beauty-salon-backend] [     s0-admin-0] [                                                 ] c.d.oss.driver.internal.core.time.Clock  : Could not access native clock (see debug logs for details), falling back to Java system clock
2025-08-09T23:11:42.204-03:00  WARN 97564 --- [beauty-salon-backend] [     s0-admin-0] [                                                 ] c.d.o.d.i.c.l.h.OptionalLocalDcHelper    : [s0|default] You specified datacenter1 as the local DC, but some contact points are from a different DC: Node(endPoint=localhost/[0:0:0:0:0:0:0:1]:56341, hostId=null, hashCode=2e494db8)=null; please provide the correct local DC, or check your contact points
2025-08-09T23:11:42.232-03:00 DEBUG 97564 --- [beauty-salon-backend] [           main] [                                                 ] o.s.data.cassandra.core.cql.CqlTemplate  : Executing CQL statement [CREATE TABLE IF NOT EXISTS customers (id uuid, name text, email text, phone text, address text, created_at timestamp, updated_at timestamp, PRIMARY KEY (id));]
2025-08-09T23:11:42.244-03:00 DEBUG 97564 --- [beauty-salon-backend] [           main] [                                                 ] o.s.data.cassandra.core.cql.CqlTemplate  : Executing CQL statement [CREATE TABLE IF NOT EXISTS appointments (id uuid, customer_id uuid, staff_id uuid, service_id uuid, appointment_date date, appointment_time time, status text, notes text, total_price decimal, created_at timestamp, updated_at timestamp, PRIMARY KEY (id));]
2025-08-09T23:11:42.247-03:00 DEBUG 97564 --- [beauty-salon-backend] [           main] [                                                 ] o.s.data.cassandra.core.cql.CqlTemplate  : Executing CQL statement [CREATE TABLE IF NOT EXISTS services (id uuid, name text, description text, duration int, price decimal, category text, is_active boolean, created_at timestamp, updated_at timestamp, PRIMARY KEY (id));]
2025-08-09T23:11:42.249-03:00 DEBUG 97564 --- [beauty-salon-backend] [           main] [                                                 ] o.s.data.cassandra.core.cql.CqlTemplate  : Executing CQL statement [CREATE TABLE IF NOT EXISTS staff (id uuid, name text, email text, phone text, role text, specialties set<text>, is_active boolean, created_at timestamp, updated_at timestamp, PRIMARY KEY (id));]
2025-08-09T23:11:42.711-03:00  INFO 97564 --- [beauty-salon-backend] [           main] [                                                 ] o.s.b.t.m.w.SpringBootMockServletContext : Initializing Spring TestDispatcherServlet ''
2025-08-09T23:11:42.711-03:00  INFO 97564 --- [beauty-salon-backend] [           main] [                                                 ] o.s.t.web.servlet.TestDispatcherServlet  : Initializing Servlet ''
2025-08-09T23:11:42.717-03:00  INFO 97564 --- [beauty-salon-backend] [           main] [                                                 ] o.s.b.a.e.web.EndpointLinksResolver      : Exposing 2 endpoints beneath base path '/actuator'
2025-08-09T23:11:42.724-03:00  INFO 97564 --- [beauty-salon-backend] [           main] [                                                 ] o.s.t.web.servlet.TestDispatcherServlet  : Completed initialization in 13 ms
2025-08-09T23:11:42.761-03:00  INFO 97564 --- [beauty-salon-backend] [           main] [                                                 ] c.b.performance.Phase2PerformanceTest    : Started Phase2PerformanceTest in 1.748 seconds (process running for 9.421)
2025-08-09T23:11:43.281-03:00 DEBUG 97564 --- [beauty-salon-backend] [           main] [                                                 ] o.s.d.c.c.c.MappingCassandraConverter    : doWithProperties Property.type java.util.UUID, Property.value 3bf28eba-524b-4cd6-873d-68f4af47b7b8
2025-08-09T23:11:43.282-03:00 DEBUG 97564 --- [beauty-salon-backend] [           main] [                                                 ] o.s.d.c.c.c.MappingCassandraConverter    : Adding map.entry [id] - [3bf28eba-524b-4cd6-873d-68f4af47b7b8]
2025-08-09T23:11:43.282-03:00 DEBUG 97564 --- [beauty-salon-backend] [           main] [                                                 ] o.s.d.c.c.c.MappingCassandraConverter    : doWithProperties Property.type java.lang.String, Property.value Cache Test Customer 0
2025-08-09T23:11:43.282-03:00 DEBUG 97564 --- [beauty-salon-backend] [           main] [                                                 ] o.s.d.c.c.c.MappingCassandraConverter    : Adding map.entry [name] - [Cache Test Customer 0]
2025-08-09T23:11:43.282-03:00 DEBUG 97564 --- [beauty-salon-backend] [           main] [                                                 ] o.s.d.c.c.c.MappingCassandraConverter    : doWithProperties Property.type java.lang.String, Property.value cache0@test.com
2025-08-09T23:11:43.282-03:00 DEBUG 97564 --- [beauty-salon-backend] [           main] [                                                 ] o.s.d.c.c.c.MappingCassandraConverter    : Adding map.entry [email] - [cache0@test.com]
2025-08-09T23:11:43.282-03:00 DEBUG 97564 --- [beauty-salon-backend] [           main] [                                                 ] o.s.d.c.c.c.MappingCassandraConverter    : doWithProperties Property.type java.lang.String, Property.value 5550000000
2025-08-09T23:11:43.282-03:00 DEBUG 97564 --- [beauty-salon-backend] [           main] [                                                 ] o.s.d.c.c.c.MappingCassandraConverter    : Adding map.entry [phone] - [5550000000]
2025-08-09T23:11:43.282-03:00 DEBUG 97564 --- [beauty-salon-backend] [           main] [                                                 ] o.s.d.c.c.c.MappingCassandraConverter    : doWithProperties Property.type java.lang.String, Property.value 123 Cache St 0
2025-08-09T23:11:43.282-03:00 DEBUG 97564 --- [beauty-salon-backend] [           main] [                                                 ] o.s.d.c.c.c.MappingCassandraConverter    : Adding map.entry [address] - [123 Cache St 0]
2025-08-09T23:11:43.282-03:00 DEBUG 97564 --- [beauty-salon-backend] [           main] [                                                 ] o.s.d.c.c.c.MappingCassandraConverter    : doWithProperties Property.type java.time.Instant, Property.value 2025-08-10T02:11:43.275373Z
2025-08-09T23:11:43.282-03:00 DEBUG 97564 --- [beauty-salon-backend] [           main] [                                                 ] o.s.d.c.c.c.MappingCassandraConverter    : Adding map.entry [created_at] - [2025-08-10T02:11:43.275373Z]
2025-08-09T23:11:43.282-03:00 DEBUG 97564 --- [beauty-salon-backend] [           main] [                                                 ] o.s.d.c.c.c.MappingCassandraConverter    : doWithProperties Property.type java.time.Instant, Property.value 2025-08-10T02:11:43.275376Z
2025-08-09T23:11:43.283-03:00 DEBUG 97564 --- [beauty-salon-backend] [           main] [                                                 ] o.s.d.c.c.c.MappingCassandraConverter    : Adding map.entry [updated_at] - [2025-08-10T02:11:43.275376Z]
2025-08-09T23:11:43.291-03:00 DEBUG 97564 --- [beauty-salon-backend] [           main] [                                                 ] o.s.data.cassandra.core.cql.CqlTemplate  : Preparing statement [INSERT INTO customers (id,name,email,phone,address,created_at,updated_at) VALUES (?,?,?,?,?,?,?)] using org.springframework.data.cassandra.core.CassandraTemplate$PreparedStatementHandler@34d78731
2025-08-09T23:11:43.312-03:00 DEBUG 97564 --- [beauty-salon-backend] [           main] [                                                 ] o.s.data.cassandra.core.cql.CqlTemplate  : Executing prepared statement [INSERT INTO customers (id,name,email,phone,address,created_at,updated_at) VALUES (?,?,?,?,?,?,?)]
2025-08-09T23:11:43.350-03:00 DEBUG 97564 --- [beauty-salon-backend] [           main] [                                                 ] o.s.d.c.c.c.MappingCassandraConverter    : doWithProperties Property.type java.util.UUID, Property.value 14f1108d-9971-4ca8-a17f-5b705a4866ad
2025-08-09T23:11:43.350-03:00 DEBUG 97564 --- [beauty-salon-backend] [           main] [                                                 ] o.s.d.c.c.c.MappingCassandraConverter    : Adding map.entry [id] - [14f1108d-9971-4ca8-a17f-5b705a4866ad]
2025-08-09T23:11:43.350-03:00 DEBUG 97564 --- [beauty-salon-backend] [           main] [                                                 ] o.s.d.c.c.c.MappingCassandraConverter    : doWithProperties Property.type java.lang.String, Property.value Cache Test Customer 1
2025-08-09T23:11:43.350-03:00 DEBUG 97564 --- [beauty-salon-backend] [           main] [                                                 ] o.s.d.c.c.c.MappingCassandraConverter    : Adding map.entry [name] - [Cache Test Customer 1]
2025-08-09T23:11:43.350-03:00 DEBUG 97564 --- [beauty-salon-backend] [           main] [                                                 ] o.s.d.c.c.c.MappingCassandraConverter    : doWithProperties Property.type java.lang.String, Property.value cache1@test.com
2025-08-09T23:11:43.350-03:00 DEBUG 97564 --- [beauty-salon-backend] [           main] [                                                 ] o.s.d.c.c.c.MappingCassandraConverter    : Adding map.entry [email] - [cache1@test.com]
2025-08-09T23:11:43.350-03:00 DEBUG 97564 --- [beauty-salon-backend] [           main] [                                                 ] o.s.d.c.c.c.MappingCassandraConverter    : doWithProperties Property.type java.lang.String, Property.value 5550000001
2025-08-09T23:11:43.350-03:00 DEBUG 97564 --- [beauty-salon-backend] [           main] [                                                 ] o.s.d.c.c.c.MappingCassandraConverter    : Adding map.entry [phone] - [5550000001]
2025-08-09T23:11:43.351-03:00 DEBUG 97564 --- [beauty-salon-backend] [           main] [                                                 ] o.s.d.c.c.c.MappingCassandraConverter    : doWithProperties Property.type java.lang.String, Property.value 123 Cache St 1
2025-08-09T23:11:43.351-03:00 DEBUG 97564 --- [beauty-salon-backend] [           main] [                                                 ] o.s.d.c.c.c.MappingCassandraConverter    : Adding map.entry [address] - [123 Cache St 1]
2025-08-09T23:11:43.351-03:00 DEBUG 97564 --- [beauty-salon-backend] [           main] [                                                 ] o.s.d.c.c.c.MappingCassandraConverter    : doWithProperties Property.type java.time.Instant, Property.value 2025-08-10T02:11:43.350376Z
2025-08-09T23:11:43.351-03:00 DEBUG 97564 --- [beauty-salon-backend] [           main] [                                                 ] o.s.d.c.c.c.MappingCassandraConverter    : Adding map.entry [created_at] - [2025-08-10T02:11:43.350376Z]
2025-08-09T23:11:43.351-03:00 DEBUG 97564 --- [beauty-salon-backend] [           main] [                                                 ] o.s.d.c.c.c.MappingCassandraConverter    : doWithProperties Property.type java.time.Instant, Property.value 2025-08-10T02:11:43.350376Z
2025-08-09T23:11:43.351-03:00 DEBUG 97564 --- [beauty-salon-backend] [           main] [                                                 ] o.s.d.c.c.c.MappingCassandraConverter    : Adding map.entry [updated_at] - [2025-08-10T02:11:43.350376Z]
2025-08-09T23:11:43.351-03:00 DEBUG 97564 --- [beauty-salon-backend] [           main] [                                                 ] o.s.data.cassandra.core.cql.CqlTemplate  : Preparing statement [INSERT INTO customers (id,name,email,phone,address,created_at,updated_at) VALUES (?,?,?,?,?,?,?)] using org.springframework.data.cassandra.core.CassandraTemplate$PreparedStatementHandler@34db86a7
2025-08-09T23:11:43.351-03:00 DEBUG 97564 --- [beauty-salon-backend] [           main] [                                                 ] o.s.data.cassandra.core.cql.CqlTemplate  : Executing prepared statement [INSERT INTO customers (id,name,email,phone,address,created_at,updated_at) VALUES (?,?,?,?,?,?,?)]
2025-08-09T23:11:43.356-03:00 DEBUG 97564 --- [beauty-salon-backend] [           main] [                                                 ] o.s.d.c.c.c.MappingCassandraConverter    : doWithProperties Property.type java.util.UUID, Property.value 8b542226-787c-4540-8a39-14e76c0b063f
2025-08-09T23:11:43.356-03:00 DEBUG 97564 --- [beauty-salon-backend] [           main] [                                                 ] o.s.d.c.c.c.MappingCassandraConverter    : Adding map.entry [id] - [8b542226-787c-4540-8a39-14e76c0b063f]
2025-08-09T23:11:43.356-03:00 DEBUG 97564 --- [beauty-salon-backend] [           main] [                                                 ] o.s.d.c.c.c.MappingCassandraConverter    : doWithProperties Property.type java.lang.String, Property.value Cache Test Customer 2
2025-08-09T23:11:43.357-03:00 DEBUG 97564 --- [beauty-salon-backend] [           main] [                                                 ] o.s.d.c.c.c.MappingCassandraConverter    : Adding map.entry [name] - [Cache Test Customer 2]
2025-08-09T23:11:43.357-03:00 DEBUG 97564 --- [beauty-salon-backend] [           main] [                                                 ] o.s.d.c.c.c.MappingCassandraConverter    : doWithProperties Property.type java.lang.String, Property.value cache2@test.com
2025-08-09T23:11:43.357-03:00 DEBUG 97564 --- [beauty-salon-backend] [           main] [                                                 ] o.s.d.c.c.c.MappingCassandraConverter    : Adding map.entry [email] - [cache2@test.com]
2025-08-09T23:11:43.357-03:00 DEBUG 97564 --- [beauty-salon-backend] [           main] [                                                 ] o.s.d.c.c.c.MappingCassandraConverter    : doWithProperties Property.type java.lang.String, Property.value 5550000002
2025-08-09T23:11:43.357-03:00 DEBUG 97564 --- [beauty-salon-backend] [           main] [                                                 ] o.s.d.c.c.c.MappingCassandraConverter    : Adding map.entry [phone] - [5550000002]
2025-08-09T23:11:43.357-03:00 DEBUG 97564 --- [beauty-salon-backend] [           main] [                                                 ] o.s.d.c.c.c.MappingCassandraConverter    : doWithProperties Property.type java.lang.String, Property.value 123 Cache St 2
2025-08-09T23:11:43.357-03:00 DEBUG 97564 --- [beauty-salon-backend] [           main] [                                                 ] o.s.d.c.c.c.MappingCassandraConverter    : Adding map.entry [address] - [123 Cache St 2]
2025-08-09T23:11:43.357-03:00 DEBUG 97564 --- [beauty-salon-backend] [           main] [                                                 ] o.s.d.c.c.c.MappingCassandraConverter    : doWithProperties Property.type java.time.Instant, Property.value 2025-08-10T02:11:43.356729Z
2025-08-09T23:11:43.357-03:00 DEBUG 97564 --- [beauty-salon-backend] [           main] [                                                 ] o.s.d.c.c.c.MappingCassandraConverter    : Adding map.entry [created_at] - [2025-08-10T02:11:43.356729Z]
2025-08-09T23:11:43.357-03:00 DEBUG 97564 --- [beauty-salon-backend] [           main] [                                                 ] o.s.d.c.c.c.MappingCassandraConverter    : doWithProperties Property.type java.time.Instant, Property.value 2025-08-10T02:11:43.356729Z
2025-08-09T23:11:43.357-03:00 DEBUG 97564 --- [beauty-salon-backend] [           main] [                                                 ] o.s.d.c.c.c.MappingCassandraConverter    : Adding map.entry [updated_at] - [2025-08-10T02:11:43.356729Z]
2025-08-09T23:11:43.357-03:00 DEBUG 97564 --- [beauty-salon-backend] [           main] [                                                 ] o.s.data.cassandra.core.cql.CqlTemplate  : Preparing statement [INSERT INTO customers (id,name,email,phone,address,created_at,updated_at) VALUES (?,?,?,?,?,?,?)] using org.springframework.data.cassandra.core.CassandraTemplate$PreparedStatementHandler@594d3c8f
2025-08-09T23:11:43.357-03:00 DEBUG 97564 --- [beauty-salon-backend] [           main] [                                                 ] o.s.data.cassandra.core.cql.CqlTemplate  : Executing prepared statement [INSERT INTO customers (id,name,email,phone,address,created_at,updated_at) VALUES (?,?,?,?,?,?,?)]
2025-08-09T23:11:43.363-03:00 DEBUG 97564 --- [beauty-salon-backend] [           main] [                                                 ] o.s.d.c.c.c.MappingCassandraConverter    : doWithProperties Property.type java.util.UUID, Property.value 298a8f61-02d3-4e45-8b80-b96cd40a8ece
2025-08-09T23:11:43.363-03:00 DEBUG 97564 --- [beauty-salon-backend] [           main] [                                                 ] o.s.d.c.c.c.MappingCassandraConverter    : Adding map.entry [id] - [298a8f61-02d3-4e45-8b80-b96cd40a8ece]
2025-08-09T23:11:43.363-03:00 DEBUG 97564 --- [beauty-salon-backend] [           main] [                                                 ] o.s.d.c.c.c.MappingCassandraConverter    : doWithProperties Property.type java.lang.String, Property.value Cache Test Customer 3
2025-08-09T23:11:43.363-03:00 DEBUG 97564 --- [beauty-salon-backend] [           main] [                                                 ] o.s.d.c.c.c.MappingCassandraConverter    : Adding map.entry [name] - [Cache Test Customer 3]
2025-08-09T23:11:43.363-03:00 DEBUG 97564 --- [beauty-salon-backend] [           main] [                                                 ] o.s.d.c.c.c.MappingCassandraConverter    : doWithProperties Property.type java.lang.String, Property.value cache3@test.com
2025-08-09T23:11:43.363-03:00 DEBUG 97564 --- [beauty-salon-backend] [           main] [                                                 ] o.s.d.c.c.c.MappingCassandraConverter    : Adding map.entry [email] - [cache3@test.com]
2025-08-09T23:11:43.363-03:00 DEBUG 97564 --- [beauty-salon-backend] [           main] [                                                 ] o.s.d.c.c.c.MappingCassandraConverter    : doWithProperties Property.type java.lang.String, Property.value 5550000003
2025-08-09T23:11:43.363-03:00 DEBUG 97564 --- [beauty-salon-backend] [           main] [                                                 ] o.s.d.c.c.c.MappingCassandraConverter    : Adding map.entry [phone] - [5550000003]
2025-08-09T23:11:43.363-03:00 DEBUG 97564 --- [beauty-salon-backend] [           main] [                                                 ] o.s.d.c.c.c.MappingCassandraConverter    : doWithProperties Property.type java.lang.String, Property.value 123 Cache St 3
2025-08-09T23:11:43.363-03:00 DEBUG 97564 --- [beauty-salon-backend] [           main] [                                                 ] o.s.d.c.c.c.MappingCassandraConverter    : Adding map.entry [address] - [123 Cache St 3]
2025-08-09T23:11:43.363-03:00 DEBUG 97564 --- [beauty-salon-backend] [           main] [                                                 ] o.s.d.c.c.c.MappingCassandraConverter    : doWithProperties Property.type java.time.Instant, Property.value 2025-08-10T02:11:43.362982Z
2025-08-09T23:11:43.363-03:00 DEBUG 97564 --- [beauty-salon-backend] [           main] [                                                 ] o.s.d.c.c.c.MappingCassandraConverter    : Adding map.entry [created_at] - [2025-08-10T02:11:43.362982Z]
2025-08-09T23:11:43.363-03:00 DEBUG 97564 --- [beauty-salon-backend] [           main] [                                                 ] o.s.d.c.c.c.MappingCassandraConverter    : doWithProperties Property.type java.time.Instant, Property.value 2025-08-10T02:11:43.362983Z
2025-08-09T23:11:43.363-03:00 DEBUG 97564 --- [beauty-salon-backend] [           main] [                                                 ] o.s.d.c.c.c.MappingCassandraConverter    : Adding map.entry [updated_at] - [2025-08-10T02:11:43.362983Z]
2025-08-09T23:11:43.363-03:00 DEBUG 97564 --- [beauty-salon-backend] [           main] [                                                 ] o.s.data.cassandra.core.cql.CqlTemplate  : Preparing statement [INSERT INTO customers (id,name,email,phone,address,created_at,updated_at) VALUES (?,?,?,?,?,?,?)] using org.springframework.data.cassandra.core.CassandraTemplate$PreparedStatementHandler@544eba2
2025-08-09T23:11:43.363-03:00 DEBUG 97564 --- [beauty-salon-backend] [           main] [                                                 ] o.s.data.cassandra.core.cql.CqlTemplate  : Executing prepared statement [INSERT INTO customers (id,name,email,phone,address,created_at,updated_at) VALUES (?,?,?,?,?,?,?)]
2025-08-09T23:11:43.367-03:00 DEBUG 97564 --- [beauty-salon-backend] [           main] [                                                 ] o.s.d.c.c.c.MappingCassandraConverter    : doWithProperties Property.type java.util.UUID, Property.value 6db7b5ca-9558-437f-9c26-ec80907d4b38
2025-08-09T23:11:43.367-03:00 DEBUG 97564 --- [beauty-salon-backend] [           main] [                                                 ] o.s.d.c.c.c.MappingCassandraConverter    : Adding map.entry [id] - [6db7b5ca-9558-437f-9c26-ec80907d4b38]
2025-08-09T23:11:43.367-03:00 DEBUG 97564 --- [beauty-salon-backend] [           main] [                                                 ] o.s.d.c.c.c.MappingCassandraConverter    : doWithProperties Property.type java.lang.String, Property.value Cache Test Customer 4
2025-08-09T23:11:43.367-03:00 DEBUG 97564 --- [beauty-salon-backend] [           main] [                                                 ] o.s.d.c.c.c.MappingCassandraConverter    : Adding map.entry [name] - [Cache Test Customer 4]
2025-08-09T23:11:43.367-03:00 DEBUG 97564 --- [beauty-salon-backend] [           main] [                                                 ] o.s.d.c.c.c.MappingCassandraConverter    : doWithProperties Property.type java.lang.String, Property.value cache4@test.com
2025-08-09T23:11:43.368-03:00 DEBUG 97564 --- [beauty-salon-backend] [           main] [                                                 ] o.s.d.c.c.c.MappingCassandraConverter    : Adding map.entry [email] - [cache4@test.com]
2025-08-09T23:11:43.368-03:00 DEBUG 97564 --- [beauty-salon-backend] [           main] [                                                 ] o.s.d.c.c.c.MappingCassandraConverter    : doWithProperties Property.type java.lang.String, Property.value 5550000004
2025-08-09T23:11:43.368-03:00 DEBUG 97564 --- [beauty-salon-backend] [           main] [                                                 ] o.s.d.c.c.c.MappingCassandraConverter    : Adding map.entry [phone] - [5550000004]
2025-08-09T23:11:43.368-03:00 DEBUG 97564 --- [beauty-salon-backend] [           main] [                                                 ] o.s.d.c.c.c.MappingCassandraConverter    : doWithProperties Property.type java.lang.String, Property.value 123 Cache St 4
2025-08-09T23:11:43.368-03:00 DEBUG 97564 --- [beauty-salon-backend] [           main] [                                                 ] o.s.d.c.c.c.MappingCassandraConverter    : Adding map.entry [address] - [123 Cache St 4]
2025-08-09T23:11:43.368-03:00 DEBUG 97564 --- [beauty-salon-backend] [           main] [                                                 ] o.s.d.c.c.c.MappingCassandraConverter    : doWithProperties Property.type java.time.Instant, Property.value 2025-08-10T02:11:43.367698Z
2025-08-09T23:11:43.368-03:00 DEBUG 97564 --- [beauty-salon-backend] [           main] [                                                 ] o.s.d.c.c.c.MappingCassandraConverter    : Adding map.entry [created_at] - [2025-08-10T02:11:43.367698Z]
2025-08-09T23:11:43.368-03:00 DEBUG 97564 --- [beauty-salon-backend] [           main] [                                                 ] o.s.d.c.c.c.MappingCassandraConverter    : doWithProperties Property.type java.time.Instant, Property.value 2025-08-10T02:11:43.367698Z
2025-08-09T23:11:43.368-03:00 DEBUG 97564 --- [beauty-salon-backend] [           main] [                                                 ] o.s.d.c.c.c.MappingCassandraConverter    : Adding map.entry [updated_at] - [2025-08-10T02:11:43.367698Z]
2025-08-09T23:11:43.368-03:00 DEBUG 97564 --- [beauty-salon-backend] [           main] [                                                 ] o.s.data.cassandra.core.cql.CqlTemplate  : Preparing statement [INSERT INTO customers (id,name,email,phone,address,created_at,updated_at) VALUES (?,?,?,?,?,?,?)] using org.springframework.data.cassandra.core.CassandraTemplate$PreparedStatementHandler@127e90b2
2025-08-09T23:11:43.368-03:00 DEBUG 97564 --- [beauty-salon-backend] [           main] [                                                 ] o.s.data.cassandra.core.cql.CqlTemplate  : Executing prepared statement [INSERT INTO customers (id,name,email,phone,address,created_at,updated_at) VALUES (?,?,?,?,?,?,?)]
2025-08-09T23:11:43.372-03:00 DEBUG 97564 --- [beauty-salon-backend] [           main] [                                                 ] o.s.d.c.c.c.MappingCassandraConverter    : doWithProperties Property.type java.util.UUID, Property.value 28f3da88-d424-4c91-985d-2cc2ac82799b
2025-08-09T23:11:43.372-03:00 DEBUG 97564 --- [beauty-salon-backend] [           main] [                                                 ] o.s.d.c.c.c.MappingCassandraConverter    : Adding map.entry [id] - [28f3da88-d424-4c91-985d-2cc2ac82799b]
2025-08-09T23:11:43.372-03:00 DEBUG 97564 --- [beauty-salon-backend] [           main] [                                                 ] o.s.d.c.c.c.MappingCassandraConverter    : doWithProperties Property.type java.lang.String, Property.value Cache Test Customer 5
2025-08-09T23:11:43.372-03:00 DEBUG 97564 --- [beauty-salon-backend] [           main] [                                                 ] o.s.d.c.c.c.MappingCassandraConverter    : Adding map.entry [name] - [Cache Test Customer 5]
2025-08-09T23:11:43.372-03:00 DEBUG 97564 --- [beauty-salon-backend] [           main] [                                                 ] o.s.d.c.c.c.MappingCassandraConverter    : doWithProperties Property.type java.lang.String, Property.value cache5@test.com
2025-08-09T23:11:43.372-03:00 DEBUG 97564 --- [beauty-salon-backend] [           main] [                                                 ] o.s.d.c.c.c.MappingCassandraConverter    : Adding map.entry [email] - [cache5@test.com]
2025-08-09T23:11:43.373-03:00 DEBUG 97564 --- [beauty-salon-backend] [           main] [                                                 ] o.s.d.c.c.c.MappingCassandraConverter    : doWithProperties Property.type java.lang.String, Property.value 5550000005
2025-08-09T23:11:43.373-03:00 DEBUG 97564 --- [beauty-salon-backend] [           main] [                                                 ] o.s.d.c.c.c.MappingCassandraConverter    : Adding map.entry [phone] - [5550000005]
2025-08-09T23:11:43.373-03:00 DEBUG 97564 --- [beauty-salon-backend] [           main] [                                                 ] o.s.d.c.c.c.MappingCassandraConverter    : doWithProperties Property.type java.lang.String, Property.value 123 Cache St 5
2025-08-09T23:11:43.373-03:00 DEBUG 97564 --- [beauty-salon-backend] [           main] [                                                 ] o.s.d.c.c.c.MappingCassandraConverter    : Adding map.entry [address] - [123 Cache St 5]
2025-08-09T23:11:43.373-03:00 DEBUG 97564 --- [beauty-salon-backend] [           main] [                                                 ] o.s.d.c.c.c.MappingCassandraConverter    : doWithProperties Property.type java.time.Instant, Property.value 2025-08-10T02:11:43.372648Z
2025-08-09T23:11:43.373-03:00 DEBUG 97564 --- [beauty-salon-backend] [           main] [                                                 ] o.s.d.c.c.c.MappingCassandraConverter    : Adding map.entry [created_at] - [2025-08-10T02:11:43.372648Z]
2025-08-09T23:11:43.373-03:00 DEBUG 97564 --- [beauty-salon-backend] [           main] [                                                 ] o.s.d.c.c.c.MappingCassandraConverter    : doWithProperties Property.type java.time.Instant, Property.value 2025-08-10T02:11:43.372648Z
2025-08-09T23:11:43.373-03:00 DEBUG 97564 --- [beauty-salon-backend] [           main] [                                                 ] o.s.d.c.c.c.MappingCassandraConverter    : Adding map.entry [updated_at] - [2025-08-10T02:11:43.372648Z]
2025-08-09T23:11:43.373-03:00 DEBUG 97564 --- [beauty-salon-backend] [           main] [                                                 ] o.s.data.cassandra.core.cql.CqlTemplate  : Preparing statement [INSERT INTO customers (id,name,email,phone,address,created_at,updated_at) VALUES (?,?,?,?,?,?,?)] using org.springframework.data.cassandra.core.CassandraTemplate$PreparedStatementHandler@48cf21d7
2025-08-09T23:11:43.373-03:00 DEBUG 97564 --- [beauty-salon-backend] [           main] [                                                 ] o.s.data.cassandra.core.cql.CqlTemplate  : Executing prepared statement [INSERT INTO customers (id,name,email,phone,address,created_at,updated_at) VALUES (?,?,?,?,?,?,?)]
2025-08-09T23:11:43.377-03:00 DEBUG 97564 --- [beauty-salon-backend] [           main] [                                                 ] o.s.d.c.c.c.MappingCassandraConverter    : doWithProperties Property.type java.util.UUID, Property.value e4e50a9e-2dc3-4481-b5e4-55b6edca1de6
2025-08-09T23:11:43.377-03:00 DEBUG 97564 --- [beauty-salon-backend] [           main] [                                                 ] o.s.d.c.c.c.MappingCassandraConverter    : Adding map.entry [id] - [e4e50a9e-2dc3-4481-b5e4-55b6edca1de6]
2025-08-09T23:11:43.377-03:00 DEBUG 97564 --- [beauty-salon-backend] [           main] [                                                 ] o.s.d.c.c.c.MappingCassandraConverter    : doWithProperties Property.type java.lang.String, Property.value Cache Test Customer 6
2025-08-09T23:11:43.377-03:00 DEBUG 97564 --- [beauty-salon-backend] [           main] [                                                 ] o.s.d.c.c.c.MappingCassandraConverter    : Adding map.entry [name] - [Cache Test Customer 6]
2025-08-09T23:11:43.378-03:00 DEBUG 97564 --- [beauty-salon-backend] [           main] [                                                 ] o.s.d.c.c.c.MappingCassandraConverter    : doWithProperties Property.type java.lang.String, Property.value cache6@test.com
2025-08-09T23:11:43.378-03:00 DEBUG 97564 --- [beauty-salon-backend] [           main] [                                                 ] o.s.d.c.c.c.MappingCassandraConverter    : Adding map.entry [email] - [cache6@test.com]
2025-08-09T23:11:43.378-03:00 DEBUG 97564 --- [beauty-salon-backend] [           main] [                                                 ] o.s.d.c.c.c.MappingCassandraConverter    : doWithProperties Property.type java.lang.String, Property.value 5550000006
2025-08-09T23:11:43.378-03:00 DEBUG 97564 --- [beauty-salon-backend] [           main] [                                                 ] o.s.d.c.c.c.MappingCassandraConverter    : Adding map.entry [phone] - [5550000006]
2025-08-09T23:11:43.378-03:00 DEBUG 97564 --- [beauty-salon-backend] [           main] [                                                 ] o.s.d.c.c.c.MappingCassandraConverter    : doWithProperties Property.type java.lang.String, Property.value 123 Cache St 6
2025-08-09T23:11:43.378-03:00 DEBUG 97564 --- [beauty-salon-backend] [           main] [                                                 ] o.s.d.c.c.c.MappingCassandraConverter    : Adding map.entry [address] - [123 Cache St 6]
2025-08-09T23:11:43.378-03:00 DEBUG 97564 --- [beauty-salon-backend] [           main] [                                                 ] o.s.d.c.c.c.MappingCassandraConverter    : doWithProperties Property.type java.time.Instant, Property.value 2025-08-10T02:11:43.377779Z
2025-08-09T23:11:43.378-03:00 DEBUG 97564 --- [beauty-salon-backend] [           main] [                                                 ] o.s.d.c.c.c.MappingCassandraConverter    : Adding map.entry [created_at] - [2025-08-10T02:11:43.377779Z]
2025-08-09T23:11:43.378-03:00 DEBUG 97564 --- [beauty-salon-backend] [           main] [                                                 ] o.s.d.c.c.c.MappingCassandraConverter    : doWithProperties Property.type java.time.Instant, Property.value 2025-08-10T02:11:43.377779Z
2025-08-09T23:11:43.378-03:00 DEBUG 97564 --- [beauty-salon-backend] [           main] [                                                 ] o.s.d.c.c.c.MappingCassandraConverter    : Adding map.entry [updated_at] - [2025-08-10T02:11:43.377779Z]
2025-08-09T23:11:43.378-03:00 DEBUG 97564 --- [beauty-salon-backend] [           main] [                                                 ] o.s.data.cassandra.core.cql.CqlTemplate  : Preparing statement [INSERT INTO customers (id,name,email,phone,address,created_at,updated_at) VALUES (?,?,?,?,?,?,?)] using org.springframework.data.cassandra.core.CassandraTemplate$PreparedStatementHandler@37652627
2025-08-09T23:11:43.378-03:00 DEBUG 97564 --- [beauty-salon-backend] [           main] [                                                 ] o.s.data.cassandra.core.cql.CqlTemplate  : Executing prepared statement [INSERT INTO customers (id,name,email,phone,address,created_at,updated_at) VALUES (?,?,?,?,?,?,?)]
2025-08-09T23:11:43.382-03:00 DEBUG 97564 --- [beauty-salon-backend] [           main] [                                                 ] o.s.d.c.c.c.MappingCassandraConverter    : doWithProperties Property.type java.util.UUID, Property.value f1473f19-e968-4b4c-970a-92914caa2fb6
2025-08-09T23:11:43.382-03:00 DEBUG 97564 --- [beauty-salon-backend] [           main] [                                                 ] o.s.d.c.c.c.MappingCassandraConverter    : Adding map.entry [id] - [f1473f19-e968-4b4c-970a-92914caa2fb6]
2025-08-09T23:11:43.382-03:00 DEBUG 97564 --- [beauty-salon-backend] [           main] [                                                 ] o.s.d.c.c.c.MappingCassandraConverter    : doWithProperties Property.type java.lang.String, Property.value Cache Test Customer 7
2025-08-09T23:11:43.382-03:00 DEBUG 97564 --- [beauty-salon-backend] [           main] [                                                 ] o.s.d.c.c.c.MappingCassandraConverter    : Adding map.entry [name] - [Cache Test Customer 7]
2025-08-09T23:11:43.382-03:00 DEBUG 97564 --- [beauty-salon-backend] [           main] [                                                 ] o.s.d.c.c.c.MappingCassandraConverter    : doWithProperties Property.type java.lang.String, Property.value cache7@test.com
2025-08-09T23:11:43.382-03:00 DEBUG 97564 --- [beauty-salon-backend] [           main] [                                                 ] o.s.d.c.c.c.MappingCassandraConverter    : Adding map.entry [email] - [cache7@test.com]
2025-08-09T23:11:43.382-03:00 DEBUG 97564 --- [beauty-salon-backend] [           main] [                                                 ] o.s.d.c.c.c.MappingCassandraConverter    : doWithProperties Property.type java.lang.String, Property.value 5550000007
2025-08-09T23:11:43.382-03:00 DEBUG 97564 --- [beauty-salon-backend] [           main] [                                                 ] o.s.d.c.c.c.MappingCassandraConverter    : Adding map.entry [phone] - [5550000007]
2025-08-09T23:11:43.383-03:00 DEBUG 97564 --- [beauty-salon-backend] [           main] [                                                 ] o.s.d.c.c.c.MappingCassandraConverter    : doWithProperties Property.type java.lang.String, Property.value 123 Cache St 7
2025-08-09T23:11:43.383-03:00 DEBUG 97564 --- [beauty-salon-backend] [           main] [                                                 ] o.s.d.c.c.c.MappingCassandraConverter    : Adding map.entry [address] - [123 Cache St 7]
2025-08-09T23:11:43.383-03:00 DEBUG 97564 --- [beauty-salon-backend] [           main] [                                                 ] o.s.d.c.c.c.MappingCassandraConverter    : doWithProperties Property.type java.time.Instant, Property.value 2025-08-10T02:11:43.382581Z
2025-08-09T23:11:43.383-03:00 DEBUG 97564 --- [beauty-salon-backend] [           main] [                                                 ] o.s.d.c.c.c.MappingCassandraConverter    : Adding map.entry [created_at] - [2025-08-10T02:11:43.382581Z]
2025-08-09T23:11:43.383-03:00 DEBUG 97564 --- [beauty-salon-backend] [           main] [                                                 ] o.s.d.c.c.c.MappingCassandraConverter    : doWithProperties Property.type java.time.Instant, Property.value 2025-08-10T02:11:43.382581Z
2025-08-09T23:11:43.383-03:00 DEBUG 97564 --- [beauty-salon-backend] [           main] [                                                 ] o.s.d.c.c.c.MappingCassandraConverter    : Adding map.entry [updated_at] - [2025-08-10T02:11:43.382581Z]
2025-08-09T23:11:43.383-03:00 DEBUG 97564 --- [beauty-salon-backend] [           main] [                                                 ] o.s.data.cassandra.core.cql.CqlTemplate  : Preparing statement [INSERT INTO customers (id,name,email,phone,address,created_at,updated_at) VALUES (?,?,?,?,?,?,?)] using org.springframework.data.cassandra.core.CassandraTemplate$PreparedStatementHandler@4adbab7e
2025-08-09T23:11:43.383-03:00 DEBUG 97564 --- [beauty-salon-backend] [           main] [                                                 ] o.s.data.cassandra.core.cql.CqlTemplate  : Executing prepared statement [INSERT INTO customers (id,name,email,phone,address,created_at,updated_at) VALUES (?,?,?,?,?,?,?)]
2025-08-09T23:11:43.388-03:00 DEBUG 97564 --- [beauty-salon-backend] [           main] [                                                 ] o.s.d.c.c.c.MappingCassandraConverter    : doWithProperties Property.type java.util.UUID, Property.value 2051cfd6-c05a-49cb-a9af-2cf05909be8f
2025-08-09T23:11:43.388-03:00 DEBUG 97564 --- [beauty-salon-backend] [           main] [                                                 ] o.s.d.c.c.c.MappingCassandraConverter    : Adding map.entry [id] - [2051cfd6-c05a-49cb-a9af-2cf05909be8f]
2025-08-09T23:11:43.388-03:00 DEBUG 97564 --- [beauty-salon-backend] [           main] [                                                 ] o.s.d.c.c.c.MappingCassandraConverter    : doWithProperties Property.type java.lang.String, Property.value Cache Test Customer 8
2025-08-09T23:11:43.388-03:00 DEBUG 97564 --- [beauty-salon-backend] [           main] [                                                 ] o.s.d.c.c.c.MappingCassandraConverter    : Adding map.entry [name] - [Cache Test Customer 8]
2025-08-09T23:11:43.388-03:00 DEBUG 97564 --- [beauty-salon-backend] [           main] [                                                 ] o.s.d.c.c.c.MappingCassandraConverter    : doWithProperties Property.type java.lang.String, Property.value cache8@test.com
2025-08-09T23:11:43.388-03:00 DEBUG 97564 --- [beauty-salon-backend] [           main] [                                                 ] o.s.d.c.c.c.MappingCassandraConverter    : Adding map.entry [email] - [cache8@test.com]
2025-08-09T23:11:43.388-03:00 DEBUG 97564 --- [beauty-salon-backend] [           main] [                                                 ] o.s.d.c.c.c.MappingCassandraConverter    : doWithProperties Property.type java.lang.String, Property.value 5550000008
2025-08-09T23:11:43.388-03:00 DEBUG 97564 --- [beauty-salon-backend] [           main] [                                                 ] o.s.d.c.c.c.MappingCassandraConverter    : Adding map.entry [phone] - [5550000008]
2025-08-09T23:11:43.388-03:00 DEBUG 97564 --- [beauty-salon-backend] [           main] [                                                 ] o.s.d.c.c.c.MappingCassandraConverter    : doWithProperties Property.type java.lang.String, Property.value 123 Cache St 8
2025-08-09T23:11:43.388-03:00 DEBUG 97564 --- [beauty-salon-backend] [           main] [                                                 ] o.s.d.c.c.c.MappingCassandraConverter    : Adding map.entry [address] - [123 Cache St 8]
2025-08-09T23:11:43.388-03:00 DEBUG 97564 --- [beauty-salon-backend] [           main] [                                                 ] o.s.d.c.c.c.MappingCassandraConverter    : doWithProperties Property.type java.time.Instant, Property.value 2025-08-10T02:11:43.387966Z
2025-08-09T23:11:43.388-03:00 DEBUG 97564 --- [beauty-salon-backend] [           main] [                                                 ] o.s.d.c.c.c.MappingCassandraConverter    : Adding map.entry [created_at] - [2025-08-10T02:11:43.387966Z]
2025-08-09T23:11:43.388-03:00 DEBUG 97564 --- [beauty-salon-backend] [           main] [                                                 ] o.s.d.c.c.c.MappingCassandraConverter    : doWithProperties Property.type java.time.Instant, Property.value 2025-08-10T02:11:43.387982Z
2025-08-09T23:11:43.388-03:00 DEBUG 97564 --- [beauty-salon-backend] [           main] [                                                 ] o.s.d.c.c.c.MappingCassandraConverter    : Adding map.entry [updated_at] - [2025-08-10T02:11:43.387982Z]
2025-08-09T23:11:43.388-03:00 DEBUG 97564 --- [beauty-salon-backend] [           main] [                                                 ] o.s.data.cassandra.core.cql.CqlTemplate  : Preparing statement [INSERT INTO customers (id,name,email,phone,address,created_at,updated_at) VALUES (?,?,?,?,?,?,?)] using org.springframework.data.cassandra.core.CassandraTemplate$PreparedStatementHandler@43c3b180
2025-08-09T23:11:43.388-03:00 DEBUG 97564 --- [beauty-salon-backend] [           main] [                                                 ] o.s.data.cassandra.core.cql.CqlTemplate  : Executing prepared statement [INSERT INTO customers (id,name,email,phone,address,created_at,updated_at) VALUES (?,?,?,?,?,?,?)]
2025-08-09T23:11:43.393-03:00 DEBUG 97564 --- [beauty-salon-backend] [           main] [                                                 ] o.s.d.c.c.c.MappingCassandraConverter    : doWithProperties Property.type java.util.UUID, Property.value 5da68662-09ac-4ecc-9ec7-2eadb3c356bc
2025-08-09T23:11:43.393-03:00 DEBUG 97564 --- [beauty-salon-backend] [           main] [                                                 ] o.s.d.c.c.c.MappingCassandraConverter    : Adding map.entry [id] - [5da68662-09ac-4ecc-9ec7-2eadb3c356bc]
2025-08-09T23:11:43.393-03:00 DEBUG 97564 --- [beauty-salon-backend] [           main] [                                                 ] o.s.d.c.c.c.MappingCassandraConverter    : doWithProperties Property.type java.lang.String, Property.value Cache Test Customer 9
2025-08-09T23:11:43.393-03:00 DEBUG 97564 --- [beauty-salon-backend] [           main] [                                                 ] o.s.d.c.c.c.MappingCassandraConverter    : Adding map.entry [name] - [Cache Test Customer 9]
2025-08-09T23:11:43.393-03:00 DEBUG 97564 --- [beauty-salon-backend] [           main] [                                                 ] o.s.d.c.c.c.MappingCassandraConverter    : doWithProperties Property.type java.lang.String, Property.value cache9@test.com
2025-08-09T23:11:43.393-03:00 DEBUG 97564 --- [beauty-salon-backend] [           main] [                                                 ] o.s.d.c.c.c.MappingCassandraConverter    : Adding map.entry [email] - [cache9@test.com]
2025-08-09T23:11:43.393-03:00 DEBUG 97564 --- [beauty-salon-backend] [           main] [                                                 ] o.s.d.c.c.c.MappingCassandraConverter    : doWithProperties Property.type java.lang.String, Property.value 5550000009
2025-08-09T23:11:43.393-03:00 DEBUG 97564 --- [beauty-salon-backend] [           main] [                                                 ] o.s.d.c.c.c.MappingCassandraConverter    : Adding map.entry [phone] - [5550000009]
2025-08-09T23:11:43.393-03:00 DEBUG 97564 --- [beauty-salon-backend] [           main] [                                                 ] o.s.d.c.c.c.MappingCassandraConverter    : doWithProperties Property.type java.lang.String, Property.value 123 Cache St 9
2025-08-09T23:11:43.393-03:00 DEBUG 97564 --- [beauty-salon-backend] [           main] [                                                 ] o.s.d.c.c.c.MappingCassandraConverter    : Adding map.entry [address] - [123 Cache St 9]
2025-08-09T23:11:43.393-03:00 DEBUG 97564 --- [beauty-salon-backend] [           main] [                                                 ] o.s.d.c.c.c.MappingCassandraConverter    : doWithProperties Property.type java.time.Instant, Property.value 2025-08-10T02:11:43.393404Z
2025-08-09T23:11:43.393-03:00 DEBUG 97564 --- [beauty-salon-backend] [           main] [                                                 ] o.s.d.c.c.c.MappingCassandraConverter    : Adding map.entry [created_at] - [2025-08-10T02:11:43.393404Z]
2025-08-09T23:11:43.394-03:00 DEBUG 97564 --- [beauty-salon-backend] [           main] [                                                 ] o.s.d.c.c.c.MappingCassandraConverter    : doWithProperties Property.type java.time.Instant, Property.value 2025-08-10T02:11:43.393404Z
2025-08-09T23:11:43.394-03:00 DEBUG 97564 --- [beauty-salon-backend] [           main] [                                                 ] o.s.d.c.c.c.MappingCassandraConverter    : Adding map.entry [updated_at] - [2025-08-10T02:11:43.393404Z]
2025-08-09T23:11:43.394-03:00 DEBUG 97564 --- [beauty-salon-backend] [           main] [                                                 ] o.s.data.cassandra.core.cql.CqlTemplate  : Preparing statement [INSERT INTO customers (id,name,email,phone,address,created_at,updated_at) VALUES (?,?,?,?,?,?,?)] using org.springframework.data.cassandra.core.CassandraTemplate$PreparedStatementHandler@7039f339
2025-08-09T23:11:43.394-03:00 DEBUG 97564 --- [beauty-salon-backend] [           main] [                                                 ] o.s.data.cassandra.core.cql.CqlTemplate  : Executing prepared statement [INSERT INTO customers (id,name,email,phone,address,created_at,updated_at) VALUES (?,?,?,?,?,?,?)]

=== Phase 2: Connection Pool Performance Test ===
2025-08-09T23:11:43.400-03:00 DEBUG 97564 --- [beauty-salon-backend] [pool-3-thread-1] [                                                 ] o.s.d.c.c.c.MappingCassandraConverter    : doWithProperties Property.type java.util.UUID, Property.value 8f4e8395-78d4-4aa5-ae66-679ab4ab04b0
2025-08-09T23:11:43.400-03:00 DEBUG 97564 --- [beauty-salon-backend] [pool-3-thread-1] [                                                 ] o.s.d.c.c.c.MappingCassandraConverter    : Adding map.entry [id] - [8f4e8395-78d4-4aa5-ae66-679ab4ab04b0]
2025-08-09T23:11:43.400-03:00 DEBUG 97564 --- [beauty-salon-backend] [pool-3-thread-1] [                                                 ] o.s.d.c.c.c.MappingCassandraConverter    : doWithProperties Property.type java.lang.String, Property.value Pool Test 0
2025-08-09T23:11:43.400-03:00 DEBUG 97564 --- [beauty-salon-backend] [pool-3-thread-1] [                                                 ] o.s.d.c.c.c.MappingCassandraConverter    : Adding map.entry [name] - [Pool Test 0]
2025-08-09T23:11:43.400-03:00 DEBUG 97564 --- [beauty-salon-backend] [ool-3-thread-10] [                                                 ] o.s.d.c.c.c.MappingCassandraConverter    : doWithProperties Property.type java.util.UUID, Property.value 8419648d-62e4-4c74-b74b-118e366aef63
2025-08-09T23:11:43.400-03:00 DEBUG 97564 --- [beauty-salon-backend] [pool-3-thread-1] [                                                 ] o.s.d.c.c.c.MappingCassandraConverter    : doWithProperties Property.type java.lang.String, Property.value pool0@test.com
2025-08-09T23:11:43.400-03:00 DEBUG 97564 --- [beauty-salon-backend] [pool-3-thread-1] [                                                 ] o.s.d.c.c.c.MappingCassandraConverter    : Adding map.entry [email] - [pool0@test.com]
2025-08-09T23:11:43.400-03:00 DEBUG 97564 --- [beauty-salon-backend] [ool-3-thread-10] [                                                 ] o.s.d.c.c.c.MappingCassandraConverter    : Adding map.entry [id] - [8419648d-62e4-4c74-b74b-118e366aef63]
2025-08-09T23:11:43.400-03:00 DEBUG 97564 --- [beauty-salon-backend] [pool-3-thread-1] [                                                 ] o.s.d.c.c.c.MappingCassandraConverter    : doWithProperties Property.type java.lang.String, Property.value 5550000000
2025-08-09T23:11:43.400-03:00 DEBUG 97564 --- [beauty-salon-backend] [pool-3-thread-7] [                                                 ] o.s.d.c.c.c.MappingCassandraConverter    : doWithProperties Property.type java.util.UUID, Property.value cbf03bc6-9c4b-4e3d-a8ef-8b03dc6cae2e
2025-08-09T23:11:43.400-03:00 DEBUG 97564 --- [beauty-salon-backend] [pool-3-thread-4] [                                                 ] o.s.d.c.c.c.MappingCassandraConverter    : doWithProperties Property.type java.util.UUID, Property.value 272196c6-4aaa-4b33-9c87-5b74e38acebc
2025-08-09T23:11:43.401-03:00 DEBUG 97564 --- [beauty-salon-backend] [pool-3-thread-7] [                                                 ] o.s.d.c.c.c.MappingCassandraConverter    : Adding map.entry [id] - [cbf03bc6-9c4b-4e3d-a8ef-8b03dc6cae2e]
2025-08-09T23:11:43.401-03:00 DEBUG 97564 --- [beauty-salon-backend] [pool-3-thread-4] [                                                 ] o.s.d.c.c.c.MappingCassandraConverter    : Adding map.entry [id] - [272196c6-4aaa-4b33-9c87-5b74e38acebc]
2025-08-09T23:11:43.401-03:00 DEBUG 97564 --- [beauty-salon-backend] [pool-3-thread-4] [                                                 ] o.s.d.c.c.c.MappingCassandraConverter    : doWithProperties Property.type java.lang.String, Property.value Pool Test 3
2025-08-09T23:11:43.401-03:00 DEBUG 97564 --- [beauty-salon-backend] [ool-3-thread-10] [                                                 ] o.s.d.c.c.c.MappingCassandraConverter    : doWithProperties Property.type java.lang.String, Property.value Pool Test 9
2025-08-09T23:11:43.401-03:00 DEBUG 97564 --- [beauty-salon-backend] [ool-3-thread-10] [                                                 ] o.s.d.c.c.c.MappingCassandraConverter    : Adding map.entry [name] - [Pool Test 9]
2025-08-09T23:11:43.401-03:00 DEBUG 97564 --- [beauty-salon-backend] [pool-3-thread-1] [                                                 ] o.s.d.c.c.c.MappingCassandraConverter    : Adding map.entry [phone] - [5550000000]
2025-08-09T23:11:43.401-03:00 DEBUG 97564 --- [beauty-salon-backend] [pool-3-thread-7] [                                                 ] o.s.d.c.c.c.MappingCassandraConverter    : doWithProperties Property.type java.lang.String, Property.value Pool Test 6
2025-08-09T23:11:43.401-03:00 DEBUG 97564 --- [beauty-salon-backend] [pool-3-thread-7] [                                                 ] o.s.d.c.c.c.MappingCassandraConverter    : Adding map.entry [name] - [Pool Test 6]
2025-08-09T23:11:43.401-03:00 DEBUG 97564 --- [beauty-salon-backend] [pool-3-thread-4] [                                                 ] o.s.d.c.c.c.MappingCassandraConverter    : Adding map.entry [name] - [Pool Test 3]
2025-08-09T23:11:43.401-03:00 DEBUG 97564 --- [beauty-salon-backend] [pool-3-thread-7] [                                                 ] o.s.d.c.c.c.MappingCassandraConverter    : doWithProperties Property.type java.lang.String, Property.value pool6@test.com
2025-08-09T23:11:43.401-03:00 DEBUG 97564 --- [beauty-salon-backend] [pool-3-thread-4] [                                                 ] o.s.d.c.c.c.MappingCassandraConverter    : doWithProperties Property.type java.lang.String, Property.value pool3@test.com
2025-08-09T23:11:43.401-03:00 DEBUG 97564 --- [beauty-salon-backend] [pool-3-thread-7] [                                                 ] o.s.d.c.c.c.MappingCassandraConverter    : Adding map.entry [email] - [pool6@test.com]
2025-08-09T23:11:43.401-03:00 DEBUG 97564 --- [beauty-salon-backend] [pool-3-thread-4] [                                                 ] o.s.d.c.c.c.MappingCassandraConverter    : Adding map.entry [email] - [pool3@test.com]
2025-08-09T23:11:43.401-03:00 DEBUG 97564 --- [beauty-salon-backend] [pool-3-thread-7] [                                                 ] o.s.d.c.c.c.MappingCassandraConverter    : doWithProperties Property.type java.lang.String, Property.value 5550000006
2025-08-09T23:11:43.401-03:00 DEBUG 97564 --- [beauty-salon-backend] [pool-3-thread-4] [                                                 ] o.s.d.c.c.c.MappingCassandraConverter    : doWithProperties Property.type java.lang.String, Property.value 5550000003
2025-08-09T23:11:43.401-03:00 DEBUG 97564 --- [beauty-salon-backend] [pool-3-thread-4] [                                                 ] o.s.d.c.c.c.MappingCassandraConverter    : Adding map.entry [phone] - [5550000003]
2025-08-09T23:11:43.401-03:00 DEBUG 97564 --- [beauty-salon-backend] [pool-3-thread-4] [                                                 ] o.s.d.c.c.c.MappingCassandraConverter    : doWithProperties Property.type java.lang.String, Property.value Pool St 3
2025-08-09T23:11:43.401-03:00 DEBUG 97564 --- [beauty-salon-backend] [pool-3-thread-4] [                                                 ] o.s.d.c.c.c.MappingCassandraConverter    : Adding map.entry [address] - [Pool St 3]
2025-08-09T23:11:43.401-03:00 DEBUG 97564 --- [beauty-salon-backend] [ool-3-thread-10] [                                                 ] o.s.d.c.c.c.MappingCassandraConverter    : doWithProperties Property.type java.lang.String, Property.value pool9@test.com
2025-08-09T23:11:43.401-03:00 DEBUG 97564 --- [beauty-salon-backend] [pool-3-thread-4] [                                                 ] o.s.d.c.c.c.MappingCassandraConverter    : doWithProperties Property.type java.time.Instant, Property.value 2025-08-10T02:11:43.400901Z
2025-08-09T23:11:43.401-03:00 DEBUG 97564 --- [beauty-salon-backend] [ool-3-thread-10] [                                                 ] o.s.d.c.c.c.MappingCassandraConverter    : Adding map.entry [email] - [pool9@test.com]
2025-08-09T23:11:43.401-03:00 DEBUG 97564 --- [beauty-salon-backend] [pool-3-thread-1] [                                                 ] o.s.d.c.c.c.MappingCassandraConverter    : doWithProperties Property.type java.lang.String, Property.value Pool St 0
2025-08-09T23:11:43.402-03:00 DEBUG 97564 --- [beauty-salon-backend] [pool-3-thread-1] [                                                 ] o.s.d.c.c.c.MappingCassandraConverter    : Adding map.entry [address] - [Pool St 0]
2025-08-09T23:11:43.401-03:00 DEBUG 97564 --- [beauty-salon-backend] [pool-3-thread-7] [                                                 ] o.s.d.c.c.c.MappingCassandraConverter    : Adding map.entry [phone] - [5550000006]
2025-08-09T23:11:43.402-03:00 DEBUG 97564 --- [beauty-salon-backend] [pool-3-thread-1] [                                                 ] o.s.d.c.c.c.MappingCassandraConverter    : doWithProperties Property.type java.time.Instant, Property.value 2025-08-10T02:11:43.400281Z
2025-08-09T23:11:43.401-03:00 DEBUG 97564 --- [beauty-salon-backend] [ool-3-thread-13] [                                                 ] o.s.d.c.c.c.MappingCassandraConverter    : doWithProperties Property.type java.util.UUID, Property.value ffc3bbcb-3d15-4d31-ad78-c55440cc6a31
2025-08-09T23:11:43.402-03:00 DEBUG 97564 --- [beauty-salon-backend] [pool-3-thread-7] [                                                 ] o.s.d.c.c.c.MappingCassandraConverter    : doWithProperties Property.type java.lang.String, Property.value Pool St 6
2025-08-09T23:11:43.402-03:00 DEBUG 97564 --- [beauty-salon-backend] [ool-3-thread-13] [                                                 ] o.s.d.c.c.c.MappingCassandraConverter    : Adding map.entry [id] - [ffc3bbcb-3d15-4d31-ad78-c55440cc6a31]
2025-08-09T23:11:43.402-03:00 DEBUG 97564 --- [beauty-salon-backend] [pool-3-thread-4] [                                                 ] o.s.d.c.c.c.MappingCassandraConverter    : Adding map.entry [created_at] - [2025-08-10T02:11:43.400901Z]
2025-08-09T23:11:43.402-03:00 DEBUG 97564 --- [beauty-salon-backend] [ool-3-thread-13] [                                                 ] o.s.d.c.c.c.MappingCassandraConverter    : doWithProperties Property.type java.lang.String, Property.value Pool Test 12
2025-08-09T23:11:43.402-03:00 DEBUG 97564 --- [beauty-salon-backend] [pool-3-thread-4] [                                                 ] o.s.d.c.c.c.MappingCassandraConverter    : doWithProperties Property.type java.time.Instant, Property.value 2025-08-10T02:11:43.400902Z
2025-08-09T23:11:43.402-03:00 DEBUG 97564 --- [beauty-salon-backend] [ool-3-thread-13] [                                                 ] o.s.d.c.c.c.MappingCassandraConverter    : Adding map.entry [name] - [Pool Test 12]
2025-08-09T23:11:43.402-03:00 DEBUG 97564 --- [beauty-salon-backend] [ool-3-thread-10] [                                                 ] o.s.d.c.c.c.MappingCassandraConverter    : doWithProperties Property.type java.lang.String, Property.value 5550000009
2025-08-09T23:11:43.402-03:00 DEBUG 97564 --- [beauty-salon-backend] [ool-3-thread-19] [                                                 ] o.s.d.c.c.c.MappingCassandraConverter    : doWithProperties Property.type java.util.UUID, Property.value 47533007-88fa-46ca-92e9-e036b5703b04
2025-08-09T23:11:43.402-03:00 DEBUG 97564 --- [beauty-salon-backend] [ool-3-thread-13] [                                                 ] o.s.d.c.c.c.MappingCassandraConverter    : doWithProperties Property.type java.lang.String, Property.value pool12@test.com
2025-08-09T23:11:43.402-03:00 DEBUG 97564 --- [beauty-salon-backend] [ool-3-thread-19] [                                                 ] o.s.d.c.c.c.MappingCassandraConverter    : Adding map.entry [id] - [47533007-88fa-46ca-92e9-e036b5703b04]
2025-08-09T23:11:43.402-03:00 DEBUG 97564 --- [beauty-salon-backend] [pool-3-thread-1] [                                                 ] o.s.d.c.c.c.MappingCassandraConverter    : Adding map.entry [created_at] - [2025-08-10T02:11:43.400281Z]
2025-08-09T23:11:43.402-03:00 DEBUG 97564 --- [beauty-salon-backend] [ool-3-thread-19] [                                                 ] o.s.d.c.c.c.MappingCassandraConverter    : doWithProperties Property.type java.lang.String, Property.value Pool Test 18
2025-08-09T23:11:43.402-03:00 DEBUG 97564 --- [beauty-salon-backend] [pool-3-thread-1] [                                                 ] o.s.d.c.c.c.MappingCassandraConverter    : doWithProperties Property.type java.time.Instant, Property.value 2025-08-10T02:11:43.400281Z
2025-08-09T23:11:43.402-03:00 DEBUG 97564 --- [beauty-salon-backend] [pool-3-thread-1] [                                                 ] o.s.d.c.c.c.MappingCassandraConverter    : Adding map.entry [updated_at] - [2025-08-10T02:11:43.400281Z]
2025-08-09T23:11:43.402-03:00 DEBUG 97564 --- [beauty-salon-backend] [ool-3-thread-22] [                                                 ] o.s.d.c.c.c.MappingCassandraConverter    : doWithProperties Property.type java.util.UUID, Property.value c8e1fd77-b53e-46cc-931c-4b34bb3d4736
2025-08-09T23:11:43.402-03:00 DEBUG 97564 --- [beauty-salon-backend] [ool-3-thread-22] [                                                 ] o.s.d.c.c.c.MappingCassandraConverter    : Adding map.entry [id] - [c8e1fd77-b53e-46cc-931c-4b34bb3d4736]
2025-08-09T23:11:43.402-03:00 DEBUG 97564 --- [beauty-salon-backend] [pool-3-thread-7] [                                                 ] o.s.d.c.c.c.MappingCassandraConverter    : Adding map.entry [address] - [Pool St 6]
2025-08-09T23:11:43.402-03:00 DEBUG 97564 --- [beauty-salon-backend] [ool-3-thread-22] [                                                 ] o.s.d.c.c.c.MappingCassandraConverter    : doWithProperties Property.type java.lang.String, Property.value Pool Test 21
2025-08-09T23:11:43.402-03:00 DEBUG 97564 --- [beauty-salon-backend] [ool-3-thread-16] [                                                 ] o.s.d.c.c.c.MappingCassandraConverter    : doWithProperties Property.type java.util.UUID, Property.value da260f58-3fa8-4648-8d75-676130a91c52
2025-08-09T23:11:43.402-03:00 DEBUG 97564 --- [beauty-salon-backend] [ool-3-thread-22] [                                                 ] o.s.d.c.c.c.MappingCassandraConverter    : Adding map.entry [name] - [Pool Test 21]
2025-08-09T23:11:43.402-03:00 DEBUG 97564 --- [beauty-salon-backend] [ool-3-thread-16] [                                                 ] o.s.d.c.c.c.MappingCassandraConverter    : Adding map.entry [id] - [da260f58-3fa8-4648-8d75-676130a91c52]
2025-08-09T23:11:43.402-03:00 DEBUG 97564 --- [beauty-salon-backend] [pool-3-thread-4] [                                                 ] o.s.d.c.c.c.MappingCassandraConverter    : Adding map.entry [updated_at] - [2025-08-10T02:11:43.400902Z]
2025-08-09T23:11:43.402-03:00 DEBUG 97564 --- [beauty-salon-backend] [pool-3-thread-7] [                                                 ] o.s.d.c.c.c.MappingCassandraConverter    : doWithProperties Property.type java.time.Instant, Property.value 2025-08-10T02:11:43.400901Z
2025-08-09T23:11:43.402-03:00 DEBUG 97564 --- [beauty-salon-backend] [pool-3-thread-1] [                                                 ] o.s.data.cassandra.core.cql.CqlTemplate  : Preparing statement [INSERT INTO customers (id,name,email,phone,address,created_at,updated_at) VALUES (?,?,?,?,?,?,?)] using org.springframework.data.cassandra.core.CassandraTemplate$PreparedStatementHandler@5cd14a7d
2025-08-09T23:11:43.402-03:00 DEBUG 97564 --- [beauty-salon-backend] [ool-3-thread-10] [                                                 ] o.s.d.c.c.c.MappingCassandraConverter    : Adding map.entry [phone] - [5550000009]
2025-08-09T23:11:43.402-03:00 DEBUG 97564 --- [beauty-salon-backend] [ool-3-thread-13] [                                                 ] o.s.d.c.c.c.MappingCassandraConverter    : Adding map.entry [email] - [pool12@test.com]
2025-08-09T23:11:43.403-03:00 DEBUG 97564 --- [beauty-salon-backend] [ool-3-thread-10] [                                                 ] o.s.d.c.c.c.MappingCassandraConverter    : doWithProperties Property.type java.lang.String, Property.value Pool St 9
2025-08-09T23:11:43.403-03:00 DEBUG 97564 --- [beauty-salon-backend] [pool-3-thread-4] [                                                 ] o.s.data.cassandra.core.cql.CqlTemplate  : Preparing statement [INSERT INTO customers (id,name,email,phone,address,created_at,updated_at) VALUES (?,?,?,?,?,?,?)] using org.springframework.data.cassandra.core.CassandraTemplate$PreparedStatementHandler@2864ab1c
2025-08-09T23:11:43.402-03:00 DEBUG 97564 --- [beauty-salon-backend] [ool-3-thread-19] [                                                 ] o.s.d.c.c.c.MappingCassandraConverter    : Adding map.entry [name] - [Pool Test 18]
2025-08-09T23:11:43.403-03:00 DEBUG 97564 --- [beauty-salon-backend] [ool-3-thread-28] [                                                 ] o.s.d.c.c.c.MappingCassandraConverter    : doWithProperties Property.type java.util.UUID, Property.value 8dd0769b-ddf6-49df-82a6-b0b6cf2b75eb
2025-08-09T23:11:43.402-03:00 DEBUG 97564 --- [beauty-salon-backend] [ool-3-thread-22] [                                                 ] o.s.d.c.c.c.MappingCassandraConverter    : doWithProperties Property.type java.lang.String, Property.value pool21@test.com
2025-08-09T23:11:43.402-03:00 DEBUG 97564 --- [beauty-salon-backend] [ool-3-thread-16] [                                                 ] o.s.d.c.c.c.MappingCassandraConverter    : doWithProperties Property.type java.lang.String, Property.value Pool Test 15
2025-08-09T23:11:43.403-03:00 DEBUG 97564 --- [beauty-salon-backend] [ool-3-thread-16] [                                                 ] o.s.d.c.c.c.MappingCassandraConverter    : Adding map.entry [name] - [Pool Test 15]
2025-08-09T23:11:43.402-03:00 DEBUG 97564 --- [beauty-salon-backend] [ool-3-thread-25] [                                                 ] o.s.d.c.c.c.MappingCassandraConverter    : doWithProperties Property.type java.util.UUID, Property.value c4474d07-b364-44b9-9822-adc86f44b2ca
2025-08-09T23:11:43.403-03:00 DEBUG 97564 --- [beauty-salon-backend] [ool-3-thread-25] [                                                 ] o.s.d.c.c.c.MappingCassandraConverter    : Adding map.entry [id] - [c4474d07-b364-44b9-9822-adc86f44b2ca]
2025-08-09T23:11:43.402-03:00 DEBUG 97564 --- [beauty-salon-backend] [pool-3-thread-7] [                                                 ] o.s.d.c.c.c.MappingCassandraConverter    : Adding map.entry [created_at] - [2025-08-10T02:11:43.400901Z]
2025-08-09T23:11:43.403-03:00 DEBUG 97564 --- [beauty-salon-backend] [ool-3-thread-25] [                                                 ] o.s.d.c.c.c.MappingCassandraConverter    : doWithProperties Property.type java.lang.String, Property.value Pool Test 24
2025-08-09T23:11:43.403-03:00 DEBUG 97564 --- [beauty-salon-backend] [ool-3-thread-25] [                                                 ] o.s.d.c.c.c.MappingCassandraConverter    : Adding map.entry [name] - [Pool Test 24]
2025-08-09T23:11:43.403-03:00 DEBUG 97564 --- [beauty-salon-backend] [ool-3-thread-31] [                                                 ] o.s.d.c.c.c.MappingCassandraConverter    : doWithProperties Property.type java.util.UUID, Property.value 582f9c84-c537-4a4d-822a-eb9a036bd7e2
2025-08-09T23:11:43.403-03:00 DEBUG 97564 --- [beauty-salon-backend] [ool-3-thread-25] [                                                 ] o.s.d.c.c.c.MappingCassandraConverter    : doWithProperties Property.type java.lang.String, Property.value pool24@test.com
2025-08-09T23:11:43.403-03:00 DEBUG 97564 --- [beauty-salon-backend] [ool-3-thread-10] [                                                 ] o.s.d.c.c.c.MappingCassandraConverter    : Adding map.entry [address] - [Pool St 9]
2025-08-09T23:11:43.403-03:00 DEBUG 97564 --- [beauty-salon-backend] [ool-3-thread-25] [                                                 ] o.s.d.c.c.c.MappingCassandraConverter    : Adding map.entry [email] - [pool24@test.com]
2025-08-09T23:11:43.403-03:00 DEBUG 97564 --- [beauty-salon-backend] [ool-3-thread-10] [                                                 ] o.s.d.c.c.c.MappingCassandraConverter    : doWithProperties Property.type java.time.Instant, Property.value 2025-08-10T02:11:43.400723Z
2025-08-09T23:11:43.403-03:00 DEBUG 97564 --- [beauty-salon-backend] [pool-3-thread-1] [                                                 ] o.s.data.cassandra.core.cql.CqlTemplate  : Executing prepared statement [INSERT INTO customers (id,name,email,phone,address,created_at,updated_at) VALUES (?,?,?,?,?,?,?)]
2025-08-09T23:11:43.403-03:00 DEBUG 97564 --- [beauty-salon-backend] [ool-3-thread-10] [                                                 ] o.s.d.c.c.c.MappingCassandraConverter    : Adding map.entry [created_at] - [2025-08-10T02:11:43.400723Z]
2025-08-09T23:11:43.403-03:00 DEBUG 97564 --- [beauty-salon-backend] [ool-3-thread-13] [                                                 ] o.s.d.c.c.c.MappingCassandraConverter    : doWithProperties Property.type java.lang.String, Property.value 5550000012
2025-08-09T23:11:43.403-03:00 DEBUG 97564 --- [beauty-salon-backend] [ool-3-thread-13] [                                                 ] o.s.d.c.c.c.MappingCassandraConverter    : Adding map.entry [phone] - [5550000012]
2025-08-09T23:11:43.403-03:00 DEBUG 97564 --- [beauty-salon-backend] [pool-3-thread-4] [                                                 ] o.s.data.cassandra.core.cql.CqlTemplate  : Executing prepared statement [INSERT INTO customers (id,name,email,phone,address,created_at,updated_at) VALUES (?,?,?,?,?,?,?)]
2025-08-09T23:11:43.403-03:00 DEBUG 97564 --- [beauty-salon-backend] [ool-3-thread-13] [                                                 ] o.s.d.c.c.c.MappingCassandraConverter    : doWithProperties Property.type java.lang.String, Property.value Pool St 12
2025-08-09T23:11:43.404-03:00 DEBUG 97564 --- [beauty-salon-backend] [ool-3-thread-13] [                                                 ] o.s.d.c.c.c.MappingCassandraConverter    : Adding map.entry [address] - [Pool St 12]
2025-08-09T23:11:43.404-03:00 DEBUG 97564 --- [beauty-salon-backend] [ool-3-thread-13] [                                                 ] o.s.d.c.c.c.MappingCassandraConverter    : doWithProperties Property.type java.time.Instant, Property.value 2025-08-10T02:11:43.401773Z
2025-08-09T23:11:43.404-03:00 DEBUG 97564 --- [beauty-salon-backend] [ool-3-thread-13] [                                                 ] o.s.d.c.c.c.MappingCassandraConverter    : Adding map.entry [created_at] - [2025-08-10T02:11:43.401773Z]
2025-08-09T23:11:43.403-03:00 DEBUG 97564 --- [beauty-salon-backend] [ool-3-thread-19] [                                                 ] o.s.d.c.c.c.MappingCassandraConverter    : doWithProperties Property.type java.lang.String, Property.value pool18@test.com
2025-08-09T23:11:43.404-03:00 DEBUG 97564 --- [beauty-salon-backend] [ool-3-thread-19] [                                                 ] o.s.d.c.c.c.MappingCassandraConverter    : Adding map.entry [email] - [pool18@test.com]
2025-08-09T23:11:43.404-03:00 DEBUG 97564 --- [beauty-salon-backend] [ool-3-thread-19] [                                                 ] o.s.d.c.c.c.MappingCassandraConverter    : doWithProperties Property.type java.lang.String, Property.value 5550000018
2025-08-09T23:11:43.404-03:00 DEBUG 97564 --- [beauty-salon-backend] [ool-3-thread-19] [                                                 ] o.s.d.c.c.c.MappingCassandraConverter    : Adding map.entry [phone] - [5550000018]
2025-08-09T23:11:43.404-03:00 DEBUG 97564 --- [beauty-salon-backend] [ool-3-thread-19] [                                                 ] o.s.d.c.c.c.MappingCassandraConverter    : doWithProperties Property.type java.lang.String, Property.value Pool St 18
2025-08-09T23:11:43.404-03:00 DEBUG 97564 --- [beauty-salon-backend] [ool-3-thread-19] [                                                 ] o.s.d.c.c.c.MappingCassandraConverter    : Adding map.entry [address] - [Pool St 18]
2025-08-09T23:11:43.404-03:00 DEBUG 97564 --- [beauty-salon-backend] [ool-3-thread-19] [                                                 ] o.s.d.c.c.c.MappingCassandraConverter    : doWithProperties Property.type java.time.Instant, Property.value 2025-08-10T02:11:43.402090Z
2025-08-09T23:11:43.404-03:00 DEBUG 97564 --- [beauty-salon-backend] [ool-3-thread-19] [                                                 ] o.s.d.c.c.c.MappingCassandraConverter    : Adding map.entry [created_at] - [2025-08-10T02:11:43.402090Z]
2025-08-09T23:11:43.404-03:00 DEBUG 97564 --- [beauty-salon-backend] [ool-3-thread-19] [                                                 ] o.s.d.c.c.c.MappingCassandraConverter    : doWithProperties Property.type java.time.Instant, Property.value 2025-08-10T02:11:43.402091Z
2025-08-09T23:11:43.403-03:00 DEBUG 97564 --- [beauty-salon-backend] [ool-3-thread-28] [                                                 ] o.s.d.c.c.c.MappingCassandraConverter    : Adding map.entry [id] - [8dd0769b-ddf6-49df-82a6-b0b6cf2b75eb]
2025-08-09T23:11:43.404-03:00 DEBUG 97564 --- [beauty-salon-backend] [ool-3-thread-28] [                                                 ] o.s.d.c.c.c.MappingCassandraConverter    : doWithProperties Property.type java.lang.String, Property.value Pool Test 27
2025-08-09T23:11:43.404-03:00 DEBUG 97564 --- [beauty-salon-backend] [ool-3-thread-28] [                                                 ] o.s.d.c.c.c.MappingCassandraConverter    : Adding map.entry [name] - [Pool Test 27]
2025-08-09T23:11:43.403-03:00 DEBUG 97564 --- [beauty-salon-backend] [ool-3-thread-22] [                                                 ] o.s.d.c.c.c.MappingCassandraConverter    : Adding map.entry [email] - [pool21@test.com]
[...]
            Model = null

FlashMap:
       Attributes = null

MockHttpServletResponse:
           Status = 201
    Error message = null
          Headers = [Vary:"Origin", "Access-Control-Request-Method", "Access-Control-Request-Headers", Content-Type:"application/json"]
     Content type = application/json
             Body = {"id":"4ea6654f-68af-426f-8de4-c7be5d151b9a","name":"Cache Test Customer 3","email":"cache3@test.com","phone":"5550000003","address":"123 Cache St 3","createdAt":"2025-08-10T02:11:43.687190Z","updatedAt":"2025-08-10T02:11:43.687191Z"}
    Forwarded URL = null
   Redirected URL = null
          Cookies = []

MockHttpServletRequest:
      HTTP Method = POST
      Request URI = /api/customers
       Parameters = {}
          Headers = [Content-Type:"application/json;charset=UTF-8", Content-Length:"234"]
             Body = {"id":"6ac01666-d77d-441c-9b22-3361ccd8667b","name":"Cache Test Customer 4","email":"cache4@test.com","phone":"5550000004","address":"123 Cache St 4","createdAt":"2025-08-10T02:11:43.693313Z","updatedAt":"2025-08-10T02:11:43.693316Z"}
    Session Attrs = {}

Handler:
             Type = com.beautysalon.controller.CustomerController
           Method = com.beautysalon.controller.CustomerController#createCustomer(Customer)

Async:
    Async started = false
     Async result = null

Resolved Exception:
             Type = null

ModelAndView:
        View name = null
             View = null
            Model = null

FlashMap:
       Attributes = null

MockHttpServletResponse:
           Status = 201
    Error message = null
          Headers = [Vary:"Origin", "Access-Control-Request-Method", "Access-Control-Request-Headers", Content-Type:"application/json"]
     Content type = application/json
             Body = {"id":"6ac01666-d77d-441c-9b22-3361ccd8667b","name":"Cache Test Customer 4","email":"cache4@test.com","phone":"5550000004","address":"123 Cache St 4","createdAt":"2025-08-10T02:11:43.694726Z","updatedAt":"2025-08-10T02:11:43.694726Z"}
    Forwarded URL = null
   Redirected URL = null
          Cookies = []

MockHttpServletRequest:
      HTTP Method = POST
      Request URI = /api/customers
       Parameters = {}
          Headers = [Content-Type:"application/json;charset=UTF-8", Content-Length:"234"]
             Body = {"id":"f3bd5096-8a7d-44ff-9f17-b4a6c1dc0c39","name":"Cache Test Customer 5","email":"cache5@test.com","phone":"5550000005","address":"123 Cache St 5","createdAt":"2025-08-10T02:11:43.701030Z","updatedAt":"2025-08-10T02:11:43.701030Z"}
    Session Attrs = {}

Handler:
             Type = com.beautysalon.controller.CustomerController
           Method = com.beautysalon.controller.CustomerController#createCustomer(Customer)

Async:
    Async started = false
     Async result = null

Resolved Exception:
             Type = null

ModelAndView:
        View name = null
             View = null
            Model = null

FlashMap:
       Attributes = null

MockHttpServletResponse:
           Status = 201
    Error message = null
          Headers = [Vary:"Origin", "Access-Control-Request-Method", "Access-Control-Request-Headers", Content-Type:"application/json"]
     Content type = application/json
             Body = {"id":"f3bd5096-8a7d-44ff-9f17-b4a6c1dc0c39","name":"Cache Test Customer 5","email":"cache5@test.com","phone":"5550000005","address":"123 Cache St 5","createdAt":"2025-08-10T02:11:43.701902Z","updatedAt":"2025-08-10T02:11:43.701902Z"}
    Forwarded URL = null
   Redirected URL = null
          Cookies = []

MockHttpServletRequest:
      HTTP Method = POST
      Request URI = /api/customers
       Parameters = {}
          Headers = [Content-Type:"application/json;charset=UTF-8", Content-Length:"234"]
             Body = {"id":"84ae3896-45cc-4384-a8de-6fe3d30e0894","name":"Cache Test Customer 6","email":"cache6@test.com","phone":"5550000006","address":"123 Cache St 6","createdAt":"2025-08-10T02:11:43.725369Z","updatedAt":"2025-08-10T02:11:43.725369Z"}
    Session Attrs = {}

Handler:
             Type = com.beautysalon.controller.CustomerController
           Method = com.beautysalon.controller.CustomerController#createCustomer(Customer)

Async:
    Async started = false
     Async result = null

Resolved Exception:
             Type = null

ModelAndView:
        View name = null
             View = null
            Model = null

FlashMap:
       Attributes = null

MockHttpServletResponse:
           Status = 201
    Error message = null
          Headers = [Vary:"Origin", "Access-Control-Request-Method", "Access-Control-Request-Headers", Content-Type:"application/json"]
     Content type = application/json
             Body = {"id":"84ae3896-45cc-4384-a8de-6fe3d30e0894","name":"Cache Test Customer 6","email":"cache6@test.com","phone":"5550000006","address":"123 Cache St 6","createdAt":"2025-08-10T02:11:43.728633Z","updatedAt":"2025-08-10T02:11:43.728633Z"}
    Forwarded URL = null
   Redirected URL = null
          Cookies = []

MockHttpServletRequest:
      HTTP Method = POST
      Request URI = /api/customers
       Parameters = {}
          Headers = [Content-Type:"application/json;charset=UTF-8", Content-Length:"234"]
             Body = {"id":"7f17db88-4b3b-4fb5-b10e-f1720652c01f","name":"Cache Test Customer 7","email":"cache7@test.com","phone":"5550000007","address":"123 Cache St 7","createdAt":"2025-08-10T02:11:43.745846Z","updatedAt":"2025-08-10T02:11:43.745846Z"}
    Session Attrs = {}

Handler:
             Type = com.beautysalon.controller.CustomerController
           Method = com.beautysalon.controller.CustomerController#createCustomer(Customer)

Async:
    Async started = false
     Async result = null

Resolved Exception:
             Type = null

ModelAndView:
        View name = null
             View = null
            Model = null

FlashMap:
       Attributes = null

MockHttpServletResponse:
           Status = 201
    Error message = null
          Headers = [Vary:"Origin", "Access-Control-Request-Method", "Access-Control-Request-Headers", Content-Type:"application/json"]
     Content type = application/json
             Body = {"id":"7f17db88-4b3b-4fb5-b10e-f1720652c01f","name":"Cache Test Customer 7","email":"cache7@test.com","phone":"5550000007","address":"123 Cache St 7","createdAt":"2025-08-10T02:11:43.746683Z","updatedAt":"2025-08-10T02:11:43.746683Z"}
    Forwarded URL = null
   Redirected URL = null
          Cookies = []

MockHttpServletRequest:
      HTTP Method = POST
      Request URI = /api/customers
       Parameters = {}
          Headers = [Content-Type:"application/json;charset=UTF-8", Content-Length:"234"]
             Body = {"id":"f2e8a271-ad6a-4457-b862-783b015835b0","name":"Cache Test Customer 8","email":"cache8@test.com","phone":"5550000008","address":"123 Cache St 8","createdAt":"2025-08-10T02:11:43.751652Z","updatedAt":"2025-08-10T02:11:43.751652Z"}
    Session Attrs = {}

Handler:
             Type = com.beautysalon.controller.CustomerController
           Method = com.beautysalon.controller.CustomerController#createCustomer(Customer)

Async:
    Async started = false
     Async result = null

Resolved Exception:
             Type = null

ModelAndView:
        View name = null
             View = null
            Model = null

FlashMap:
       Attributes = null

MockHttpServletResponse:
           Status = 201
    Error message = null
          Headers = [Vary:"Origin", "Access-Control-Request-Method", "Access-Control-Request-Headers", Content-Type:"application/json"]
     Content type = application/json
             Body = {"id":"f2e8a271-ad6a-4457-b862-783b015835b0","name":"Cache Test Customer 8","email":"cache8@test.com","phone":"5550000008","address":"123 Cache St 8","createdAt":"2025-08-10T02:11:43.752549Z","updatedAt":"2025-08-10T02:11:43.752549Z"}
    Forwarded URL = null
   Redirected URL = null
          Cookies = []

MockHttpServletRequest:
      HTTP Method = POST
      Request URI = /api/customers
       Parameters = {}
          Headers = [Content-Type:"application/json;charset=UTF-8", Content-Length:"234"]
             Body = {"id":"808d39c0-c974-4759-bd8c-cc4cdea46c5e","name":"Cache Test Customer 9","email":"cache9@test.com","phone":"5550000009","address":"123 Cache St 9","createdAt":"2025-08-10T02:11:43.757376Z","updatedAt":"2025-08-10T02:11:43.757377Z"}
    Session Attrs = {}

Handler:
             Type = com.beautysalon.controller.CustomerController
           Method = com.beautysalon.controller.CustomerController#createCustomer(Customer)

Async:
    Async started = false
     Async result = null

Resolved Exception:
             Type = null

ModelAndView:
        View name = null
             View = null
            Model = null

FlashMap:
       Attributes = null

MockHttpServletResponse:
           Status = 201
    Error message = null
          Headers = [Vary:"Origin", "Access-Control-Request-Method", "Access-Control-Request-Headers", Content-Type:"application/json"]
     Content type = application/json
             Body = {"id":"808d39c0-c974-4759-bd8c-cc4cdea46c5e","name":"Cache Test Customer 9","email":"cache9@test.com","phone":"5550000009","address":"123 Cache St 9","createdAt":"2025-08-10T02:11:43.759049Z","updatedAt":"2025-08-10T02:11:43.759050Z"}
    Forwarded URL = null
   Redirected URL = null
          Cookies = []
]]></system-out>
    <system-err><![CDATA[Request failed: Request processing failed: org.springframework.data.cassandra.CassandraInvalidQueryException: Query; CQL [SELECT * FROM customers WHERE name LIKE ? ALLOW FILTERING]; LIKE restriction is only supported on properly indexed columns. name LIKE ? is not valid.
Request failed: Request processing failed: org.springframework.data.cassandra.CassandraInvalidQueryException: Query; CQL [SELECT * FROM customers WHERE name LIKE ? ALLOW FILTERING]; LIKE restriction is only supported on properly indexed columns. name LIKE ? is not valid.
Request failed: Request processing failed: org.springframework.data.cassandra.CassandraInvalidQueryException: Query; CQL [SELECT * FROM customers WHERE name LIKE ? ALLOW FILTERING]; LIKE restriction is only supported on properly indexed columns. name LIKE ? is not valid.
Request failed: Request processing failed: org.springframework.data.cassandra.CassandraInvalidQueryException: Query; CQL [SELECT * FROM customers WHERE name LIKE ? ALLOW FILTERING]; LIKE restriction is only supported on properly indexed columns. name LIKE ? is not valid.
Request failed: Request processing failed: org.springframework.data.cassandra.CassandraInvalidQueryException: Query; CQL [SELECT * FROM customers WHERE name LIKE ? ALLOW FILTERING]; LIKE restriction is only supported on properly indexed columns. name LIKE ? is not valid.
Request failed: Request processing failed: org.springframework.data.cassandra.CassandraInvalidQueryException: Query; CQL [SELECT * FROM customers WHERE name LIKE ? ALLOW FILTERING]; LIKE restriction is only supported on properly indexed columns. name LIKE ? is not valid.
Request failed: Request processing failed: org.springframework.data.cassandra.CassandraInvalidQueryException: Query; CQL [SELECT * FROM customers WHERE name LIKE ? ALLOW FILTERING]; LIKE restriction is only supported on properly indexed columns. name LIKE ? is not valid.
Request failed: Request processing failed: org.springframework.data.cassandra.CassandraInvalidQueryException: Query; CQL [SELECT * FROM customers WHERE name LIKE ? ALLOW FILTERING]; LIKE restriction is only supported on properly indexed columns. name LIKE ? is not valid.
Request failed: Request processing failed: org.springframework.data.cassandra.CassandraInvalidQueryException: Query; CQL [SELECT * FROM customers WHERE name LIKE ? ALLOW FILTERING]; LIKE restriction is only supported on properly indexed columns. name LIKE ? is not valid.
Request failed: Request processing failed: org.springframework.data.cassandra.CassandraInvalidQueryException: Query; CQL [SELECT * FROM customers WHERE name LIKE ? ALLOW FILTERING]; LIKE restriction is only supported on properly indexed columns. name LIKE ? is not valid.
Request failed: Request processing failed: org.springframework.data.cassandra.CassandraInvalidQueryException: Query; CQL [SELECT * FROM customers WHERE name LIKE ? ALLOW FILTERING]; LIKE restriction is only supported on properly indexed columns. name LIKE ? is not valid.
Request failed: Request processing failed: org.springframework.data.cassandra.CassandraInvalidQueryException: Query; CQL [SELECT * FROM customers WHERE name LIKE ? ALLOW FILTERING]; LIKE restriction is only supported on properly indexed columns. name LIKE ? is not valid.
Request failed: Request processing failed: org.springframework.data.cassandra.CassandraInvalidQueryException: Query; CQL [SELECT * FROM customers WHERE name LIKE ? ALLOW FILTERING]; LIKE restriction is only supported on properly indexed columns. name LIKE ? is not valid.
Request failed: Request processing failed: org.springframework.data.cassandra.CassandraInvalidQueryException: Query; CQL [SELECT * FROM customers WHERE name LIKE ? ALLOW FILTERING]; LIKE restriction is only supported on properly indexed columns. name LIKE ? is not valid.
Request failed: Request processing failed: org.springframework.data.cassandra.CassandraInvalidQueryException: Query; CQL [SELECT * FROM customers WHERE name LIKE ? ALLOW FILTERING]; LIKE restriction is only supported on properly indexed columns. name LIKE ? is not valid.
Request failed: Request processing failed: org.springframework.data.cassandra.CassandraInvalidQueryException: Query; CQL [SELECT * FROM customers WHERE name LIKE ? ALLOW FILTERING]; LIKE restriction is only supported on properly indexed columns. name LIKE ? is not valid.
Request failed: Request processing failed: org.springframework.data.cassandra.CassandraInvalidQueryException: Query; CQL [SELECT * FROM customers WHERE name LIKE ? ALLOW FILTERING]; LIKE restriction is only supported on properly indexed columns. name LIKE ? is not valid.
Request failed: Request processing failed: org.springframework.dao.IncorrectResultSizeDataAccessException: Incorrect result size: expected 1, actual 2
Request failed: Request processing failed: org.springframework.dao.IncorrectResultSizeDataAccessException: Incorrect result size: expected 1, actual 2
Request failed: Request processing failed: org.springframework.dao.IncorrectResultSizeDataAccessException: Incorrect result size: expected 1, actual 2
Request failed: Request processing failed: org.springframework.dao.IncorrectResultSizeDataAccessException: Incorrect result size: expected 1, actual 2
Request failed: Request processing failed: org.springframework.dao.IncorrectResultSizeDataAccessException: Incorrect result size: expected 1, actual 2
Request failed: Request processing failed: org.springframework.dao.IncorrectResultSizeDataAccessException: Incorrect result size: expected 1, actual 2
Request failed: Request processing failed: org.springframework.dao.IncorrectResultSizeDataAccessException: Incorrect result size: expected 1, actual 2
Request failed: Request processing failed: org.springframework.dao.IncorrectResultSizeDataAccessException: Incorrect result size: expected 1, actual 2
Request failed: Request processing failed: org.springframework.dao.IncorrectResultSizeDataAccessException: Incorrect result size: expected 1, actual 2
Request failed: Request processing failed: org.springframework.dao.IncorrectResultSizeDataAccessException: Incorrect result size: expected 1, actual 2
Request failed: Request processing failed: org.springframework.dao.IncorrectResultSizeDataAccessException: Incorrect result size: expected 1, actual 2
Request failed: Request processing failed: org.springframework.dao.IncorrectResultSizeDataAccessException: Incorrect result size: expected 1, actual 2
Request failed: Request processing failed: org.springframework.dao.IncorrectResultSizeDataAccessException: Incorrect result size: expected 1, actual 2
Request failed: Request processing failed: org.springframework.dao.IncorrectResultSizeDataAccessException: Incorrect result size: expected 1, actual 2
Request failed: Request processing failed: org.springframework.dao.IncorrectResultSizeDataAccessException: Incorrect result size: expected 1, actual 2
Request failed: Request processing failed: org.springframework.dao.IncorrectResultSizeDataAccessException: Incorrect result size: expected 1, actual 2
Request failed: Request processing failed: org.springframework.dao.IncorrectResultSizeDataAccessException: Incorrect result size: expected 1, actual 2
Request failed: Request processing failed: org.springframework.data.cassandra.CassandraInvalidQueryException: Query; CQL [SELECT * FROM customers WHERE name LIKE ? ALLOW FILTERING]; LIKE restriction is only supported on properly indexed columns. name LIKE ? is not valid.
Request failed: Request processing failed: org.springframework.data.cassandra.CassandraInvalidQueryException: Query; CQL [SELECT * FROM customers WHERE name LIKE ? ALLOW FILTERING]; LIKE restriction is only supported on properly indexed columns. name LIKE ? is not valid.
Request failed: Request processing failed: org.springframework.data.cassandra.CassandraInvalidQueryException: Query; CQL [SELECT * FROM customers WHERE name LIKE ? ALLOW FILTERING]; LIKE restriction is only supported on properly indexed columns. name LIKE ? is not valid.
Request failed: Request processing failed: org.springframework.data.cassandra.CassandraInvalidQueryException: Query; CQL [SELECT * FROM customers WHERE name LIKE ? ALLOW FILTERING]; LIKE restriction is only supported on properly indexed columns. name LIKE ? is not valid.
Request failed: Request processing failed: org.springframework.data.cassandra.CassandraInvalidQueryException: Query; CQL [SELECT * FROM customers WHERE name LIKE ? ALLOW FILTERING]; LIKE restriction is only supported on properly indexed columns. name LIKE ? is not valid.
Request failed: Request processing failed: org.springframework.data.cassandra.CassandraInvalidQueryException: Query; CQL [SELECT * FROM customers WHERE name LIKE ? ALLOW FILTERING]; LIKE restriction is only supported on properly indexed columns. name LIKE ? is not valid.
Request failed: Request processing failed: org.springframework.data.cassandra.CassandraInvalidQueryException: Query; CQL [SELECT * FROM customers WHERE name LIKE ? ALLOW FILTERING]; LIKE restriction is only supported on properly indexed columns. name LIKE ? is not valid.
Request failed: Request processing failed: org.springframework.data.cassandra.CassandraInvalidQueryException: Query; CQL [SELECT * FROM customers WHERE name LIKE ? ALLOW FILTERING]; LIKE restriction is only supported on properly indexed columns. name LIKE ? is not valid.
Request failed: Request processing failed: org.springframework.dao.IncorrectResultSizeDataAccessException: Incorrect result size: expected 1, actual 2
Request failed: Request processing failed: org.springframework.dao.IncorrectResultSizeDataAccessException: Incorrect result size: expected 1, actual 2
Request failed: Request processing failed: org.springframework.dao.IncorrectResultSizeDataAccessException: Incorrect result size: expected 1, actual 2
Request failed: Request processing failed: org.springframework.dao.IncorrectResultSizeDataAccessException: Incorrect result size: expected 1, actual 2
Request failed: Request processing failed: org.springframework.dao.IncorrectResultSizeDataAccessException: Incorrect result size: expected 1, actual 2
Request failed: Request processing failed: org.springframework.dao.IncorrectResultSizeDataAccessException: Incorrect result size: expected 1, actual 2
Request failed: Request processing failed: org.springframework.dao.IncorrectResultSizeDataAccessException: Incorrect result size: expected 1, actual 2
Request failed: Request processing failed: org.springframework.dao.IncorrectResultSizeDataAccessException: Incorrect result size: expected 1, actual 2
]]></system-err>
  </testcase>
</testsuite>