<?xml version="1.0" encoding="UTF-8"?>
<coverage generated="1754783550393" clover="3.2.0">
  <project timestamp="1754783550393" name="All files">
    <metrics statements="385" coveredstatements="299" conditionals="92" coveredconditionals="62" methods="176" coveredmethods="86" elements="653" coveredelements="447" complexity="0" loc="385" ncloc="385" packages="3" files="9" classes="9"/>
    <package name="src">
      <metrics statements="3" coveredstatements="1" conditionals="0" coveredconditionals="0" methods="1" coveredmethods="1"/>
      <file name="App.js" path="/Volumes/Dock/ai/ide/windsurf/beauty-salon-app/frontend/src/App.js">
        <metrics statements="1" coveredstatements="1" conditionals="0" coveredconditionals="0" methods="1" coveredmethods="1"/>
        <line num="16" count="23" type="stmt"/>
      </file>
      <file name="index.js" path="/Volumes/Dock/ai/ide/windsurf/beauty-salon-app/frontend/src/index.js">
        <metrics statements="2" coveredstatements="0" conditionals="0" coveredconditionals="0" methods="0" coveredmethods="0"/>
        <line num="6" count="0" type="stmt"/>
        <line num="7" count="0" type="stmt"/>
      </file>
    </package>
    <package name="src.components">
      <metrics statements="322" coveredstatements="271" conditionals="90" coveredconditionals="60" methods="100" coveredmethods="85"/>
      <file name="Appointments.js" path="/Volumes/Dock/ai/ide/windsurf/beauty-salon-app/frontend/src/components/Appointments.js">
        <metrics statements="107" coveredstatements="79" conditionals="32" coveredconditionals="14" methods="37" coveredmethods="28"/>
        <line num="9" count="10" type="stmt"/>
        <line num="10" count="10" type="stmt"/>
        <line num="11" count="10" type="stmt"/>
        <line num="12" count="10" type="stmt"/>
        <line num="13" count="10" type="stmt"/>
        <line num="14" count="10" type="stmt"/>
        <line num="15" count="10" type="stmt"/>
        <line num="16" count="10" type="stmt"/>
        <line num="17" count="10" type="stmt"/>
        <line num="28" count="10" type="stmt"/>
        <line num="35" count="10" type="stmt"/>
        <line num="36" count="2" type="stmt"/>
        <line num="39" count="10" type="stmt"/>
        <line num="40" count="10" type="stmt"/>
        <line num="41" count="2" type="cond" truecount="1" falsecount="1"/>
        <line num="42" count="2" type="stmt"/>
        <line num="44" count="0" type="stmt"/>
        <line num="48" count="10" type="stmt"/>
        <line num="49" count="2" type="stmt"/>
        <line num="50" count="2" type="stmt"/>
        <line num="51" count="2" type="stmt"/>
        <line num="57" count="2" type="stmt"/>
        <line num="58" count="2" type="stmt"/>
        <line num="59" count="2" type="stmt"/>
        <line num="61" count="2" type="stmt"/>
        <line num="63" count="0" type="stmt"/>
        <line num="64" count="0" type="stmt"/>
        <line num="66" count="2" type="stmt"/>
        <line num="70" count="10" type="stmt"/>
        <line num="71" count="3" type="stmt"/>
        <line num="72" count="3" type="stmt"/>
        <line num="73" count="3" type="stmt"/>
        <line num="74" count="3" type="stmt"/>
        <line num="76" count="0" type="stmt"/>
        <line num="77" count="0" type="stmt"/>
        <line num="81" count="10" type="stmt"/>
        <line num="82" count="1" type="stmt"/>
        <line num="83" count="1" type="stmt"/>
        <line num="84" count="1" type="stmt"/>
        <line num="90" count="1" type="cond" truecount="1" falsecount="1"/>
        <line num="91" count="0" type="stmt"/>
        <line num="92" count="0" type="stmt"/>
        <line num="94" count="1" type="stmt"/>
        <line num="95" count="1" type="stmt"/>
        <line num="98" count="1" type="stmt"/>
        <line num="99" count="1" type="stmt"/>
        <line num="100" count="1" type="stmt"/>
        <line num="101" count="1" type="stmt"/>
        <line num="103" count="0" type="stmt"/>
        <line num="104" count="0" type="stmt"/>
        <line num="108" count="10" type="stmt"/>
        <line num="109" count="0" type="stmt"/>
        <line num="110" count="0" type="stmt"/>
        <line num="120" count="0" type="stmt"/>
        <line num="123" count="10" type="stmt"/>
        <line num="124" count="0" type="cond" truecount="0" falsecount="2"/>
        <line num="125" count="0" type="stmt"/>
        <line num="126" count="0" type="stmt"/>
        <line num="127" count="0" type="stmt"/>
        <line num="128" count="0" type="stmt"/>
        <line num="130" count="0" type="stmt"/>
        <line num="131" count="0" type="stmt"/>
        <line num="136" count="10" type="stmt"/>
        <line num="137" count="1" type="stmt"/>
        <line num="138" count="1" type="stmt"/>
        <line num="139" count="1" type="stmt"/>
        <line num="144" count="10" type="stmt"/>
        <line num="145" count="0" type="stmt"/>
        <line num="146" count="0" type="stmt"/>
        <line num="147" count="0" type="stmt"/>
        <line num="150" count="10" type="stmt"/>
        <line num="151" count="2" type="stmt"/>
        <line num="163" count="10" type="stmt"/>
        <line num="164" count="2" type="stmt"/>
        <line num="165" count="1" type="stmt"/>
        <line num="172" count="10" type="stmt"/>
        <line num="173" count="8" type="stmt"/>
        <line num="174" count="8" type="cond" truecount="1" falsecount="1"/>
        <line num="177" count="10" type="stmt"/>
        <line num="178" count="8" type="stmt"/>
        <line num="179" count="8" type="cond" truecount="1" falsecount="1"/>
        <line num="182" count="10" type="stmt"/>
        <line num="183" count="8" type="stmt"/>
        <line num="184" count="8" type="cond" truecount="1" falsecount="1"/>
        <line num="187" count="10" type="stmt"/>
        <line num="188" count="24" type="stmt"/>
        <line num="189" count="8" type="cond" truecount="1" falsecount="1"/>
        <line num="196" count="10" type="stmt"/>
        <line num="197" count="24" type="stmt"/>
        <line num="203" count="10" type="cond" truecount="2" falsecount="0"/>
        <line num="204" count="2" type="stmt"/>
        <line num="215" count="8" type="stmt"/>
        <line num="265" count="8" type="stmt"/>
        <line num="279" count="0" type="stmt"/>
        <line num="286" count="0" type="stmt"/>
        <line num="314" count="1" type="stmt"/>
        <line num="319" count="16" type="stmt"/>
        <line num="331" count="1" type="stmt"/>
        <line num="336" count="16" type="stmt"/>
        <line num="350" count="1" type="stmt"/>
        <line num="355" count="16" type="stmt"/>
        <line num="367" count="0" type="stmt"/>
        <line num="371" count="32" type="stmt"/>
        <line num="385" count="0" type="stmt"/>
        <line num="398" count="1" type="stmt"/>
        <line num="410" count="0" type="stmt"/>
        <line num="422" count="0" type="stmt"/>
      </file>
      <file name="Customers.js" path="/Volumes/Dock/ai/ide/windsurf/beauty-salon-app/frontend/src/components/Customers.js">
        <metrics statements="67" coveredstatements="60" conditionals="16" coveredconditionals="14" methods="18" coveredmethods="18"/>
        <line num="7" count="105" type="stmt"/>
        <line num="8" count="101" type="stmt"/>
        <line num="9" count="101" type="stmt"/>
        <line num="10" count="101" type="stmt"/>
        <line num="11" count="101" type="stmt"/>
        <line num="12" count="101" type="stmt"/>
        <line num="19" count="101" type="stmt"/>
        <line num="20" count="43" type="stmt"/>
        <line num="23" count="101" type="stmt"/>
        <line num="24" count="48" type="stmt"/>
        <line num="25" count="48" type="stmt"/>
        <line num="26" count="48" type="stmt"/>
        <line num="27" count="36" type="stmt"/>
        <line num="29" count="11" type="stmt"/>
        <line num="30" count="11" type="stmt"/>
        <line num="32" count="47" type="stmt"/>
        <line num="36" count="101" type="stmt"/>
        <line num="37" count="2" type="cond" truecount="1" falsecount="1"/>
        <line num="38" count="2" type="stmt"/>
        <line num="39" count="2" type="stmt"/>
        <line num="40" count="2" type="stmt"/>
        <line num="42" count="0" type="stmt"/>
        <line num="43" count="0" type="stmt"/>
        <line num="46" count="0" type="stmt"/>
        <line num="50" count="101" type="stmt"/>
        <line num="51" count="3" type="stmt"/>
        <line num="52" count="3" type="stmt"/>
        <line num="53" count="3" type="cond" truecount="2" falsecount="0"/>
        <line num="54" count="2" type="stmt"/>
        <line num="55" count="2" type="stmt"/>
        <line num="57" count="1" type="stmt"/>
        <line num="58" count="1" type="stmt"/>
        <line num="60" count="3" type="stmt"/>
        <line num="61" count="3" type="stmt"/>
        <line num="62" count="3" type="stmt"/>
        <line num="63" count="3" type="stmt"/>
        <line num="65" count="0" type="stmt"/>
        <line num="66" count="0" type="stmt"/>
        <line num="70" count="101" type="stmt"/>
        <line num="71" count="4" type="stmt"/>
        <line num="72" count="4" type="stmt"/>
        <line num="78" count="4" type="stmt"/>
        <line num="81" count="101" type="stmt"/>
        <line num="82" count="2" type="cond" truecount="1" falsecount="1"/>
        <line num="83" count="2" type="stmt"/>
        <line num="84" count="2" type="stmt"/>
        <line num="85" count="2" type="stmt"/>
        <line num="86" count="2" type="stmt"/>
        <line num="88" count="0" type="stmt"/>
        <line num="89" count="0" type="stmt"/>
        <line num="94" count="101" type="stmt"/>
        <line num="95" count="2" type="stmt"/>
        <line num="96" count="2" type="stmt"/>
        <line num="97" count="2" type="stmt"/>
        <line num="100" count="101" type="cond" truecount="2" falsecount="0"/>
        <line num="101" count="43" type="stmt"/>
        <line num="112" count="58" type="stmt"/>
        <line num="126" count="2" type="stmt"/>
        <line num="127" count="1" type="cond" truecount="2" falsecount="0"/>
        <line num="135" count="8" type="stmt"/>
        <line num="163" count="87" type="stmt"/>
        <line num="173" count="4" type="stmt"/>
        <line num="180" count="2" type="stmt"/>
        <line num="208" count="4" type="stmt"/>
        <line num="218" count="3" type="stmt"/>
        <line num="228" count="1" type="stmt"/>
        <line num="239" count="1" type="stmt"/>
      </file>
      <file name="Dashboard.js" path="/Volumes/Dock/ai/ide/windsurf/beauty-salon-app/frontend/src/components/Dashboard.js">
        <metrics statements="16" coveredstatements="16" conditionals="2" coveredconditionals="2" methods="3" coveredmethods="3"/>
        <line num="8" count="20" type="stmt"/>
        <line num="15" count="19" type="stmt"/>
        <line num="17" count="19" type="stmt"/>
        <line num="18" count="11" type="stmt"/>
        <line num="21" count="19" type="stmt"/>
        <line num="22" count="11" type="stmt"/>
        <line num="23" count="11" type="stmt"/>
        <line num="24" count="11" type="stmt"/>
        <line num="26" count="11" type="stmt"/>
        <line num="34" count="10" type="stmt"/>
        <line num="42" count="1" type="stmt"/>
        <line num="43" count="1" type="stmt"/>
        <line num="45" count="11" type="stmt"/>
        <line num="49" count="19" type="cond" truecount="2" falsecount="0"/>
        <line num="50" count="11" type="stmt"/>
        <line num="61" count="8" type="stmt"/>
      </file>
      <file name="Navbar.js" path="/Volumes/Dock/ai/ide/windsurf/beauty-salon-app/frontend/src/components/Navbar.js">
        <metrics statements="1" coveredstatements="1" conditionals="0" coveredconditionals="0" methods="1" coveredmethods="1"/>
        <line num="6" count="4" type="stmt"/>
      </file>
      <file name="Services.js" path="/Volumes/Dock/ai/ide/windsurf/beauty-salon-app/frontend/src/components/Services.js">
        <metrics statements="63" coveredstatements="57" conditionals="16" coveredconditionals="13" methods="19" coveredmethods="17"/>
        <line num="7" count="75" type="stmt"/>
        <line num="8" count="72" type="stmt"/>
        <line num="9" count="72" type="stmt"/>
        <line num="10" count="72" type="stmt"/>
        <line num="11" count="72" type="stmt"/>
        <line num="20" count="72" type="stmt"/>
        <line num="22" count="72" type="stmt"/>
        <line num="23" count="29" type="stmt"/>
        <line num="26" count="72" type="stmt"/>
        <line num="27" count="34" type="stmt"/>
        <line num="28" count="34" type="stmt"/>
        <line num="29" count="34" type="stmt"/>
        <line num="30" count="29" type="stmt"/>
        <line num="32" count="3" type="stmt"/>
        <line num="33" count="3" type="stmt"/>
        <line num="35" count="32" type="stmt"/>
        <line num="39" count="72" type="stmt"/>
        <line num="40" count="3" type="stmt"/>
        <line num="41" count="3" type="stmt"/>
        <line num="42" count="3" type="stmt"/>
        <line num="48" count="3" type="cond" truecount="2" falsecount="0"/>
        <line num="49" count="2" type="stmt"/>
        <line num="50" count="2" type="stmt"/>
        <line num="52" count="1" type="stmt"/>
        <line num="53" count="1" type="stmt"/>
        <line num="55" count="3" type="stmt"/>
        <line num="56" count="3" type="stmt"/>
        <line num="57" count="3" type="stmt"/>
        <line num="65" count="3" type="stmt"/>
        <line num="67" count="0" type="stmt"/>
        <line num="68" count="0" type="stmt"/>
        <line num="72" count="72" type="stmt"/>
        <line num="73" count="4" type="stmt"/>
        <line num="74" count="4" type="stmt"/>
        <line num="82" count="4" type="stmt"/>
        <line num="85" count="72" type="stmt"/>
        <line num="86" count="2" type="cond" truecount="1" falsecount="1"/>
        <line num="87" count="2" type="stmt"/>
        <line num="88" count="2" type="stmt"/>
        <line num="89" count="2" type="stmt"/>
        <line num="90" count="2" type="stmt"/>
        <line num="92" count="0" type="stmt"/>
        <line num="93" count="0" type="stmt"/>
        <line num="98" count="72" type="stmt"/>
        <line num="99" count="2" type="stmt"/>
        <line num="100" count="2" type="stmt"/>
        <line num="101" count="2" type="stmt"/>
        <line num="111" count="72" type="stmt"/>
        <line num="112" count="74" type="stmt"/>
        <line num="118" count="72" type="cond" truecount="2" falsecount="0"/>
        <line num="119" count="29" type="stmt"/>
        <line num="130" count="43" type="stmt"/>
        <line num="139" count="6" type="stmt"/>
        <line num="168" count="74" type="stmt"/>
        <line num="189" count="4" type="stmt"/>
        <line num="196" count="2" type="stmt"/>
        <line num="226" count="3" type="stmt"/>
        <line num="237" count="1" type="stmt"/>
        <line num="242" count="215" type="stmt"/>
        <line num="257" count="0" type="stmt"/>
        <line num="268" count="1" type="stmt"/>
        <line num="282" count="2" type="stmt"/>
        <line num="295" count="0" type="stmt"/>
      </file>
      <file name="Staff.js" path="/Volumes/Dock/ai/ide/windsurf/beauty-salon-app/frontend/src/components/Staff.js">
        <metrics statements="68" coveredstatements="58" conditionals="24" coveredconditionals="17" methods="22" coveredmethods="18"/>
        <line num="7" count="24" type="stmt"/>
        <line num="8" count="24" type="stmt"/>
        <line num="9" count="24" type="stmt"/>
        <line num="10" count="24" type="stmt"/>
        <line num="11" count="24" type="stmt"/>
        <line num="20" count="24" type="stmt"/>
        <line num="21" count="24" type="stmt"/>
        <line num="26" count="24" type="stmt"/>
        <line num="27" count="6" type="stmt"/>
        <line num="30" count="24" type="stmt"/>
        <line num="31" count="9" type="stmt"/>
        <line num="32" count="9" type="stmt"/>
        <line num="33" count="9" type="stmt"/>
        <line num="34" count="8" type="stmt"/>
        <line num="36" count="1" type="stmt"/>
        <line num="37" count="1" type="stmt"/>
        <line num="39" count="9" type="stmt"/>
        <line num="43" count="24" type="stmt"/>
        <line num="44" count="2" type="stmt"/>
        <line num="45" count="2" type="stmt"/>
        <line num="46" count="2" type="cond" truecount="2" falsecount="0"/>
        <line num="47" count="1" type="stmt"/>
        <line num="48" count="1" type="stmt"/>
        <line num="50" count="1" type="stmt"/>
        <line num="51" count="1" type="stmt"/>
        <line num="53" count="2" type="stmt"/>
        <line num="54" count="2" type="stmt"/>
        <line num="55" count="2" type="stmt"/>
        <line num="63" count="2" type="stmt"/>
        <line num="65" count="0" type="stmt"/>
        <line num="66" count="0" type="stmt"/>
        <line num="70" count="24" type="stmt"/>
        <line num="71" count="1" type="stmt"/>
        <line num="72" count="1" type="stmt"/>
        <line num="80" count="1" type="stmt"/>
        <line num="83" count="24" type="stmt"/>
        <line num="84" count="1" type="cond" truecount="1" falsecount="1"/>
        <line num="85" count="1" type="stmt"/>
        <line num="86" count="1" type="stmt"/>
        <line num="87" count="1" type="stmt"/>
        <line num="88" count="1" type="stmt"/>
        <line num="90" count="0" type="stmt"/>
        <line num="91" count="0" type="stmt"/>
        <line num="96" count="24" type="stmt"/>
        <line num="97" count="1" type="stmt"/>
        <line num="98" count="1" type="stmt"/>
        <line num="99" count="1" type="stmt"/>
        <line num="109" count="24" type="stmt"/>
        <line num="110" count="0" type="cond" truecount="0" falsecount="2"/>
        <line num="111" count="0" type="stmt"/>
        <line num="116" count="0" type="stmt"/>
        <line num="118" count="0" type="stmt"/>
        <line num="123" count="24" type="cond" truecount="2" falsecount="0"/>
        <line num="124" count="6" type="stmt"/>
        <line num="135" count="18" type="stmt"/>
        <line num="144" count="2" type="stmt"/>
        <line num="174" count="34" type="stmt"/>
        <line num="184" count="68" type="stmt"/>
        <line num="202" count="1" type="stmt"/>
        <line num="209" count="1" type="stmt"/>
        <line num="240" count="2" type="stmt"/>
        <line num="253" count="1" type="stmt"/>
        <line num="268" count="1" type="stmt"/>
        <line num="280" count="1" type="stmt"/>
        <line num="285" count="90" type="stmt"/>
        <line num="297" count="180" type="stmt"/>
        <line num="303" count="0" type="stmt"/>
        <line num="315" count="0" type="stmt"/>
      </file>
    </package>
    <package name="src.services">
      <metrics statements="60" coveredstatements="27" conditionals="2" coveredconditionals="2" methods="75" coveredmethods="0"/>
      <file name="api.js" path="/Volumes/Dock/ai/ide/windsurf/beauty-salon-app/frontend/src/services/api.js">
        <metrics statements="60" coveredstatements="27" conditionals="2" coveredconditionals="2" methods="75" coveredmethods="0"/>
        <line num="3" count="1" type="cond" truecount="2" falsecount="0"/>
        <line num="5" count="1" type="stmt"/>
        <line num="13" count="1" type="stmt"/>
        <line num="14" count="0" type="stmt"/>
        <line num="15" count="0" type="stmt"/>
        <line num="16" count="0" type="stmt"/>
        <line num="17" count="0" type="stmt"/>
        <line num="18" count="0" type="stmt"/>
        <line num="19" count="0" type="stmt"/>
        <line num="20" count="0" type="stmt"/>
        <line num="24" count="1" type="stmt"/>
        <line num="25" count="0" type="stmt"/>
        <line num="26" count="0" type="stmt"/>
        <line num="27" count="0" type="stmt"/>
        <line num="28" count="0" type="stmt"/>
        <line num="29" count="0" type="stmt"/>
        <line num="30" count="0" type="stmt"/>
        <line num="31" count="0" type="stmt"/>
        <line num="32" count="0" type="stmt"/>
        <line num="36" count="1" type="stmt"/>
        <line num="37" count="0" type="stmt"/>
        <line num="38" count="0" type="stmt"/>
        <line num="39" count="0" type="stmt"/>
        <line num="40" count="0" type="stmt"/>
        <line num="41" count="0" type="stmt"/>
        <line num="42" count="0" type="stmt"/>
        <line num="43" count="0" type="stmt"/>
        <line num="44" count="0" type="stmt"/>
        <line num="48" count="1" type="stmt"/>
        <line num="49" count="0" type="stmt"/>
        <line num="50" count="0" type="stmt"/>
        <line num="51" count="0" type="stmt"/>
        <line num="52" count="0" type="stmt"/>
        <line num="53" count="0" type="stmt"/>
        <line num="54" count="0" type="stmt"/>
        <line num="55" count="0" type="stmt"/>
        <line num="56" count="0" type="stmt"/>
        <line num="57" count="0" type="stmt"/>
        <line num="58" count="0" type="stmt"/>
        <line num="62" count="1" type="stmt"/>
        <line num="63" count="1" type="stmt"/>
        <line num="64" count="1" type="stmt"/>
        <line num="65" count="1" type="stmt"/>
        <line num="66" count="1" type="stmt"/>
        <line num="68" count="1" type="stmt"/>
        <line num="69" count="1" type="stmt"/>
        <line num="70" count="1" type="stmt"/>
        <line num="71" count="1" type="stmt"/>
        <line num="72" count="1" type="stmt"/>
        <line num="73" count="1" type="stmt"/>
        <line num="75" count="1" type="stmt"/>
        <line num="76" count="1" type="stmt"/>
        <line num="77" count="1" type="stmt"/>
        <line num="78" count="1" type="stmt"/>
        <line num="79" count="1" type="stmt"/>
        <line num="81" count="1" type="stmt"/>
        <line num="82" count="1" type="stmt"/>
        <line num="83" count="1" type="stmt"/>
        <line num="84" count="1" type="stmt"/>
        <line num="85" count="1" type="stmt"/>
      </file>
    </package>
  </project>
</coverage>
