{"/Volumes/Dock/ai/ide/windsurf/beauty-salon-app/frontend/src/App.js": {"path":"/Volumes/Dock/ai/ide/windsurf/beauty-salon-app/frontend/src/App.js","statementMap":{"0":{"start":{"line":16,"column":2},"end":{"line":42,"column":4}}},"fnMap":{"0":{"name":"App","decl":{"start":{"line":15,"column":9},"end":{"line":15,"column":12}},"loc":{"start":{"line":15,"column":15},"end":{"line":43,"column":1}},"line":15}},"branchMap":{},"s":{"0":8},"f":{"0":8},"b":{},"_coverageSchema":"1a1c01bbd47fc00a2c39e90264f33305004495a9","hash":"ec14d47bde64e7f15dd9d456353fb04707516646"}
,"/Volumes/Dock/ai/ide/windsurf/beauty-salon-app/frontend/src/index.js": {"path":"/Volumes/Dock/ai/ide/windsurf/beauty-salon-app/frontend/src/index.js","statementMap":{"0":{"start":{"line":6,"column":13},"end":{"line":6,"column":65}},"1":{"start":{"line":7,"column":0},"end":{"line":11,"column":2}}},"fnMap":{},"branchMap":{},"s":{"0":0,"1":0},"f":{},"b":{}}
,"/Volumes/Dock/ai/ide/windsurf/beauty-salon-app/frontend/src/components/Appointments.js": {"path":"/Volumes/Dock/ai/ide/windsurf/beauty-salon-app/frontend/src/components/Appointments.js","statementMap":{"0":{"start":{"line":9,"column":42},"end":{"line":9,"column":54}},"1":{"start":{"line":10,"column":36},"end":{"line":10,"column":48}},"2":{"start":{"line":11,"column":34},"end":{"line":11,"column":46}},"3":{"start":{"line":12,"column":28},"end":{"line":12,"column":40}},"4":{"start":{"line":13,"column":32},"end":{"line":13,"column":46}},"5":{"start":{"line":14,"column":36},"end":{"line":14,"column":51}},"6":{"start":{"line":15,"column":54},"end":{"line":15,"column":68}},"7":{"start":{"line":16,"column":42},"end":{"line":16,"column":62}},"8":{"start":{"line":17,"column":34},"end":{"line":26,"column":4}},"9":{"start":{"line":28,"column":24},"end":{"line":33,"column":3}},"10":{"start":{"line":35,"column":2},"end":{"line":37,"column":9}},"11":{"start":{"line":36,"column":4},"end":{"line":36,"column":15}},"12":{"start":{"line":39,"column":25},"end":{"line":39,"column":43}},"13":{"start":{"line":40,"column":2},"end":{"line":46,"column":21}},"14":{"start":{"line":41,"column":4},"end":{"line":45,"column":5}},"15":{"start":{"line":42,"column":6},"end":{"line":42,"column":37}},"16":{"start":{"line":44,"column":6},"end":{"line":44,"column":31}},"17":{"start":{"line":48,"column":19},"end":{"line":68,"column":3}},"18":{"start":{"line":49,"column":4},"end":{"line":67,"column":5}},"19":{"start":{"line":50,"column":6},"end":{"line":50,"column":23}},"20":{"start":{"line":51,"column":52},"end":{"line":55,"column":8}},"21":{"start":{"line":57,"column":6},"end":{"line":57,"column":38}},"22":{"start":{"line":58,"column":6},"end":{"line":58,"column":36}},"23":{"start":{"line":59,"column":6},"end":{"line":59,"column":30}},"24":{"start":{"line":61,"column":6},"end":{"line":61,"column":37}},"25":{"start":{"line":63,"column":6},"end":{"line":63,"column":50}},"26":{"start":{"line":64,"column":6},"end":{"line":64,"column":44}},"27":{"start":{"line":66,"column":6},"end":{"line":66,"column":24}},"28":{"start":{"line":70,"column":33},"end":{"line":92,"column":3}},"29":{"start":{"line":71,"column":4},"end":{"line":91,"column":5}},"30":{"start":{"line":72,"column":22},"end":{"line":72,"column":62}},"31":{"start":{"line":73,"column":20},"end":{"line":73,"column":58}},"32":{"start":{"line":76,"column":6},"end":{"line":87,"column":7}},"33":{"start":{"line":77,"column":25},"end":{"line":77,"column":61}},"34":{"start":{"line":78,"column":8},"end":{"line":78,"column":39}},"35":{"start":{"line":81,"column":25},"end":{"line":81,"column":55}},"36":{"start":{"line":82,"column":37},"end":{"line":85,"column":10}},"37":{"start":{"line":83,"column":34},"end":{"line":83,"column":100}},"38":{"start":{"line":84,"column":10},"end":{"line":84,"column":45}},"39":{"start":{"line":86,"column":8},"end":{"line":86,"column":46}},"40":{"start":{"line":89,"column":6},"end":{"line":89,"column":58}},"41":{"start":{"line":90,"column":6},"end":{"line":90,"column":51}},"42":{"start":{"line":94,"column":23},"end":{"line":119,"column":3}},"43":{"start":{"line":95,"column":4},"end":{"line":95,"column":23}},"44":{"start":{"line":96,"column":4},"end":{"line":118,"column":5}},"45":{"start":{"line":97,"column":30},"end":{"line":101,"column":7}},"46":{"start":{"line":103,"column":6},"end":{"line":109,"column":7}},"47":{"start":{"line":104,"column":8},"end":{"line":104,"column":77}},"48":{"start":{"line":105,"column":8},"end":{"line":105,"column":61}},"49":{"start":{"line":107,"column":8},"end":{"line":107,"column":54}},"50":{"start":{"line":108,"column":8},"end":{"line":108,"column":57}},"51":{"start":{"line":111,"column":6},"end":{"line":111,"column":26}},"52":{"start":{"line":112,"column":6},"end":{"line":112,"column":34}},"53":{"start":{"line":113,"column":6},"end":{"line":113,"column":18}},"54":{"start":{"line":114,"column":6},"end":{"line":114,"column":31}},"55":{"start":{"line":116,"column":6},"end":{"line":116,"column":56}},"56":{"start":{"line":117,"column":6},"end":{"line":117,"column":48}},"57":{"start":{"line":121,"column":21},"end":{"line":134,"column":3}},"58":{"start":{"line":122,"column":4},"end":{"line":122,"column":39}},"59":{"start":{"line":123,"column":4},"end":{"line":132,"column":7}},"60":{"start":{"line":133,"column":4},"end":{"line":133,"column":23}},"61":{"start":{"line":136,"column":23},"end":{"line":147,"column":3}},"62":{"start":{"line":137,"column":4},"end":{"line":146,"column":5}},"63":{"start":{"line":138,"column":6},"end":{"line":145,"column":7}},"64":{"start":{"line":139,"column":8},"end":{"line":139,"column":41}},"65":{"start":{"line":140,"column":8},"end":{"line":140,"column":59}},"66":{"start":{"line":141,"column":8},"end":{"line":141,"column":33}},"67":{"start":{"line":143,"column":8},"end":{"line":143,"column":60}},"68":{"start":{"line":144,"column":8},"end":{"line":144,"column":51}},"69":{"start":{"line":149,"column":31},"end":{"line":153,"column":3}},"70":{"start":{"line":150,"column":4},"end":{"line":150,"column":16}},"71":{"start":{"line":151,"column":4},"end":{"line":151,"column":32}},"72":{"start":{"line":152,"column":4},"end":{"line":152,"column":23}},"73":{"start":{"line":157,"column":27},"end":{"line":161,"column":3}},"74":{"start":{"line":158,"column":4},"end":{"line":158,"column":24}},"75":{"start":{"line":159,"column":4},"end":{"line":159,"column":32}},"76":{"start":{"line":160,"column":4},"end":{"line":160,"column":16}},"77":{"start":{"line":163,"column":20},"end":{"line":174,"column":3}},"78":{"start":{"line":164,"column":4},"end":{"line":173,"column":7}},"79":{"start":{"line":176,"column":30},"end":{"line":183,"column":3}},"80":{"start":{"line":177,"column":20},"end":{"line":177,"column":58}},"81":{"start":{"line":177,"column":39},"end":{"line":177,"column":57}},"82":{"start":{"line":178,"column":4},"end":{"line":182,"column":7}},"83":{"start":{"line":185,"column":26},"end":{"line":188,"column":3}},"84":{"start":{"line":186,"column":21},"end":{"line":186,"column":61}},"85":{"start":{"line":186,"column":41},"end":{"line":186,"column":60}},"86":{"start":{"line":187,"column":4},"end":{"line":187,"column":63}},"87":{"start":{"line":190,"column":23},"end":{"line":193,"column":3}},"88":{"start":{"line":191,"column":24},"end":{"line":191,"column":57}},"89":{"start":{"line":191,"column":40},"end":{"line":191,"column":56}},"90":{"start":{"line":192,"column":4},"end":{"line":192,"column":73}},"91":{"start":{"line":195,"column":25},"end":{"line":198,"column":3}},"92":{"start":{"line":196,"column":20},"end":{"line":196,"column":58}},"93":{"start":{"line":196,"column":39},"end":{"line":196,"column":57}},"94":{"start":{"line":197,"column":4},"end":{"line":197,"column":61}},"95":{"start":{"line":200,"column":25},"end":{"line":207,"column":3}},"96":{"start":{"line":201,"column":25},"end":{"line":201,"column":68}},"97":{"start":{"line":201,"column":49},"end":{"line":201,"column":67}},"98":{"start":{"line":202,"column":4},"end":{"line":206,"column":6}},"99":{"start":{"line":209,"column":22},"end":{"line":214,"column":3}},"100":{"start":{"line":210,"column":4},"end":{"line":213,"column":21}},"101":{"start":{"line":216,"column":2},"end":{"line":226,"column":3}},"102":{"start":{"line":217,"column":4},"end":{"line":225,"column":6}},"103":{"start":{"line":228,"column":2},"end":{"line":451,"column":4}},"104":{"start":{"line":278,"column":20},"end":{"line":304,"column":25}},"105":{"start":{"line":292,"column":41},"end":{"line":292,"column":64}},"106":{"start":{"line":299,"column":41},"end":{"line":299,"column":69}},"107":{"start":{"line":327,"column":37},"end":{"line":327,"column":93}},"108":{"start":{"line":332,"column":22},"end":{"line":334,"column":31}},"109":{"start":{"line":344,"column":37},"end":{"line":344,"column":90}},"110":{"start":{"line":349,"column":22},"end":{"line":351,"column":31}},"111":{"start":{"line":363,"column":37},"end":{"line":363,"column":72}},"112":{"start":{"line":368,"column":22},"end":{"line":370,"column":31}},"113":{"start":{"line":380,"column":37},"end":{"line":380,"column":89}},"114":{"start":{"line":384,"column":22},"end":{"line":386,"column":31}},"115":{"start":{"line":398,"column":40},"end":{"line":398,"column":91}},"116":{"start":{"line":411,"column":37},"end":{"line":411,"column":98}},"117":{"start":{"line":423,"column":37},"end":{"line":423,"column":93}},"118":{"start":{"line":435,"column":33},"end":{"line":435,"column":84}}},"fnMap":{"0":{"name":"Appointments","decl":{"start":{"line":8,"column":9},"end":{"line":8,"column":21}},"loc":{"start":{"line":8,"column":24},"end":{"line":452,"column":1}},"line":8},"1":{"name":"(anonymous_1)","decl":{"start":{"line":35,"column":12},"end":{"line":35,"column":13}},"loc":{"start":{"line":35,"column":18},"end":{"line":37,"column":3}},"line":35},"2":{"name":"(anonymous_2)","decl":{"start":{"line":40,"column":12},"end":{"line":40,"column":13}},"loc":{"start":{"line":40,"column":18},"end":{"line":46,"column":3}},"line":40},"3":{"name":"(anonymous_3)","decl":{"start":{"line":48,"column":19},"end":{"line":48,"column":20}},"loc":{"start":{"line":48,"column":31},"end":{"line":68,"column":3}},"line":48},"4":{"name":"(anonymous_4)","decl":{"start":{"line":70,"column":33},"end":{"line":70,"column":34}},"loc":{"start":{"line":70,"column":45},"end":{"line":92,"column":3}},"line":70},"5":{"name":"(anonymous_5)","decl":{"start":{"line":82,"column":58},"end":{"line":82,"column":59}},"loc":{"start":{"line":82,"column":73},"end":{"line":85,"column":9}},"line":82},"6":{"name":"(anonymous_6)","decl":{"start":{"line":94,"column":23},"end":{"line":94,"column":24}},"loc":{"start":{"line":94,"column":36},"end":{"line":119,"column":3}},"line":94},"7":{"name":"(anonymous_7)","decl":{"start":{"line":121,"column":21},"end":{"line":121,"column":22}},"loc":{"start":{"line":121,"column":38},"end":{"line":134,"column":3}},"line":121},"8":{"name":"(anonymous_8)","decl":{"start":{"line":136,"column":23},"end":{"line":136,"column":24}},"loc":{"start":{"line":136,"column":37},"end":{"line":147,"column":3}},"line":136},"9":{"name":"(anonymous_9)","decl":{"start":{"line":149,"column":31},"end":{"line":149,"column":32}},"loc":{"start":{"line":149,"column":37},"end":{"line":153,"column":3}},"line":149},"10":{"name":"(anonymous_10)","decl":{"start":{"line":157,"column":27},"end":{"line":157,"column":28}},"loc":{"start":{"line":157,"column":33},"end":{"line":161,"column":3}},"line":157},"11":{"name":"(anonymous_11)","decl":{"start":{"line":163,"column":20},"end":{"line":163,"column":21}},"loc":{"start":{"line":163,"column":26},"end":{"line":174,"column":3}},"line":163},"12":{"name":"(anonymous_12)","decl":{"start":{"line":176,"column":30},"end":{"line":176,"column":31}},"loc":{"start":{"line":176,"column":45},"end":{"line":183,"column":3}},"line":176},"13":{"name":"(anonymous_13)","decl":{"start":{"line":177,"column":34},"end":{"line":177,"column":35}},"loc":{"start":{"line":177,"column":39},"end":{"line":177,"column":57}},"line":177},"14":{"name":"(anonymous_14)","decl":{"start":{"line":185,"column":26},"end":{"line":185,"column":27}},"loc":{"start":{"line":185,"column":42},"end":{"line":188,"column":3}},"line":185},"15":{"name":"(anonymous_15)","decl":{"start":{"line":186,"column":36},"end":{"line":186,"column":37}},"loc":{"start":{"line":186,"column":41},"end":{"line":186,"column":60}},"line":186},"16":{"name":"(anonymous_16)","decl":{"start":{"line":190,"column":23},"end":{"line":190,"column":24}},"loc":{"start":{"line":190,"column":36},"end":{"line":193,"column":3}},"line":190},"17":{"name":"(anonymous_17)","decl":{"start":{"line":191,"column":35},"end":{"line":191,"column":36}},"loc":{"start":{"line":191,"column":40},"end":{"line":191,"column":56}},"line":191},"18":{"name":"(anonymous_18)","decl":{"start":{"line":195,"column":25},"end":{"line":195,"column":26}},"loc":{"start":{"line":195,"column":40},"end":{"line":198,"column":3}},"line":195},"19":{"name":"(anonymous_19)","decl":{"start":{"line":196,"column":34},"end":{"line":196,"column":35}},"loc":{"start":{"line":196,"column":39},"end":{"line":196,"column":57}},"line":196},"20":{"name":"(anonymous_20)","decl":{"start":{"line":200,"column":25},"end":{"line":200,"column":26}},"loc":{"start":{"line":200,"column":37},"end":{"line":207,"column":3}},"line":200},"21":{"name":"(anonymous_21)","decl":{"start":{"line":201,"column":44},"end":{"line":201,"column":45}},"loc":{"start":{"line":201,"column":49},"end":{"line":201,"column":67}},"line":201},"22":{"name":"(anonymous_22)","decl":{"start":{"line":209,"column":22},"end":{"line":209,"column":23}},"loc":{"start":{"line":209,"column":33},"end":{"line":214,"column":3}},"line":209},"23":{"name":"(anonymous_23)","decl":{"start":{"line":277,"column":36},"end":{"line":277,"column":37}},"loc":{"start":{"line":278,"column":20},"end":{"line":304,"column":25}},"line":278},"24":{"name":"(anonymous_24)","decl":{"start":{"line":292,"column":35},"end":{"line":292,"column":36}},"loc":{"start":{"line":292,"column":41},"end":{"line":292,"column":64}},"line":292},"25":{"name":"(anonymous_25)","decl":{"start":{"line":299,"column":35},"end":{"line":299,"column":36}},"loc":{"start":{"line":299,"column":41},"end":{"line":299,"column":69}},"line":299},"26":{"name":"(anonymous_26)","decl":{"start":{"line":327,"column":30},"end":{"line":327,"column":31}},"loc":{"start":{"line":327,"column":37},"end":{"line":327,"column":93}},"line":327},"27":{"name":"(anonymous_27)","decl":{"start":{"line":331,"column":35},"end":{"line":331,"column":36}},"loc":{"start":{"line":332,"column":22},"end":{"line":334,"column":31}},"line":332},"28":{"name":"(anonymous_28)","decl":{"start":{"line":344,"column":30},"end":{"line":344,"column":31}},"loc":{"start":{"line":344,"column":37},"end":{"line":344,"column":90}},"line":344},"29":{"name":"(anonymous_29)","decl":{"start":{"line":348,"column":31},"end":{"line":348,"column":32}},"loc":{"start":{"line":349,"column":22},"end":{"line":351,"column":31}},"line":349},"30":{"name":"(anonymous_30)","decl":{"start":{"line":363,"column":30},"end":{"line":363,"column":31}},"loc":{"start":{"line":363,"column":37},"end":{"line":363,"column":72}},"line":363},"31":{"name":"(anonymous_31)","decl":{"start":{"line":367,"column":34},"end":{"line":367,"column":35}},"loc":{"start":{"line":368,"column":22},"end":{"line":370,"column":31}},"line":368},"32":{"name":"(anonymous_32)","decl":{"start":{"line":380,"column":30},"end":{"line":380,"column":31}},"loc":{"start":{"line":380,"column":37},"end":{"line":380,"column":89}},"line":380},"33":{"name":"(anonymous_33)","decl":{"start":{"line":383,"column":39},"end":{"line":383,"column":40}},"loc":{"start":{"line":384,"column":22},"end":{"line":386,"column":31}},"line":384},"34":{"name":"(anonymous_34)","decl":{"start":{"line":398,"column":30},"end":{"line":398,"column":31}},"loc":{"start":{"line":398,"column":40},"end":{"line":398,"column":91}},"line":398},"35":{"name":"(anonymous_35)","decl":{"start":{"line":411,"column":30},"end":{"line":411,"column":31}},"loc":{"start":{"line":411,"column":37},"end":{"line":411,"column":98}},"line":411},"36":{"name":"(anonymous_36)","decl":{"start":{"line":423,"column":30},"end":{"line":423,"column":31}},"loc":{"start":{"line":423,"column":37},"end":{"line":423,"column":93}},"line":423},"37":{"name":"(anonymous_37)","decl":{"start":{"line":435,"column":26},"end":{"line":435,"column":27}},"loc":{"start":{"line":435,"column":33},"end":{"line":435,"column":84}},"line":435}},"branchMap":{"0":{"loc":{"start":{"line":41,"column":4},"end":{"line":45,"column":5}},"type":"if","locations":[{"start":{"line":41,"column":4},"end":{"line":45,"column":5}},{"start":{"line":43,"column":11},"end":{"line":45,"column":5}}],"line":41},"1":{"loc":{"start":{"line":76,"column":6},"end":{"line":87,"column":7}},"type":"if","locations":[{"start":{"line":76,"column":6},"end":{"line":87,"column":7}},{"start":{"line":79,"column":13},"end":{"line":87,"column":7}}],"line":76},"2":{"loc":{"start":{"line":100,"column":20},"end":{"line":100,"column":56}},"type":"binary-expr","locations":[{"start":{"line":100,"column":20},"end":{"line":100,"column":51}},{"start":{"line":100,"column":55},"end":{"line":100,"column":56}}],"line":100},"3":{"loc":{"start":{"line":103,"column":6},"end":{"line":109,"column":7}},"type":"if","locations":[{"start":{"line":103,"column":6},"end":{"line":109,"column":7}},{"start":{"line":106,"column":13},"end":{"line":109,"column":7}}],"line":103},"4":{"loc":{"start":{"line":130,"column":13},"end":{"line":130,"column":36}},"type":"binary-expr","locations":[{"start":{"line":130,"column":13},"end":{"line":130,"column":30}},{"start":{"line":130,"column":34},"end":{"line":130,"column":36}}],"line":130},"5":{"loc":{"start":{"line":131,"column":18},"end":{"line":131,"column":58}},"type":"binary-expr","locations":[{"start":{"line":131,"column":18},"end":{"line":131,"column":52}},{"start":{"line":131,"column":56},"end":{"line":131,"column":58}}],"line":131},"6":{"loc":{"start":{"line":137,"column":4},"end":{"line":146,"column":5}},"type":"if","locations":[{"start":{"line":137,"column":4},"end":{"line":146,"column":5}},{"start":{},"end":{}}],"line":137},"7":{"loc":{"start":{"line":181,"column":18},"end":{"line":181,"column":57}},"type":"cond-expr","locations":[{"start":{"line":181,"column":28},"end":{"line":181,"column":52}},{"start":{"line":181,"column":55},"end":{"line":181,"column":57}}],"line":181},"8":{"loc":{"start":{"line":187,"column":11},"end":{"line":187,"column":62}},"type":"cond-expr","locations":[{"start":{"line":187,"column":22},"end":{"line":187,"column":35}},{"start":{"line":187,"column":38},"end":{"line":187,"column":62}}],"line":187},"9":{"loc":{"start":{"line":192,"column":11},"end":{"line":192,"column":72}},"type":"cond-expr","locations":[{"start":{"line":192,"column":25},"end":{"line":192,"column":41}},{"start":{"line":192,"column":44},"end":{"line":192,"column":72}}],"line":192},"10":{"loc":{"start":{"line":197,"column":11},"end":{"line":197,"column":60}},"type":"cond-expr","locations":[{"start":{"line":197,"column":21},"end":{"line":197,"column":33}},{"start":{"line":197,"column":36},"end":{"line":197,"column":60}}],"line":197},"11":{"loc":{"start":{"line":202,"column":11},"end":{"line":206,"column":5}},"type":"cond-expr","locations":[{"start":{"line":203,"column":6},"end":{"line":203,"column":65}},{"start":{"line":205,"column":6},"end":{"line":205,"column":44}}],"line":202},"12":{"loc":{"start":{"line":216,"column":2},"end":{"line":226,"column":3}},"type":"if","locations":[{"start":{"line":216,"column":2},"end":{"line":226,"column":3}},{"start":{},"end":{}}],"line":216},"13":{"loc":{"start":{"line":256,"column":11},"end":{"line":309,"column":11}},"type":"cond-expr","locations":[{"start":{"line":257,"column":12},"end":{"line":261,"column":18}},{"start":{"line":263,"column":12},"end":{"line":308,"column":18}}],"line":256},"14":{"loc":{"start":{"line":285,"column":27},"end":{"line":285,"column":93}},"type":"cond-expr","locations":[{"start":{"line":285,"column":52},"end":{"line":285,"column":87}},{"start":{"line":285,"column":90},"end":{"line":285,"column":93}}],"line":285},"15":{"loc":{"start":{"line":316,"column":13},"end":{"line":316,"column":75}},"type":"cond-expr","locations":[{"start":{"line":316,"column":34},"end":{"line":316,"column":54}},{"start":{"line":316,"column":57},"end":{"line":316,"column":75}}],"line":316},"16":{"loc":{"start":{"line":445,"column":15},"end":{"line":445,"column":57}},"type":"cond-expr","locations":[{"start":{"line":445,"column":36},"end":{"line":445,"column":47}},{"start":{"line":445,"column":50},"end":{"line":445,"column":57}}],"line":445}},"s":{"0":4,"1":4,"2":4,"3":4,"4":4,"5":4,"6":4,"7":4,"8":4,"9":4,"10":4,"11":2,"12":4,"13":4,"14":2,"15":2,"16":0,"17":4,"18":2,"19":2,"20":2,"21":2,"22":2,"23":2,"24":2,"25":0,"26":0,"27":2,"28":4,"29":2,"30":2,"31":2,"32":2,"33":2,"34":0,"35":0,"36":0,"37":0,"38":0,"39":0,"40":2,"41":2,"42":4,"43":0,"44":0,"45":0,"46":0,"47":0,"48":0,"49":0,"50":0,"51":0,"52":0,"53":0,"54":0,"55":0,"56":0,"57":4,"58":0,"59":0,"60":0,"61":4,"62":0,"63":0,"64":0,"65":0,"66":0,"67":0,"68":0,"69":4,"70":0,"71":0,"72":0,"73":4,"74":0,"75":0,"76":0,"77":4,"78":0,"79":4,"80":0,"81":0,"82":0,"83":4,"84":0,"85":0,"86":0,"87":4,"88":0,"89":0,"90":0,"91":4,"92":0,"93":0,"94":0,"95":4,"96":0,"97":0,"98":0,"99":4,"100":4,"101":4,"102":2,"103":2,"104":0,"105":0,"106":0,"107":0,"108":4,"109":0,"110":4,"111":0,"112":4,"113":0,"114":8,"115":0,"116":0,"117":0,"118":0},"f":{"0":4,"1":2,"2":2,"3":2,"4":2,"5":0,"6":0,"7":0,"8":0,"9":0,"10":0,"11":0,"12":0,"13":0,"14":0,"15":0,"16":0,"17":0,"18":0,"19":0,"20":0,"21":0,"22":4,"23":0,"24":0,"25":0,"26":0,"27":4,"28":0,"29":4,"30":0,"31":4,"32":0,"33":8,"34":0,"35":0,"36":0,"37":0},"b":{"0":[2,0],"1":[2,0],"2":[0,0],"3":[0,0],"4":[0,0],"5":[0,0],"6":[0,0],"7":[0,0],"8":[0,0],"9":[0,0],"10":[0,0],"11":[0,0],"12":[2,2],"13":[2,0],"14":[0,0],"15":[0,2],"16":[0,2]},"_coverageSchema":"1a1c01bbd47fc00a2c39e90264f33305004495a9","hash":"0da818cde4af937d32df348907db443d1589304e"}
,"/Volumes/Dock/ai/ide/windsurf/beauty-salon-app/frontend/src/components/Customers.js": {"path":"/Volumes/Dock/ai/ide/windsurf/beauty-salon-app/frontend/src/components/Customers.js","statementMap":{"0":{"start":{"line":7,"column":36},"end":{"line":7,"column":48}},"1":{"start":{"line":8,"column":32},"end":{"line":8,"column":46}},"2":{"start":{"line":9,"column":36},"end":{"line":9,"column":51}},"3":{"start":{"line":10,"column":48},"end":{"line":10,"column":62}},"4":{"start":{"line":11,"column":38},"end":{"line":11,"column":50}},"5":{"start":{"line":12,"column":34},"end":{"line":17,"column":4}},"6":{"start":{"line":19,"column":2},"end":{"line":21,"column":9}},"7":{"start":{"line":20,"column":4},"end":{"line":20,"column":20}},"8":{"start":{"line":23,"column":24},"end":{"line":34,"column":3}},"9":{"start":{"line":24,"column":4},"end":{"line":33,"column":5}},"10":{"start":{"line":25,"column":6},"end":{"line":25,"column":23}},"11":{"start":{"line":26,"column":23},"end":{"line":26,"column":50}},"12":{"start":{"line":27,"column":6},"end":{"line":27,"column":34}},"13":{"start":{"line":29,"column":6},"end":{"line":29,"column":55}},"14":{"start":{"line":30,"column":6},"end":{"line":30,"column":47}},"15":{"start":{"line":32,"column":6},"end":{"line":32,"column":24}},"16":{"start":{"line":36,"column":23},"end":{"line":48,"column":3}},"17":{"start":{"line":37,"column":4},"end":{"line":47,"column":5}},"18":{"start":{"line":38,"column":6},"end":{"line":44,"column":7}},"19":{"start":{"line":39,"column":25},"end":{"line":39,"column":62}},"20":{"start":{"line":40,"column":8},"end":{"line":40,"column":36}},"21":{"start":{"line":42,"column":8},"end":{"line":42,"column":59}},"22":{"start":{"line":43,"column":8},"end":{"line":43,"column":47}},"23":{"start":{"line":46,"column":6},"end":{"line":46,"column":22}},"24":{"start":{"line":50,"column":23},"end":{"line":68,"column":3}},"25":{"start":{"line":51,"column":4},"end":{"line":51,"column":23}},"26":{"start":{"line":52,"column":4},"end":{"line":67,"column":5}},"27":{"start":{"line":53,"column":6},"end":{"line":59,"column":7}},"28":{"start":{"line":54,"column":8},"end":{"line":54,"column":64}},"29":{"start":{"line":55,"column":8},"end":{"line":55,"column":57}},"30":{"start":{"line":57,"column":8},"end":{"line":57,"column":44}},"31":{"start":{"line":58,"column":8},"end":{"line":58,"column":53}},"32":{"start":{"line":60,"column":6},"end":{"line":60,"column":26}},"33":{"start":{"line":61,"column":6},"end":{"line":61,"column":31}},"34":{"start":{"line":62,"column":6},"end":{"line":62,"column":67}},"35":{"start":{"line":63,"column":6},"end":{"line":63,"column":22}},"36":{"start":{"line":65,"column":6},"end":{"line":65,"column":53}},"37":{"start":{"line":66,"column":6},"end":{"line":66,"column":44}},"38":{"start":{"line":70,"column":21},"end":{"line":79,"column":3}},"39":{"start":{"line":71,"column":4},"end":{"line":71,"column":33}},"40":{"start":{"line":72,"column":4},"end":{"line":77,"column":7}},"41":{"start":{"line":78,"column":4},"end":{"line":78,"column":23}},"42":{"start":{"line":81,"column":23},"end":{"line":92,"column":3}},"43":{"start":{"line":82,"column":4},"end":{"line":91,"column":5}},"44":{"start":{"line":83,"column":6},"end":{"line":90,"column":7}},"45":{"start":{"line":84,"column":8},"end":{"line":84,"column":38}},"46":{"start":{"line":85,"column":8},"end":{"line":85,"column":55}},"47":{"start":{"line":86,"column":8},"end":{"line":86,"column":24}},"48":{"start":{"line":88,"column":8},"end":{"line":88,"column":57}},"49":{"start":{"line":89,"column":8},"end":{"line":89,"column":47}},"50":{"start":{"line":94,"column":27},"end":{"line":98,"column":3}},"51":{"start":{"line":95,"column":4},"end":{"line":95,"column":24}},"52":{"start":{"line":96,"column":4},"end":{"line":96,"column":29}},"53":{"start":{"line":97,"column":4},"end":{"line":97,"column":65}},"54":{"start":{"line":100,"column":2},"end":{"line":110,"column":3}},"55":{"start":{"line":101,"column":4},"end":{"line":109,"column":6}},"56":{"start":{"line":112,"column":2},"end":{"line":254,"column":4}},"57":{"start":{"line":126,"column":31},"end":{"line":126,"column":60}},"58":{"start":{"line":127,"column":33},"end":{"line":127,"column":68}},"59":{"start":{"line":135,"column":51},"end":{"line":135,"column":69}},"60":{"start":{"line":163,"column":20},"end":{"line":185,"column":25}},"61":{"start":{"line":173,"column":41},"end":{"line":173,"column":61}},"62":{"start":{"line":180,"column":41},"end":{"line":180,"column":66}},"63":{"start":{"line":208,"column":33},"end":{"line":208,"column":83}},"64":{"start":{"line":218,"column":33},"end":{"line":218,"column":84}},"65":{"start":{"line":228,"column":33},"end":{"line":228,"column":84}},"66":{"start":{"line":239,"column":33},"end":{"line":239,"column":86}}},"fnMap":{"0":{"name":"Customers","decl":{"start":{"line":6,"column":9},"end":{"line":6,"column":18}},"loc":{"start":{"line":6,"column":21},"end":{"line":255,"column":1}},"line":6},"1":{"name":"(anonymous_1)","decl":{"start":{"line":19,"column":12},"end":{"line":19,"column":13}},"loc":{"start":{"line":19,"column":18},"end":{"line":21,"column":3}},"line":19},"2":{"name":"(anonymous_2)","decl":{"start":{"line":23,"column":24},"end":{"line":23,"column":25}},"loc":{"start":{"line":23,"column":36},"end":{"line":34,"column":3}},"line":23},"3":{"name":"(anonymous_3)","decl":{"start":{"line":36,"column":23},"end":{"line":36,"column":24}},"loc":{"start":{"line":36,"column":35},"end":{"line":48,"column":3}},"line":36},"4":{"name":"(anonymous_4)","decl":{"start":{"line":50,"column":23},"end":{"line":50,"column":24}},"loc":{"start":{"line":50,"column":36},"end":{"line":68,"column":3}},"line":50},"5":{"name":"(anonymous_5)","decl":{"start":{"line":70,"column":21},"end":{"line":70,"column":22}},"loc":{"start":{"line":70,"column":35},"end":{"line":79,"column":3}},"line":70},"6":{"name":"(anonymous_6)","decl":{"start":{"line":81,"column":23},"end":{"line":81,"column":24}},"loc":{"start":{"line":81,"column":37},"end":{"line":92,"column":3}},"line":81},"7":{"name":"(anonymous_7)","decl":{"start":{"line":94,"column":27},"end":{"line":94,"column":28}},"loc":{"start":{"line":94,"column":33},"end":{"line":98,"column":3}},"line":94},"8":{"name":"(anonymous_8)","decl":{"start":{"line":126,"column":24},"end":{"line":126,"column":25}},"loc":{"start":{"line":126,"column":31},"end":{"line":126,"column":60}},"line":126},"9":{"name":"(anonymous_9)","decl":{"start":{"line":127,"column":26},"end":{"line":127,"column":27}},"loc":{"start":{"line":127,"column":33},"end":{"line":127,"column":68}},"line":127},"10":{"name":"(anonymous_10)","decl":{"start":{"line":135,"column":45},"end":{"line":135,"column":46}},"loc":{"start":{"line":135,"column":51},"end":{"line":135,"column":69}},"line":135},"11":{"name":"(anonymous_11)","decl":{"start":{"line":162,"column":33},"end":{"line":162,"column":34}},"loc":{"start":{"line":163,"column":20},"end":{"line":185,"column":25}},"line":163},"12":{"name":"(anonymous_12)","decl":{"start":{"line":173,"column":35},"end":{"line":173,"column":36}},"loc":{"start":{"line":173,"column":41},"end":{"line":173,"column":61}},"line":173},"13":{"name":"(anonymous_13)","decl":{"start":{"line":180,"column":35},"end":{"line":180,"column":36}},"loc":{"start":{"line":180,"column":41},"end":{"line":180,"column":66}},"line":180},"14":{"name":"(anonymous_14)","decl":{"start":{"line":208,"column":26},"end":{"line":208,"column":27}},"loc":{"start":{"line":208,"column":33},"end":{"line":208,"column":83}},"line":208},"15":{"name":"(anonymous_15)","decl":{"start":{"line":218,"column":26},"end":{"line":218,"column":27}},"loc":{"start":{"line":218,"column":33},"end":{"line":218,"column":84}},"line":218},"16":{"name":"(anonymous_16)","decl":{"start":{"line":228,"column":26},"end":{"line":228,"column":27}},"loc":{"start":{"line":228,"column":33},"end":{"line":228,"column":84}},"line":228},"17":{"name":"(anonymous_17)","decl":{"start":{"line":239,"column":26},"end":{"line":239,"column":27}},"loc":{"start":{"line":239,"column":33},"end":{"line":239,"column":86}},"line":239}},"branchMap":{"0":{"loc":{"start":{"line":37,"column":4},"end":{"line":47,"column":5}},"type":"if","locations":[{"start":{"line":37,"column":4},"end":{"line":47,"column":5}},{"start":{"line":45,"column":11},"end":{"line":47,"column":5}}],"line":37},"1":{"loc":{"start":{"line":53,"column":6},"end":{"line":59,"column":7}},"type":"if","locations":[{"start":{"line":53,"column":6},"end":{"line":59,"column":7}},{"start":{"line":56,"column":13},"end":{"line":59,"column":7}}],"line":53},"2":{"loc":{"start":{"line":82,"column":4},"end":{"line":91,"column":5}},"type":"if","locations":[{"start":{"line":82,"column":4},"end":{"line":91,"column":5}},{"start":{},"end":{}}],"line":82},"3":{"loc":{"start":{"line":100,"column":2},"end":{"line":110,"column":3}},"type":"if","locations":[{"start":{"line":100,"column":2},"end":{"line":110,"column":3}},{"start":{},"end":{}}],"line":100},"4":{"loc":{"start":{"line":127,"column":33},"end":{"line":127,"column":68}},"type":"binary-expr","locations":[{"start":{"line":127,"column":33},"end":{"line":127,"column":50}},{"start":{"line":127,"column":54},"end":{"line":127,"column":68}}],"line":127},"5":{"loc":{"start":{"line":143,"column":11},"end":{"line":190,"column":11}},"type":"cond-expr","locations":[{"start":{"line":144,"column":12},"end":{"line":148,"column":18}},{"start":{"line":150,"column":12},"end":{"line":189,"column":18}}],"line":143},"6":{"loc":{"start":{"line":197,"column":13},"end":{"line":197,"column":64}},"type":"cond-expr","locations":[{"start":{"line":197,"column":31},"end":{"line":197,"column":47}},{"start":{"line":197,"column":50},"end":{"line":197,"column":64}}],"line":197},"7":{"loc":{"start":{"line":248,"column":15},"end":{"line":248,"column":54}},"type":"cond-expr","locations":[{"start":{"line":248,"column":33},"end":{"line":248,"column":44}},{"start":{"line":248,"column":47},"end":{"line":248,"column":54}}],"line":248}},"s":{"0":32,"1":31,"2":31,"3":31,"4":31,"5":31,"6":31,"7":9,"8":31,"9":12,"10":12,"11":12,"12":11,"13":1,"14":1,"15":12,"16":31,"17":1,"18":1,"19":1,"20":1,"21":0,"22":0,"23":0,"24":31,"25":2,"26":2,"27":2,"28":1,"29":1,"30":1,"31":1,"32":2,"33":2,"34":2,"35":2,"36":0,"37":0,"38":31,"39":2,"40":2,"41":2,"42":31,"43":1,"44":1,"45":1,"46":1,"47":1,"48":0,"49":0,"50":31,"51":1,"52":1,"53":1,"54":31,"55":9,"56":22,"57":1,"58":0,"59":3,"60":42,"61":2,"62":1,"63":2,"64":2,"65":1,"66":1},"f":{"0":32,"1":9,"2":12,"3":1,"4":2,"5":2,"6":1,"7":1,"8":1,"9":0,"10":3,"11":42,"12":2,"13":1,"14":2,"15":2,"16":1,"17":1},"b":{"0":[1,0],"1":[1,1],"2":[1,0],"3":[9,22],"4":[0,0],"5":[1,21],"6":[4,18],"7":[4,18]},"_coverageSchema":"1a1c01bbd47fc00a2c39e90264f33305004495a9","hash":"58dce153f8204c13224d048f6b1331a5393baf54"}
,"/Volumes/Dock/ai/ide/windsurf/beauty-salon-app/frontend/src/components/Dashboard.js": {"path":"/Volumes/Dock/ai/ide/windsurf/beauty-salon-app/frontend/src/components/Dashboard.js","statementMap":{"0":{"start":{"line":8,"column":28},"end":{"line":14,"column":4}},"1":{"start":{"line":15,"column":32},"end":{"line":15,"column":46}},"2":{"start":{"line":17,"column":2},"end":{"line":19,"column":9}},"3":{"start":{"line":18,"column":4},"end":{"line":18,"column":16}},"4":{"start":{"line":21,"column":20},"end":{"line":46,"column":3}},"5":{"start":{"line":22,"column":4},"end":{"line":45,"column":5}},"6":{"start":{"line":23,"column":6},"end":{"line":23,"column":23}},"7":{"start":{"line":25,"column":91},"end":{"line":31,"column":8}},"8":{"start":{"line":33,"column":6},"end":{"line":39,"column":9}},"9":{"start":{"line":41,"column":6},"end":{"line":41,"column":51}},"10":{"start":{"line":42,"column":6},"end":{"line":42,"column":51}},"11":{"start":{"line":44,"column":6},"end":{"line":44,"column":24}},"12":{"start":{"line":48,"column":2},"end":{"line":58,"column":3}},"13":{"start":{"line":49,"column":4},"end":{"line":57,"column":6}},"14":{"start":{"line":60,"column":2},"end":{"line":166,"column":4}}},"fnMap":{"0":{"name":"Dashboard","decl":{"start":{"line":7,"column":9},"end":{"line":7,"column":18}},"loc":{"start":{"line":7,"column":21},"end":{"line":167,"column":1}},"line":7},"1":{"name":"(anonymous_1)","decl":{"start":{"line":17,"column":12},"end":{"line":17,"column":13}},"loc":{"start":{"line":17,"column":18},"end":{"line":19,"column":3}},"line":17},"2":{"name":"(anonymous_2)","decl":{"start":{"line":21,"column":20},"end":{"line":21,"column":21}},"loc":{"start":{"line":21,"column":32},"end":{"line":46,"column":3}},"line":21}},"branchMap":{"0":{"loc":{"start":{"line":48,"column":2},"end":{"line":58,"column":3}},"type":"if","locations":[{"start":{"line":48,"column":2},"end":{"line":58,"column":3}},{"start":{},"end":{}}],"line":48}},"s":{"0":22,"1":22,"2":22,"3":11,"4":22,"5":11,"6":11,"7":11,"8":0,"9":11,"10":11,"11":11,"12":22,"13":11,"14":11},"f":{"0":22,"1":11,"2":11},"b":{"0":[11,11]},"_coverageSchema":"1a1c01bbd47fc00a2c39e90264f33305004495a9","hash":"d146e881310f7c4b861b5ea9fe0481fae91beeec"}
,"/Volumes/Dock/ai/ide/windsurf/beauty-salon-app/frontend/src/components/Navbar.js": {"path":"/Volumes/Dock/ai/ide/windsurf/beauty-salon-app/frontend/src/components/Navbar.js","statementMap":{"0":{"start":{"line":6,"column":2},"end":{"line":37,"column":4}}},"fnMap":{"0":{"name":"Navbar","decl":{"start":{"line":5,"column":9},"end":{"line":5,"column":15}},"loc":{"start":{"line":5,"column":18},"end":{"line":38,"column":1}},"line":5}},"branchMap":{},"s":{"0":4},"f":{"0":4},"b":{},"_coverageSchema":"1a1c01bbd47fc00a2c39e90264f33305004495a9","hash":"ca5a231b430e2b534c39bdd04247aeca00a04522"}
,"/Volumes/Dock/ai/ide/windsurf/beauty-salon-app/frontend/src/components/Services.js": {"path":"/Volumes/Dock/ai/ide/windsurf/beauty-salon-app/frontend/src/components/Services.js","statementMap":{"0":{"start":{"line":7,"column":34},"end":{"line":7,"column":46}},"1":{"start":{"line":8,"column":32},"end":{"line":8,"column":46}},"2":{"start":{"line":9,"column":36},"end":{"line":9,"column":51}},"3":{"start":{"line":10,"column":46},"end":{"line":10,"column":60}},"4":{"start":{"line":11,"column":34},"end":{"line":18,"column":4}},"5":{"start":{"line":20,"column":21},"end":{"line":20,"column":77}},"6":{"start":{"line":22,"column":2},"end":{"line":24,"column":9}},"7":{"start":{"line":23,"column":4},"end":{"line":23,"column":19}},"8":{"start":{"line":26,"column":23},"end":{"line":37,"column":3}},"9":{"start":{"line":27,"column":4},"end":{"line":36,"column":5}},"10":{"start":{"line":28,"column":6},"end":{"line":28,"column":23}},"11":{"start":{"line":29,"column":23},"end":{"line":29,"column":49}},"12":{"start":{"line":30,"column":6},"end":{"line":30,"column":33}},"13":{"start":{"line":32,"column":6},"end":{"line":32,"column":54}},"14":{"start":{"line":33,"column":6},"end":{"line":33,"column":47}},"15":{"start":{"line":35,"column":6},"end":{"line":35,"column":24}},"16":{"start":{"line":39,"column":23},"end":{"line":70,"column":3}},"17":{"start":{"line":40,"column":4},"end":{"line":40,"column":23}},"18":{"start":{"line":41,"column":4},"end":{"line":69,"column":5}},"19":{"start":{"line":42,"column":26},"end":{"line":46,"column":7}},"20":{"start":{"line":48,"column":6},"end":{"line":54,"column":7}},"21":{"start":{"line":49,"column":8},"end":{"line":49,"column":65}},"22":{"start":{"line":50,"column":8},"end":{"line":50,"column":57}},"23":{"start":{"line":52,"column":8},"end":{"line":52,"column":46}},"24":{"start":{"line":53,"column":8},"end":{"line":53,"column":53}},"25":{"start":{"line":55,"column":6},"end":{"line":55,"column":26}},"26":{"start":{"line":56,"column":6},"end":{"line":56,"column":30}},"27":{"start":{"line":57,"column":6},"end":{"line":64,"column":9}},"28":{"start":{"line":65,"column":6},"end":{"line":65,"column":21}},"29":{"start":{"line":67,"column":6},"end":{"line":67,"column":52}},"30":{"start":{"line":68,"column":6},"end":{"line":68,"column":44}},"31":{"start":{"line":72,"column":21},"end":{"line":83,"column":3}},"32":{"start":{"line":73,"column":4},"end":{"line":73,"column":31}},"33":{"start":{"line":74,"column":4},"end":{"line":81,"column":7}},"34":{"start":{"line":82,"column":4},"end":{"line":82,"column":23}},"35":{"start":{"line":85,"column":23},"end":{"line":96,"column":3}},"36":{"start":{"line":86,"column":4},"end":{"line":95,"column":5}},"37":{"start":{"line":87,"column":6},"end":{"line":94,"column":7}},"38":{"start":{"line":88,"column":8},"end":{"line":88,"column":37}},"39":{"start":{"line":89,"column":8},"end":{"line":89,"column":55}},"40":{"start":{"line":90,"column":8},"end":{"line":90,"column":23}},"41":{"start":{"line":92,"column":8},"end":{"line":92,"column":56}},"42":{"start":{"line":93,"column":8},"end":{"line":93,"column":47}},"43":{"start":{"line":98,"column":27},"end":{"line":109,"column":3}},"44":{"start":{"line":99,"column":4},"end":{"line":99,"column":24}},"45":{"start":{"line":100,"column":4},"end":{"line":100,"column":28}},"46":{"start":{"line":101,"column":4},"end":{"line":108,"column":7}},"47":{"start":{"line":111,"column":22},"end":{"line":116,"column":3}},"48":{"start":{"line":112,"column":4},"end":{"line":115,"column":21}},"49":{"start":{"line":118,"column":2},"end":{"line":128,"column":3}},"50":{"start":{"line":119,"column":4},"end":{"line":127,"column":6}},"51":{"start":{"line":130,"column":2},"end":{"line":310,"column":4}},"52":{"start":{"line":139,"column":51},"end":{"line":139,"column":69}},"53":{"start":{"line":168,"column":20},"end":{"line":201,"column":25}},"54":{"start":{"line":189,"column":41},"end":{"line":189,"column":60}},"55":{"start":{"line":196,"column":41},"end":{"line":196,"column":65}},"56":{"start":{"line":226,"column":37},"end":{"line":226,"column":87}},"57":{"start":{"line":237,"column":37},"end":{"line":237,"column":91}},"58":{"start":{"line":242,"column":22},"end":{"line":244,"column":31}},"59":{"start":{"line":257,"column":33},"end":{"line":257,"column":90}},"60":{"start":{"line":268,"column":37},"end":{"line":268,"column":91}},"61":{"start":{"line":282,"column":37},"end":{"line":282,"column":88}},"62":{"start":{"line":295,"column":33},"end":{"line":295,"column":89}}},"fnMap":{"0":{"name":"Services","decl":{"start":{"line":6,"column":9},"end":{"line":6,"column":17}},"loc":{"start":{"line":6,"column":20},"end":{"line":311,"column":1}},"line":6},"1":{"name":"(anonymous_1)","decl":{"start":{"line":22,"column":12},"end":{"line":22,"column":13}},"loc":{"start":{"line":22,"column":18},"end":{"line":24,"column":3}},"line":22},"2":{"name":"(anonymous_2)","decl":{"start":{"line":26,"column":23},"end":{"line":26,"column":24}},"loc":{"start":{"line":26,"column":35},"end":{"line":37,"column":3}},"line":26},"3":{"name":"(anonymous_3)","decl":{"start":{"line":39,"column":23},"end":{"line":39,"column":24}},"loc":{"start":{"line":39,"column":36},"end":{"line":70,"column":3}},"line":39},"4":{"name":"(anonymous_4)","decl":{"start":{"line":72,"column":21},"end":{"line":72,"column":22}},"loc":{"start":{"line":72,"column":34},"end":{"line":83,"column":3}},"line":72},"5":{"name":"(anonymous_5)","decl":{"start":{"line":85,"column":23},"end":{"line":85,"column":24}},"loc":{"start":{"line":85,"column":37},"end":{"line":96,"column":3}},"line":85},"6":{"name":"(anonymous_6)","decl":{"start":{"line":98,"column":27},"end":{"line":98,"column":28}},"loc":{"start":{"line":98,"column":33},"end":{"line":109,"column":3}},"line":98},"7":{"name":"(anonymous_7)","decl":{"start":{"line":111,"column":22},"end":{"line":111,"column":23}},"loc":{"start":{"line":111,"column":33},"end":{"line":116,"column":3}},"line":111},"8":{"name":"(anonymous_8)","decl":{"start":{"line":139,"column":45},"end":{"line":139,"column":46}},"loc":{"start":{"line":139,"column":51},"end":{"line":139,"column":69}},"line":139},"9":{"name":"(anonymous_9)","decl":{"start":{"line":167,"column":32},"end":{"line":167,"column":33}},"loc":{"start":{"line":168,"column":20},"end":{"line":201,"column":25}},"line":168},"10":{"name":"(anonymous_10)","decl":{"start":{"line":189,"column":35},"end":{"line":189,"column":36}},"loc":{"start":{"line":189,"column":41},"end":{"line":189,"column":60}},"line":189},"11":{"name":"(anonymous_11)","decl":{"start":{"line":196,"column":35},"end":{"line":196,"column":36}},"loc":{"start":{"line":196,"column":41},"end":{"line":196,"column":65}},"line":196},"12":{"name":"(anonymous_12)","decl":{"start":{"line":226,"column":30},"end":{"line":226,"column":31}},"loc":{"start":{"line":226,"column":37},"end":{"line":226,"column":87}},"line":226},"13":{"name":"(anonymous_13)","decl":{"start":{"line":237,"column":30},"end":{"line":237,"column":31}},"loc":{"start":{"line":237,"column":37},"end":{"line":237,"column":91}},"line":237},"14":{"name":"(anonymous_14)","decl":{"start":{"line":241,"column":36},"end":{"line":241,"column":37}},"loc":{"start":{"line":242,"column":22},"end":{"line":244,"column":31}},"line":242},"15":{"name":"(anonymous_15)","decl":{"start":{"line":257,"column":26},"end":{"line":257,"column":27}},"loc":{"start":{"line":257,"column":33},"end":{"line":257,"column":90}},"line":257},"16":{"name":"(anonymous_16)","decl":{"start":{"line":268,"column":30},"end":{"line":268,"column":31}},"loc":{"start":{"line":268,"column":37},"end":{"line":268,"column":91}},"line":268},"17":{"name":"(anonymous_17)","decl":{"start":{"line":282,"column":30},"end":{"line":282,"column":31}},"loc":{"start":{"line":282,"column":37},"end":{"line":282,"column":88}},"line":282},"18":{"name":"(anonymous_18)","decl":{"start":{"line":295,"column":26},"end":{"line":295,"column":27}},"loc":{"start":{"line":295,"column":33},"end":{"line":295,"column":89}},"line":295}},"branchMap":{"0":{"loc":{"start":{"line":48,"column":6},"end":{"line":54,"column":7}},"type":"if","locations":[{"start":{"line":48,"column":6},"end":{"line":54,"column":7}},{"start":{"line":51,"column":13},"end":{"line":54,"column":7}}],"line":48},"1":{"loc":{"start":{"line":86,"column":4},"end":{"line":95,"column":5}},"type":"if","locations":[{"start":{"line":86,"column":4},"end":{"line":95,"column":5}},{"start":{},"end":{}}],"line":86},"2":{"loc":{"start":{"line":118,"column":2},"end":{"line":128,"column":3}},"type":"if","locations":[{"start":{"line":118,"column":2},"end":{"line":128,"column":3}},{"start":{},"end":{}}],"line":118},"3":{"loc":{"start":{"line":147,"column":11},"end":{"line":206,"column":11}},"type":"cond-expr","locations":[{"start":{"line":148,"column":12},"end":{"line":152,"column":18}},{"start":{"line":154,"column":12},"end":{"line":205,"column":18}}],"line":147},"4":{"loc":{"start":{"line":180,"column":35},"end":{"line":180,"column":77}},"type":"cond-expr","locations":[{"start":{"line":180,"column":54},"end":{"line":180,"column":63}},{"start":{"line":180,"column":66},"end":{"line":180,"column":77}}],"line":180},"5":{"loc":{"start":{"line":181,"column":27},"end":{"line":181,"column":65}},"type":"cond-expr","locations":[{"start":{"line":181,"column":46},"end":{"line":181,"column":53}},{"start":{"line":181,"column":56},"end":{"line":181,"column":65}}],"line":181},"6":{"loc":{"start":{"line":213,"column":13},"end":{"line":213,"column":63}},"type":"cond-expr","locations":[{"start":{"line":213,"column":30},"end":{"line":213,"column":46}},{"start":{"line":213,"column":49},"end":{"line":213,"column":63}}],"line":213},"7":{"loc":{"start":{"line":304,"column":15},"end":{"line":304,"column":53}},"type":"cond-expr","locations":[{"start":{"line":304,"column":32},"end":{"line":304,"column":43}},{"start":{"line":304,"column":46},"end":{"line":304,"column":53}}],"line":304}},"s":{"0":36,"1":35,"2":35,"3":35,"4":35,"5":35,"6":35,"7":12,"8":35,"9":15,"10":15,"11":15,"12":13,"13":1,"14":1,"15":14,"16":35,"17":2,"18":2,"19":2,"20":2,"21":1,"22":1,"23":1,"24":1,"25":2,"26":2,"27":2,"28":2,"29":0,"30":0,"31":35,"32":2,"33":2,"34":2,"35":35,"36":1,"37":1,"38":1,"39":1,"40":1,"41":0,"42":0,"43":35,"44":1,"45":1,"46":1,"47":35,"48":42,"49":35,"50":12,"51":23,"52":3,"53":42,"54":2,"55":1,"56":2,"57":1,"58":115,"59":0,"60":1,"61":2,"62":0},"f":{"0":36,"1":12,"2":15,"3":2,"4":2,"5":1,"6":1,"7":42,"8":3,"9":42,"10":2,"11":1,"12":2,"13":1,"14":115,"15":0,"16":1,"17":2,"18":0},"b":{"0":[1,1],"1":[1,0],"2":[12,23],"3":[2,21],"4":[42,0],"5":[42,0],"6":[4,19],"7":[4,19]},"_coverageSchema":"1a1c01bbd47fc00a2c39e90264f33305004495a9","hash":"8e2dba07abc3fc3ddb70de62c96f129102eb21a4"}
,"/Volumes/Dock/ai/ide/windsurf/beauty-salon-app/frontend/src/components/Staff.js": {"path":"/Volumes/Dock/ai/ide/windsurf/beauty-salon-app/frontend/src/components/Staff.js","statementMap":{"0":{"start":{"line":7,"column":28},"end":{"line":7,"column":40}},"1":{"start":{"line":8,"column":32},"end":{"line":8,"column":46}},"2":{"start":{"line":9,"column":36},"end":{"line":9,"column":51}},"3":{"start":{"line":10,"column":42},"end":{"line":10,"column":56}},"4":{"start":{"line":11,"column":34},"end":{"line":18,"column":4}},"5":{"start":{"line":20,"column":16},"end":{"line":20,"column":90}},"6":{"start":{"line":21,"column":31},"end":{"line":24,"column":3}},"7":{"start":{"line":26,"column":2},"end":{"line":28,"column":9}},"8":{"start":{"line":27,"column":4},"end":{"line":27,"column":16}},"9":{"start":{"line":30,"column":20},"end":{"line":41,"column":3}},"10":{"start":{"line":31,"column":4},"end":{"line":40,"column":5}},"11":{"start":{"line":32,"column":6},"end":{"line":32,"column":23}},"12":{"start":{"line":33,"column":23},"end":{"line":33,"column":46}},"13":{"start":{"line":34,"column":6},"end":{"line":34,"column":30}},"14":{"start":{"line":36,"column":6},"end":{"line":36,"column":51}},"15":{"start":{"line":37,"column":6},"end":{"line":37,"column":51}},"16":{"start":{"line":39,"column":6},"end":{"line":39,"column":24}},"17":{"start":{"line":43,"column":23},"end":{"line":68,"column":3}},"18":{"start":{"line":44,"column":4},"end":{"line":44,"column":23}},"19":{"start":{"line":45,"column":4},"end":{"line":67,"column":5}},"20":{"start":{"line":46,"column":6},"end":{"line":52,"column":7}},"21":{"start":{"line":47,"column":8},"end":{"line":47,"column":57}},"22":{"start":{"line":48,"column":8},"end":{"line":48,"column":61}},"23":{"start":{"line":50,"column":8},"end":{"line":50,"column":40}},"24":{"start":{"line":51,"column":8},"end":{"line":51,"column":57}},"25":{"start":{"line":53,"column":6},"end":{"line":53,"column":26}},"26":{"start":{"line":54,"column":6},"end":{"line":54,"column":28}},"27":{"start":{"line":55,"column":6},"end":{"line":62,"column":9}},"28":{"start":{"line":63,"column":6},"end":{"line":63,"column":18}},"29":{"start":{"line":65,"column":6},"end":{"line":65,"column":50}},"30":{"start":{"line":66,"column":6},"end":{"line":66,"column":48}},"31":{"start":{"line":70,"column":21},"end":{"line":81,"column":3}},"32":{"start":{"line":71,"column":4},"end":{"line":71,"column":33}},"33":{"start":{"line":72,"column":4},"end":{"line":79,"column":7}},"34":{"start":{"line":80,"column":4},"end":{"line":80,"column":23}},"35":{"start":{"line":83,"column":23},"end":{"line":94,"column":3}},"36":{"start":{"line":84,"column":4},"end":{"line":93,"column":5}},"37":{"start":{"line":85,"column":6},"end":{"line":92,"column":7}},"38":{"start":{"line":86,"column":8},"end":{"line":86,"column":34}},"39":{"start":{"line":87,"column":8},"end":{"line":87,"column":59}},"40":{"start":{"line":88,"column":8},"end":{"line":88,"column":20}},"41":{"start":{"line":90,"column":8},"end":{"line":90,"column":54}},"42":{"start":{"line":91,"column":8},"end":{"line":91,"column":51}},"43":{"start":{"line":96,"column":27},"end":{"line":107,"column":3}},"44":{"start":{"line":97,"column":4},"end":{"line":97,"column":24}},"45":{"start":{"line":98,"column":4},"end":{"line":98,"column":26}},"46":{"start":{"line":99,"column":4},"end":{"line":106,"column":7}},"47":{"start":{"line":109,"column":32},"end":{"line":121,"column":3}},"48":{"start":{"line":110,"column":4},"end":{"line":120,"column":5}},"49":{"start":{"line":111,"column":6},"end":{"line":114,"column":9}},"50":{"start":{"line":116,"column":6},"end":{"line":119,"column":9}},"51":{"start":{"line":118,"column":54},"end":{"line":118,"column":69}},"52":{"start":{"line":123,"column":2},"end":{"line":133,"column":3}},"53":{"start":{"line":124,"column":4},"end":{"line":132,"column":6}},"54":{"start":{"line":135,"column":2},"end":{"line":330,"column":4}},"55":{"start":{"line":144,"column":51},"end":{"line":144,"column":69}},"56":{"start":{"line":174,"column":20},"end":{"line":214,"column":25}},"57":{"start":{"line":184,"column":28},"end":{"line":186,"column":36}},"58":{"start":{"line":202,"column":41},"end":{"line":202,"column":64}},"59":{"start":{"line":209,"column":41},"end":{"line":209,"column":69}},"60":{"start":{"line":240,"column":37},"end":{"line":240,"column":87}},"61":{"start":{"line":253,"column":37},"end":{"line":253,"column":88}},"62":{"start":{"line":268,"column":37},"end":{"line":268,"column":88}},"63":{"start":{"line":280,"column":37},"end":{"line":280,"column":87}},"64":{"start":{"line":285,"column":22},"end":{"line":287,"column":31}},"65":{"start":{"line":297,"column":18},"end":{"line":305,"column":24}},"66":{"start":{"line":303,"column":39},"end":{"line":303,"column":89}},"67":{"start":{"line":315,"column":33},"end":{"line":315,"column":89}}},"fnMap":{"0":{"name":"Staff","decl":{"start":{"line":6,"column":9},"end":{"line":6,"column":14}},"loc":{"start":{"line":6,"column":17},"end":{"line":331,"column":1}},"line":6},"1":{"name":"(anonymous_1)","decl":{"start":{"line":26,"column":12},"end":{"line":26,"column":13}},"loc":{"start":{"line":26,"column":18},"end":{"line":28,"column":3}},"line":26},"2":{"name":"(anonymous_2)","decl":{"start":{"line":30,"column":20},"end":{"line":30,"column":21}},"loc":{"start":{"line":30,"column":32},"end":{"line":41,"column":3}},"line":30},"3":{"name":"(anonymous_3)","decl":{"start":{"line":43,"column":23},"end":{"line":43,"column":24}},"loc":{"start":{"line":43,"column":36},"end":{"line":68,"column":3}},"line":43},"4":{"name":"(anonymous_4)","decl":{"start":{"line":70,"column":21},"end":{"line":70,"column":22}},"loc":{"start":{"line":70,"column":38},"end":{"line":81,"column":3}},"line":70},"5":{"name":"(anonymous_5)","decl":{"start":{"line":83,"column":23},"end":{"line":83,"column":24}},"loc":{"start":{"line":83,"column":37},"end":{"line":94,"column":3}},"line":83},"6":{"name":"(anonymous_6)","decl":{"start":{"line":96,"column":27},"end":{"line":96,"column":28}},"loc":{"start":{"line":96,"column":33},"end":{"line":107,"column":3}},"line":96},"7":{"name":"(anonymous_7)","decl":{"start":{"line":109,"column":32},"end":{"line":109,"column":33}},"loc":{"start":{"line":109,"column":56},"end":{"line":121,"column":3}},"line":109},"8":{"name":"(anonymous_8)","decl":{"start":{"line":118,"column":49},"end":{"line":118,"column":50}},"loc":{"start":{"line":118,"column":54},"end":{"line":118,"column":69}},"line":118},"9":{"name":"(anonymous_9)","decl":{"start":{"line":144,"column":45},"end":{"line":144,"column":46}},"loc":{"start":{"line":144,"column":51},"end":{"line":144,"column":69}},"line":144},"10":{"name":"(anonymous_10)","decl":{"start":{"line":173,"column":29},"end":{"line":173,"column":30}},"loc":{"start":{"line":174,"column":20},"end":{"line":214,"column":25}},"line":174},"11":{"name":"(anonymous_11)","decl":{"start":{"line":183,"column":54},"end":{"line":183,"column":55}},"loc":{"start":{"line":184,"column":28},"end":{"line":186,"column":36}},"line":184},"12":{"name":"(anonymous_12)","decl":{"start":{"line":202,"column":35},"end":{"line":202,"column":36}},"loc":{"start":{"line":202,"column":41},"end":{"line":202,"column":64}},"line":202},"13":{"name":"(anonymous_13)","decl":{"start":{"line":209,"column":35},"end":{"line":209,"column":36}},"loc":{"start":{"line":209,"column":41},"end":{"line":209,"column":69}},"line":209},"14":{"name":"(anonymous_14)","decl":{"start":{"line":240,"column":30},"end":{"line":240,"column":31}},"loc":{"start":{"line":240,"column":37},"end":{"line":240,"column":87}},"line":240},"15":{"name":"(anonymous_15)","decl":{"start":{"line":253,"column":30},"end":{"line":253,"column":31}},"loc":{"start":{"line":253,"column":37},"end":{"line":253,"column":88}},"line":253},"16":{"name":"(anonymous_16)","decl":{"start":{"line":268,"column":30},"end":{"line":268,"column":31}},"loc":{"start":{"line":268,"column":37},"end":{"line":268,"column":88}},"line":268},"17":{"name":"(anonymous_17)","decl":{"start":{"line":280,"column":30},"end":{"line":280,"column":31}},"loc":{"start":{"line":280,"column":37},"end":{"line":280,"column":87}},"line":280},"18":{"name":"(anonymous_18)","decl":{"start":{"line":284,"column":31},"end":{"line":284,"column":32}},"loc":{"start":{"line":285,"column":22},"end":{"line":287,"column":31}},"line":285},"19":{"name":"(anonymous_19)","decl":{"start":{"line":296,"column":42},"end":{"line":296,"column":43}},"loc":{"start":{"line":297,"column":18},"end":{"line":305,"column":24}},"line":297},"20":{"name":"(anonymous_20)","decl":{"start":{"line":303,"column":32},"end":{"line":303,"column":33}},"loc":{"start":{"line":303,"column":39},"end":{"line":303,"column":89}},"line":303},"21":{"name":"(anonymous_21)","decl":{"start":{"line":315,"column":26},"end":{"line":315,"column":27}},"loc":{"start":{"line":315,"column":33},"end":{"line":315,"column":89}},"line":315}},"branchMap":{"0":{"loc":{"start":{"line":46,"column":6},"end":{"line":52,"column":7}},"type":"if","locations":[{"start":{"line":46,"column":6},"end":{"line":52,"column":7}},{"start":{"line":49,"column":13},"end":{"line":52,"column":7}}],"line":46},"1":{"loc":{"start":{"line":77,"column":19},"end":{"line":77,"column":48}},"type":"binary-expr","locations":[{"start":{"line":77,"column":19},"end":{"line":77,"column":42}},{"start":{"line":77,"column":46},"end":{"line":77,"column":48}}],"line":77},"2":{"loc":{"start":{"line":84,"column":4},"end":{"line":93,"column":5}},"type":"if","locations":[{"start":{"line":84,"column":4},"end":{"line":93,"column":5}},{"start":{},"end":{}}],"line":84},"3":{"loc":{"start":{"line":110,"column":4},"end":{"line":120,"column":5}},"type":"if","locations":[{"start":{"line":110,"column":4},"end":{"line":120,"column":5}},{"start":{"line":115,"column":11},"end":{"line":120,"column":5}}],"line":110},"4":{"loc":{"start":{"line":123,"column":2},"end":{"line":133,"column":3}},"type":"if","locations":[{"start":{"line":123,"column":2},"end":{"line":133,"column":3}},{"start":{},"end":{}}],"line":123},"5":{"loc":{"start":{"line":152,"column":11},"end":{"line":219,"column":11}},"type":"cond-expr","locations":[{"start":{"line":153,"column":12},"end":{"line":157,"column":18}},{"start":{"line":159,"column":12},"end":{"line":218,"column":18}}],"line":152},"6":{"loc":{"start":{"line":182,"column":25},"end":{"line":190,"column":25}},"type":"cond-expr","locations":[{"start":{"line":183,"column":26},"end":{"line":187,"column":28}},{"start":{"line":189,"column":26},"end":{"line":189,"column":69}}],"line":182},"7":{"loc":{"start":{"line":182,"column":25},"end":{"line":182,"column":86}},"type":"binary-expr","locations":[{"start":{"line":182,"column":25},"end":{"line":182,"column":48}},{"start":{"line":182,"column":52},"end":{"line":182,"column":86}}],"line":182},"8":{"loc":{"start":{"line":193,"column":35},"end":{"line":193,"column":81}},"type":"cond-expr","locations":[{"start":{"line":193,"column":58},"end":{"line":193,"column":67}},{"start":{"line":193,"column":70},"end":{"line":193,"column":81}}],"line":193},"9":{"loc":{"start":{"line":194,"column":27},"end":{"line":194,"column":69}},"type":"cond-expr","locations":[{"start":{"line":194,"column":50},"end":{"line":194,"column":57}},{"start":{"line":194,"column":60},"end":{"line":194,"column":69}}],"line":194},"10":{"loc":{"start":{"line":226,"column":13},"end":{"line":226,"column":69}},"type":"cond-expr","locations":[{"start":{"line":226,"column":28},"end":{"line":226,"column":48}},{"start":{"line":226,"column":51},"end":{"line":226,"column":69}}],"line":226},"11":{"loc":{"start":{"line":324,"column":15},"end":{"line":324,"column":51}},"type":"cond-expr","locations":[{"start":{"line":324,"column":30},"end":{"line":324,"column":41}},{"start":{"line":324,"column":44},"end":{"line":324,"column":51}}],"line":324}},"s":{"0":24,"1":24,"2":24,"3":24,"4":24,"5":24,"6":24,"7":24,"8":6,"9":24,"10":9,"11":9,"12":9,"13":8,"14":1,"15":1,"16":9,"17":24,"18":2,"19":2,"20":2,"21":1,"22":1,"23":1,"24":1,"25":2,"26":2,"27":2,"28":2,"29":0,"30":0,"31":24,"32":1,"33":1,"34":1,"35":24,"36":1,"37":1,"38":1,"39":1,"40":1,"41":0,"42":0,"43":24,"44":1,"45":1,"46":1,"47":24,"48":0,"49":0,"50":0,"51":0,"52":24,"53":6,"54":18,"55":2,"56":34,"57":68,"58":1,"59":1,"60":2,"61":1,"62":1,"63":1,"64":90,"65":180,"66":0,"67":0},"f":{"0":24,"1":6,"2":9,"3":2,"4":1,"5":1,"6":1,"7":0,"8":0,"9":2,"10":34,"11":68,"12":1,"13":1,"14":2,"15":1,"16":1,"17":1,"18":90,"19":180,"20":0,"21":0},"b":{"0":[1,1],"1":[1,0],"2":[1,0],"3":[0,0],"4":[6,18],"5":[1,17],"6":[34,0],"7":[34,34],"8":[34,0],"9":[34,0],"10":[2,16],"11":[2,16]},"_coverageSchema":"1a1c01bbd47fc00a2c39e90264f33305004495a9","hash":"5732bd9c7f22cdf4af1380d26527d8dd5cf7f14f"}
,"/Volumes/Dock/ai/ide/windsurf/beauty-salon-app/frontend/src/services/api.js": {"path":"/Volumes/Dock/ai/ide/windsurf/beauty-salon-app/frontend/src/services/api.js","statementMap":{"0":{"start":{"line":3,"column":21},"end":{"line":3,"column":77}},"1":{"start":{"line":5,"column":12},"end":{"line":10,"column":2}},"2":{"start":{"line":13,"column":28},"end":{"line":21,"column":1}},"3":{"start":{"line":14,"column":16},"end":{"line":14,"column":37}},"4":{"start":{"line":15,"column":19},"end":{"line":15,"column":46}},"5":{"start":{"line":16,"column":25},"end":{"line":16,"column":61}},"6":{"start":{"line":17,"column":20},"end":{"line":17,"column":61}},"7":{"start":{"line":18,"column":24},"end":{"line":18,"column":56}},"8":{"start":{"line":19,"column":28},"end":{"line":19,"column":65}},"9":{"start":{"line":20,"column":18},"end":{"line":20,"column":48}},"10":{"start":{"line":24,"column":27},"end":{"line":33,"column":1}},"11":{"start":{"line":25,"column":16},"end":{"line":25,"column":36}},"12":{"start":{"line":26,"column":19},"end":{"line":26,"column":46}},"13":{"start":{"line":27,"column":19},"end":{"line":27,"column":45}},"14":{"start":{"line":28,"column":31},"end":{"line":28,"column":72}},"15":{"start":{"line":29,"column":32},"end":{"line":29,"column":80}},"16":{"start":{"line":30,"column":23},"end":{"line":30,"column":53}},"17":{"start":{"line":31,"column":27},"end":{"line":31,"column":62}},"18":{"start":{"line":32,"column":18},"end":{"line":32,"column":47}},"19":{"start":{"line":36,"column":24},"end":{"line":45,"column":1}},"20":{"start":{"line":37,"column":16},"end":{"line":37,"column":33}},"21":{"start":{"line":38,"column":19},"end":{"line":38,"column":43}},"22":{"start":{"line":39,"column":19},"end":{"line":39,"column":42}},"23":{"start":{"line":40,"column":23},"end":{"line":40,"column":53}},"24":{"start":{"line":41,"column":29},"end":{"line":41,"column":66}},"25":{"start":{"line":42,"column":21},"end":{"line":42,"column":46}},"26":{"start":{"line":43,"column":25},"end":{"line":43,"column":55}},"27":{"start":{"line":44,"column":18},"end":{"line":44,"column":44}},"28":{"start":{"line":48,"column":31},"end":{"line":59,"column":1}},"29":{"start":{"line":49,"column":16},"end":{"line":49,"column":40}},"30":{"start":{"line":50,"column":19},"end":{"line":50,"column":49}},"31":{"start":{"line":51,"column":23},"end":{"line":51,"column":60}},"32":{"start":{"line":52,"column":33},"end":{"line":52,"column":80}},"33":{"start":{"line":53,"column":27},"end":{"line":53,"column":68}},"34":{"start":{"line":54,"column":27},"end":{"line":54,"column":68}},"35":{"start":{"line":55,"column":40},"end":{"line":55,"column":94}},"36":{"start":{"line":56,"column":27},"end":{"line":56,"column":65}},"37":{"start":{"line":57,"column":31},"end":{"line":57,"column":74}},"38":{"start":{"line":58,"column":18},"end":{"line":58,"column":51}},"39":{"start":{"line":62,"column":28},"end":{"line":62,"column":77}},"40":{"start":{"line":62,"column":34},"end":{"line":62,"column":77}},"41":{"start":{"line":62,"column":68},"end":{"line":62,"column":76}},"42":{"start":{"line":63,"column":31},"end":{"line":63,"column":85}},"43":{"start":{"line":63,"column":39},"end":{"line":63,"column":85}},"44":{"start":{"line":63,"column":76},"end":{"line":63,"column":84}},"45":{"start":{"line":64,"column":30},"end":{"line":64,"column":95}},"46":{"start":{"line":64,"column":44},"end":{"line":64,"column":95}},"47":{"start":{"line":64,"column":86},"end":{"line":64,"column":94}},"48":{"start":{"line":65,"column":30},"end":{"line":65,"column":103}},"49":{"start":{"line":65,"column":48},"end":{"line":65,"column":103}},"50":{"start":{"line":65,"column":94},"end":{"line":65,"column":102}},"51":{"start":{"line":66,"column":30},"end":{"line":66,"column":83}},"52":{"start":{"line":66,"column":38},"end":{"line":66,"column":83}},"53":{"start":{"line":66,"column":74},"end":{"line":66,"column":82}},"54":{"start":{"line":67,"column":31},"end":{"line":67,"column":88}},"55":{"start":{"line":67,"column":41},"end":{"line":67,"column":88}},"56":{"start":{"line":67,"column":79},"end":{"line":67,"column":87}},"57":{"start":{"line":69,"column":27},"end":{"line":69,"column":75}},"58":{"start":{"line":69,"column":33},"end":{"line":69,"column":75}},"59":{"start":{"line":69,"column":66},"end":{"line":69,"column":74}},"60":{"start":{"line":70,"column":33},"end":{"line":70,"column":84}},"61":{"start":{"line":70,"column":39},"end":{"line":70,"column":84}},"62":{"start":{"line":70,"column":75},"end":{"line":70,"column":83}},"63":{"start":{"line":71,"column":37},"end":{"line":71,"column":108}},"64":{"start":{"line":71,"column":51},"end":{"line":71,"column":108}},"65":{"start":{"line":71,"column":99},"end":{"line":71,"column":107}},"66":{"start":{"line":72,"column":29},"end":{"line":72,"column":91}},"67":{"start":{"line":72,"column":42},"end":{"line":72,"column":91}},"68":{"start":{"line":72,"column":82},"end":{"line":72,"column":90}},"69":{"start":{"line":73,"column":29},"end":{"line":73,"column":99}},"70":{"start":{"line":73,"column":46},"end":{"line":73,"column":99}},"71":{"start":{"line":73,"column":90},"end":{"line":73,"column":98}},"72":{"start":{"line":74,"column":29},"end":{"line":74,"column":81}},"73":{"start":{"line":74,"column":37},"end":{"line":74,"column":81}},"74":{"start":{"line":74,"column":72},"end":{"line":74,"column":80}},"75":{"start":{"line":76,"column":24},"end":{"line":76,"column":69}},"76":{"start":{"line":76,"column":30},"end":{"line":76,"column":69}},"77":{"start":{"line":76,"column":60},"end":{"line":76,"column":68}},"78":{"start":{"line":77,"column":30},"end":{"line":77,"column":78}},"79":{"start":{"line":77,"column":36},"end":{"line":77,"column":78}},"80":{"start":{"line":77,"column":69},"end":{"line":77,"column":77}},"81":{"start":{"line":78,"column":27},"end":{"line":78,"column":82}},"82":{"start":{"line":78,"column":38},"end":{"line":78,"column":82}},"83":{"start":{"line":78,"column":73},"end":{"line":78,"column":81}},"84":{"start":{"line":79,"column":27},"end":{"line":79,"column":90}},"85":{"start":{"line":79,"column":42},"end":{"line":79,"column":90}},"86":{"start":{"line":79,"column":81},"end":{"line":79,"column":89}},"87":{"start":{"line":80,"column":27},"end":{"line":80,"column":76}},"88":{"start":{"line":80,"column":35},"end":{"line":80,"column":76}},"89":{"start":{"line":80,"column":67},"end":{"line":80,"column":75}},"90":{"start":{"line":82,"column":31},"end":{"line":82,"column":83}},"91":{"start":{"line":82,"column":37},"end":{"line":82,"column":83}},"92":{"start":{"line":82,"column":74},"end":{"line":82,"column":82}},"93":{"start":{"line":83,"column":37},"end":{"line":83,"column":100}},"94":{"start":{"line":83,"column":47},"end":{"line":83,"column":100}},"95":{"start":{"line":83,"column":91},"end":{"line":83,"column":99}},"96":{"start":{"line":84,"column":33},"end":{"line":84,"column":107}},"97":{"start":{"line":84,"column":50},"end":{"line":84,"column":107}},"98":{"start":{"line":84,"column":98},"end":{"line":84,"column":106}},"99":{"start":{"line":85,"column":33},"end":{"line":85,"column":115}},"100":{"start":{"line":85,"column":54},"end":{"line":85,"column":115}},"101":{"start":{"line":85,"column":106},"end":{"line":85,"column":114}},"102":{"start":{"line":86,"column":33},"end":{"line":86,"column":89}},"103":{"start":{"line":86,"column":41},"end":{"line":86,"column":89}},"104":{"start":{"line":86,"column":80},"end":{"line":86,"column":88}}},"fnMap":{"0":{"name":"(anonymous_0)","decl":{"start":{"line":14,"column":10},"end":{"line":14,"column":11}},"loc":{"start":{"line":14,"column":16},"end":{"line":14,"column":37}},"line":14},"1":{"name":"(anonymous_1)","decl":{"start":{"line":15,"column":11},"end":{"line":15,"column":12}},"loc":{"start":{"line":15,"column":19},"end":{"line":15,"column":46}},"line":15},"2":{"name":"(anonymous_2)","decl":{"start":{"line":16,"column":14},"end":{"line":16,"column":15}},"loc":{"start":{"line":16,"column":25},"end":{"line":16,"column":61}},"line":16},"3":{"name":"(anonymous_3)","decl":{"start":{"line":17,"column":10},"end":{"line":17,"column":11}},"loc":{"start":{"line":17,"column":20},"end":{"line":17,"column":61}},"line":17},"4":{"name":"(anonymous_4)","decl":{"start":{"line":18,"column":10},"end":{"line":18,"column":11}},"loc":{"start":{"line":18,"column":24},"end":{"line":18,"column":56}},"line":18},"5":{"name":"(anonymous_5)","decl":{"start":{"line":19,"column":10},"end":{"line":19,"column":11}},"loc":{"start":{"line":19,"column":28},"end":{"line":19,"column":65}},"line":19},"6":{"name":"(anonymous_6)","decl":{"start":{"line":20,"column":10},"end":{"line":20,"column":11}},"loc":{"start":{"line":20,"column":18},"end":{"line":20,"column":48}},"line":20},"7":{"name":"(anonymous_7)","decl":{"start":{"line":25,"column":10},"end":{"line":25,"column":11}},"loc":{"start":{"line":25,"column":16},"end":{"line":25,"column":36}},"line":25},"8":{"name":"(anonymous_8)","decl":{"start":{"line":26,"column":13},"end":{"line":26,"column":14}},"loc":{"start":{"line":26,"column":19},"end":{"line":26,"column":46}},"line":26},"9":{"name":"(anonymous_9)","decl":{"start":{"line":27,"column":11},"end":{"line":27,"column":12}},"loc":{"start":{"line":27,"column":19},"end":{"line":27,"column":45}},"line":27},"10":{"name":"(anonymous_10)","decl":{"start":{"line":28,"column":17},"end":{"line":28,"column":18}},"loc":{"start":{"line":28,"column":31},"end":{"line":28,"column":72}},"line":28},"11":{"name":"(anonymous_11)","decl":{"start":{"line":29,"column":18},"end":{"line":29,"column":19}},"loc":{"start":{"line":29,"column":32},"end":{"line":29,"column":80}},"line":29},"12":{"name":"(anonymous_12)","decl":{"start":{"line":30,"column":10},"end":{"line":30,"column":11}},"loc":{"start":{"line":30,"column":23},"end":{"line":30,"column":53}},"line":30},"13":{"name":"(anonymous_13)","decl":{"start":{"line":31,"column":10},"end":{"line":31,"column":11}},"loc":{"start":{"line":31,"column":27},"end":{"line":31,"column":62}},"line":31},"14":{"name":"(anonymous_14)","decl":{"start":{"line":32,"column":10},"end":{"line":32,"column":11}},"loc":{"start":{"line":32,"column":18},"end":{"line":32,"column":47}},"line":32},"15":{"name":"(anonymous_15)","decl":{"start":{"line":37,"column":10},"end":{"line":37,"column":11}},"loc":{"start":{"line":37,"column":16},"end":{"line":37,"column":33}},"line":37},"16":{"name":"(anonymous_16)","decl":{"start":{"line":38,"column":13},"end":{"line":38,"column":14}},"loc":{"start":{"line":38,"column":19},"end":{"line":38,"column":43}},"line":38},"17":{"name":"(anonymous_17)","decl":{"start":{"line":39,"column":11},"end":{"line":39,"column":12}},"loc":{"start":{"line":39,"column":19},"end":{"line":39,"column":42}},"line":39},"18":{"name":"(anonymous_18)","decl":{"start":{"line":40,"column":13},"end":{"line":40,"column":14}},"loc":{"start":{"line":40,"column":23},"end":{"line":40,"column":53}},"line":40},"19":{"name":"(anonymous_19)","decl":{"start":{"line":41,"column":19},"end":{"line":41,"column":20}},"loc":{"start":{"line":41,"column":29},"end":{"line":41,"column":66}},"line":41},"20":{"name":"(anonymous_20)","decl":{"start":{"line":42,"column":10},"end":{"line":42,"column":11}},"loc":{"start":{"line":42,"column":21},"end":{"line":42,"column":46}},"line":42},"21":{"name":"(anonymous_21)","decl":{"start":{"line":43,"column":10},"end":{"line":43,"column":11}},"loc":{"start":{"line":43,"column":25},"end":{"line":43,"column":55}},"line":43},"22":{"name":"(anonymous_22)","decl":{"start":{"line":44,"column":10},"end":{"line":44,"column":11}},"loc":{"start":{"line":44,"column":18},"end":{"line":44,"column":44}},"line":44},"23":{"name":"(anonymous_23)","decl":{"start":{"line":49,"column":10},"end":{"line":49,"column":11}},"loc":{"start":{"line":49,"column":16},"end":{"line":49,"column":40}},"line":49},"24":{"name":"(anonymous_24)","decl":{"start":{"line":50,"column":11},"end":{"line":50,"column":12}},"loc":{"start":{"line":50,"column":19},"end":{"line":50,"column":49}},"line":50},"25":{"name":"(anonymous_25)","decl":{"start":{"line":51,"column":13},"end":{"line":51,"column":14}},"loc":{"start":{"line":51,"column":23},"end":{"line":51,"column":60}},"line":51},"26":{"name":"(anonymous_26)","decl":{"start":{"line":52,"column":17},"end":{"line":52,"column":18}},"loc":{"start":{"line":52,"column":33},"end":{"line":52,"column":80}},"line":52},"27":{"name":"(anonymous_27)","decl":{"start":{"line":53,"column":14},"end":{"line":53,"column":15}},"loc":{"start":{"line":53,"column":27},"end":{"line":53,"column":68}},"line":53},"28":{"name":"(anonymous_28)","decl":{"start":{"line":54,"column":15},"end":{"line":54,"column":16}},"loc":{"start":{"line":54,"column":27},"end":{"line":54,"column":68}},"line":54},"29":{"name":"(anonymous_29)","decl":{"start":{"line":55,"column":21},"end":{"line":55,"column":22}},"loc":{"start":{"line":55,"column":40},"end":{"line":55,"column":94}},"line":55},"30":{"name":"(anonymous_30)","decl":{"start":{"line":56,"column":10},"end":{"line":56,"column":11}},"loc":{"start":{"line":56,"column":27},"end":{"line":56,"column":65}},"line":56},"31":{"name":"(anonymous_31)","decl":{"start":{"line":57,"column":10},"end":{"line":57,"column":11}},"loc":{"start":{"line":57,"column":31},"end":{"line":57,"column":74}},"line":57},"32":{"name":"(anonymous_32)","decl":{"start":{"line":58,"column":10},"end":{"line":58,"column":11}},"loc":{"start":{"line":58,"column":18},"end":{"line":58,"column":51}},"line":58},"33":{"name":"(anonymous_33)","decl":{"start":{"line":62,"column":28},"end":{"line":62,"column":29}},"loc":{"start":{"line":62,"column":34},"end":{"line":62,"column":77}},"line":62},"34":{"name":"(anonymous_34)","decl":{"start":{"line":62,"column":61},"end":{"line":62,"column":62}},"loc":{"start":{"line":62,"column":68},"end":{"line":62,"column":76}},"line":62},"35":{"name":"(anonymous_35)","decl":{"start":{"line":63,"column":31},"end":{"line":63,"column":32}},"loc":{"start":{"line":63,"column":39},"end":{"line":63,"column":85}},"line":63},"36":{"name":"(anonymous_36)","decl":{"start":{"line":63,"column":69},"end":{"line":63,"column":70}},"loc":{"start":{"line":63,"column":76},"end":{"line":63,"column":84}},"line":63},"37":{"name":"(anonymous_37)","decl":{"start":{"line":64,"column":30},"end":{"line":64,"column":31}},"loc":{"start":{"line":64,"column":44},"end":{"line":64,"column":95}},"line":64},"38":{"name":"(anonymous_38)","decl":{"start":{"line":64,"column":79},"end":{"line":64,"column":80}},"loc":{"start":{"line":64,"column":86},"end":{"line":64,"column":94}},"line":64},"39":{"name":"(anonymous_39)","decl":{"start":{"line":65,"column":30},"end":{"line":65,"column":31}},"loc":{"start":{"line":65,"column":48},"end":{"line":65,"column":103}},"line":65},"40":{"name":"(anonymous_40)","decl":{"start":{"line":65,"column":87},"end":{"line":65,"column":88}},"loc":{"start":{"line":65,"column":94},"end":{"line":65,"column":102}},"line":65},"41":{"name":"(anonymous_41)","decl":{"start":{"line":66,"column":30},"end":{"line":66,"column":31}},"loc":{"start":{"line":66,"column":38},"end":{"line":66,"column":83}},"line":66},"42":{"name":"(anonymous_42)","decl":{"start":{"line":66,"column":67},"end":{"line":66,"column":68}},"loc":{"start":{"line":66,"column":74},"end":{"line":66,"column":82}},"line":66},"43":{"name":"(anonymous_43)","decl":{"start":{"line":67,"column":31},"end":{"line":67,"column":32}},"loc":{"start":{"line":67,"column":41},"end":{"line":67,"column":88}},"line":67},"44":{"name":"(anonymous_44)","decl":{"start":{"line":67,"column":72},"end":{"line":67,"column":73}},"loc":{"start":{"line":67,"column":79},"end":{"line":67,"column":87}},"line":67},"45":{"name":"(anonymous_45)","decl":{"start":{"line":69,"column":27},"end":{"line":69,"column":28}},"loc":{"start":{"line":69,"column":33},"end":{"line":69,"column":75}},"line":69},"46":{"name":"(anonymous_46)","decl":{"start":{"line":69,"column":59},"end":{"line":69,"column":60}},"loc":{"start":{"line":69,"column":66},"end":{"line":69,"column":74}},"line":69},"47":{"name":"(anonymous_47)","decl":{"start":{"line":70,"column":33},"end":{"line":70,"column":34}},"loc":{"start":{"line":70,"column":39},"end":{"line":70,"column":84}},"line":70},"48":{"name":"(anonymous_48)","decl":{"start":{"line":70,"column":68},"end":{"line":70,"column":69}},"loc":{"start":{"line":70,"column":75},"end":{"line":70,"column":83}},"line":70},"49":{"name":"(anonymous_49)","decl":{"start":{"line":71,"column":37},"end":{"line":71,"column":38}},"loc":{"start":{"line":71,"column":51},"end":{"line":71,"column":108}},"line":71},"50":{"name":"(anonymous_50)","decl":{"start":{"line":71,"column":92},"end":{"line":71,"column":93}},"loc":{"start":{"line":71,"column":99},"end":{"line":71,"column":107}},"line":71},"51":{"name":"(anonymous_51)","decl":{"start":{"line":72,"column":29},"end":{"line":72,"column":30}},"loc":{"start":{"line":72,"column":42},"end":{"line":72,"column":91}},"line":72},"52":{"name":"(anonymous_52)","decl":{"start":{"line":72,"column":75},"end":{"line":72,"column":76}},"loc":{"start":{"line":72,"column":82},"end":{"line":72,"column":90}},"line":72},"53":{"name":"(anonymous_53)","decl":{"start":{"line":73,"column":29},"end":{"line":73,"column":30}},"loc":{"start":{"line":73,"column":46},"end":{"line":73,"column":99}},"line":73},"54":{"name":"(anonymous_54)","decl":{"start":{"line":73,"column":83},"end":{"line":73,"column":84}},"loc":{"start":{"line":73,"column":90},"end":{"line":73,"column":98}},"line":73},"55":{"name":"(anonymous_55)","decl":{"start":{"line":74,"column":29},"end":{"line":74,"column":30}},"loc":{"start":{"line":74,"column":37},"end":{"line":74,"column":81}},"line":74},"56":{"name":"(anonymous_56)","decl":{"start":{"line":74,"column":65},"end":{"line":74,"column":66}},"loc":{"start":{"line":74,"column":72},"end":{"line":74,"column":80}},"line":74},"57":{"name":"(anonymous_57)","decl":{"start":{"line":76,"column":24},"end":{"line":76,"column":25}},"loc":{"start":{"line":76,"column":30},"end":{"line":76,"column":69}},"line":76},"58":{"name":"(anonymous_58)","decl":{"start":{"line":76,"column":53},"end":{"line":76,"column":54}},"loc":{"start":{"line":76,"column":60},"end":{"line":76,"column":68}},"line":76},"59":{"name":"(anonymous_59)","decl":{"start":{"line":77,"column":30},"end":{"line":77,"column":31}},"loc":{"start":{"line":77,"column":36},"end":{"line":77,"column":78}},"line":77},"60":{"name":"(anonymous_60)","decl":{"start":{"line":77,"column":62},"end":{"line":77,"column":63}},"loc":{"start":{"line":77,"column":69},"end":{"line":77,"column":77}},"line":77},"61":{"name":"(anonymous_61)","decl":{"start":{"line":78,"column":27},"end":{"line":78,"column":28}},"loc":{"start":{"line":78,"column":38},"end":{"line":78,"column":82}},"line":78},"62":{"name":"(anonymous_62)","decl":{"start":{"line":78,"column":66},"end":{"line":78,"column":67}},"loc":{"start":{"line":78,"column":73},"end":{"line":78,"column":81}},"line":78},"63":{"name":"(anonymous_63)","decl":{"start":{"line":79,"column":27},"end":{"line":79,"column":28}},"loc":{"start":{"line":79,"column":42},"end":{"line":79,"column":90}},"line":79},"64":{"name":"(anonymous_64)","decl":{"start":{"line":79,"column":74},"end":{"line":79,"column":75}},"loc":{"start":{"line":79,"column":81},"end":{"line":79,"column":89}},"line":79},"65":{"name":"(anonymous_65)","decl":{"start":{"line":80,"column":27},"end":{"line":80,"column":28}},"loc":{"start":{"line":80,"column":35},"end":{"line":80,"column":76}},"line":80},"66":{"name":"(anonymous_66)","decl":{"start":{"line":80,"column":60},"end":{"line":80,"column":61}},"loc":{"start":{"line":80,"column":67},"end":{"line":80,"column":75}},"line":80},"67":{"name":"(anonymous_67)","decl":{"start":{"line":82,"column":31},"end":{"line":82,"column":32}},"loc":{"start":{"line":82,"column":37},"end":{"line":82,"column":83}},"line":82},"68":{"name":"(anonymous_68)","decl":{"start":{"line":82,"column":67},"end":{"line":82,"column":68}},"loc":{"start":{"line":82,"column":74},"end":{"line":82,"column":82}},"line":82},"69":{"name":"(anonymous_69)","decl":{"start":{"line":83,"column":37},"end":{"line":83,"column":38}},"loc":{"start":{"line":83,"column":47},"end":{"line":83,"column":100}},"line":83},"70":{"name":"(anonymous_70)","decl":{"start":{"line":83,"column":84},"end":{"line":83,"column":85}},"loc":{"start":{"line":83,"column":91},"end":{"line":83,"column":99}},"line":83},"71":{"name":"(anonymous_71)","decl":{"start":{"line":84,"column":33},"end":{"line":84,"column":34}},"loc":{"start":{"line":84,"column":50},"end":{"line":84,"column":107}},"line":84},"72":{"name":"(anonymous_72)","decl":{"start":{"line":84,"column":91},"end":{"line":84,"column":92}},"loc":{"start":{"line":84,"column":98},"end":{"line":84,"column":106}},"line":84},"73":{"name":"(anonymous_73)","decl":{"start":{"line":85,"column":33},"end":{"line":85,"column":34}},"loc":{"start":{"line":85,"column":54},"end":{"line":85,"column":115}},"line":85},"74":{"name":"(anonymous_74)","decl":{"start":{"line":85,"column":99},"end":{"line":85,"column":100}},"loc":{"start":{"line":85,"column":106},"end":{"line":85,"column":114}},"line":85},"75":{"name":"(anonymous_75)","decl":{"start":{"line":86,"column":33},"end":{"line":86,"column":34}},"loc":{"start":{"line":86,"column":41},"end":{"line":86,"column":89}},"line":86},"76":{"name":"(anonymous_76)","decl":{"start":{"line":86,"column":73},"end":{"line":86,"column":74}},"loc":{"start":{"line":86,"column":80},"end":{"line":86,"column":88}},"line":86}},"branchMap":{"0":{"loc":{"start":{"line":3,"column":21},"end":{"line":3,"column":77}},"type":"binary-expr","locations":[{"start":{"line":3,"column":21},"end":{"line":3,"column":50}},{"start":{"line":3,"column":54},"end":{"line":3,"column":77}}],"line":3}},"s":{"0":1,"1":1,"2":1,"3":0,"4":0,"5":0,"6":0,"7":0,"8":0,"9":0,"10":1,"11":0,"12":0,"13":0,"14":0,"15":0,"16":0,"17":0,"18":0,"19":1,"20":0,"21":0,"22":0,"23":0,"24":0,"25":0,"26":0,"27":0,"28":1,"29":0,"30":0,"31":0,"32":0,"33":0,"34":0,"35":0,"36":0,"37":0,"38":0,"39":1,"40":0,"41":0,"42":1,"43":0,"44":0,"45":1,"46":0,"47":0,"48":1,"49":0,"50":0,"51":1,"52":0,"53":0,"54":1,"55":0,"56":0,"57":1,"58":0,"59":0,"60":1,"61":0,"62":0,"63":1,"64":0,"65":0,"66":1,"67":0,"68":0,"69":1,"70":0,"71":0,"72":1,"73":0,"74":0,"75":1,"76":0,"77":0,"78":1,"79":0,"80":0,"81":1,"82":0,"83":0,"84":1,"85":0,"86":0,"87":1,"88":0,"89":0,"90":1,"91":0,"92":0,"93":1,"94":0,"95":0,"96":1,"97":0,"98":0,"99":1,"100":0,"101":0,"102":1,"103":0,"104":0},"f":{"0":0,"1":0,"2":0,"3":0,"4":0,"5":0,"6":0,"7":0,"8":0,"9":0,"10":0,"11":0,"12":0,"13":0,"14":0,"15":0,"16":0,"17":0,"18":0,"19":0,"20":0,"21":0,"22":0,"23":0,"24":0,"25":0,"26":0,"27":0,"28":0,"29":0,"30":0,"31":0,"32":0,"33":0,"34":0,"35":0,"36":0,"37":0,"38":0,"39":0,"40":0,"41":0,"42":0,"43":0,"44":0,"45":0,"46":0,"47":0,"48":0,"49":0,"50":0,"51":0,"52":0,"53":0,"54":0,"55":0,"56":0,"57":0,"58":0,"59":0,"60":0,"61":0,"62":0,"63":0,"64":0,"65":0,"66":0,"67":0,"68":0,"69":0,"70":0,"71":0,"72":0,"73":0,"74":0,"75":0,"76":0},"b":{"0":[1,1]},"_coverageSchema":"1a1c01bbd47fc00a2c39e90264f33305004495a9","hash":"d8a6b780e6db2e33d1da9c0e4962526b06713845"}
}
