{"/Volumes/Dock/ai/ide/windsurf/beauty-salon-app/frontend/src/App.js": {"path":"/Volumes/Dock/ai/ide/windsurf/beauty-salon-app/frontend/src/App.js","statementMap":{"0":{"start":{"line":23,"column":25},"end":{"line":23,"column":46}},"1":{"start":{"line":26,"column":2},"end":{"line":32,"column":19}},"2":{"start":{"line":27,"column":18},"end":{"line":29,"column":12}},"3":{"start":{"line":28,"column":6},"end":{"line":28,"column":19}},"4":{"start":{"line":31,"column":4},"end":{"line":31,"column":37}},"5":{"start":{"line":31,"column":17},"end":{"line":31,"column":36}},"6":{"start":{"line":34,"column":2},"end":{"line":67,"column":4}}},"fnMap":{"0":{"name":"App","decl":{"start":{"line":22,"column":9},"end":{"line":22,"column":12}},"loc":{"start":{"line":22,"column":15},"end":{"line":68,"column":1}},"line":22},"1":{"name":"(anonymous_1)","decl":{"start":{"line":26,"column":12},"end":{"line":26,"column":13}},"loc":{"start":{"line":26,"column":18},"end":{"line":32,"column":3}},"line":26},"2":{"name":"(anonymous_2)","decl":{"start":{"line":27,"column":29},"end":{"line":27,"column":30}},"loc":{"start":{"line":27,"column":35},"end":{"line":29,"column":5}},"line":27},"3":{"name":"(anonymous_3)","decl":{"start":{"line":31,"column":11},"end":{"line":31,"column":12}},"loc":{"start":{"line":31,"column":17},"end":{"line":31,"column":36}},"line":31}},"branchMap":{},"s":{"0":33,"1":0,"2":0,"3":0,"4":0,"5":0,"6":0},"f":{"0":33,"1":0,"2":0,"3":0},"b":{},"_coverageSchema":"1a1c01bbd47fc00a2c39e90264f33305004495a9","hash":"a64319c0b5ded8cdca26e313acff823af8ff6acc"}
,"/Volumes/Dock/ai/ide/windsurf/beauty-salon-app/frontend/src/index.js": {"path":"/Volumes/Dock/ai/ide/windsurf/beauty-salon-app/frontend/src/index.js","statementMap":{"0":{"start":{"line":6,"column":13},"end":{"line":6,"column":65}},"1":{"start":{"line":7,"column":0},"end":{"line":11,"column":2}}},"fnMap":{},"branchMap":{},"s":{"0":0,"1":0},"f":{},"b":{}}
,"/Volumes/Dock/ai/ide/windsurf/beauty-salon-app/frontend/src/components/AccessibleTable.js": {"path":"/Volumes/Dock/ai/ide/windsurf/beauty-salon-app/frontend/src/components/AccessibleTable.js","statementMap":{"0":{"start":{"line":9,"column":24},"end":{"line":117,"column":1}},"1":{"start":{"line":18,"column":48},"end":{"line":18,"column":60}},"2":{"start":{"line":19,"column":19},"end":{"line":19,"column":31}},"3":{"start":{"line":20,"column":18},"end":{"line":20,"column":28}},"4":{"start":{"line":22,"column":43},"end":{"line":29,"column":3}},"5":{"start":{"line":25,"column":6},"end":{"line":27,"column":7}},"6":{"start":{"line":26,"column":8},"end":{"line":26,"column":35}},"7":{"start":{"line":32,"column":2},"end":{"line":37,"column":22}},"8":{"start":{"line":33,"column":4},"end":{"line":36,"column":5}},"9":{"start":{"line":34,"column":6},"end":{"line":34,"column":45}},"10":{"start":{"line":35,"column":6},"end":{"line":35,"column":40}},"11":{"start":{"line":40,"column":2},"end":{"line":53,"column":22}},"12":{"start":{"line":41,"column":18},"end":{"line":41,"column":34}},"13":{"start":{"line":42,"column":4},"end":{"line":42,"column":23}},"14":{"start":{"line":42,"column":16},"end":{"line":42,"column":23}},"15":{"start":{"line":44,"column":31},"end":{"line":49,"column":5}},"16":{"start":{"line":46,"column":6},"end":{"line":48,"column":7}},"17":{"start":{"line":47,"column":8},"end":{"line":47,"column":25}},"18":{"start":{"line":51,"column":4},"end":{"line":51,"column":58}},"19":{"start":{"line":52,"column":4},"end":{"line":52,"column":74}},"20":{"start":{"line":52,"column":17},"end":{"line":52,"column":73}},"21":{"start":{"line":56,"column":27},"end":{"line":91,"column":4}},"22":{"start":{"line":57,"column":4},"end":{"line":89,"column":5}},"23":{"start":{"line":58,"column":6},"end":{"line":88,"column":9}},"24":{"start":{"line":60,"column":10},"end":{"line":85,"column":11}},"25":{"start":{"line":61,"column":12},"end":{"line":84,"column":15}},"26":{"start":{"line":63,"column":16},"end":{"line":63,"column":47}},"27":{"start":{"line":73,"column":16},"end":{"line":73,"column":45}},"28":{"start":{"line":74,"column":16},"end":{"line":76,"column":17}},"29":{"start":{"line":75,"column":18},"end":{"line":75,"column":56}},"30":{"start":{"line":77,"column":16},"end":{"line":79,"column":17}},"31":{"start":{"line":78,"column":18},"end":{"line":78,"column":39}},"32":{"start":{"line":82,"column":16},"end":{"line":82,"column":45}},"33":{"start":{"line":86,"column":10},"end":{"line":86,"column":21}},"34":{"start":{"line":90,"column":4},"end":{"line":90,"column":17}},"35":{"start":{"line":93,"column":2},"end":{"line":116,"column":4}}},"fnMap":{"0":{"name":"(anonymous_0)","decl":{"start":{"line":9,"column":24},"end":{"line":9,"column":25}},"loc":{"start":{"line":17,"column":6},"end":{"line":117,"column":1}},"line":17},"1":{"name":"(anonymous_1)","decl":{"start":{"line":24,"column":4},"end":{"line":24,"column":5}},"loc":{"start":{"line":24,"column":21},"end":{"line":28,"column":5}},"line":24},"2":{"name":"(anonymous_2)","decl":{"start":{"line":32,"column":12},"end":{"line":32,"column":13}},"loc":{"start":{"line":32,"column":18},"end":{"line":37,"column":3}},"line":32},"3":{"name":"(anonymous_3)","decl":{"start":{"line":40,"column":12},"end":{"line":40,"column":13}},"loc":{"start":{"line":40,"column":18},"end":{"line":53,"column":3}},"line":40},"4":{"name":"(anonymous_4)","decl":{"start":{"line":44,"column":31},"end":{"line":44,"column":32}},"loc":{"start":{"line":44,"column":38},"end":{"line":49,"column":5}},"line":44},"5":{"name":"(anonymous_5)","decl":{"start":{"line":52,"column":11},"end":{"line":52,"column":12}},"loc":{"start":{"line":52,"column":17},"end":{"line":52,"column":73}},"line":52},"6":{"name":"(anonymous_6)","decl":{"start":{"line":56,"column":56},"end":{"line":56,"column":57}},"loc":{"start":{"line":56,"column":74},"end":{"line":91,"column":3}},"line":56},"7":{"name":"(anonymous_7)","decl":{"start":{"line":59,"column":59},"end":{"line":59,"column":60}},"loc":{"start":{"line":59,"column":78},"end":{"line":87,"column":9}},"line":59},"8":{"name":"(anonymous_8)","decl":{"start":{"line":62,"column":19},"end":{"line":62,"column":20}},"loc":{"start":{"line":62,"column":27},"end":{"line":64,"column":15}},"line":62},"9":{"name":"(anonymous_9)","decl":{"start":{"line":72,"column":23},"end":{"line":72,"column":24}},"loc":{"start":{"line":72,"column":30},"end":{"line":80,"column":15}},"line":72},"10":{"name":"(anonymous_10)","decl":{"start":{"line":81,"column":23},"end":{"line":81,"column":24}},"loc":{"start":{"line":81,"column":29},"end":{"line":83,"column":15}},"line":81}},"branchMap":{"0":{"loc":{"start":{"line":11,"column":2},"end":{"line":11,"column":11}},"type":"default-arg","locations":[{"start":{"line":11,"column":9},"end":{"line":11,"column":11}}],"line":11},"1":{"loc":{"start":{"line":25,"column":6},"end":{"line":27,"column":7}},"type":"if","locations":[{"start":{"line":25,"column":6},"end":{"line":27,"column":7}},{"start":{},"end":{}}],"line":25},"2":{"loc":{"start":{"line":33,"column":4},"end":{"line":36,"column":5}},"type":"if","locations":[{"start":{"line":33,"column":4},"end":{"line":36,"column":5}},{"start":{},"end":{}}],"line":33},"3":{"loc":{"start":{"line":33,"column":8},"end":{"line":33,"column":60}},"type":"binary-expr","locations":[{"start":{"line":33,"column":8},"end":{"line":33,"column":26}},{"start":{"line":33,"column":30},"end":{"line":33,"column":60}}],"line":33},"4":{"loc":{"start":{"line":42,"column":4},"end":{"line":42,"column":23}},"type":"if","locations":[{"start":{"line":42,"column":4},"end":{"line":42,"column":23}},{"start":{},"end":{}}],"line":42},"5":{"loc":{"start":{"line":46,"column":6},"end":{"line":48,"column":7}},"type":"if","locations":[{"start":{"line":46,"column":6},"end":{"line":48,"column":7}},{"start":{},"end":{}}],"line":46},"6":{"loc":{"start":{"line":57,"column":4},"end":{"line":89,"column":5}},"type":"if","locations":[{"start":{"line":57,"column":4},"end":{"line":89,"column":5}},{"start":{},"end":{}}],"line":57},"7":{"loc":{"start":{"line":60,"column":10},"end":{"line":85,"column":11}},"type":"if","locations":[{"start":{"line":60,"column":10},"end":{"line":85,"column":11}},{"start":{},"end":{}}],"line":60},"8":{"loc":{"start":{"line":65,"column":24},"end":{"line":65,"column":47}},"type":"cond-expr","locations":[{"start":{"line":65,"column":41},"end":{"line":65,"column":42}},{"start":{"line":65,"column":45},"end":{"line":65,"column":47}}],"line":65},"9":{"loc":{"start":{"line":69,"column":28},"end":{"line":69,"column":53}},"type":"binary-expr","locations":[{"start":{"line":69,"column":28},"end":{"line":69,"column":47}},{"start":{"line":69,"column":51},"end":{"line":69,"column":53}}],"line":69},"10":{"loc":{"start":{"line":70,"column":16},"end":{"line":70,"column":71}},"type":"cond-expr","locations":[{"start":{"line":70,"column":47},"end":{"line":70,"column":66}},{"start":{"line":70,"column":69},"end":{"line":70,"column":71}}],"line":70},"11":{"loc":{"start":{"line":74,"column":16},"end":{"line":76,"column":17}},"type":"if","locations":[{"start":{"line":74,"column":16},"end":{"line":76,"column":17}},{"start":{},"end":{}}],"line":74},"12":{"loc":{"start":{"line":77,"column":16},"end":{"line":79,"column":17}},"type":"if","locations":[{"start":{"line":77,"column":16},"end":{"line":79,"column":17}},{"start":{},"end":{}}],"line":77},"13":{"loc":{"start":{"line":95,"column":7},"end":{"line":99,"column":7}},"type":"binary-expr","locations":[{"start":{"line":95,"column":7},"end":{"line":95,"column":14}},{"start":{"line":96,"column":8},"end":{"line":98,"column":14}}],"line":95},"14":{"loc":{"start":{"line":104,"column":26},"end":{"line":104,"column":70}},"type":"cond-expr","locations":[{"start":{"line":104,"column":36},"end":{"line":104,"column":58}},{"start":{"line":104,"column":61},"end":{"line":104,"column":70}}],"line":104},"15":{"loc":{"start":{"line":111,"column":9},"end":{"line":113,"column":9}},"type":"binary-expr","locations":[{"start":{"line":111,"column":9},"end":{"line":111,"column":29}},{"start":{"line":111,"column":33},"end":{"line":111,"column":54}},{"start":{"line":112,"column":10},"end":{"line":112,"column":70}}],"line":111}},"s":{"0":0,"1":0,"2":0,"3":0,"4":0,"5":0,"6":0,"7":0,"8":0,"9":0,"10":0,"11":0,"12":0,"13":0,"14":0,"15":0,"16":0,"17":0,"18":0,"19":0,"20":0,"21":0,"22":0,"23":0,"24":0,"25":0,"26":0,"27":0,"28":0,"29":0,"30":0,"31":0,"32":0,"33":0,"34":0,"35":0},"f":{"0":0,"1":0,"2":0,"3":0,"4":0,"5":0,"6":0,"7":0,"8":0,"9":0,"10":0},"b":{"0":[0],"1":[0,0],"2":[0,0],"3":[0,0],"4":[0,0],"5":[0,0],"6":[0,0],"7":[0,0],"8":[0,0],"9":[0,0],"10":[0,0],"11":[0,0],"12":[0,0],"13":[0,0],"14":[0,0],"15":[0,0,0]}}
,"/Volumes/Dock/ai/ide/windsurf/beauty-salon-app/frontend/src/components/Appointments.js": {"path":"/Volumes/Dock/ai/ide/windsurf/beauty-salon-app/frontend/src/components/Appointments.js","statementMap":{"0":{"start":{"line":11,"column":42},"end":{"line":11,"column":54}},"1":{"start":{"line":12,"column":36},"end":{"line":12,"column":48}},"2":{"start":{"line":13,"column":34},"end":{"line":13,"column":46}},"3":{"start":{"line":14,"column":28},"end":{"line":14,"column":40}},"4":{"start":{"line":15,"column":36},"end":{"line":15,"column":51}},"5":{"start":{"line":16,"column":54},"end":{"line":16,"column":68}},"6":{"start":{"line":17,"column":42},"end":{"line":17,"column":62}},"7":{"start":{"line":20,"column":37},"end":{"line":20,"column":49}},"8":{"start":{"line":21,"column":34},"end":{"line":30,"column":4}},"9":{"start":{"line":32,"column":24},"end":{"line":37,"column":3}},"10":{"start":{"line":39,"column":2},"end":{"line":41,"column":9}},"11":{"start":{"line":40,"column":4},"end":{"line":40,"column":15}},"12":{"start":{"line":43,"column":25},"end":{"line":43,"column":43}},"13":{"start":{"line":44,"column":2},"end":{"line":50,"column":21}},"14":{"start":{"line":45,"column":4},"end":{"line":49,"column":5}},"15":{"start":{"line":46,"column":6},"end":{"line":46,"column":37}},"16":{"start":{"line":48,"column":6},"end":{"line":48,"column":31}},"17":{"start":{"line":52,"column":19},"end":{"line":71,"column":3}},"18":{"start":{"line":53,"column":4},"end":{"line":70,"column":7}},"19":{"start":{"line":54,"column":6},"end":{"line":69,"column":7}},"20":{"start":{"line":55,"column":54},"end":{"line":59,"column":10}},"21":{"start":{"line":61,"column":8},"end":{"line":61,"column":40}},"22":{"start":{"line":62,"column":8},"end":{"line":62,"column":38}},"23":{"start":{"line":63,"column":8},"end":{"line":63,"column":32}},"24":{"start":{"line":65,"column":8},"end":{"line":65,"column":39}},"25":{"start":{"line":67,"column":8},"end":{"line":67,"column":52}},"26":{"start":{"line":68,"column":8},"end":{"line":68,"column":46}},"27":{"start":{"line":73,"column":33},"end":{"line":85,"column":3}},"28":{"start":{"line":74,"column":4},"end":{"line":84,"column":7}},"29":{"start":{"line":75,"column":6},"end":{"line":83,"column":7}},"30":{"start":{"line":76,"column":24},"end":{"line":76,"column":64}},"31":{"start":{"line":78,"column":25},"end":{"line":78,"column":65}},"32":{"start":{"line":79,"column":8},"end":{"line":79,"column":39}},"33":{"start":{"line":81,"column":8},"end":{"line":81,"column":60}},"34":{"start":{"line":82,"column":8},"end":{"line":82,"column":53}},"35":{"start":{"line":87,"column":23},"end":{"line":114,"column":3}},"36":{"start":{"line":88,"column":4},"end":{"line":88,"column":23}},"37":{"start":{"line":89,"column":4},"end":{"line":113,"column":7}},"38":{"start":{"line":90,"column":6},"end":{"line":112,"column":7}},"39":{"start":{"line":91,"column":32},"end":{"line":95,"column":9}},"40":{"start":{"line":97,"column":8},"end":{"line":103,"column":9}},"41":{"start":{"line":98,"column":10},"end":{"line":98,"column":79}},"42":{"start":{"line":99,"column":10},"end":{"line":99,"column":63}},"43":{"start":{"line":101,"column":10},"end":{"line":101,"column":56}},"44":{"start":{"line":102,"column":10},"end":{"line":102,"column":59}},"45":{"start":{"line":105,"column":8},"end":{"line":105,"column":28}},"46":{"start":{"line":106,"column":8},"end":{"line":106,"column":36}},"47":{"start":{"line":107,"column":8},"end":{"line":107,"column":20}},"48":{"start":{"line":108,"column":8},"end":{"line":108,"column":33}},"49":{"start":{"line":110,"column":8},"end":{"line":110,"column":58}},"50":{"start":{"line":111,"column":8},"end":{"line":111,"column":50}},"51":{"start":{"line":116,"column":21},"end":{"line":129,"column":3}},"52":{"start":{"line":117,"column":4},"end":{"line":117,"column":39}},"53":{"start":{"line":118,"column":4},"end":{"line":127,"column":7}},"54":{"start":{"line":128,"column":4},"end":{"line":128,"column":23}},"55":{"start":{"line":131,"column":23},"end":{"line":144,"column":3}},"56":{"start":{"line":132,"column":4},"end":{"line":143,"column":5}},"57":{"start":{"line":133,"column":6},"end":{"line":142,"column":9}},"58":{"start":{"line":134,"column":8},"end":{"line":141,"column":9}},"59":{"start":{"line":135,"column":10},"end":{"line":135,"column":43}},"60":{"start":{"line":136,"column":10},"end":{"line":136,"column":61}},"61":{"start":{"line":137,"column":10},"end":{"line":137,"column":35}},"62":{"start":{"line":139,"column":10},"end":{"line":139,"column":62}},"63":{"start":{"line":140,"column":10},"end":{"line":140,"column":53}},"64":{"start":{"line":146,"column":31},"end":{"line":150,"column":3}},"65":{"start":{"line":147,"column":4},"end":{"line":147,"column":16}},"66":{"start":{"line":148,"column":4},"end":{"line":148,"column":32}},"67":{"start":{"line":149,"column":4},"end":{"line":149,"column":23}},"68":{"start":{"line":154,"column":27},"end":{"line":158,"column":3}},"69":{"start":{"line":155,"column":4},"end":{"line":155,"column":24}},"70":{"start":{"line":156,"column":4},"end":{"line":156,"column":32}},"71":{"start":{"line":157,"column":4},"end":{"line":157,"column":16}},"72":{"start":{"line":160,"column":20},"end":{"line":171,"column":3}},"73":{"start":{"line":161,"column":4},"end":{"line":170,"column":7}},"74":{"start":{"line":173,"column":30},"end":{"line":180,"column":3}},"75":{"start":{"line":174,"column":20},"end":{"line":174,"column":58}},"76":{"start":{"line":174,"column":39},"end":{"line":174,"column":57}},"77":{"start":{"line":175,"column":4},"end":{"line":179,"column":7}},"78":{"start":{"line":182,"column":26},"end":{"line":185,"column":3}},"79":{"start":{"line":183,"column":21},"end":{"line":183,"column":61}},"80":{"start":{"line":183,"column":41},"end":{"line":183,"column":60}},"81":{"start":{"line":184,"column":4},"end":{"line":184,"column":63}},"82":{"start":{"line":187,"column":23},"end":{"line":190,"column":3}},"83":{"start":{"line":188,"column":24},"end":{"line":188,"column":57}},"84":{"start":{"line":188,"column":40},"end":{"line":188,"column":56}},"85":{"start":{"line":189,"column":4},"end":{"line":189,"column":73}},"86":{"start":{"line":192,"column":25},"end":{"line":195,"column":3}},"87":{"start":{"line":193,"column":20},"end":{"line":193,"column":58}},"88":{"start":{"line":193,"column":39},"end":{"line":193,"column":57}},"89":{"start":{"line":194,"column":4},"end":{"line":194,"column":61}},"90":{"start":{"line":197,"column":25},"end":{"line":204,"column":3}},"91":{"start":{"line":198,"column":25},"end":{"line":198,"column":68}},"92":{"start":{"line":198,"column":49},"end":{"line":198,"column":67}},"93":{"start":{"line":199,"column":4},"end":{"line":203,"column":6}},"94":{"start":{"line":206,"column":22},"end":{"line":211,"column":3}},"95":{"start":{"line":207,"column":4},"end":{"line":210,"column":21}},"96":{"start":{"line":213,"column":24},"end":{"line":213,"column":54}},"97":{"start":{"line":214,"column":24},"end":{"line":214,"column":54}},"98":{"start":{"line":215,"column":23},"end":{"line":215,"column":55}},"99":{"start":{"line":216,"column":21},"end":{"line":216,"column":53}},"100":{"start":{"line":218,"column":2},"end":{"line":227,"column":3}},"101":{"start":{"line":219,"column":4},"end":{"line":226,"column":6}},"102":{"start":{"line":229,"column":2},"end":{"line":489,"column":4}},"103":{"start":{"line":296,"column":20},"end":{"line":331,"column":25}},"104":{"start":{"line":310,"column":41},"end":{"line":310,"column":64}},"105":{"start":{"line":318,"column":41},"end":{"line":318,"column":69}},"106":{"start":{"line":354,"column":37},"end":{"line":354,"column":93}},"107":{"start":{"line":359,"column":22},"end":{"line":361,"column":31}},"108":{"start":{"line":371,"column":37},"end":{"line":371,"column":90}},"109":{"start":{"line":376,"column":22},"end":{"line":378,"column":31}},"110":{"start":{"line":390,"column":37},"end":{"line":390,"column":72}},"111":{"start":{"line":395,"column":22},"end":{"line":397,"column":31}},"112":{"start":{"line":407,"column":37},"end":{"line":407,"column":89}},"113":{"start":{"line":411,"column":22},"end":{"line":413,"column":31}},"114":{"start":{"line":425,"column":40},"end":{"line":425,"column":91}},"115":{"start":{"line":438,"column":37},"end":{"line":438,"column":98}},"116":{"start":{"line":450,"column":37},"end":{"line":450,"column":93}},"117":{"start":{"line":462,"column":33},"end":{"line":462,"column":84}}},"fnMap":{"0":{"name":"Appointments","decl":{"start":{"line":10,"column":9},"end":{"line":10,"column":21}},"loc":{"start":{"line":10,"column":24},"end":{"line":490,"column":1}},"line":10},"1":{"name":"(anonymous_1)","decl":{"start":{"line":39,"column":12},"end":{"line":39,"column":13}},"loc":{"start":{"line":39,"column":18},"end":{"line":41,"column":3}},"line":39},"2":{"name":"(anonymous_2)","decl":{"start":{"line":44,"column":12},"end":{"line":44,"column":13}},"loc":{"start":{"line":44,"column":18},"end":{"line":50,"column":3}},"line":44},"3":{"name":"(anonymous_3)","decl":{"start":{"line":52,"column":19},"end":{"line":52,"column":20}},"loc":{"start":{"line":52,"column":31},"end":{"line":71,"column":3}},"line":52},"4":{"name":"(anonymous_4)","decl":{"start":{"line":53,"column":43},"end":{"line":53,"column":44}},"loc":{"start":{"line":53,"column":55},"end":{"line":70,"column":5}},"line":53},"5":{"name":"(anonymous_5)","decl":{"start":{"line":73,"column":33},"end":{"line":73,"column":34}},"loc":{"start":{"line":73,"column":45},"end":{"line":85,"column":3}},"line":73},"6":{"name":"(anonymous_6)","decl":{"start":{"line":74,"column":43},"end":{"line":74,"column":44}},"loc":{"start":{"line":74,"column":55},"end":{"line":84,"column":5}},"line":74},"7":{"name":"(anonymous_7)","decl":{"start":{"line":87,"column":23},"end":{"line":87,"column":24}},"loc":{"start":{"line":87,"column":36},"end":{"line":114,"column":3}},"line":87},"8":{"name":"(anonymous_8)","decl":{"start":{"line":89,"column":45},"end":{"line":89,"column":46}},"loc":{"start":{"line":89,"column":57},"end":{"line":113,"column":5}},"line":89},"9":{"name":"(anonymous_9)","decl":{"start":{"line":116,"column":21},"end":{"line":116,"column":22}},"loc":{"start":{"line":116,"column":38},"end":{"line":129,"column":3}},"line":116},"10":{"name":"(anonymous_10)","decl":{"start":{"line":131,"column":23},"end":{"line":131,"column":24}},"loc":{"start":{"line":131,"column":37},"end":{"line":144,"column":3}},"line":131},"11":{"name":"(anonymous_11)","decl":{"start":{"line":133,"column":47},"end":{"line":133,"column":48}},"loc":{"start":{"line":133,"column":59},"end":{"line":142,"column":7}},"line":133},"12":{"name":"(anonymous_12)","decl":{"start":{"line":146,"column":31},"end":{"line":146,"column":32}},"loc":{"start":{"line":146,"column":37},"end":{"line":150,"column":3}},"line":146},"13":{"name":"(anonymous_13)","decl":{"start":{"line":154,"column":27},"end":{"line":154,"column":28}},"loc":{"start":{"line":154,"column":33},"end":{"line":158,"column":3}},"line":154},"14":{"name":"(anonymous_14)","decl":{"start":{"line":160,"column":20},"end":{"line":160,"column":21}},"loc":{"start":{"line":160,"column":26},"end":{"line":171,"column":3}},"line":160},"15":{"name":"(anonymous_15)","decl":{"start":{"line":173,"column":30},"end":{"line":173,"column":31}},"loc":{"start":{"line":173,"column":45},"end":{"line":180,"column":3}},"line":173},"16":{"name":"(anonymous_16)","decl":{"start":{"line":174,"column":34},"end":{"line":174,"column":35}},"loc":{"start":{"line":174,"column":39},"end":{"line":174,"column":57}},"line":174},"17":{"name":"(anonymous_17)","decl":{"start":{"line":182,"column":26},"end":{"line":182,"column":27}},"loc":{"start":{"line":182,"column":42},"end":{"line":185,"column":3}},"line":182},"18":{"name":"(anonymous_18)","decl":{"start":{"line":183,"column":36},"end":{"line":183,"column":37}},"loc":{"start":{"line":183,"column":41},"end":{"line":183,"column":60}},"line":183},"19":{"name":"(anonymous_19)","decl":{"start":{"line":187,"column":23},"end":{"line":187,"column":24}},"loc":{"start":{"line":187,"column":36},"end":{"line":190,"column":3}},"line":187},"20":{"name":"(anonymous_20)","decl":{"start":{"line":188,"column":35},"end":{"line":188,"column":36}},"loc":{"start":{"line":188,"column":40},"end":{"line":188,"column":56}},"line":188},"21":{"name":"(anonymous_21)","decl":{"start":{"line":192,"column":25},"end":{"line":192,"column":26}},"loc":{"start":{"line":192,"column":40},"end":{"line":195,"column":3}},"line":192},"22":{"name":"(anonymous_22)","decl":{"start":{"line":193,"column":34},"end":{"line":193,"column":35}},"loc":{"start":{"line":193,"column":39},"end":{"line":193,"column":57}},"line":193},"23":{"name":"(anonymous_23)","decl":{"start":{"line":197,"column":25},"end":{"line":197,"column":26}},"loc":{"start":{"line":197,"column":37},"end":{"line":204,"column":3}},"line":197},"24":{"name":"(anonymous_24)","decl":{"start":{"line":198,"column":44},"end":{"line":198,"column":45}},"loc":{"start":{"line":198,"column":49},"end":{"line":198,"column":67}},"line":198},"25":{"name":"(anonymous_25)","decl":{"start":{"line":206,"column":22},"end":{"line":206,"column":23}},"loc":{"start":{"line":206,"column":33},"end":{"line":211,"column":3}},"line":206},"26":{"name":"(anonymous_26)","decl":{"start":{"line":295,"column":36},"end":{"line":295,"column":37}},"loc":{"start":{"line":296,"column":20},"end":{"line":331,"column":25}},"line":296},"27":{"name":"(anonymous_27)","decl":{"start":{"line":310,"column":35},"end":{"line":310,"column":36}},"loc":{"start":{"line":310,"column":41},"end":{"line":310,"column":64}},"line":310},"28":{"name":"(anonymous_28)","decl":{"start":{"line":318,"column":35},"end":{"line":318,"column":36}},"loc":{"start":{"line":318,"column":41},"end":{"line":318,"column":69}},"line":318},"29":{"name":"(anonymous_29)","decl":{"start":{"line":354,"column":30},"end":{"line":354,"column":31}},"loc":{"start":{"line":354,"column":37},"end":{"line":354,"column":93}},"line":354},"30":{"name":"(anonymous_30)","decl":{"start":{"line":358,"column":35},"end":{"line":358,"column":36}},"loc":{"start":{"line":359,"column":22},"end":{"line":361,"column":31}},"line":359},"31":{"name":"(anonymous_31)","decl":{"start":{"line":371,"column":30},"end":{"line":371,"column":31}},"loc":{"start":{"line":371,"column":37},"end":{"line":371,"column":90}},"line":371},"32":{"name":"(anonymous_32)","decl":{"start":{"line":375,"column":31},"end":{"line":375,"column":32}},"loc":{"start":{"line":376,"column":22},"end":{"line":378,"column":31}},"line":376},"33":{"name":"(anonymous_33)","decl":{"start":{"line":390,"column":30},"end":{"line":390,"column":31}},"loc":{"start":{"line":390,"column":37},"end":{"line":390,"column":72}},"line":390},"34":{"name":"(anonymous_34)","decl":{"start":{"line":394,"column":34},"end":{"line":394,"column":35}},"loc":{"start":{"line":395,"column":22},"end":{"line":397,"column":31}},"line":395},"35":{"name":"(anonymous_35)","decl":{"start":{"line":407,"column":30},"end":{"line":407,"column":31}},"loc":{"start":{"line":407,"column":37},"end":{"line":407,"column":89}},"line":407},"36":{"name":"(anonymous_36)","decl":{"start":{"line":410,"column":39},"end":{"line":410,"column":40}},"loc":{"start":{"line":411,"column":22},"end":{"line":413,"column":31}},"line":411},"37":{"name":"(anonymous_37)","decl":{"start":{"line":425,"column":30},"end":{"line":425,"column":31}},"loc":{"start":{"line":425,"column":40},"end":{"line":425,"column":91}},"line":425},"38":{"name":"(anonymous_38)","decl":{"start":{"line":438,"column":30},"end":{"line":438,"column":31}},"loc":{"start":{"line":438,"column":37},"end":{"line":438,"column":98}},"line":438},"39":{"name":"(anonymous_39)","decl":{"start":{"line":450,"column":30},"end":{"line":450,"column":31}},"loc":{"start":{"line":450,"column":37},"end":{"line":450,"column":93}},"line":450},"40":{"name":"(anonymous_40)","decl":{"start":{"line":462,"column":26},"end":{"line":462,"column":27}},"loc":{"start":{"line":462,"column":33},"end":{"line":462,"column":84}},"line":462}},"branchMap":{"0":{"loc":{"start":{"line":45,"column":4},"end":{"line":49,"column":5}},"type":"if","locations":[{"start":{"line":45,"column":4},"end":{"line":49,"column":5}},{"start":{"line":47,"column":11},"end":{"line":49,"column":5}}],"line":45},"1":{"loc":{"start":{"line":94,"column":22},"end":{"line":94,"column":58}},"type":"binary-expr","locations":[{"start":{"line":94,"column":22},"end":{"line":94,"column":53}},{"start":{"line":94,"column":57},"end":{"line":94,"column":58}}],"line":94},"2":{"loc":{"start":{"line":97,"column":8},"end":{"line":103,"column":9}},"type":"if","locations":[{"start":{"line":97,"column":8},"end":{"line":103,"column":9}},{"start":{"line":100,"column":15},"end":{"line":103,"column":9}}],"line":97},"3":{"loc":{"start":{"line":125,"column":13},"end":{"line":125,"column":36}},"type":"binary-expr","locations":[{"start":{"line":125,"column":13},"end":{"line":125,"column":30}},{"start":{"line":125,"column":34},"end":{"line":125,"column":36}}],"line":125},"4":{"loc":{"start":{"line":126,"column":18},"end":{"line":126,"column":58}},"type":"binary-expr","locations":[{"start":{"line":126,"column":18},"end":{"line":126,"column":52}},{"start":{"line":126,"column":56},"end":{"line":126,"column":58}}],"line":126},"5":{"loc":{"start":{"line":132,"column":4},"end":{"line":143,"column":5}},"type":"if","locations":[{"start":{"line":132,"column":4},"end":{"line":143,"column":5}},{"start":{},"end":{}}],"line":132},"6":{"loc":{"start":{"line":178,"column":18},"end":{"line":178,"column":57}},"type":"cond-expr","locations":[{"start":{"line":178,"column":28},"end":{"line":178,"column":52}},{"start":{"line":178,"column":55},"end":{"line":178,"column":57}}],"line":178},"7":{"loc":{"start":{"line":184,"column":11},"end":{"line":184,"column":62}},"type":"cond-expr","locations":[{"start":{"line":184,"column":22},"end":{"line":184,"column":35}},{"start":{"line":184,"column":38},"end":{"line":184,"column":62}}],"line":184},"8":{"loc":{"start":{"line":189,"column":11},"end":{"line":189,"column":72}},"type":"cond-expr","locations":[{"start":{"line":189,"column":25},"end":{"line":189,"column":41}},{"start":{"line":189,"column":44},"end":{"line":189,"column":72}}],"line":189},"9":{"loc":{"start":{"line":194,"column":11},"end":{"line":194,"column":60}},"type":"cond-expr","locations":[{"start":{"line":194,"column":21},"end":{"line":194,"column":33}},{"start":{"line":194,"column":36},"end":{"line":194,"column":60}}],"line":194},"10":{"loc":{"start":{"line":199,"column":11},"end":{"line":203,"column":5}},"type":"cond-expr","locations":[{"start":{"line":200,"column":6},"end":{"line":200,"column":65}},{"start":{"line":202,"column":6},"end":{"line":202,"column":44}}],"line":199},"11":{"loc":{"start":{"line":218,"column":2},"end":{"line":227,"column":3}},"type":"if","locations":[{"start":{"line":218,"column":2},"end":{"line":227,"column":3}},{"start":{},"end":{}}],"line":218},"12":{"loc":{"start":{"line":257,"column":11},"end":{"line":336,"column":11}},"type":"cond-expr","locations":[{"start":{"line":258,"column":12},"end":{"line":273,"column":18}},{"start":{"line":274,"column":14},"end":{"line":336,"column":11}}],"line":257},"13":{"loc":{"start":{"line":274,"column":14},"end":{"line":336,"column":11}},"type":"cond-expr","locations":[{"start":{"line":275,"column":12},"end":{"line":279,"column":18}},{"start":{"line":281,"column":12},"end":{"line":335,"column":18}}],"line":274},"14":{"loc":{"start":{"line":303,"column":27},"end":{"line":303,"column":93}},"type":"cond-expr","locations":[{"start":{"line":303,"column":52},"end":{"line":303,"column":87}},{"start":{"line":303,"column":90},"end":{"line":303,"column":93}}],"line":303},"15":{"loc":{"start":{"line":321,"column":27},"end":{"line":328,"column":27}},"type":"cond-expr","locations":[{"start":{"line":322,"column":28},"end":{"line":325,"column":31}},{"start":{"line":327,"column":28},"end":{"line":327,"column":37}}],"line":321},"16":{"loc":{"start":{"line":343,"column":13},"end":{"line":343,"column":75}},"type":"cond-expr","locations":[{"start":{"line":343,"column":34},"end":{"line":343,"column":54}},{"start":{"line":343,"column":57},"end":{"line":343,"column":75}}],"line":343},"17":{"loc":{"start":{"line":476,"column":15},"end":{"line":483,"column":15}},"type":"cond-expr","locations":[{"start":{"line":477,"column":16},"end":{"line":480,"column":19}},{"start":{"line":482,"column":16},"end":{"line":482,"column":58}}],"line":476},"18":{"loc":{"start":{"line":479,"column":19},"end":{"line":479,"column":71}},"type":"cond-expr","locations":[{"start":{"line":479,"column":40},"end":{"line":479,"column":56}},{"start":{"line":479,"column":59},"end":{"line":479,"column":71}}],"line":479},"19":{"loc":{"start":{"line":482,"column":16},"end":{"line":482,"column":58}},"type":"cond-expr","locations":[{"start":{"line":482,"column":37},"end":{"line":482,"column":48}},{"start":{"line":482,"column":51},"end":{"line":482,"column":58}}],"line":482}},"s":{"0":5,"1":4,"2":4,"3":4,"4":4,"5":4,"6":4,"7":4,"8":4,"9":4,"10":4,"11":0,"12":4,"13":4,"14":0,"15":0,"16":0,"17":4,"18":0,"19":0,"20":0,"21":0,"22":0,"23":0,"24":0,"25":0,"26":0,"27":4,"28":0,"29":0,"30":0,"31":0,"32":0,"33":0,"34":0,"35":4,"36":0,"37":0,"38":0,"39":0,"40":0,"41":0,"42":0,"43":0,"44":0,"45":0,"46":0,"47":0,"48":0,"49":0,"50":0,"51":4,"52":0,"53":0,"54":0,"55":4,"56":0,"57":0,"58":0,"59":0,"60":0,"61":0,"62":0,"63":0,"64":4,"65":0,"66":0,"67":0,"68":4,"69":0,"70":0,"71":0,"72":4,"73":0,"74":4,"75":0,"76":0,"77":0,"78":4,"79":0,"80":0,"81":0,"82":4,"83":0,"84":0,"85":0,"86":4,"87":0,"88":0,"89":0,"90":4,"91":0,"92":0,"93":0,"94":4,"95":0,"96":4,"97":4,"98":4,"99":4,"100":4,"101":0,"102":4,"103":0,"104":0,"105":0,"106":0,"107":0,"108":0,"109":0,"110":0,"111":0,"112":0,"113":16,"114":0,"115":0,"116":0,"117":0},"f":{"0":5,"1":0,"2":0,"3":0,"4":0,"5":0,"6":0,"7":0,"8":0,"9":0,"10":0,"11":0,"12":0,"13":0,"14":0,"15":0,"16":0,"17":0,"18":0,"19":0,"20":0,"21":0,"22":0,"23":0,"24":0,"25":0,"26":0,"27":0,"28":0,"29":0,"30":0,"31":0,"32":0,"33":0,"34":0,"35":0,"36":16,"37":0,"38":0,"39":0,"40":0},"b":{"0":[0,0],"1":[0,0],"2":[0,0],"3":[0,0],"4":[0,0],"5":[0,0],"6":[0,0],"7":[0,0],"8":[0,0],"9":[0,0],"10":[0,0],"11":[0,4],"12":[0,4],"13":[4,0],"14":[0,0],"15":[0,0],"16":[0,4],"17":[0,4],"18":[0,0],"19":[0,4]},"_coverageSchema":"1a1c01bbd47fc00a2c39e90264f33305004495a9","hash":"33e473c4a96b6311f93f7738f4f8e312cb1e9a72"}
,"/Volumes/Dock/ai/ide/windsurf/beauty-salon-app/frontend/src/components/Customers.js": {"path":"/Volumes/Dock/ai/ide/windsurf/beauty-salon-app/frontend/src/components/Customers.js","statementMap":{"0":{"start":{"line":15,"column":18},"end":{"line":559,"column":2}},"1":{"start":{"line":16,"column":36},"end":{"line":16,"column":48}},"2":{"start":{"line":17,"column":36},"end":{"line":17,"column":51}},"3":{"start":{"line":18,"column":48},"end":{"line":18,"column":62}},"4":{"start":{"line":19,"column":25},"end":{"line":19,"column":37}},"5":{"start":{"line":22,"column":37},"end":{"line":22,"column":49}},"6":{"start":{"line":25,"column":51},"end":{"line":25,"column":69}},"7":{"start":{"line":26,"column":19},"end":{"line":26,"column":42}},"8":{"start":{"line":29,"column":62},"end":{"line":29,"column":80}},"9":{"start":{"line":32,"column":25},"end":{"line":32,"column":37}},"10":{"start":{"line":33,"column":2},"end":{"line":33,"column":68}},"11":{"start":{"line":36,"column":26},"end":{"line":63,"column":3}},"12":{"start":{"line":76,"column":6},"end":{"line":81,"column":21}},"13":{"start":{"line":83,"column":2},"end":{"line":85,"column":9}},"14":{"start":{"line":84,"column":4},"end":{"line":84,"column":20}},"15":{"start":{"line":87,"column":24},"end":{"line":134,"column":3}},"16":{"start":{"line":88,"column":4},"end":{"line":133,"column":7}},"17":{"start":{"line":89,"column":6},"end":{"line":132,"column":9}},"18":{"start":{"line":90,"column":14},"end":{"line":90,"column":35}},"19":{"start":{"line":93,"column":12},"end":{"line":93,"column":80}},"20":{"start":{"line":97,"column":31},"end":{"line":97,"column":70}},"21":{"start":{"line":98,"column":12},"end":{"line":102,"column":13}},"22":{"start":{"line":99,"column":29},"end":{"line":99,"column":51}},"23":{"start":{"line":100,"column":14},"end":{"line":100,"column":60}},"24":{"start":{"line":101,"column":14},"end":{"line":101,"column":38}},"25":{"start":{"line":103,"column":12},"end":{"line":103,"column":63}},"26":{"start":{"line":107,"column":8},"end":{"line":107,"column":36}},"27":{"start":{"line":108,"column":8},"end":{"line":108,"column":78}},"28":{"start":{"line":111,"column":8},"end":{"line":111,"column":79}},"29":{"start":{"line":113,"column":8},"end":{"line":113,"column":60}},"30":{"start":{"line":116,"column":8},"end":{"line":131,"column":11}},"31":{"start":{"line":124,"column":33},"end":{"line":124,"column":72}},"32":{"start":{"line":125,"column":14},"end":{"line":128,"column":15}},"33":{"start":{"line":126,"column":16},"end":{"line":126,"column":53}},"34":{"start":{"line":127,"column":16},"end":{"line":127,"column":51}},"35":{"start":{"line":137,"column":24},"end":{"line":160,"column":45}},"36":{"start":{"line":138,"column":4},"end":{"line":159,"column":5}},"37":{"start":{"line":139,"column":6},"end":{"line":156,"column":9}},"38":{"start":{"line":140,"column":8},"end":{"line":155,"column":11}},"39":{"start":{"line":141,"column":16},"end":{"line":141,"column":41}},"40":{"start":{"line":146,"column":31},"end":{"line":149,"column":15}},"41":{"start":{"line":147,"column":16},"end":{"line":148,"column":73}},"42":{"start":{"line":150,"column":14},"end":{"line":150,"column":40}},"43":{"start":{"line":154,"column":10},"end":{"line":154,"column":38}},"44":{"start":{"line":158,"column":6},"end":{"line":158,"column":22}},"45":{"start":{"line":162,"column":58},"end":{"line":162,"column":96}},"46":{"start":{"line":164,"column":25},"end":{"line":223,"column":3}},"47":{"start":{"line":165,"column":4},"end":{"line":222,"column":7}},"48":{"start":{"line":166,"column":6},"end":{"line":221,"column":9}},"49":{"start":{"line":168,"column":10},"end":{"line":172,"column":11}},"50":{"start":{"line":169,"column":12},"end":{"line":169,"column":73}},"51":{"start":{"line":171,"column":12},"end":{"line":171,"column":53}},"52":{"start":{"line":177,"column":27},"end":{"line":177,"column":66}},"53":{"start":{"line":178,"column":12},"end":{"line":178,"column":80}},"54":{"start":{"line":182,"column":32},"end":{"line":187,"column":13}},"55":{"start":{"line":189,"column":28},"end":{"line":189,"column":89}},"56":{"start":{"line":190,"column":12},"end":{"line":190,"column":38}},"57":{"start":{"line":191,"column":12},"end":{"line":191,"column":79}},"58":{"start":{"line":193,"column":12},"end":{"line":193,"column":104}},"59":{"start":{"line":194,"column":12},"end":{"line":194,"column":41}},"60":{"start":{"line":198,"column":23},"end":{"line":198,"column":64}},"61":{"start":{"line":199,"column":8},"end":{"line":199,"column":56}},"62":{"start":{"line":200,"column":8},"end":{"line":200,"column":64}},"63":{"start":{"line":202,"column":8},"end":{"line":202,"column":28}},"64":{"start":{"line":203,"column":8},"end":{"line":203,"column":33}},"65":{"start":{"line":204,"column":8},"end":{"line":204,"column":20}},"66":{"start":{"line":205,"column":8},"end":{"line":205,"column":24}},"67":{"start":{"line":207,"column":8},"end":{"line":207,"column":57}},"68":{"start":{"line":209,"column":8},"end":{"line":220,"column":9}},"69":{"start":{"line":210,"column":10},"end":{"line":219,"column":13}},"70":{"start":{"line":215,"column":35},"end":{"line":215,"column":80}},"71":{"start":{"line":216,"column":16},"end":{"line":216,"column":51}},"72":{"start":{"line":216,"column":32},"end":{"line":216,"column":51}},"73":{"start":{"line":225,"column":21},"end":{"line":234,"column":21}},"74":{"start":{"line":226,"column":4},"end":{"line":226,"column":33}},"75":{"start":{"line":227,"column":4},"end":{"line":232,"column":7}},"76":{"start":{"line":233,"column":4},"end":{"line":233,"column":23}},"77":{"start":{"line":236,"column":23},"end":{"line":273,"column":3}},"78":{"start":{"line":237,"column":4},"end":{"line":272,"column":5}},"79":{"start":{"line":238,"column":6},"end":{"line":271,"column":9}},"80":{"start":{"line":239,"column":8},"end":{"line":270,"column":11}},"81":{"start":{"line":240,"column":16},"end":{"line":240,"column":39}},"82":{"start":{"line":244,"column":14},"end":{"line":244,"column":75}},"83":{"start":{"line":248,"column":10},"end":{"line":248,"column":57}},"84":{"start":{"line":249,"column":10},"end":{"line":249,"column":65}},"85":{"start":{"line":250,"column":10},"end":{"line":250,"column":26}},"86":{"start":{"line":252,"column":10},"end":{"line":252,"column":60}},"87":{"start":{"line":254,"column":10},"end":{"line":269,"column":13}},"88":{"start":{"line":257,"column":29},"end":{"line":257,"column":45}},"89":{"start":{"line":263,"column":33},"end":{"line":263,"column":94}},"90":{"start":{"line":264,"column":16},"end":{"line":264,"column":79}},"91":{"start":{"line":265,"column":16},"end":{"line":265,"column":84}},"92":{"start":{"line":266,"column":16},"end":{"line":266,"column":93}},"93":{"start":{"line":275,"column":27},"end":{"line":279,"column":17}},"94":{"start":{"line":276,"column":4},"end":{"line":276,"column":24}},"95":{"start":{"line":277,"column":4},"end":{"line":277,"column":29}},"96":{"start":{"line":278,"column":4},"end":{"line":278,"column":16}},"97":{"start":{"line":281,"column":28},"end":{"line":285,"column":17}},"98":{"start":{"line":282,"column":4},"end":{"line":282,"column":29}},"99":{"start":{"line":283,"column":4},"end":{"line":283,"column":16}},"100":{"start":{"line":284,"column":4},"end":{"line":284,"column":23}},"101":{"start":{"line":288,"column":24},"end":{"line":295,"column":58}},"102":{"start":{"line":288,"column":39},"end":{"line":295,"column":3}},"103":{"start":{"line":297,"column":104},"end":{"line":297,"column":117}},"104":{"start":{"line":300,"column":28},"end":{"line":307,"column":3}},"105":{"start":{"line":309,"column":2},"end":{"line":558,"column":4}},"106":{"start":{"line":325,"column":31},"end":{"line":325,"column":65}},"107":{"start":{"line":385,"column":37},"end":{"line":385,"column":76}},"108":{"start":{"line":386,"column":18},"end":{"line":389,"column":19}},"109":{"start":{"line":387,"column":20},"end":{"line":387,"column":57}},"110":{"start":{"line":388,"column":20},"end":{"line":388,"column":55}},"111":{"start":{"line":414,"column":20},"end":{"line":448,"column":25}},"112":{"start":{"line":424,"column":41},"end":{"line":424,"column":61}},"113":{"start":{"line":433,"column":41},"end":{"line":433,"column":66}},"114":{"start":{"line":561,"column":0},"end":{"line":561,"column":36}}},"fnMap":{"0":{"name":"(anonymous_0)","decl":{"start":{"line":15,"column":29},"end":{"line":15,"column":30}},"loc":{"start":{"line":15,"column":35},"end":{"line":559,"column":1}},"line":15},"1":{"name":"(anonymous_1)","decl":{"start":{"line":83,"column":12},"end":{"line":83,"column":13}},"loc":{"start":{"line":83,"column":18},"end":{"line":85,"column":3}},"line":83},"2":{"name":"(anonymous_2)","decl":{"start":{"line":87,"column":24},"end":{"line":87,"column":25}},"loc":{"start":{"line":87,"column":36},"end":{"line":134,"column":3}},"line":87},"3":{"name":"(anonymous_3)","decl":{"start":{"line":88,"column":40},"end":{"line":88,"column":41}},"loc":{"start":{"line":88,"column":52},"end":{"line":133,"column":5}},"line":88},"4":{"name":"(anonymous_4)","decl":{"start":{"line":90,"column":8},"end":{"line":90,"column":9}},"loc":{"start":{"line":90,"column":14},"end":{"line":90,"column":35}},"line":90},"5":{"name":"(anonymous_5)","decl":{"start":{"line":92,"column":19},"end":{"line":92,"column":20}},"loc":{"start":{"line":92,"column":39},"end":{"line":94,"column":11}},"line":92},"6":{"name":"(anonymous_6)","decl":{"start":{"line":95,"column":20},"end":{"line":95,"column":21}},"loc":{"start":{"line":95,"column":32},"end":{"line":104,"column":11}},"line":95},"7":{"name":"(anonymous_7)","decl":{"start":{"line":106,"column":13},"end":{"line":106,"column":14}},"loc":{"start":{"line":106,"column":25},"end":{"line":112,"column":7}},"line":106},"8":{"name":"(anonymous_8)","decl":{"start":{"line":112,"column":15},"end":{"line":112,"column":16}},"loc":{"start":{"line":112,"column":24},"end":{"line":132,"column":7}},"line":112},"9":{"name":"(anonymous_9)","decl":{"start":{"line":123,"column":21},"end":{"line":123,"column":22}},"loc":{"start":{"line":123,"column":27},"end":{"line":129,"column":13}},"line":123},"10":{"name":"(anonymous_10)","decl":{"start":{"line":137,"column":36},"end":{"line":137,"column":37}},"loc":{"start":{"line":137,"column":52},"end":{"line":160,"column":3}},"line":137},"11":{"name":"(anonymous_11)","decl":{"start":{"line":139,"column":44},"end":{"line":139,"column":45}},"loc":{"start":{"line":139,"column":56},"end":{"line":156,"column":7}},"line":139},"12":{"name":"(anonymous_12)","decl":{"start":{"line":141,"column":10},"end":{"line":141,"column":11}},"loc":{"start":{"line":141,"column":16},"end":{"line":141,"column":41}},"line":141},"13":{"name":"(anonymous_13)","decl":{"start":{"line":144,"column":22},"end":{"line":144,"column":23}},"loc":{"start":{"line":144,"column":34},"end":{"line":151,"column":13}},"line":144},"14":{"name":"(anonymous_14)","decl":{"start":{"line":146,"column":48},"end":{"line":146,"column":49}},"loc":{"start":{"line":147,"column":16},"end":{"line":148,"column":73}},"line":147},"15":{"name":"(anonymous_15)","decl":{"start":{"line":153,"column":15},"end":{"line":153,"column":16}},"loc":{"start":{"line":153,"column":27},"end":{"line":155,"column":9}},"line":153},"16":{"name":"(anonymous_16)","decl":{"start":{"line":164,"column":25},"end":{"line":164,"column":26}},"loc":{"start":{"line":164,"column":49},"end":{"line":223,"column":3}},"line":164},"17":{"name":"(anonymous_17)","decl":{"start":{"line":165,"column":42},"end":{"line":165,"column":43}},"loc":{"start":{"line":165,"column":54},"end":{"line":222,"column":5}},"line":165},"18":{"name":"(anonymous_18)","decl":{"start":{"line":167,"column":8},"end":{"line":167,"column":9}},"loc":{"start":{"line":167,"column":14},"end":{"line":173,"column":9}},"line":167},"19":{"name":"(anonymous_19)","decl":{"start":{"line":176,"column":19},"end":{"line":176,"column":20}},"loc":{"start":{"line":176,"column":39},"end":{"line":179,"column":11}},"line":176},"20":{"name":"(anonymous_20)","decl":{"start":{"line":180,"column":20},"end":{"line":180,"column":21}},"loc":{"start":{"line":180,"column":37},"end":{"line":195,"column":11}},"line":180},"21":{"name":"(anonymous_21)","decl":{"start":{"line":197,"column":13},"end":{"line":197,"column":14}},"loc":{"start":{"line":197,"column":19},"end":{"line":206,"column":7}},"line":197},"22":{"name":"(anonymous_22)","decl":{"start":{"line":206,"column":15},"end":{"line":206,"column":16}},"loc":{"start":{"line":206,"column":24},"end":{"line":221,"column":7}},"line":206},"23":{"name":"(anonymous_23)","decl":{"start":{"line":213,"column":23},"end":{"line":213,"column":24}},"loc":{"start":{"line":213,"column":29},"end":{"line":217,"column":15}},"line":213},"24":{"name":"(anonymous_24)","decl":{"start":{"line":225,"column":33},"end":{"line":225,"column":34}},"loc":{"start":{"line":225,"column":47},"end":{"line":234,"column":3}},"line":225},"25":{"name":"(anonymous_25)","decl":{"start":{"line":236,"column":23},"end":{"line":236,"column":24}},"loc":{"start":{"line":236,"column":37},"end":{"line":273,"column":3}},"line":236},"26":{"name":"(anonymous_26)","decl":{"start":{"line":238,"column":44},"end":{"line":238,"column":45}},"loc":{"start":{"line":238,"column":56},"end":{"line":271,"column":7}},"line":238},"27":{"name":"(anonymous_27)","decl":{"start":{"line":240,"column":10},"end":{"line":240,"column":11}},"loc":{"start":{"line":240,"column":16},"end":{"line":240,"column":39}},"line":240},"28":{"name":"(anonymous_28)","decl":{"start":{"line":243,"column":21},"end":{"line":243,"column":22}},"loc":{"start":{"line":243,"column":27},"end":{"line":245,"column":13}},"line":243},"29":{"name":"(anonymous_29)","decl":{"start":{"line":247,"column":15},"end":{"line":247,"column":16}},"loc":{"start":{"line":247,"column":21},"end":{"line":251,"column":9}},"line":247},"30":{"name":"(anonymous_30)","decl":{"start":{"line":251,"column":17},"end":{"line":251,"column":18}},"loc":{"start":{"line":251,"column":26},"end":{"line":270,"column":9}},"line":251},"31":{"name":"(anonymous_31)","decl":{"start":{"line":257,"column":23},"end":{"line":257,"column":24}},"loc":{"start":{"line":257,"column":29},"end":{"line":257,"column":45}},"line":257},"32":{"name":"(anonymous_32)","decl":{"start":{"line":261,"column":23},"end":{"line":261,"column":24}},"loc":{"start":{"line":261,"column":29},"end":{"line":267,"column":15}},"line":261},"33":{"name":"(anonymous_33)","decl":{"start":{"line":275,"column":39},"end":{"line":275,"column":40}},"loc":{"start":{"line":275,"column":45},"end":{"line":279,"column":3}},"line":275},"34":{"name":"(anonymous_34)","decl":{"start":{"line":281,"column":40},"end":{"line":281,"column":41}},"loc":{"start":{"line":281,"column":46},"end":{"line":285,"column":3}},"line":281},"35":{"name":"(anonymous_35)","decl":{"start":{"line":288,"column":32},"end":{"line":288,"column":33}},"loc":{"start":{"line":288,"column":39},"end":{"line":295,"column":3}},"line":288},"36":{"name":"(anonymous_36)","decl":{"start":{"line":325,"column":24},"end":{"line":325,"column":25}},"loc":{"start":{"line":325,"column":31},"end":{"line":325,"column":65}},"line":325},"37":{"name":"(anonymous_37)","decl":{"start":{"line":384,"column":31},"end":{"line":384,"column":32}},"loc":{"start":{"line":384,"column":37},"end":{"line":390,"column":17}},"line":384},"38":{"name":"(anonymous_38)","decl":{"start":{"line":413,"column":41},"end":{"line":413,"column":42}},"loc":{"start":{"line":414,"column":20},"end":{"line":448,"column":25}},"line":414},"39":{"name":"(anonymous_39)","decl":{"start":{"line":424,"column":35},"end":{"line":424,"column":36}},"loc":{"start":{"line":424,"column":41},"end":{"line":424,"column":61}},"line":424},"40":{"name":"(anonymous_40)","decl":{"start":{"line":433,"column":35},"end":{"line":433,"column":36}},"loc":{"start":{"line":433,"column":41},"end":{"line":433,"column":66}},"line":433}},"branchMap":{"0":{"loc":{"start":{"line":98,"column":12},"end":{"line":102,"column":13}},"type":"if","locations":[{"start":{"line":98,"column":12},"end":{"line":102,"column":13}},{"start":{},"end":{}}],"line":98},"1":{"loc":{"start":{"line":125,"column":14},"end":{"line":128,"column":15}},"type":"if","locations":[{"start":{"line":125,"column":14},"end":{"line":128,"column":15}},{"start":{},"end":{}}],"line":125},"2":{"loc":{"start":{"line":138,"column":4},"end":{"line":159,"column":5}},"type":"if","locations":[{"start":{"line":138,"column":4},"end":{"line":159,"column":5}},{"start":{"line":157,"column":11},"end":{"line":159,"column":5}}],"line":138},"3":{"loc":{"start":{"line":147,"column":16},"end":{"line":148,"column":73}},"type":"binary-expr","locations":[{"start":{"line":147,"column":16},"end":{"line":147,"column":72}},{"start":{"line":148,"column":16},"end":{"line":148,"column":73}}],"line":147},"4":{"loc":{"start":{"line":168,"column":10},"end":{"line":172,"column":11}},"type":"if","locations":[{"start":{"line":168,"column":10},"end":{"line":172,"column":11}},{"start":{"line":170,"column":17},"end":{"line":172,"column":11}}],"line":168},"5":{"loc":{"start":{"line":177,"column":27},"end":{"line":177,"column":66}},"type":"cond-expr","locations":[{"start":{"line":177,"column":45},"end":{"line":177,"column":56}},{"start":{"line":177,"column":59},"end":{"line":177,"column":66}}],"line":177},"6":{"loc":{"start":{"line":184,"column":18},"end":{"line":184,"column":62}},"type":"binary-expr","locations":[{"start":{"line":184,"column":18},"end":{"line":184,"column":37}},{"start":{"line":184,"column":41},"end":{"line":184,"column":62}}],"line":184},"7":{"loc":{"start":{"line":186,"column":23},"end":{"line":186,"column":60}},"type":"cond-expr","locations":[{"start":{"line":186,"column":41},"end":{"line":186,"column":49}},{"start":{"line":186,"column":52},"end":{"line":186,"column":60}}],"line":186},"8":{"loc":{"start":{"line":189,"column":39},"end":{"line":189,"column":88}},"type":"binary-expr","locations":[{"start":{"line":189,"column":39},"end":{"line":189,"column":80}},{"start":{"line":189,"column":84},"end":{"line":189,"column":88}}],"line":189},"9":{"loc":{"start":{"line":198,"column":23},"end":{"line":198,"column":64}},"type":"cond-expr","locations":[{"start":{"line":198,"column":41},"end":{"line":198,"column":53}},{"start":{"line":198,"column":56},"end":{"line":198,"column":64}}],"line":198},"10":{"loc":{"start":{"line":209,"column":8},"end":{"line":220,"column":9}},"type":"if","locations":[{"start":{"line":209,"column":8},"end":{"line":220,"column":9}},{"start":{},"end":{}}],"line":209},"11":{"loc":{"start":{"line":216,"column":16},"end":{"line":216,"column":51}},"type":"if","locations":[{"start":{"line":216,"column":16},"end":{"line":216,"column":51}},{"start":{},"end":{}}],"line":216},"12":{"loc":{"start":{"line":231,"column":15},"end":{"line":231,"column":37}},"type":"binary-expr","locations":[{"start":{"line":231,"column":15},"end":{"line":231,"column":31}},{"start":{"line":231,"column":35},"end":{"line":231,"column":37}}],"line":231},"13":{"loc":{"start":{"line":237,"column":4},"end":{"line":272,"column":5}},"type":"if","locations":[{"start":{"line":237,"column":4},"end":{"line":272,"column":5}},{"start":{},"end":{}}],"line":237},"14":{"loc":{"start":{"line":263,"column":44},"end":{"line":263,"column":93}},"type":"binary-expr","locations":[{"start":{"line":263,"column":44},"end":{"line":263,"column":85}},{"start":{"line":263,"column":89},"end":{"line":263,"column":93}}],"line":263},"15":{"loc":{"start":{"line":294,"column":21},"end":{"line":294,"column":75}},"type":"binary-expr","locations":[{"start":{"line":294,"column":21},"end":{"line":294,"column":43}},{"start":{"line":294,"column":47},"end":{"line":294,"column":75}}],"line":294},"16":{"loc":{"start":{"line":329,"column":13},"end":{"line":335,"column":13}},"type":"binary-expr","locations":[{"start":{"line":329,"column":13},"end":{"line":329,"column":24}},{"start":{"line":330,"column":14},"end":{"line":334,"column":20}}],"line":329},"17":{"loc":{"start":{"line":348,"column":13},"end":{"line":355,"column":13}},"type":"cond-expr","locations":[{"start":{"line":349,"column":14},"end":{"line":352,"column":17}},{"start":{"line":354,"column":14},"end":{"line":354,"column":28}}],"line":348},"18":{"loc":{"start":{"line":365,"column":11},"end":{"line":453,"column":11}},"type":"cond-expr","locations":[{"start":{"line":366,"column":12},"end":{"line":379,"column":18}},{"start":{"line":380,"column":14},"end":{"line":453,"column":11}}],"line":365},"19":{"loc":{"start":{"line":380,"column":14},"end":{"line":453,"column":11}},"type":"cond-expr","locations":[{"start":{"line":381,"column":12},"end":{"line":399,"column":13}},{"start":{"line":401,"column":12},"end":{"line":452,"column":18}}],"line":380},"20":{"loc":{"start":{"line":381,"column":12},"end":{"line":399,"column":13}},"type":"cond-expr","locations":[{"start":{"line":382,"column":14},"end":{"line":391,"column":16}},{"start":{"line":393,"column":14},"end":{"line":398,"column":16}}],"line":381},"21":{"loc":{"start":{"line":386,"column":18},"end":{"line":389,"column":19}},"type":"if","locations":[{"start":{"line":386,"column":18},"end":{"line":389,"column":19}},{"start":{},"end":{}}],"line":386},"22":{"loc":{"start":{"line":437,"column":27},"end":{"line":445,"column":27}},"type":"cond-expr","locations":[{"start":{"line":438,"column":28},"end":{"line":442,"column":31}},{"start":{"line":444,"column":28},"end":{"line":444,"column":37}}],"line":437},"23":{"loc":{"start":{"line":468,"column":15},"end":{"line":468,"column":66}},"type":"cond-expr","locations":[{"start":{"line":468,"column":33},"end":{"line":468,"column":49}},{"start":{"line":468,"column":52},"end":{"line":468,"column":66}}],"line":468},"24":{"loc":{"start":{"line":474,"column":17},"end":{"line":474,"column":119}},"type":"cond-expr","locations":[{"start":{"line":474,"column":35},"end":{"line":474,"column":76}},{"start":{"line":474,"column":79},"end":{"line":474,"column":119}}],"line":474},"25":{"loc":{"start":{"line":537,"column":26},"end":{"line":537,"column":58}},"type":"binary-expr","locations":[{"start":{"line":537,"column":26},"end":{"line":537,"column":42}},{"start":{"line":537,"column":46},"end":{"line":537,"column":58}}],"line":537},"26":{"loc":{"start":{"line":540,"column":17},"end":{"line":548,"column":17}},"type":"cond-expr","locations":[{"start":{"line":541,"column":18},"end":{"line":545,"column":21}},{"start":{"line":547,"column":18},"end":{"line":547,"column":57}}],"line":540},"27":{"loc":{"start":{"line":544,"column":21},"end":{"line":544,"column":70}},"type":"cond-expr","locations":[{"start":{"line":544,"column":39},"end":{"line":544,"column":55}},{"start":{"line":544,"column":58},"end":{"line":544,"column":70}}],"line":544},"28":{"loc":{"start":{"line":547,"column":18},"end":{"line":547,"column":57}},"type":"cond-expr","locations":[{"start":{"line":547,"column":36},"end":{"line":547,"column":47}},{"start":{"line":547,"column":50},"end":{"line":547,"column":57}}],"line":547},"29":{"loc":{"start":{"line":551,"column":17},"end":{"line":551,"column":95}},"type":"cond-expr","locations":[{"start":{"line":551,"column":35},"end":{"line":551,"column":67}},{"start":{"line":551,"column":70},"end":{"line":551,"column":95}}],"line":551}},"s":{"0":1,"1":37,"2":36,"3":36,"4":36,"5":36,"6":36,"7":36,"8":36,"9":36,"10":0,"11":0,"12":0,"13":0,"14":0,"15":0,"16":0,"17":0,"18":0,"19":0,"20":0,"21":0,"22":0,"23":0,"24":0,"25":0,"26":0,"27":0,"28":0,"29":0,"30":0,"31":0,"32":0,"33":0,"34":0,"35":0,"36":0,"37":0,"38":0,"39":0,"40":0,"41":0,"42":0,"43":0,"44":0,"45":0,"46":0,"47":0,"48":0,"49":0,"50":0,"51":0,"52":0,"53":0,"54":0,"55":0,"56":0,"57":0,"58":0,"59":0,"60":0,"61":0,"62":0,"63":0,"64":0,"65":0,"66":0,"67":0,"68":0,"69":0,"70":0,"71":0,"72":0,"73":0,"74":0,"75":0,"76":0,"77":0,"78":0,"79":0,"80":0,"81":0,"82":0,"83":0,"84":0,"85":0,"86":0,"87":0,"88":0,"89":0,"90":0,"91":0,"92":0,"93":0,"94":0,"95":0,"96":0,"97":0,"98":0,"99":0,"100":0,"101":0,"102":0,"103":0,"104":0,"105":0,"106":0,"107":0,"108":0,"109":0,"110":0,"111":0,"112":0,"113":0,"114":1},"f":{"0":37,"1":0,"2":0,"3":0,"4":0,"5":0,"6":0,"7":0,"8":0,"9":0,"10":0,"11":0,"12":0,"13":0,"14":0,"15":0,"16":0,"17":0,"18":0,"19":0,"20":0,"21":0,"22":0,"23":0,"24":0,"25":0,"26":0,"27":0,"28":0,"29":0,"30":0,"31":0,"32":0,"33":0,"34":0,"35":0,"36":0,"37":0,"38":0,"39":0,"40":0},"b":{"0":[0,0],"1":[0,0],"2":[0,0],"3":[0,0],"4":[0,0],"5":[0,0],"6":[0,0],"7":[0,0],"8":[0,0],"9":[0,0],"10":[0,0],"11":[0,0],"12":[0,0],"13":[0,0],"14":[0,0],"15":[0,0],"16":[0,0],"17":[0,0],"18":[0,0],"19":[0,0],"20":[0,0],"21":[0,0],"22":[0,0],"23":[0,0],"24":[0,0],"25":[0,0],"26":[0,0],"27":[0,0],"28":[0,0],"29":[0,0]},"_coverageSchema":"1a1c01bbd47fc00a2c39e90264f33305004495a9","hash":"361ebf5d89d1175f5985fa8b15999280d790687b"}
,"/Volumes/Dock/ai/ide/windsurf/beauty-salon-app/frontend/src/components/Dashboard.js": {"path":"/Volumes/Dock/ai/ide/windsurf/beauty-salon-app/frontend/src/components/Dashboard.js","statementMap":{"0":{"start":{"line":10,"column":28},"end":{"line":16,"column":4}},"1":{"start":{"line":19,"column":37},"end":{"line":19,"column":49}},"2":{"start":{"line":22,"column":21},"end":{"line":27,"column":3}},"3":{"start":{"line":23,"column":17},"end":{"line":23,"column":35}},"4":{"start":{"line":24,"column":15},"end":{"line":24,"column":59}},"5":{"start":{"line":25,"column":15},"end":{"line":25,"column":54}},"6":{"start":{"line":26,"column":4},"end":{"line":26,"column":33}},"7":{"start":{"line":29,"column":2},"end":{"line":31,"column":9}},"8":{"start":{"line":30,"column":4},"end":{"line":30,"column":16}},"9":{"start":{"line":33,"column":20},"end":{"line":56,"column":3}},"10":{"start":{"line":34,"column":4},"end":{"line":55,"column":7}},"11":{"start":{"line":35,"column":6},"end":{"line":54,"column":7}},"12":{"start":{"line":36,"column":93},"end":{"line":42,"column":10}},"13":{"start":{"line":44,"column":8},"end":{"line":50,"column":11}},"14":{"start":{"line":52,"column":8},"end":{"line":52,"column":53}},"15":{"start":{"line":53,"column":8},"end":{"line":53,"column":53}},"16":{"start":{"line":58,"column":25},"end":{"line":58,"column":53}},"17":{"start":{"line":60,"column":2},"end":{"line":86,"column":3}},"18":{"start":{"line":61,"column":4},"end":{"line":85,"column":6}},"19":{"start":{"line":70,"column":12},"end":{"line":72,"column":18}},"20":{"start":{"line":88,"column":2},"end":{"line":194,"column":4}}},"fnMap":{"0":{"name":"Dashboard","decl":{"start":{"line":9,"column":9},"end":{"line":9,"column":18}},"loc":{"start":{"line":9,"column":21},"end":{"line":195,"column":1}},"line":9},"1":{"name":"(anonymous_1)","decl":{"start":{"line":22,"column":21},"end":{"line":22,"column":22}},"loc":{"start":{"line":22,"column":31},"end":{"line":27,"column":3}},"line":22},"2":{"name":"(anonymous_2)","decl":{"start":{"line":29,"column":12},"end":{"line":29,"column":13}},"loc":{"start":{"line":29,"column":18},"end":{"line":31,"column":3}},"line":29},"3":{"name":"(anonymous_3)","decl":{"start":{"line":33,"column":20},"end":{"line":33,"column":21}},"loc":{"start":{"line":33,"column":32},"end":{"line":56,"column":3}},"line":33},"4":{"name":"(anonymous_4)","decl":{"start":{"line":34,"column":41},"end":{"line":34,"column":42}},"loc":{"start":{"line":34,"column":53},"end":{"line":55,"column":5}},"line":34},"5":{"name":"(anonymous_5)","decl":{"start":{"line":69,"column":28},"end":{"line":69,"column":29}},"loc":{"start":{"line":70,"column":12},"end":{"line":72,"column":18}},"line":70}},"branchMap":{"0":{"loc":{"start":{"line":60,"column":2},"end":{"line":86,"column":3}},"type":"if","locations":[{"start":{"line":60,"column":2},"end":{"line":86,"column":3}},{"start":{},"end":{}}],"line":60}},"s":{"0":0,"1":0,"2":0,"3":0,"4":0,"5":0,"6":0,"7":0,"8":0,"9":0,"10":0,"11":0,"12":0,"13":0,"14":0,"15":0,"16":0,"17":0,"18":0,"19":0,"20":0},"f":{"0":0,"1":0,"2":0,"3":0,"4":0,"5":0},"b":{"0":[0,0]}}
,"/Volumes/Dock/ai/ide/windsurf/beauty-salon-app/frontend/src/components/ErrorBoundary.js": {"path":"/Volumes/Dock/ai/ide/windsurf/beauty-salon-app/frontend/src/components/ErrorBoundary.js","statementMap":{"0":{"start":{"line":10,"column":4},"end":{"line":10,"column":17}},"1":{"start":{"line":11,"column":4},"end":{"line":16,"column":6}},"2":{"start":{"line":21,"column":4},"end":{"line":24,"column":6}},"3":{"start":{"line":29,"column":4},"end":{"line":37,"column":7}},"4":{"start":{"line":39,"column":4},"end":{"line":42,"column":7}},"5":{"start":{"line":46,"column":4},"end":{"line":48,"column":5}},"6":{"start":{"line":47,"column":6},"end":{"line":47,"column":43}},"7":{"start":{"line":51,"column":16},"end":{"line":58,"column":3}},"8":{"start":{"line":52,"column":4},"end":{"line":57,"column":7}},"9":{"start":{"line":60,"column":17},"end":{"line":62,"column":3}},"10":{"start":{"line":61,"column":4},"end":{"line":61,"column":29}},"11":{"start":{"line":65,"column":4},"end":{"line":146,"column":5}},"12":{"start":{"line":67,"column":6},"end":{"line":69,"column":7}},"13":{"start":{"line":68,"column":8},"end":{"line":68,"column":71}},"14":{"start":{"line":72,"column":6},"end":{"line":145,"column":8}},"15":{"start":{"line":148,"column":4},"end":{"line":148,"column":31}},"16":{"start":{"line":155,"column":33},"end":{"line":163,"column":1}},"17":{"start":{"line":156,"column":2},"end":{"line":162,"column":4}},"18":{"start":{"line":157,"column":4},"end":{"line":161,"column":6}},"19":{"start":{"line":168,"column":29},"end":{"line":192,"column":1}},"20":{"start":{"line":174,"column":2},"end":{"line":191,"column":4}}},"fnMap":{"0":{"name":"(anonymous_0)","decl":{"start":{"line":9,"column":2},"end":{"line":9,"column":3}},"loc":{"start":{"line":9,"column":21},"end":{"line":17,"column":3}},"line":9},"1":{"name":"(anonymous_1)","decl":{"start":{"line":19,"column":2},"end":{"line":19,"column":3}},"loc":{"start":{"line":19,"column":41},"end":{"line":25,"column":3}},"line":19},"2":{"name":"(anonymous_2)","decl":{"start":{"line":27,"column":2},"end":{"line":27,"column":3}},"loc":{"start":{"line":27,"column":38},"end":{"line":49,"column":3}},"line":27},"3":{"name":"(anonymous_3)","decl":{"start":{"line":51,"column":16},"end":{"line":51,"column":17}},"loc":{"start":{"line":51,"column":22},"end":{"line":58,"column":3}},"line":51},"4":{"name":"(anonymous_4)","decl":{"start":{"line":60,"column":17},"end":{"line":60,"column":18}},"loc":{"start":{"line":60,"column":23},"end":{"line":62,"column":3}},"line":60},"5":{"name":"(anonymous_5)","decl":{"start":{"line":64,"column":2},"end":{"line":64,"column":3}},"loc":{"start":{"line":64,"column":11},"end":{"line":149,"column":3}},"line":64},"6":{"name":"(anonymous_6)","decl":{"start":{"line":155,"column":33},"end":{"line":155,"column":34}},"loc":{"start":{"line":155,"column":73},"end":{"line":163,"column":1}},"line":155},"7":{"name":"WrappedComponent","decl":{"start":{"line":156,"column":18},"end":{"line":156,"column":34}},"loc":{"start":{"line":156,"column":42},"end":{"line":162,"column":3}},"line":156},"8":{"name":"(anonymous_8)","decl":{"start":{"line":168,"column":29},"end":{"line":168,"column":30}},"loc":{"start":{"line":173,"column":6},"end":{"line":192,"column":1}},"line":173}},"branchMap":{"0":{"loc":{"start":{"line":46,"column":4},"end":{"line":48,"column":5}},"type":"if","locations":[{"start":{"line":46,"column":4},"end":{"line":48,"column":5}},{"start":{},"end":{}}],"line":46},"1":{"loc":{"start":{"line":65,"column":4},"end":{"line":146,"column":5}},"type":"if","locations":[{"start":{"line":65,"column":4},"end":{"line":146,"column":5}},{"start":{},"end":{}}],"line":65},"2":{"loc":{"start":{"line":67,"column":6},"end":{"line":69,"column":7}},"type":"if","locations":[{"start":{"line":67,"column":6},"end":{"line":69,"column":7}},{"start":{},"end":{}}],"line":67},"3":{"loc":{"start":{"line":109,"column":15},"end":{"line":129,"column":15}},"type":"binary-expr","locations":[{"start":{"line":109,"column":15},"end":{"line":109,"column":53}},{"start":{"line":110,"column":16},"end":{"line":128,"column":26}}],"line":109},"4":{"loc":{"start":{"line":117,"column":23},"end":{"line":117,"column":70}},"type":"binary-expr","locations":[{"start":{"line":117,"column":23},"end":{"line":117,"column":39}},{"start":{"line":117,"column":43},"end":{"line":117,"column":70}}],"line":117},"5":{"loc":{"start":{"line":155,"column":45},"end":{"line":155,"column":68}},"type":"default-arg","locations":[{"start":{"line":155,"column":66},"end":{"line":155,"column":68}}],"line":155},"6":{"loc":{"start":{"line":171,"column":2},"end":{"line":171,"column":27}},"type":"default-arg","locations":[{"start":{"line":171,"column":10},"end":{"line":171,"column":27}}],"line":171},"7":{"loc":{"start":{"line":172,"column":2},"end":{"line":172,"column":58}},"type":"default-arg","locations":[{"start":{"line":172,"column":12},"end":{"line":172,"column":58}}],"line":172},"8":{"loc":{"start":{"line":178,"column":7},"end":{"line":183,"column":7}},"type":"binary-expr","locations":[{"start":{"line":178,"column":7},"end":{"line":178,"column":12}},{"start":{"line":178,"column":16},"end":{"line":178,"column":54}},{"start":{"line":179,"column":8},"end":{"line":182,"column":18}}],"line":178}},"s":{"0":20,"1":19,"2":16,"3":0,"4":0,"5":0,"6":0,"7":19,"8":0,"9":19,"10":0,"11":39,"12":16,"13":2,"14":14,"15":23,"16":1,"17":3,"18":5,"19":1,"20":10},"f":{"0":20,"1":16,"2":0,"3":0,"4":0,"5":39,"6":3,"7":5,"8":10},"b":{"0":[0,0],"1":[16,23],"2":[2,14],"3":[14,2],"4":[2,0],"5":[3],"6":[8],"7":[8],"8":[10,6,2]},"_coverageSchema":"1a1c01bbd47fc00a2c39e90264f33305004495a9","hash":"7ead26cbf9e9c9fc4503c8bd27a011ebeaace63c"}
,"/Volumes/Dock/ai/ide/windsurf/beauty-salon-app/frontend/src/components/ErrorFallbacks.js": {"path":"/Volumes/Dock/ai/ide/windsurf/beauty-salon-app/frontend/src/components/ErrorFallbacks.js","statementMap":{"0":{"start":{"line":9,"column":36},"end":{"line":32,"column":1}},"1":{"start":{"line":10,"column":2},"end":{"line":31,"column":10}},"2":{"start":{"line":35,"column":32},"end":{"line":60,"column":1}},"3":{"start":{"line":41,"column":2},"end":{"line":59,"column":14}},"4":{"start":{"line":63,"column":35},"end":{"line":86,"column":1}},"5":{"start":{"line":64,"column":2},"end":{"line":85,"column":10}},"6":{"start":{"line":89,"column":38},"end":{"line":115,"column":1}},"7":{"start":{"line":95,"column":2},"end":{"line":114,"column":9}},"8":{"start":{"line":118,"column":35},"end":{"line":141,"column":1}},"9":{"start":{"line":124,"column":2},"end":{"line":140,"column":8}},"10":{"start":{"line":144,"column":33},"end":{"line":172,"column":1}},"11":{"start":{"line":149,"column":2},"end":{"line":171,"column":10}},"12":{"start":{"line":157,"column":8},"end":{"line":157,"column":36}},"13":{"start":{"line":175,"column":36},"end":{"line":207,"column":1}},"14":{"start":{"line":182,"column":2},"end":{"line":206,"column":10}},"15":{"start":{"line":193,"column":12},"end":{"line":201,"column":21}},"16":{"start":{"line":210,"column":32},"end":{"line":261,"column":1}},"17":{"start":{"line":211,"column":31},"end":{"line":258,"column":3}},"18":{"start":{"line":212,"column":4},"end":{"line":220,"column":5}},"19":{"start":{"line":213,"column":6},"end":{"line":219,"column":8}},"20":{"start":{"line":214,"column":8},"end":{"line":218,"column":10}},"21":{"start":{"line":222,"column":19},"end":{"line":222,"column":40}},"22":{"start":{"line":224,"column":4},"end":{"line":232,"column":5}},"23":{"start":{"line":225,"column":6},"end":{"line":231,"column":8}},"24":{"start":{"line":226,"column":8},"end":{"line":230,"column":10}},"25":{"start":{"line":234,"column":4},"end":{"line":242,"column":5}},"26":{"start":{"line":235,"column":6},"end":{"line":241,"column":8}},"27":{"start":{"line":236,"column":8},"end":{"line":240,"column":10}},"28":{"start":{"line":244,"column":4},"end":{"line":257,"column":6}},"29":{"start":{"line":245,"column":6},"end":{"line":256,"column":8}},"30":{"start":{"line":260,"column":2},"end":{"line":260,"column":34}}},"fnMap":{"0":{"name":"(anonymous_0)","decl":{"start":{"line":9,"column":36},"end":{"line":9,"column":37}},"loc":{"start":{"line":10,"column":2},"end":{"line":31,"column":10}},"line":10},"1":{"name":"(anonymous_1)","decl":{"start":{"line":35,"column":32},"end":{"line":35,"column":33}},"loc":{"start":{"line":41,"column":2},"end":{"line":59,"column":14}},"line":41},"2":{"name":"(anonymous_2)","decl":{"start":{"line":63,"column":35},"end":{"line":63,"column":36}},"loc":{"start":{"line":64,"column":2},"end":{"line":85,"column":10}},"line":64},"3":{"name":"(anonymous_3)","decl":{"start":{"line":89,"column":38},"end":{"line":89,"column":39}},"loc":{"start":{"line":95,"column":2},"end":{"line":114,"column":9}},"line":95},"4":{"name":"(anonymous_4)","decl":{"start":{"line":118,"column":35},"end":{"line":118,"column":36}},"loc":{"start":{"line":124,"column":2},"end":{"line":140,"column":8}},"line":124},"5":{"name":"(anonymous_5)","decl":{"start":{"line":144,"column":33},"end":{"line":144,"column":34}},"loc":{"start":{"line":149,"column":2},"end":{"line":171,"column":10}},"line":149},"6":{"name":"(anonymous_6)","decl":{"start":{"line":156,"column":18},"end":{"line":156,"column":19}},"loc":{"start":{"line":157,"column":8},"end":{"line":157,"column":36}},"line":157},"7":{"name":"(anonymous_7)","decl":{"start":{"line":175,"column":36},"end":{"line":175,"column":37}},"loc":{"start":{"line":182,"column":2},"end":{"line":206,"column":10}},"line":182},"8":{"name":"(anonymous_8)","decl":{"start":{"line":192,"column":23},"end":{"line":192,"column":24}},"loc":{"start":{"line":193,"column":12},"end":{"line":201,"column":21}},"line":193},"9":{"name":"(anonymous_9)","decl":{"start":{"line":210,"column":32},"end":{"line":210,"column":33}},"loc":{"start":{"line":210,"column":38},"end":{"line":261,"column":1}},"line":210},"10":{"name":"(anonymous_10)","decl":{"start":{"line":211,"column":31},"end":{"line":211,"column":32}},"loc":{"start":{"line":211,"column":56},"end":{"line":258,"column":3}},"line":211},"11":{"name":"(anonymous_11)","decl":{"start":{"line":213,"column":13},"end":{"line":213,"column":14}},"loc":{"start":{"line":214,"column":8},"end":{"line":218,"column":10}},"line":214},"12":{"name":"(anonymous_12)","decl":{"start":{"line":225,"column":13},"end":{"line":225,"column":14}},"loc":{"start":{"line":226,"column":8},"end":{"line":230,"column":10}},"line":226},"13":{"name":"(anonymous_13)","decl":{"start":{"line":235,"column":13},"end":{"line":235,"column":14}},"loc":{"start":{"line":236,"column":8},"end":{"line":240,"column":10}},"line":236},"14":{"name":"(anonymous_14)","decl":{"start":{"line":244,"column":11},"end":{"line":244,"column":12}},"loc":{"start":{"line":245,"column":6},"end":{"line":256,"column":8}},"line":245}},"branchMap":{"0":{"loc":{"start":{"line":24,"column":7},"end":{"line":29,"column":7}},"type":"binary-expr","locations":[{"start":{"line":24,"column":7},"end":{"line":24,"column":20}},{"start":{"line":25,"column":8},"end":{"line":28,"column":17}}],"line":24},"1":{"loc":{"start":{"line":36,"column":2},"end":{"line":36,"column":33}},"type":"default-arg","locations":[{"start":{"line":36,"column":10},"end":{"line":36,"column":33}}],"line":36},"2":{"loc":{"start":{"line":37,"column":2},"end":{"line":37,"column":57}},"type":"default-arg","locations":[{"start":{"line":37,"column":12},"end":{"line":37,"column":57}}],"line":37},"3":{"loc":{"start":{"line":46,"column":7},"end":{"line":51,"column":7}},"type":"binary-expr","locations":[{"start":{"line":46,"column":7},"end":{"line":46,"column":15}},{"start":{"line":47,"column":8},"end":{"line":50,"column":17}}],"line":46},"4":{"loc":{"start":{"line":52,"column":7},"end":{"line":57,"column":7}},"type":"binary-expr","locations":[{"start":{"line":52,"column":7},"end":{"line":52,"column":16}},{"start":{"line":53,"column":8},"end":{"line":56,"column":17}}],"line":52},"5":{"loc":{"start":{"line":78,"column":7},"end":{"line":83,"column":7}},"type":"binary-expr","locations":[{"start":{"line":78,"column":7},"end":{"line":78,"column":23}},{"start":{"line":79,"column":8},"end":{"line":82,"column":17}}],"line":78},"6":{"loc":{"start":{"line":90,"column":2},"end":{"line":90,"column":24}},"type":"default-arg","locations":[{"start":{"line":90,"column":14},"end":{"line":90,"column":24}}],"line":90},"7":{"loc":{"start":{"line":102,"column":9},"end":{"line":102,"column":71}},"type":"binary-expr","locations":[{"start":{"line":102,"column":9},"end":{"line":102,"column":23}},{"start":{"line":102,"column":27},"end":{"line":102,"column":71}}],"line":102},"8":{"loc":{"start":{"line":119,"column":2},"end":{"line":119,"column":34}},"type":"default-arg","locations":[{"start":{"line":119,"column":10},"end":{"line":119,"column":34}}],"line":119},"9":{"loc":{"start":{"line":120,"column":2},"end":{"line":120,"column":49}},"type":"default-arg","locations":[{"start":{"line":120,"column":12},"end":{"line":120,"column":49}}],"line":120},"10":{"loc":{"start":{"line":133,"column":7},"end":{"line":138,"column":7}},"type":"binary-expr","locations":[{"start":{"line":133,"column":7},"end":{"line":133,"column":15}},{"start":{"line":134,"column":8},"end":{"line":137,"column":17}}],"line":133},"11":{"loc":{"start":{"line":145,"column":2},"end":{"line":145,"column":13}},"type":"default-arg","locations":[{"start":{"line":145,"column":11},"end":{"line":145,"column":13}}],"line":145},"12":{"loc":{"start":{"line":176,"column":2},"end":{"line":176,"column":34}},"type":"default-arg","locations":[{"start":{"line":176,"column":9},"end":{"line":176,"column":34}}],"line":176},"13":{"loc":{"start":{"line":177,"column":2},"end":{"line":177,"column":27}},"type":"default-arg","locations":[{"start":{"line":177,"column":10},"end":{"line":177,"column":27}}],"line":177},"14":{"loc":{"start":{"line":178,"column":2},"end":{"line":178,"column":41}},"type":"default-arg","locations":[{"start":{"line":178,"column":12},"end":{"line":178,"column":41}}],"line":178},"15":{"loc":{"start":{"line":179,"column":2},"end":{"line":179,"column":21}},"type":"default-arg","locations":[{"start":{"line":179,"column":12},"end":{"line":179,"column":21}}],"line":179},"16":{"loc":{"start":{"line":180,"column":2},"end":{"line":180,"column":14}},"type":"default-arg","locations":[{"start":{"line":180,"column":12},"end":{"line":180,"column":14}}],"line":180},"17":{"loc":{"start":{"line":188,"column":5},"end":{"line":205,"column":5}},"type":"binary-expr","locations":[{"start":{"line":188,"column":5},"end":{"line":188,"column":23}},{"start":{"line":189,"column":6},"end":{"line":204,"column":9}}],"line":188},"18":{"loc":{"start":{"line":195,"column":23},"end":{"line":195,"column":61}},"type":"binary-expr","locations":[{"start":{"line":195,"column":23},"end":{"line":195,"column":37}},{"start":{"line":195,"column":41},"end":{"line":195,"column":61}}],"line":195},"19":{"loc":{"start":{"line":199,"column":15},"end":{"line":199,"column":74}},"type":"binary-expr","locations":[{"start":{"line":199,"column":15},"end":{"line":199,"column":26}},{"start":{"line":199,"column":30},"end":{"line":199,"column":74}}],"line":199},"20":{"loc":{"start":{"line":211,"column":39},"end":{"line":211,"column":51}},"type":"default-arg","locations":[{"start":{"line":211,"column":49},"end":{"line":211,"column":51}}],"line":211},"21":{"loc":{"start":{"line":212,"column":4},"end":{"line":220,"column":5}},"type":"if","locations":[{"start":{"line":212,"column":4},"end":{"line":220,"column":5}},{"start":{},"end":{}}],"line":212},"22":{"loc":{"start":{"line":224,"column":4},"end":{"line":232,"column":5}},"type":"if","locations":[{"start":{"line":224,"column":4},"end":{"line":232,"column":5}},{"start":{},"end":{}}],"line":224},"23":{"loc":{"start":{"line":234,"column":4},"end":{"line":242,"column":5}},"type":"if","locations":[{"start":{"line":234,"column":4},"end":{"line":242,"column":5}},{"start":{},"end":{}}],"line":234},"24":{"loc":{"start":{"line":247,"column":17},"end":{"line":247,"column":89}},"type":"binary-expr","locations":[{"start":{"line":247,"column":17},"end":{"line":247,"column":45}},{"start":{"line":247,"column":49},"end":{"line":247,"column":89}}],"line":247}},"s":{"0":0,"1":0,"2":0,"3":0,"4":0,"5":0,"6":0,"7":0,"8":0,"9":0,"10":0,"11":0,"12":0,"13":0,"14":0,"15":0,"16":0,"17":0,"18":0,"19":0,"20":0,"21":0,"22":0,"23":0,"24":0,"25":0,"26":0,"27":0,"28":0,"29":0,"30":0},"f":{"0":0,"1":0,"2":0,"3":0,"4":0,"5":0,"6":0,"7":0,"8":0,"9":0,"10":0,"11":0,"12":0,"13":0,"14":0},"b":{"0":[0,0],"1":[0],"2":[0],"3":[0,0],"4":[0,0],"5":[0,0],"6":[0],"7":[0,0],"8":[0],"9":[0],"10":[0,0],"11":[0],"12":[0],"13":[0],"14":[0],"15":[0],"16":[0],"17":[0,0],"18":[0,0],"19":[0,0],"20":[0],"21":[0,0],"22":[0,0],"23":[0,0],"24":[0,0]}}
,"/Volumes/Dock/ai/ide/windsurf/beauty-salon-app/frontend/src/components/FormField.js": {"path":"/Volumes/Dock/ai/ide/windsurf/beauty-salon-app/frontend/src/components/FormField.js","statementMap":{"0":{"start":{"line":22,"column":18},"end":{"line":105,"column":1}},"1":{"start":{"line":39,"column":19},"end":{"line":39,"column":35}},"2":{"start":{"line":40,"column":18},"end":{"line":40,"column":33}},"3":{"start":{"line":41,"column":18},"end":{"line":41,"column":36}},"4":{"start":{"line":43,"column":2},"end":{"line":104,"column":4}},"5":{"start":{"line":66,"column":16},"end":{"line":68,"column":25}}},"fnMap":{"0":{"name":"(anonymous_0)","decl":{"start":{"line":22,"column":18},"end":{"line":22,"column":19}},"loc":{"start":{"line":38,"column":6},"end":{"line":105,"column":1}},"line":38},"1":{"name":"(anonymous_1)","decl":{"start":{"line":65,"column":27},"end":{"line":65,"column":28}},"loc":{"start":{"line":66,"column":16},"end":{"line":68,"column":25}},"line":66}},"branchMap":{"0":{"loc":{"start":{"line":25,"column":2},"end":{"line":25,"column":15}},"type":"default-arg","locations":[{"start":{"line":25,"column":9},"end":{"line":25,"column":15}}],"line":25},"1":{"loc":{"start":{"line":31,"column":2},"end":{"line":31,"column":18}},"type":"default-arg","locations":[{"start":{"line":31,"column":13},"end":{"line":31,"column":18}}],"line":31},"2":{"loc":{"start":{"line":33,"column":2},"end":{"line":33,"column":14}},"type":"default-arg","locations":[{"start":{"line":33,"column":7},"end":{"line":33,"column":14}}],"line":33},"3":{"loc":{"start":{"line":39,"column":19},"end":{"line":39,"column":35}},"type":"binary-expr","locations":[{"start":{"line":39,"column":19},"end":{"line":39,"column":26}},{"start":{"line":39,"column":30},"end":{"line":39,"column":35}}],"line":39},"4":{"loc":{"start":{"line":47,"column":9},"end":{"line":47,"column":89}},"type":"binary-expr","locations":[{"start":{"line":47,"column":9},"end":{"line":47,"column":17}},{"start":{"line":47,"column":21},"end":{"line":47,"column":89}}],"line":47},"5":{"loc":{"start":{"line":50,"column":7},"end":{"line":91,"column":7}},"type":"cond-expr","locations":[{"start":{"line":51,"column":8},"end":{"line":74,"column":22}},{"start":{"line":76,"column":8},"end":{"line":90,"column":10}}],"line":50},"6":{"loc":{"start":{"line":58,"column":28},"end":{"line":58,"column":58}},"
[...]
nd":{"line":66,"column":85}},"43":{"start":{"line":66,"column":39},"end":{"line":66,"column":85}},"44":{"start":{"line":66,"column":76},"end":{"line":66,"column":84}},"45":{"start":{"line":67,"column":30},"end":{"line":67,"column":95}},"46":{"start":{"line":67,"column":44},"end":{"line":67,"column":95}},"47":{"start":{"line":67,"column":86},"end":{"line":67,"column":94}},"48":{"start":{"line":68,"column":30},"end":{"line":68,"column":103}},"49":{"start":{"line":68,"column":48},"end":{"line":68,"column":103}},"50":{"start":{"line":68,"column":94},"end":{"line":68,"column":102}},"51":{"start":{"line":69,"column":30},"end":{"line":69,"column":83}},"52":{"start":{"line":69,"column":38},"end":{"line":69,"column":83}},"53":{"start":{"line":69,"column":74},"end":{"line":69,"column":82}},"54":{"start":{"line":70,"column":31},"end":{"line":70,"column":88}},"55":{"start":{"line":70,"column":41},"end":{"line":70,"column":88}},"56":{"start":{"line":70,"column":79},"end":{"line":70,"column":87}},"57":{"start":{"line":72,"column":27},"end":{"line":72,"column":75}},"58":{"start":{"line":72,"column":33},"end":{"line":72,"column":75}},"59":{"start":{"line":72,"column":66},"end":{"line":72,"column":74}},"60":{"start":{"line":73,"column":33},"end":{"line":73,"column":84}},"61":{"start":{"line":73,"column":39},"end":{"line":73,"column":84}},"62":{"start":{"line":73,"column":75},"end":{"line":73,"column":83}},"63":{"start":{"line":74,"column":37},"end":{"line":74,"column":108}},"64":{"start":{"line":74,"column":51},"end":{"line":74,"column":108}},"65":{"start":{"line":74,"column":99},"end":{"line":74,"column":107}},"66":{"start":{"line":75,"column":29},"end":{"line":75,"column":91}},"67":{"start":{"line":75,"column":42},"end":{"line":75,"column":91}},"68":{"start":{"line":75,"column":82},"end":{"line":75,"column":90}},"69":{"start":{"line":76,"column":29},"end":{"line":76,"column":99}},"70":{"start":{"line":76,"column":46},"end":{"line":76,"column":99}},"71":{"start":{"line":76,"column":90},"end":{"line":76,"column":98}},"72":{"start":{"line":77,"column":29},"end":{"line":77,"column":81}},"73":{"start":{"line":77,"column":37},"end":{"line":77,"column":81}},"74":{"start":{"line":77,"column":72},"end":{"line":77,"column":80}},"75":{"start":{"line":79,"column":24},"end":{"line":79,"column":69}},"76":{"start":{"line":79,"column":30},"end":{"line":79,"column":69}},"77":{"start":{"line":79,"column":60},"end":{"line":79,"column":68}},"78":{"start":{"line":80,"column":30},"end":{"line":80,"column":78}},"79":{"start":{"line":80,"column":36},"end":{"line":80,"column":78}},"80":{"start":{"line":80,"column":69},"end":{"line":80,"column":77}},"81":{"start":{"line":81,"column":27},"end":{"line":81,"column":82}},"82":{"start":{"line":81,"column":38},"end":{"line":81,"column":82}},"83":{"start":{"line":81,"column":73},"end":{"line":81,"column":81}},"84":{"start":{"line":82,"column":27},"end":{"line":82,"column":90}},"85":{"start":{"line":82,"column":42},"end":{"line":82,"column":90}},"86":{"start":{"line":82,"column":81},"end":{"line":82,"column":89}},"87":{"start":{"line":83,"column":27},"end":{"line":83,"column":76}},"88":{"start":{"line":83,"column":35},"end":{"line":83,"column":76}},"89":{"start":{"line":83,"column":67},"end":{"line":83,"column":75}},"90":{"start":{"line":85,"column":31},"end":{"line":85,"column":83}},"91":{"start":{"line":85,"column":37},"end":{"line":85,"column":83}},"92":{"start":{"line":85,"column":74},"end":{"line":85,"column":82}},"93":{"start":{"line":86,"column":37},"end":{"line":86,"column":100}},"94":{"start":{"line":86,"column":47},"end":{"line":86,"column":100}},"95":{"start":{"line":86,"column":91},"end":{"line":86,"column":99}},"96":{"start":{"line":87,"column":33},"end":{"line":87,"column":107}},"97":{"start":{"line":87,"column":50},"end":{"line":87,"column":107}},"98":{"start":{"line":87,"column":98},"end":{"line":87,"column":106}},"99":{"start":{"line":88,"column":33},"end":{"line":88,"column":115}},"100":{"start":{"line":88,"column":54},"end":{"line":88,"column":115}},"101":{"start":{"line":88,"column":106},"end":{"line":88,"column":114}},"102":{"start":{"line":89,"column":33},"end":{"line":89,"column":89}},"103":{"start":{"line":89,"column":41},"end":{"line":89,"column":89}},"104":{"start":{"line":89,"column":80},"end":{"line":89,"column":88}}},"fnMap":{"0":{"name":"(anonymous_0)","decl":{"start":{"line":17,"column":10},"end":{"line":17,"column":11}},"loc":{"start":{"line":17,"column":16},"end":{"line":17,"column":37}},"line":17},"1":{"name":"(anonymous_1)","decl":{"start":{"line":18,"column":11},"end":{"line":18,"column":12}},"loc":{"start":{"line":18,"column":19},"end":{"line":18,"column":46}},"line":18},"2":{"name":"(anonymous_2)","decl":{"start":{"line":19,"column":14},"end":{"line":19,"column":15}},"loc":{"start":{"line":19,"column":25},"end":{"line":19,"column":61}},"line":19},"3":{"name":"(anonymous_3)","decl":{"start":{"line":20,"column":10},"end":{"line":20,"column":11}},"loc":{"start":{"line":20,"column":20},"end":{"line":20,"column":61}},"line":20},"4":{"name":"(anonymous_4)","decl":{"start":{"line":21,"column":10},"end":{"line":21,"column":11}},"loc":{"start":{"line":21,"column":24},"end":{"line":21,"column":56}},"line":21},"5":{"name":"(anonymous_5)","decl":{"start":{"line":22,"column":10},"end":{"line":22,"column":11}},"loc":{"start":{"line":22,"column":28},"end":{"line":22,"column":65}},"line":22},"6":{"name":"(anonymous_6)","decl":{"start":{"line":23,"column":10},"end":{"line":23,"column":11}},"loc":{"start":{"line":23,"column":18},"end":{"line":23,"column":48}},"line":23},"7":{"name":"(anonymous_7)","decl":{"start":{"line":28,"column":10},"end":{"line":28,"column":11}},"loc":{"start":{"line":28,"column":16},"end":{"line":28,"column":36}},"line":28},"8":{"name":"(anonymous_8)","decl":{"start":{"line":29,"column":13},"end":{"line":29,"column":14}},"loc":{"start":{"line":29,"column":19},"end":{"line":29,"column":46}},"line":29},"9":{"name":"(anonymous_9)","decl":{"start":{"line":30,"column":11},"end":{"line":30,"column":12}},"loc":{"start":{"line":30,"column":19},"end":{"line":30,"column":45}},"line":30},"10":{"name":"(anonymous_10)","decl":{"start":{"line":31,"column":17},"end":{"line":31,"column":18}},"loc":{"start":{"line":31,"column":31},"end":{"line":31,"column":72}},"line":31},"11":{"name":"(anonymous_11)","decl":{"start":{"line":32,"column":18},"end":{"line":32,"column":19}},"loc":{"start":{"line":32,"column":32},"end":{"line":32,"column":80}},"line":32},"12":{"name":"(anonymous_12)","decl":{"start":{"line":33,"column":10},"end":{"line":33,"column":11}},"loc":{"start":{"line":33,"column":23},"end":{"line":33,"column":53}},"line":33},"13":{"name":"(anonymous_13)","decl":{"start":{"line":34,"column":10},"end":{"line":34,"column":11}},"loc":{"start":{"line":34,"column":27},"end":{"line":34,"column":62}},"line":34},"14":{"name":"(anonymous_14)","decl":{"start":{"line":35,"column":10},"end":{"line":35,"column":11}},"loc":{"start":{"line":35,"column":18},"end":{"line":35,"column":47}},"line":35},"15":{"name":"(anonymous_15)","decl":{"start":{"line":40,"column":10},"end":{"line":40,"column":11}},"loc":{"start":{"line":40,"column":16},"end":{"line":40,"column":33}},"line":40},"16":{"name":"(anonymous_16)","decl":{"start":{"line":41,"column":13},"end":{"line":41,"column":14}},"loc":{"start":{"line":41,"column":19},"end":{"line":41,"column":43}},"line":41},"17":{"name":"(anonymous_17)","decl":{"start":{"line":42,"column":11},"end":{"line":42,"column":12}},"loc":{"start":{"line":42,"column":19},"end":{"line":42,"column":42}},"line":42},"18":{"name":"(anonymous_18)","decl":{"start":{"line":43,"column":13},"end":{"line":43,"column":14}},"loc":{"start":{"line":43,"column":23},"end":{"line":43,"column":53}},"line":43},"19":{"name":"(anonymous_19)","decl":{"start":{"line":44,"column":19},"end":{"line":44,"column":20}},"loc":{"start":{"line":44,"column":29},"end":{"line":44,"column":66}},"line":44},"20":{"name":"(anonymous_20)","decl":{"start":{"line":45,"column":10},"end":{"line":45,"column":11}},"loc":{"start":{"line":45,"column":21},"end":{"line":45,"column":46}},"line":45},"21":{"name":"(anonymous_21)","decl":{"start":{"line":46,"column":10},"end":{"line":46,"column":11}},"loc":{"start":{"line":46,"column":25},"end":{"line":46,"column":55}},"line":46},"22":{"name":"(anonymous_22)","decl":{"start":{"line":47,"column":10},"end":{"line":47,"column":11}},"loc":{"start":{"line":47,"column":18},"end":{"line":47,"column":44}},"line":47},"23":{"name":"(anonymous_23)","decl":{"start":{"line":52,"column":10},"end":{"line":52,"column":11}},"loc":{"start":{"line":52,"column":16},"end":{"line":52,"column":40}},"line":52},"24":{"name":"(anonymous_24)","decl":{"start":{"line":53,"column":11},"end":{"line":53,"column":12}},"loc":{"start":{"line":53,"column":19},"end":{"line":53,"column":49}},"line":53},"25":{"name":"(anonymous_25)","decl":{"start":{"line":54,"column":13},"end":{"line":54,"column":14}},"loc":{"start":{"line":54,"column":23},"end":{"line":54,"column":60}},"line":54},"26":{"name":"(anonymous_26)","decl":{"start":{"line":55,"column":17},"end":{"line":55,"column":18}},"loc":{"start":{"line":55,"column":33},"end":{"line":55,"column":80}},"line":55},"27":{"name":"(anonymous_27)","decl":{"start":{"line":56,"column":14},"end":{"line":56,"column":15}},"loc":{"start":{"line":56,"column":27},"end":{"line":56,"column":68}},"line":56},"28":{"name":"(anonymous_28)","decl":{"start":{"line":57,"column":15},"end":{"line":57,"column":16}},"loc":{"start":{"line":57,"column":27},"end":{"line":57,"column":68}},"line":57},"29":{"name":"(anonymous_29)","decl":{"start":{"line":58,"column":21},"end":{"line":58,"column":22}},"loc":{"start":{"line":58,"column":40},"end":{"line":58,"column":94}},"line":58},"30":{"name":"(anonymous_30)","decl":{"start":{"line":59,"column":10},"end":{"line":59,"column":11}},"loc":{"start":{"line":59,"column":27},"end":{"line":59,"column":65}},"line":59},"31":{"name":"(anonymous_31)","decl":{"start":{"line":60,"column":10},"end":{"line":60,"column":11}},"loc":{"start":{"line":60,"column":31},"end":{"line":60,"column":74}},"line":60},"32":{"name":"(anonymous_32)","decl":{"start":{"line":61,"column":10},"end":{"line":61,"column":11}},"loc":{"start":{"line":61,"column":18},"end":{"line":61,"column":51}},"line":61},"33":{"name":"(anonymous_33)","decl":{"start":{"line":65,"column":28},"end":{"line":65,"column":29}},"loc":{"start":{"line":65,"column":34},"end":{"line":65,"column":77}},"line":65},"34":{"name":"(anonymous_34)","decl":{"start":{"line":65,"column":61},"end":{"line":65,"column":62}},"loc":{"start":{"line":65,"column":68},"end":{"line":65,"column":76}},"line":65},"35":{"name":"(anonymous_35)","decl":{"start":{"line":66,"column":31},"end":{"line":66,"column":32}},"loc":{"start":{"line":66,"column":39},"end":{"line":66,"column":85}},"line":66},"36":{"name":"(anonymous_36)","decl":{"start":{"line":66,"column":69},"end":{"line":66,"column":70}},"loc":{"start":{"line":66,"column":76},"end":{"line":66,"column":84}},"line":66},"37":{"name":"(anonymous_37)","decl":{"start":{"line":67,"column":30},"end":{"line":67,"column":31}},"loc":{"start":{"line":67,"column":44},"end":{"line":67,"column":95}},"line":67},"38":{"name":"(anonymous_38)","decl":{"start":{"line":67,"column":79},"end":{"line":67,"column":80}},"loc":{"start":{"line":67,"column":86},"end":{"line":67,"column":94}},"line":67},"39":{"name":"(anonymous_39)","decl":{"start":{"line":68,"column":30},"end":{"line":68,"column":31}},"loc":{"start":{"line":68,"column":48},"end":{"line":68,"column":103}},"line":68},"40":{"name":"(anonymous_40)","decl":{"start":{"line":68,"column":87},"end":{"line":68,"column":88}},"loc":{"start":{"line":68,"column":94},"end":{"line":68,"column":102}},"line":68},"41":{"name":"(anonymous_41)","decl":{"start":{"line":69,"column":30},"end":{"line":69,"column":31}},"loc":{"start":{"line":69,"column":38},"end":{"line":69,"column":83}},"line":69},"42":{"name":"(anonymous_42)","decl":{"start":{"line":69,"column":67},"end":{"line":69,"column":68}},"loc":{"start":{"line":69,"column":74},"end":{"line":69,"column":82}},"line":69},"43":{"name":"(anonymous_43)","decl":{"start":{"line":70,"column":31},"end":{"line":70,"column":32}},"loc":{"start":{"line":70,"column":41},"end":{"line":70,"column":88}},"line":70},"44":{"name":"(anonymous_44)","decl":{"start":{"line":70,"column":72},"end":{"line":70,"column":73}},"loc":{"start":{"line":70,"column":79},"end":{"line":70,"column":87}},"line":70},"45":{"name":"(anonymous_45)","decl":{"start":{"line":72,"column":27},"end":{"line":72,"column":28}},"loc":{"start":{"line":72,"column":33},"end":{"line":72,"column":75}},"line":72},"46":{"name":"(anonymous_46)","decl":{"start":{"line":72,"column":59},"end":{"line":72,"column":60}},"loc":{"start":{"line":72,"column":66},"end":{"line":72,"column":74}},"line":72},"47":{"name":"(anonymous_47)","decl":{"start":{"line":73,"column":33},"end":{"line":73,"column":34}},"loc":{"start":{"line":73,"column":39},"end":{"line":73,"column":84}},"line":73},"48":{"name":"(anonymous_48)","decl":{"start":{"line":73,"column":68},"end":{"line":73,"column":69}},"loc":{"start":{"line":73,"column":75},"end":{"line":73,"column":83}},"line":73},"49":{"name":"(anonymous_49)","decl":{"start":{"line":74,"column":37},"end":{"line":74,"column":38}},"loc":{"start":{"line":74,"column":51},"end":{"line":74,"column":108}},"line":74},"50":{"name":"(anonymous_50)","decl":{"start":{"line":74,"column":92},"end":{"line":74,"column":93}},"loc":{"start":{"line":74,"column":99},"end":{"line":74,"column":107}},"line":74},"51":{"name":"(anonymous_51)","decl":{"start":{"line":75,"column":29},"end":{"line":75,"column":30}},"loc":{"start":{"line":75,"column":42},"end":{"line":75,"column":91}},"line":75},"52":{"name":"(anonymous_52)","decl":{"start":{"line":75,"column":75},"end":{"line":75,"column":76}},"loc":{"start":{"line":75,"column":82},"end":{"line":75,"column":90}},"line":75},"53":{"name":"(anonymous_53)","decl":{"start":{"line":76,"column":29},"end":{"line":76,"column":30}},"loc":{"start":{"line":76,"column":46},"end":{"line":76,"column":99}},"line":76},"54":{"name":"(anonymous_54)","decl":{"start":{"line":76,"column":83},"end":{"line":76,"column":84}},"loc":{"start":{"line":76,"column":90},"end":{"line":76,"column":98}},"line":76},"55":{"name":"(anonymous_55)","decl":{"start":{"line":77,"column":29},"end":{"line":77,"column":30}},"loc":{"start":{"line":77,"column":37},"end":{"line":77,"column":81}},"line":77},"56":{"name":"(anonymous_56)","decl":{"start":{"line":77,"column":65},"end":{"line":77,"column":66}},"loc":{"start":{"line":77,"column":72},"end":{"line":77,"column":80}},"line":77},"57":{"name":"(anonymous_57)","decl":{"start":{"line":79,"column":24},"end":{"line":79,"column":25}},"loc":{"start":{"line":79,"column":30},"end":{"line":79,"column":69}},"line":79},"58":{"name":"(anonymous_58)","decl":{"start":{"line":79,"column":53},"end":{"line":79,"column":54}},"loc":{"start":{"line":79,"column":60},"end":{"line":79,"column":68}},"line":79},"59":{"name":"(anonymous_59)","decl":{"start":{"line":80,"column":30},"end":{"line":80,"column":31}},"loc":{"start":{"line":80,"column":36},"end":{"line":80,"column":78}},"line":80},"60":{"name":"(anonymous_60)","decl":{"start":{"line":80,"column":62},"end":{"line":80,"column":63}},"loc":{"start":{"line":80,"column":69},"end":{"line":80,"column":77}},"line":80},"61":{"name":"(anonymous_61)","decl":{"start":{"line":81,"column":27},"end":{"line":81,"column":28}},"loc":{"start":{"line":81,"column":38},"end":{"line":81,"column":82}},"line":81},"62":{"name":"(anonymous_62)","decl":{"start":{"line":81,"column":66},"end":{"line":81,"column":67}},"loc":{"start":{"line":81,"column":73},"end":{"line":81,"column":81}},"line":81},"63":{"name":"(anonymous_63)","decl":{"start":{"line":82,"column":27},"end":{"line":82,"column":28}},"loc":{"start":{"line":82,"column":42},"end":{"line":82,"column":90}},"line":82},"64":{"name":"(anonymous_64)","decl":{"start":{"line":82,"column":74},"end":{"line":82,"column":75}},"loc":{"start":{"line":82,"column":81},"end":{"line":82,"column":89}},"line":82},"65":{"name":"(anonymous_65)","decl":{"start":{"line":83,"column":27},"end":{"line":83,"column":28}},"loc":{"start":{"line":83,"column":35},"end":{"line":83,"column":76}},"line":83},"66":{"name":"(anonymous_66)","decl":{"start":{"line":83,"column":60},"end":{"line":83,"column":61}},"loc":{"start":{"line":83,"column":67},"end":{"line":83,"column":75}},"line":83},"67":{"name":"(anonymous_67)","decl":{"start":{"line":85,"column":31},"end":{"line":85,"column":32}},"loc":{"start":{"line":85,"column":37},"end":{"line":85,"column":83}},"line":85},"68":{"name":"(anonymous_68)","decl":{"start":{"line":85,"column":67},"end":{"line":85,"column":68}},"loc":{"start":{"line":85,"column":74},"end":{"line":85,"column":82}},"line":85},"69":{"name":"(anonymous_69)","decl":{"start":{"line":86,"column":37},"end":{"line":86,"column":38}},"loc":{"start":{"line":86,"column":47},"end":{"line":86,"column":100}},"line":86},"70":{"name":"(anonymous_70)","decl":{"start":{"line":86,"column":84},"end":{"line":86,"column":85}},"loc":{"start":{"line":86,"column":91},"end":{"line":86,"column":99}},"line":86},"71":{"name":"(anonymous_71)","decl":{"start":{"line":87,"column":33},"end":{"line":87,"column":34}},"loc":{"start":{"line":87,"column":50},"end":{"line":87,"column":107}},"line":87},"72":{"name":"(anonymous_72)","decl":{"start":{"line":87,"column":91},"end":{"line":87,"column":92}},"loc":{"start":{"line":87,"column":98},"end":{"line":87,"column":106}},"line":87},"73":{"name":"(anonymous_73)","decl":{"start":{"line":88,"column":33},"end":{"line":88,"column":34}},"loc":{"start":{"line":88,"column":54},"end":{"line":88,"column":115}},"line":88},"74":{"name":"(anonymous_74)","decl":{"start":{"line":88,"column":99},"end":{"line":88,"column":100}},"loc":{"start":{"line":88,"column":106},"end":{"line":88,"column":114}},"line":88},"75":{"name":"(anonymous_75)","decl":{"start":{"line":89,"column":33},"end":{"line":89,"column":34}},"loc":{"start":{"line":89,"column":41},"end":{"line":89,"column":89}},"line":89},"76":{"name":"(anonymous_76)","decl":{"start":{"line":89,"column":73},"end":{"line":89,"column":74}},"loc":{"start":{"line":89,"column":80},"end":{"line":89,"column":88}},"line":89}},"branchMap":{"0":{"loc":{"start":{"line":5,"column":21},"end":{"line":5,"column":84}},"type":"binary-expr","locations":[{"start":{"line":5,"column":21},"end":{"line":5,"column":50}},{"start":{"line":5,"column":54},"end":{"line":5,"column":84}}],"line":5}},"s":{"0":1,"1":1,"2":1,"3":0,"4":0,"5":0,"6":0,"7":0,"8":0,"9":0,"10":1,"11":0,"12":0,"13":0,"14":0,"15":0,"16":0,"17":0,"18":0,"19":1,"20":0,"21":0,"22":0,"23":0,"24":0,"25":0,"26":0,"27":0,"28":1,"29":0,"30":0,"31":0,"32":0,"33":0,"34":0,"35":0,"36":0,"37":0,"38":0,"39":1,"40":0,"41":0,"42":1,"43":0,"44":0,"45":1,"46":0,"47":0,"48":1,"49":0,"50":0,"51":1,"52":0,"53":0,"54":1,"55":0,"56":0,"57":1,"58":0,"59":0,"60":1,"61":0,"62":0,"63":1,"64":0,"65":0,"66":1,"67":0,"68":0,"69":1,"70":0,"71":0,"72":1,"73":0,"74":0,"75":1,"76":0,"77":0,"78":1,"79":0,"80":0,"81":1,"82":0,"83":0,"84":1,"85":0,"86":0,"87":1,"88":0,"89":0,"90":1,"91":0,"92":0,"93":1,"94":0,"95":0,"96":1,"97":0,"98":0,"99":1,"100":0,"101":0,"102":1,"103":0,"104":0},"f":{"0":0,"1":0,"2":0,"3":0,"4":0,"5":0,"6":0,"7":0,"8":0,"9":0,"10":0,"11":0,"12":0,"13":0,"14":0,"15":0,"16":0,"17":0,"18":0,"19":0,"20":0,"21":0,"22":0,"23":0,"24":0,"25":0,"26":0,"27":0,"28":0,"29":0,"30":0,"31":0,"32":0,"33":0,"34":0,"35":0,"36":0,"37":0,"38":0,"39":0,"40":0,"41":0,"42":0,"43":0,"44":0,"45":0,"46":0,"47":0,"48":0,"49":0,"50":0,"51":0,"52":0,"53":0,"54":0,"55":0,"56":0,"57":0,"58":0,"59":0,"60":0,"61":0,"62":0,"63":0,"64":0,"65":0,"66":0,"67":0,"68":0,"69":0,"70":0,"71":0,"72":0,"73":0,"74":0,"75":0,"76":0},"b":{"0":[1,1]},"_coverageSchema":"1a1c01bbd47fc00a2c39e90264f33305004495a9","hash":"493a1979bcc8f9ea84dbaf64fb847e5e973ae7f7"}
}
