TN:
SF:src/App.js
FN:22,App
FN:26,(anonymous_1)
FN:27,(anonymous_2)
FN:31,(anonymous_3)
FNF:4
FNH:1
FNDA:33,App
FNDA:0,(anonymous_1)
FNDA:0,(anonymous_2)
FNDA:0,(anonymous_3)
DA:23,33
DA:26,0
DA:27,0
DA:28,0
DA:31,0
DA:34,0
LF:6
LH:1
BRF:0
BRH:0
end_of_record
TN:
SF:src/index.js
FNF:0
FNH:0
DA:6,0
DA:7,0
LF:2
LH:0
BRF:0
BRH:0
end_of_record
TN:
SF:src/components/AccessibleTable.js
FN:9,(anonymous_0)
FN:24,(anonymous_1)
FN:32,(anonymous_2)
FN:40,(anonymous_3)
FN:44,(anonymous_4)
FN:52,(anonymous_5)
FN:56,(anonymous_6)
FN:59,(anonymous_7)
FN:62,(anonymous_8)
FN:72,(anonymous_9)
FN:81,(anonymous_10)
FNF:11
FNH:0
FNDA:0,(anonymous_0)
FNDA:0,(anonymous_1)
FNDA:0,(anonymous_2)
FNDA:0,(anonymous_3)
FNDA:0,(anonymous_4)
FNDA:0,(anonymous_5)
FNDA:0,(anonymous_6)
FNDA:0,(anonymous_7)
FNDA:0,(anonymous_8)
FNDA:0,(anonymous_9)
FNDA:0,(anonymous_10)
DA:9,0
DA:18,0
DA:19,0
DA:20,0
DA:22,0
DA:25,0
DA:26,0
DA:32,0
DA:33,0
DA:34,0
DA:35,0
DA:40,0
DA:41,0
DA:42,0
DA:44,0
DA:46,0
DA:47,0
DA:51,0
DA:52,0
DA:56,0
DA:57,0
DA:58,0
DA:60,0
DA:61,0
DA:63,0
DA:73,0
DA:74,0
DA:75,0
DA:77,0
DA:78,0
DA:82,0
DA:86,0
DA:90,0
DA:93,0
LF:34
LH:0
BRDA:11,0,0,0
BRDA:25,1,0,0
BRDA:25,1,1,0
BRDA:33,2,0,0
BRDA:33,2,1,0
BRDA:33,3,0,0
BRDA:33,3,1,0
BRDA:42,4,0,0
BRDA:42,4,1,0
BRDA:46,5,0,0
BRDA:46,5,1,0
BRDA:57,6,0,0
BRDA:57,6,1,0
BRDA:60,7,0,0
BRDA:60,7,1,0
BRDA:65,8,0,0
BRDA:65,8,1,0
BRDA:69,9,0,0
BRDA:69,9,1,0
BRDA:70,10,0,0
BRDA:70,10,1,0
BRDA:74,11,0,0
BRDA:74,11,1,0
BRDA:77,12,0,0
BRDA:77,12,1,0
BRDA:95,13,0,0
BRDA:95,13,1,0
BRDA:104,14,0,0
BRDA:104,14,1,0
BRDA:111,15,0,0
BRDA:111,15,1,0
BRDA:111,15,2,0
BRF:32
BRH:0
end_of_record
TN:
SF:src/components/Appointments.js
FN:10,Appointments
FN:39,(anonymous_1)
FN:44,(anonymous_2)
FN:52,(anonymous_3)
FN:53,(anonymous_4)
FN:73,(anonymous_5)
FN:74,(anonymous_6)
FN:87,(anonymous_7)
FN:89,(anonymous_8)
FN:116,(anonymous_9)
FN:131,(anonymous_10)
FN:133,(anonymous_11)
FN:146,(anonymous_12)
FN:154,(anonymous_13)
FN:160,(anonymous_14)
FN:173,(anonymous_15)
FN:174,(anonymous_16)
FN:182,(anonymous_17)
FN:183,(anonymous_18)
FN:187,(anonymous_19)
FN:188,(anonymous_20)
FN:192,(anonymous_21)
FN:193,(anonymous_22)
FN:197,(anonymous_23)
FN:198,(anonymous_24)
FN:206,(anonymous_25)
FN:295,(anonymous_26)
FN:310,(anonymous_27)
FN:318,(anonymous_28)
FN:354,(anonymous_29)
FN:358,(anonymous_30)
FN:371,(anonymous_31)
FN:375,(anonymous_32)
FN:390,(anonymous_33)
FN:394,(anonymous_34)
FN:407,(anonymous_35)
FN:410,(anonymous_36)
FN:425,(anonymous_37)
FN:438,(anonymous_38)
FN:450,(anonymous_39)
FN:462,(anonymous_40)
FNF:41
FNH:2
FNDA:5,Appointments
FNDA:0,(anonymous_1)
FNDA:0,(anonymous_2)
FNDA:0,(anonymous_3)
FNDA:0,(anonymous_4)
FNDA:0,(anonymous_5)
FNDA:0,(anonymous_6)
FNDA:0,(anonymous_7)
FNDA:0,(anonymous_8)
FNDA:0,(anonymous_9)
FNDA:0,(anonymous_10)
FNDA:0,(anonymous_11)
FNDA:0,(anonymous_12)
FNDA:0,(anonymous_13)
FNDA:0,(anonymous_14)
FNDA:0,(anonymous_15)
FNDA:0,(anonymous_16)
FNDA:0,(anonymous_17)
FNDA:0,(anonymous_18)
FNDA:0,(anonymous_19)
FNDA:0,(anonymous_20)
FNDA:0,(anonymous_21)
FNDA:0,(anonymous_22)
FNDA:0,(anonymous_23)
FNDA:0,(anonymous_24)
FNDA:0,(anonymous_25)
FNDA:0,(anonymous_26)
FNDA:0,(anonymous_27)
FNDA:0,(anonymous_28)
FNDA:0,(anonymous_29)
FNDA:0,(anonymous_30)
FNDA:0,(anonymous_31)
FNDA:0,(anonymous_32)
FNDA:0,(anonymous_33)
FNDA:0,(anonymous_34)
FNDA:0,(anonymous_35)
FNDA:16,(anonymous_36)
FNDA:0,(anonymous_37)
FNDA:0,(anonymous_38)
FNDA:0,(anonymous_39)
FNDA:0,(anonymous_40)
DA:11,5
DA:12,4
DA:13,4
DA:14,4
DA:15,4
DA:16,4
DA:17,4
DA:20,4
DA:21,4
DA:32,4
DA:39,4
DA:40,0
DA:43,4
DA:44,4
DA:45,0
DA:46,0
DA:48,0
DA:52,4
DA:53,0
DA:54,0
DA:55,0
DA:61,0
DA:62,0
DA:63,0
DA:65,0
DA:67,0
DA:68,0
DA:73,4
DA:74,0
DA:75,0
DA:76,0
DA:78,0
DA:79,0
DA:81,0
DA:82,0
DA:87,4
DA:88,0
DA:89,0
DA:90,0
DA:91,0
DA:97,0
DA:98,0
DA:99,0
DA:101,0
DA:102,0
DA:105,0
DA:106,0
DA:107,0
DA:108,0
DA:110,0
DA:111,0
DA:116,4
DA:117,0
DA:118,0
DA:128,0
DA:131,4
DA:132,0
DA:133,0
DA:134,0
DA:135,0
DA:136,0
DA:137,0
DA:139,0
DA:140,0
DA:146,4
DA:147,0
DA:148,0
DA:149,0
DA:154,4
DA:155,0
DA:156,0
DA:157,0
DA:160,4
DA:161,0
DA:173,4
DA:174,0
DA:175,0
DA:182,4
DA:183,0
DA:184,0
DA:187,4
DA:188,0
DA:189,0
DA:192,4
DA:193,0
DA:194,0
DA:197,4
DA:198,0
DA:199,0
DA:206,4
DA:207,0
DA:213,4
DA:214,4
DA:215,4
DA:216,4
DA:218,4
DA:219,0
DA:229,4
DA:296,0
DA:310,0
DA:318,0
DA:354,0
DA:359,0
DA:371,0
DA:376,0
DA:390,0
DA:395,0
DA:407,0
DA:411,16
DA:425,0
DA:438,0
DA:450,0
DA:462,0
LF:113
LH:34
BRDA:45,0,0,0
BRDA:45,0,1,0
BRDA:94,1,0,0
BRDA:94,1,1,0
BRDA:97,2,0,0
BRDA:97,2,1,0
BRDA:125,3,0,0
BRDA:125,3,1,0
BRDA:126,4,0,0
BRDA:126,4,1,0
BRDA:132,5,0,0
BRDA:132,5,1,0
BRDA:178,6,0,0
BRDA:178,6,1,0
BRDA:184,7,0,0
BRDA:184,7,1,0
BRDA:189,8,0,0
BRDA:189,8,1,0
BRDA:194,9,0,0
BRDA:194,9,1,0
BRDA:199,10,0,0
BRDA:199,10,1,0
BRDA:218,11,0,0
BRDA:218,11,1,4
BRDA:257,12,0,0
BRDA:257,12,1,4
BRDA:274,13,0,4
BRDA:274,13,1,0
BRDA:303,14,0,0
BRDA:303,14,1,0
BRDA:321,15,0,0
BRDA:321,15,1,0
BRDA:343,16,0,0
BRDA:343,16,1,4
BRDA:476,17,0,0
BRDA:476,17,1,4
BRDA:479,18,0,0
BRDA:479,18,1,0
BRDA:482,19,0,0
BRDA:482,19,1,4
BRF:40
BRH:6
end_of_record
TN:
SF:src/components/Customers.js
FN:15,(anonymous_0)
FN:83,(anonymous_1)
FN:87,(anonymous_2)
FN:88,(anonymous_3)
FN:90,(anonymous_4)
FN:92,(anonymous_5)
FN:95,(anonymous_6)
FN:106,(anonymous_7)
FN:112,(anonymous_8)
FN:123,(anonymous_9)
FN:137,(anonymous_10)
FN:139,(anonymous_11)
FN:141,(anonymous_12)
FN:144,(anonymous_13)
FN:146,(anonymous_14)
FN:153,(anonymous_15)
FN:164,(anonymous_16)
FN:165,(anonymous_17)
FN:167,(anonymous_18)
FN:176,(anonymous_19)
FN:180,(anonymous_20)
FN:197,(anonymous_21)
FN:206,(anonymous_22)
FN:213,(anonymous_23)
FN:225,(anonymous_24)
FN:236,(anonymous_25)
FN:238,(anonymous_26)
FN:240,(anonymous_27)
FN:243,(anonymous_28)
FN:247,(anonymous_29)
FN:251,(anonymous_30)
FN:257,(anonymous_31)
FN:261,(anonymous_32)
FN:275,(anonymous_33)
FN:281,(anonymous_34)
FN:288,(anonymous_35)
FN:325,(anonymous_36)
FN:384,(anonymous_37)
FN:413,(anonymous_38)
FN:424,(anonymous_39)
FN:433,(anonymous_40)
FNF:41
FNH:1
FNDA:37,(anonymous_0)
FNDA:0,(anonymous_1)
FNDA:0,(anonymous_2)
FNDA:0,(anonymous_3)
FNDA:0,(anonymous_4)
FNDA:0,(anonymous_5)
FNDA:0,(anonymous_6)
FNDA:0,(anonymous_7)
FNDA:0,(anonymous_8)
FNDA:0,(anonymous_9)
FNDA:0,(anonymous_10)
FNDA:0,(anonymous_11)
FNDA:0,(anonymous_12)
FNDA:0,(anonymous_13)
FNDA:0,(anonymous_14)
FNDA:0,(anonymous_15)
FNDA:0,(anonymous_16)
FNDA:0,(anonymous_17)
FNDA:0,(anonymous_18)
FNDA:0,(anonymous_19)
FNDA:0,(anonymous_20)
FNDA:0,(anonymous_21)
FNDA:0,(anonymous_22)
FNDA:0,(anonymous_23)
FNDA:0,(anonymous_24)
FNDA:0,(anonymous_25)
FNDA:0,(anonymous_26)
FNDA:0,(anonymous_27)
FNDA:0,(anonymous_28)
FNDA:0,(anonymous_29)
FNDA:0,(anonymous_30)
FNDA:0,(anonymous_31)
FNDA:0,(anonymous_32)
FNDA:0,(anonymous_33)
FNDA:0,(anonymous_34)
FNDA:0,(anonymous_35)
FNDA:0,(anonymous_36)
FNDA:0,(anonymous_37)
FNDA:0,(anonymous_38)
FNDA:0,(anonymous_39)
FNDA:0,(anonymous_40)
DA:15,1
DA:16,37
DA:17,36
DA:18,36
DA:19,36
DA:22,36
DA:25,36
DA:26,36
DA:29,36
DA:32,36
DA:33,0
DA:36,0
DA:76,0
DA:83,0
DA:84,0
DA:87,0
DA:88,0
DA:89,0
DA:90,0
DA:93,0
DA:97,0
DA:98,0
DA:99,0
DA:100,0
DA:101,0
DA:103,0
DA:107,0
DA:108,0
DA:111,0
DA:113,0
DA:116,0
DA:124,0
DA:125,0
DA:126,0
DA:127,0
DA:137,0
DA:138,0
DA:139,0
DA:140,0
DA:141,0
DA:146,0
DA:147,0
DA:150,0
DA:154,0
DA:158,0
DA:162,0
DA:164,0
DA:165,0
DA:166,0
DA:168,0
DA:169,0
DA:171,0
DA:177,0
DA:178,0
DA:182,0
DA:189,0
DA:190,0
DA:191,0
DA:193,0
DA:194,0
DA:198,0
DA:199,0
DA:200,0
DA:202,0
DA:203,0
DA:204,0
DA:205,0
DA:207,0
DA:209,0
DA:210,0
DA:215,0
DA:216,0
DA:225,0
DA:226,0
DA:227,0
DA:233,0
DA:236,0
DA:237,0
DA:238,0
DA:239,0
DA:240,0
DA:244,0
DA:248,0
DA:249,0
DA:250,0
DA:252,0
DA:254,0
DA:257,0
DA:263,0
DA:264,0
DA:265,0
DA:266,0
DA:275,0
DA:276,0
DA:277,0
DA:278,0
DA:281,0
DA:282,0
DA:283,0
DA:284,0
DA:288,0
DA:297,0
DA:300,0
DA:309,0
DA:325,0
DA:385,0
DA:386,0
DA:387,0
DA:388,0
DA:414,0
DA:424,0
DA:433,0
DA:561,1
LF:113
LH:11
BRDA:98,0,0,0
BRDA:98,0,1,0
BRDA:125,1,0,0
BRDA:125,1,1,0
BRDA:138,2,0,0
BRDA:138,2,1,0
BRDA:147,3,0,0
BRDA:147,3,1,0
BRDA:168,4,0,0
BRDA:168,4,1,0
BRDA:177,5,0,0
BRDA:177,5,1,0
BRDA:184,6,0,0
BRDA:184,6,1,0
BRDA:186,7,0,0
BRDA:186,7,1,0
BRDA:189,8,0,0
BRDA:189,8,1,0
BRDA:198,9,0,0
BRDA:198,9,1,0
BRDA:209,10,0,0
BRDA:209,10,1,0
BRDA:216,11,0,0
BRDA:216,11,1,0
BRDA:231,12,0,0
BRDA:231,12,1,0
BRDA:237,13,0,0
BRDA:237,13,1,0
BRDA:263,14,0,0
BRDA:263,14,1,0
BRDA:294,15,0,0
BRDA:294,15,1,0
BRDA:329,16,0,0
BRDA:329,16,1,0
BRDA:348,17,0,0
BRDA:348,17,1,0
BRDA:365,18,0,0
BRDA:365,18,1,0
BRDA:380,19,0,0
BRDA:380,19,1,0
BRDA:381,20,0,0
BRDA:381,20,1,0
BRDA:386,21,0,0
BRDA:386,21,1,0
BRDA:437,22,0,0
BRDA:437,22,1,0
BRDA:468,23,0,0
BRDA:468,23,1,0
BRDA:474,24,0,0
BRDA:474,24,1,0
BRDA:537,25,0,0
BRDA:537,25,1,0
BRDA:540,26,0,0
BRDA:540,26,1,0
BRDA:544,27,0,0
BRDA:544,27,1,0
BRDA:547,28,0,0
BRDA:547,28,1,0
BRDA:551,29,0,0
BRDA:551,29,1,0
BRF:60
BRH:0
end_of_record
TN:
SF:src/components/Dashboard.js
FN:9,Dashboard
FN:22,(anonymous_1)
FN:29,(anonymous_2)
FN:33,(anonymous_3)
FN:34,(anonymous_4)
FN:69,(anonymous_5)
FNF:6
FNH:0
FNDA:0,Dashboard
FNDA:0,(anonymous_1)
FNDA:0,(anonymous_2)
FNDA:0,(anonymous_3)
FNDA:0,(anonymous_4)
FNDA:0,(anonymous_5)
DA:10,0
DA:19,0
DA:22,0
DA:23,0
DA:24,0
DA:25,0
DA:26,0
DA:29,0
DA:30,0
DA:33,0
DA:34,0
DA:35,0
DA:36,0
DA:44,0
DA:52,0
DA:53,0
DA:58,0
DA:60,0
DA:61,0
DA:70,0
DA:88,0
LF:21
LH:0
BRDA:60,0,0,0
BRDA:60,0,1,0
BRF:2
BRH:0
end_of_record
TN:
SF:src/components/ErrorBoundary.js
FN:9,(anonymous_0)
FN:19,(anonymous_1)
FN:27,(anonymous_2)
FN:51,(anonymous_3)
FN:60,(anonymous_4)
FN:64,(anonymous_5)
FN:155,(anonymous_6)
FN:156,WrappedComponent
FN:168,(anonymous_8)
FNF:9
FNH:6
FNDA:20,(anonymous_0)
FNDA:16,(anonymous_1)
FNDA:0,(anonymous_2)
FNDA:0,(anonymous_3)
FNDA:0,(anonymous_4)
FNDA:39,(anonymous_5)
FNDA:3,(anonymous_6)
FNDA:5,WrappedComponent
FNDA:10,(anonymous_8)
DA:10,20
DA:11,19
DA:21,16
DA:29,0
DA:39,0
DA:46,0
DA:47,0
DA:51,19
DA:52,0
DA:60,19
DA:61,0
DA:65,39
DA:67,16
DA:68,2
DA:72,14
DA:148,23
DA:155,1
DA:156,3
DA:157,5
DA:168,1
DA:174,10
LF:21
LH:15
BRDA:46,0,0,0
BRDA:46,0,1,0
BRDA:65,1,0,16
BRDA:65,1,1,23
BRDA:67,2,0,2
BRDA:67,2,1,14
BRDA:109,3,0,14
BRDA:109,3,1,2
BRDA:117,4,0,2
BRDA:117,4,1,0
BRDA:155,5,0,3
BRDA:171,6,0,8
BRDA:172,7,0,8
BRDA:178,8,0,10
BRDA:178,8,1,6
BRDA:178,8,2,2
BRF:16
BRH:13
end_of_record
TN:
SF:src/components/ErrorFallbacks.js
FN:9,(anonymous_0)
FN:35,(anonymous_1)
FN:63,(anonymous_2)
FN:89,(anonymous_3)
FN:118,(anonymous_4)
FN:144,(anonymous_5)
FN:156,(anonymous_6)
FN:175,(anonymous_7)
FN:192,(anonymous_8)
FN:210,(anonymous_9)
FN:211,(anonymous_10)
FN:213,(anonymous_11)
FN:225,(anonymous_12)
FN:235,(anonymous_13)
FN:244,(anonymous_14)
FNF:15
FNH:0
FNDA:0,(anonymous_0)
FNDA:0,(anonymous_1)
FNDA:0,(anonymous_2)
FNDA:0,(anonymous_3)
FNDA:0,(anonymous_4)
FNDA:0,(anonymous_5)
FNDA:0,(anonymous_6)
FNDA:0,(anonymous_7)
FNDA:0,(anonymous_8)
FNDA:0,(anonymous_9)
FNDA:0,(anonymous_10)
FNDA:0,(anonymous_11)
FNDA:0,(anonymous_12)
FNDA:0,(anonymous_13)
FNDA:0,(anonymous_14)
DA:9,0
DA:10,0
DA:35,0
DA:41,0
DA:63,0
DA:64,0
DA:89,0
DA:95,0
DA:118,0
DA:124,0
DA:144,0
DA:149,0
DA:157,0
DA:175,0
DA:182,0
DA:193,0
DA:210,0
DA:211,0
DA:212,0
DA:213,0
DA:214,0
DA:222,0
DA:224,0
DA:225,0
DA:226,0
DA:234,0
DA:235,0
DA:236,0
DA:244,0
DA:245,0
DA:260,0
LF:31
LH:0
BRDA:24,0,0,0
BRDA:24,0,1,0
BRDA:36,1,0,0
BRDA:37,2,0,0
BRDA:46,3,0,0
BRDA:46,3,1,0
BRDA:52,4,0,0
BRDA:52,4,1,0
BRDA:78,5,0,0
BRDA:78,5,1,0
BRDA:90,6,0,0
BRDA:102,7,0,0
BRDA:102,7,1,0
BRDA:119,8,0,0
BRDA:120,9,0,0
BRDA:133,10,0,0
BRDA:133,10,1,0
BRDA:145,11,0,0
BRDA:176,12,0,0
BRDA:177,13,0,0
BRDA:178,14,0,0
BRDA:179,15,0,0
BRDA:180,16,0,0
BRDA:188,17,0,0
BRDA:188,17,1,0
BRDA:195,18,0,0
BRDA:195,18,1,0
BRDA:199,19,0,0
BRDA:199,19,1,0
BRDA:211,20,0,0
BRDA:212,21,0,0
BRDA:212,21,1,0
BRDA:224,22,0,0
BRDA:224,22,1,0
BRDA:234,23,0,0
BRDA:234,23,1,0
BRDA:247,24,0,0
BRDA:247,24,1,0
BRF:38
BRH:0
end_of_record
TN:
SF:src/components/FormField.js
FN:22,(anonymous_0)
FN:65,(anonymous_1)
FNF:2
FNH:0
FNDA:0,(anonymous_0)
FNDA:0,(anonymous_1)
DA:22,1
DA:39,0
DA:40,0
DA:41,0
DA:43,0
DA:66,0
LF:6
LH:1
BRDA:25,0,0,0
BRDA:31,1,0,0
BRDA:33,2,0,0
BRDA:39,3,0,0
BRDA:39,3,1,0
BRDA:47,4,0,0
BRDA:47,4,1,0
BRDA:50,5,0,0
BRDA:50,5,1,0
BRDA:58,6,0,0
BRDA:58,6,1,0
BRDA:62,7,0,0
BRDA:62,7,1,0
BRDA:87,8,0,0
BRDA:87,8,1,0
BRDA:93,9,0,0
BRDA:93,9,1,0
BRF:17
BRH:0
end_of_record
TN:
SF:src/components/LazyComponents.js
FN:10,(anonymous_0)
FN:11,(anonymous_1)
FN:12,(anonymous_2)
FN:13,(anonymous_3)
FN:14,(anonymous_4)
FN:19,(anonymous_5)
FN:20,SuspenseWrapper
FN:42,(anonymous_7)
FN:53,(anonymous_8)
FN:77,(anonymous_9)
FN:78,(anonymous_10)
FN:83,(anonymous_11)
FNF:12
FNH:8
FNDA:1,(anonymous_0)
FNDA:1,(anonymous_1)
FNDA:0,(anonymous_2)
FNDA:0,(anonymous_3)
FNDA:0,(anonymous_4)
FNDA:10,(anonymous_5)
FNDA:9,SuspenseWrapper
FNDA:7,(anonymous_7)
FNDA:0,(anonymous_8)
FNDA:3,(anonymous_9)
FNDA:1,(anonymous_10)
FNDA:1,(anonymous_11)
DA:10,1
DA:11,1
DA:12,1
DA:13,1
DA:14,1
DA:19,1
DA:20,10
DA:22,9
DA:31,9
DA:42,1
DA:48,7
DA:53,0
DA:61,7
DA:66,7
DA:77,1
DA:78,3
DA:80,1
DA:83,3
DA:85,1
DA:86,1
DA:87,1
DA:88,1
DA:89,1
DA:92,3
DA:98,1
DA:99,1
DA:100,1
DA:101,1
DA:102,1
LF:29
LH:28
BRDA:19,0,0,9
BRDA:32,1,0,9
BRDA:32,1,1,8
BRDA:44,2,0,6
BRDA:45,3,0,5
BRDA:67,4,0,7
BRDA:67,4,1,6
BRF:7
BRH:7
end_of_record
TN:
SF:src/components/LoadingSpinner.js
FN:14,(anonymous_0)
FN:22,(anonymous_1)
FN:85,(anonymous_2)
FN:87,(anonymous_3)
FN:89,(anonymous_4)
FN:107,(anonymous_5)
FN:127,(anonymous_6)
FN:128,LoadingWrapper
FNF:8
FNH:0
FNDA:0,(anonymous_0)
FNDA:0,(anonymous_1)
FNDA:0,(anonymous_2)
FNDA:0,(anonymous_3)
FNDA:0,(anonymous_4)
FNDA:0,(anonymous_5)
FNDA:0,(anonymous_6)
FNDA:0,LoadingWrapper
DA:14,4
DA:22,0
DA:23,0
DA:24,0
DA:25,0
DA:26,0
DA:31,0
DA:47,0
DA:48,0
DA:63,0
DA:64,0
DA:79,0
DA:85,4
DA:86,0
DA:88,0
DA:90,0
DA:107,4
DA:108,0
DA:127,4
DA:128,0
DA:129,0
DA:130,0
DA:131,0
DA:133,0
DA:134,0
DA:137,0
LF:26
LH:4
BRDA:15,0,0,0
BRDA:16,1,0,0
BRDA:17,2,0,0
BRDA:18,3,0,0
BRDA:19,4,0,0
BRDA:20,5,0,0
BRDA:23,6,0,0
BRDA:23,6,1,0
BRDA:23,6,2,0
BRDA:39,7,0,0
BRDA:39,7,1,0
BRDA:47,8,0,0
BRDA:47,8,1,0
BRDA:63,9,0,0
BRDA:63,9,1,0
BRDA:85,10,0,0
BRDA:85,11,0,0
BRDA:133,12,0,0
BRDA:133,12,1,0
BRF:19
BRH:0
end_of_record
TN:
SF:src/components/Navbar.js
FN:5,Navbar
FNF:1
FNH:1
FNDA:4,Navbar
DA:6,4
LF:1
LH:1
BRF:0
BRH:0
end_of_record
TN:
SF:src/components/Services.js
FN:8,Services
FN:26,(anonymous_1)
FN:30,(anonymous_2)
FN:31,(anonymous_3)
FN:42,(anonymous_4)
FN:44,(anonymous_5)
FN:77,(anonymous_6)
FN:90,(anonymous_7)
FN:92,(anonymous_8)
FN:105,(anonymous_9)
FN:118,(anonymous_10)
FN:138,(anonymous_11)
FN:182,(anonymous_12)
FN:204,(anonymous_13)
FN:212,(anonymous_14)
FN:250,(anonymous_15)
FN:261,(anonymous_16)
FN:265,(anonymous_17)
FN:281,(anonymous_18)
FN:292,(anonymous_19)
FN:306,(anonymous_20)
FN:319,(anonymous_21)
FNF:22
FNH:2
FNDA:25,Services
FNDA:0,(anonymous_1)
FNDA:0,(anonymous_2)
FNDA:0,(anonymous_3)
FNDA:0,(anonymous_4)
FNDA:0,(anonymous_5)
FNDA:0,(anonymous_6)
FNDA:0,(anonymous_7)
FNDA:0,(anonymous_8)
FNDA:0,(anonymous_9)
FNDA:0,(anonymous_10)
FNDA:0,(anonymous_11)
FNDA:0,(anonymous_12)
FNDA:0,(anonymous_13)
FNDA:0,(anonymous_14)
FNDA:0,(anonymous_15)
FNDA:0,(anonymous_16)
FNDA:120,(anonymous_17)
FNDA:0,(anonymous_18)
FNDA:0,(anonymous_19)
FNDA:0,(anonymous_20)
FNDA:0,(anonymous_21)
DA:9,25
DA:10,24
DA:11,24
DA:14,24
DA:15,24
DA:24,24
DA:26,24
DA:27,0
DA:30,24
DA:31,0
DA:32,0
DA:33,0
DA:34,0
DA:36,0
DA:37,0
DA:42,24
DA:43,0
DA:44,0
DA:45,0
DA:46,0
DA:52,0
DA:53,0
DA:54,0
DA:56,0
DA:57,0
DA:59,0
DA:60,0
DA:61,0
DA:69,0
DA:71,0
DA:72,0
DA:77,24
DA:78,0
DA:79,0
DA:87,0
DA:90,24
DA:91,0
DA:92,0
DA:93,0
DA:94,0
DA:95,0
DA:96,0
DA:98,0
DA:99,0
DA:105,24
DA:106,0
DA:107,0
DA:108,0
DA:118,24
DA:119,0
DA:125,24
DA:126,24
DA:127,24
DA:129,24
DA:138,0
DA:183,0
DA:204,0
DA:212,0
DA:250,0
DA:261,0
DA:266,120
DA:281,0
DA:292,0
DA:306,0
DA:319,0
LF:65
LH:18
BRDA:52,0,0,0
BRDA:52,0,1,0
BRDA:91,1,0,0
BRDA:91,1,1,0
BRDA:146,2,0,0
BRDA:146,2,1,24
BRDA:162,3,0,24
BRDA:162,3,1,0
BRDA:195,4,0,0
BRDA:195,4,1,0
BRDA:196,5,0,0
BRDA:196,5,1,0
BRDA:215,6,0,0
BRDA:215,6,1,0
BRDA:237,7,0,0
BRDA:237,7,1,24
BRDA:332,8,0,0
BRDA:332,8,1,24
BRDA:335,9,0,0
BRDA:335,9,1,0
BRDA:338,10,0,0
BRDA:338,10,1,24
BRF:22
BRH:5
end_of_record
TN:
SF:src/components/SkipLinks.js
FN:8,(anonymous_0)
FN:9,(anonymous_1)
FN:22,(anonymous_2)
FN:32,(anonymous_3)
FN:42,(anonymous_4)
FNF:5
FNH:0
FNDA:0,(anonymous_0)
FNDA:0,(anonymous_1)
FNDA:0,(anonymous_2)
FNDA:0,(anonymous_3)
FNDA:0,(anonymous_4)
DA:8,0
DA:9,0
DA:10,0
DA:11,0
DA:12,0
DA:13,0
DA:17,0
DA:23,0
DA:24,0
DA:33,0
DA:34,0
DA:43,0
DA:44,0
LF:13
LH:0
BRDA:11,0,0,0
BRDA:11,0,1,0
BRF:2
BRH:0
end_of_record
TN:
SF:src/components/Staff.js
FN:8,Staff
FN:30,(anonymous_1)
FN:34,(anonymous_2)
FN:35,(anonymous_3)
FN:46,(anonymous_4)
FN:48,(anonymous_5)
FN:75,(anonymous_6)
FN:88,(anonymous_7)
FN:90,(anonymous_8)
FN:103,(anonymous_9)
FN:116,(anonymous_10)
FN:125,(anonymous_11)
FN:143,(anonymous_12)
FN:189,(anonymous_13)
FN:199,(anonymous_14)
FN:218,(anonymous_15)
FN:226,(anonymous_16)
FN:265,(anonymous_17)
FN:278,(anonymous_18)
FN:293,(anonymous_19)
FN:305,(anonymous_20)
FN:309,(anonymous_21)
FN:321,(anonymous_22)
FN:328,(anonymous_23)
FN:340,(anonymous_24)
FNF:25
FNH:3
FNDA:13,Staff
FNDA:0,(anonymous_1)
FNDA:0,(anonymous_2)
FNDA:0,(anonymous_3)
FNDA:0,(anonymous_4)
FNDA:0,(anonymous_5)
FNDA:0,(anonymous_6)
FNDA:0,(anonymous_7)
FNDA:0,(anonymous_8)
FNDA:0,(anonymous_9)
FNDA:0,(anonymous_10)
FNDA:0,(anonymous_11)
FNDA:0,(anonymous_12)
FNDA:0,(anonymous_13)
FNDA:0,(anonymous_14)
FNDA:0,(anonymous_15)
FNDA:0,(anonymous_16)
FNDA:0,(anonymous_17)
FNDA:0,(anonymous_18)
FNDA:0,(anonymous_19)
FNDA:0,(anonymous_20)
FNDA:60,(anonymous_21)
FNDA:120,(anonymous_22)
FNDA:0,(anonymous_23)
FNDA:0,(anonymous_24)
DA:9,13
DA:10,12
DA:11,12
DA:14,12
DA:15,12
DA:24,12
DA:25,12
DA:30,12
DA:31,0
DA:34,12
DA:35,0
DA:36,0
DA:37,0
DA:38,0
DA:40,0
DA:41,0
DA:46,12
DA:47,0
DA:48,0
DA:49,0
DA:50,0
DA:51,0
DA:52,0
DA:54,0
DA:55,0
DA:57,0
DA:58,0
DA:59,0
DA:67,0
DA:69,0
DA:70,0
DA:75,12
DA:76,0
DA:77,0
DA:85,0
DA:88,12
DA:89,0
DA:90,0
DA:91,0
DA:92,0
DA:93,0
DA:94,0
DA:96,0
DA:97,0
DA:103,12
DA:104,0
DA:105,0
DA:106,0
DA:116,12
DA:117,0
DA:118,0
DA:123,0
DA:125,0
DA:130,12
DA:131,12
DA:132,12
DA:134,12
DA:143,0
DA:190,0
DA:200,0
DA:218,0
DA:226,0
DA:265,0
DA:278,0
DA:293,0
DA:305,0
DA:310,60
DA:322,120
DA:328,0
DA:340,0
LF:70
LH:20
BRDA:50,0,0,0
BRDA:50,0,1,0
BRDA:82,1,0,0
BRDA:82,1,1,0
BRDA:89,2,0,0
BRDA:89,2,1,0
BRDA:117,3,0,0
BRDA:117,3,1,0
BRDA:151,4,0,0
BRDA:151,4,1,12
BRDA:168,5,0,12
BRDA:168,5,1,0
BRDA:198,6,0,0
BRDA:198,6,1,0
BRDA:198,7,0,0
BRDA:198,7,1,0
BRDA:209,8,0,0
BRDA:209,8,1,0
BRDA:210,9,0,0
BRDA:210,9,1,0
BRDA:229,10,0,0
BRDA:229,10,1,0
BRDA:251,11,0,0
BRDA:251,11,1,12
BRDA:353,12,0,0
BRDA:353,12,1,12
BRDA:356,13,0,0
BRDA:356,13,1,0
BRDA:359,14,0,0
BRDA:359,14,1,12
BRF:30
BRH:5
end_of_record
TN:
SF:src/components/VirtualizedTable.js
FN:8,(anonymous_0)
FN:22,(anonymous_1)
FN:33,(anonymous_2)
FN:38,(anonymous_3)
FN:78,(anonymous_4)
FN:86,(anonymous_5)
FN:91,(anonymous_6)
FN:97,(anonymous_7)
FN:128,(anonymous_8)
FN:129,(anonymous_9)
FN:130,(anonymous_10)
FN:140,(anonymous_11)
FN:150,(anonymous_12)
FN:160,(anonymous_13)
FN:164,(anonymous_14)
FN:189,(anonymous_15)
FNF:16
FNH:16
FNDA:11,(anonymous_0)
FNDA:11,(anonymous_1)
FNDA:11,(anonymous_2)
FNDA:1,(anonymous_3)
FNDA:44,(anonymous_4)
FNDA:124,(anonymous_5)
FNDA:1,(anonymous_6)
FNDA:496,(anonymous_7)
FNDA:6,(anonymous_8)
FNDA:5,(anonymous_9)
FNDA:6,(anonymous_10)
FNDA:7,(anonymous_11)
FNDA:7,(anonymous_12)
FNDA:7,(anonymous_13)
FNDA:1,(anonymous_14)
FNDA:66,(anonymous_15)
DA:8,1
DA:18,11
DA:19,11
DA:22,11
DA:23,11
DA:24,11
DA:29,11
DA:33,11
DA:34,11
DA:38,11
DA:39,1
DA:43,11
DA:46,11
DA:48,11
DA:79,44
DA:87,124
DA:88,124
DA:91,1
DA:98,496
DA:128,1
DA:129,6
DA:130,6
DA:140,1
DA:148,7
DA:150,7
DA:151,7
DA:152,7
DA:157,7
DA:160,7
DA:161,7
DA:164,7
DA:165,1
DA:168,7
DA:169,7
DA:171,7
DA:190,66
DA:191,66
DA:206,1
DA:207,1
LF:39
LH:39
BRDA:9,0,0,0
BRDA:10,1,0,0
BRDA:11,2,0,0
BRDA:12,3,0,0
BRDA:13,4,0,10
BRDA:14,5,0,10
BRDA:15,6,0,10
BRDA:79,7,0,44
BRDA:79,7,1,0
BRDA:90,8,0,124
BRDA:90,8,1,0
BRDA:91,9,0,10
BRDA:91,9,1,114
BRDA:94,10,0,10
BRDA:94,10,1,114
BRDA:98,11,0,496
BRDA:98,11,1,0
BRDA:99,12,0,124
BRDA:99,12,1,372
BRDA:113,13,0,11
BRDA:113,13,1,10
BRDA:132,14,0,6
BRDA:132,14,1,4
BRDA:141,15,0,0
BRDA:142,16,0,0
BRDA:143,17,0,0
BRDA:145,18,0,7
BRDA:146,19,0,6
BRDA:193,20,0,66
BRDA:193,20,1,0
BRF:30
BRH:19
end_of_record
TN:
SF:src/contexts/LoadingContext.js
FN:13,(anonymous_0)
FN:21,(anonymous_1)
FN:22,(anonymous_2)
FN:32,(anonymous_3)
FN:33,(anonymous_4)
FN:45,(anonymous_5)
FN:53,(anonymous_6)
FN:54,(anonymous_7)
FN:63,(anonymous_8)
FN:93,(anonymous_9)
FNF:10
FNH:0
FNDA:0,(anonymous_0)
FNDA:0,(anonymous_1)
FNDA:0,(anonymous_2)
FNDA:0,(anonymous_3)
FNDA:0,(anonymous_4)
FNDA:0,(anonymous_5)
FNDA:0,(anonymous_6)
FNDA:0,(anonymous_7)
FNDA:0,(anonymous_8)
FNDA:0,(anonymous_9)
DA:6,0
DA:13,0
DA:14,0
DA:21,0
DA:22,0
DA:32,0
DA:33,0
DA:34,0
DA:35,0
DA:36,0
DA:45,0
DA:46,0
DA:53,0
DA:54,0
DA:63,0
DA:64,0
DA:65,0
DA:66,0
DA:67,0
DA:69,0
DA:73,0
DA:82,0
DA:93,0
DA:94,0
DA:96,0
DA:97,0
DA:100,0
LF:27
LH:0
BRDA:96,0,0,0
BRDA:96,0,1,0
BRF:2
BRH:0
end_of_record
TN:
SF:src/hooks/useAccessibility.js
FN:7,(anonymous_0)
FN:11,(anonymous_1)
FN:21,(anonymous_2)
FN:40,(anonymous_3)
FN:46,(anonymous_4)
FN:47,(anonymous_5)
FN:58,(anonymous_6)
FN:61,(anonymous_7)
FN:65,(anonymous_8)
FN:71,(anonymous_9)
FN:96,(anonymous_10)
FN:105,(anonymous_11)
FN:111,(anonymous_12)
FN:115,(anonymous_13)
FN:137,(anonymous_14)
FN:140,(anonymous_15)
FN:144,(anonymous_16)
FN:150,(anonymous_17)
FNF:18
FNH:0
FNDA:0,(anonymous_0)
FNDA:0,(anonymous_1)
FNDA:0,(anonymous_2)
FNDA:0,(anonymous_3)
FNDA:0,(anonymous_4)
FNDA:0,(anonymous_5)
FNDA:0,(anonymous_6)
FNDA:0,(anonymous_7)
FNDA:0,(anonymous_8)
FNDA:0,(anonymous_9)
FNDA:0,(anonymous_10)
FNDA:0,(anonymous_11)
FNDA:0,(anonymous_12)
FNDA:0,(anonymous_13)
FNDA:0,(anonymous_14)
FNDA:0,(anonymous_15)
FNDA:0,(anonymous_16)
FNDA:0,(anonymous_17)
DA:7,1
DA:8,0
DA:11,0
DA:12,0
DA:14,0
DA:18,0
DA:19,0
DA:21,0
DA:22,0
DA:24,0
DA:25,0
DA:26,0
DA:27,0
DA:30,0
DA:31,0
DA:32,0
DA:37,0
DA:38,0
DA:40,0
DA:41,0
DA:46,0
DA:47,0
DA:48,0
DA:49,0
DA:50,0
DA:54,0
DA:58,0
DA:59,0
DA:61,0
DA:62,0
DA:64,0
DA:65,0
DA:66,0
DA:68,0
DA:70,0
DA:71,0
DA:72,0
DA:74,0
DA:77,0
DA:78,0
DA:79,0
DA:81,0
DA:83,0
DA:84,0
DA:88,0
DA:96,0
DA:97,0
DA:98,0
DA:99,0
DA:100,0
DA:101,0
DA:103,0
DA:105,0
DA:106,0
DA:111,0
DA:112,0
DA:116,0
DA:117,0
DA:118,0
DA:119,0
DA:120,0
DA:127,0
DA:137,1
DA:138,0
DA:140,0
DA:141,0
DA:143,0
DA:144,0
DA:145,0
DA:147,0
DA:149,0
DA:150,0
DA:151,0
DA:153,0
DA:156,0
DA:157,0
DA:158,0
DA:160,0
DA:162,0
DA:163,0
DA:165,0
DA:166,0
DA:167,0
DA:169,0
DA:170,0
DA:171,0
DA:175,0
LF:87
LH:2
BRDA:12,0,0,0
BRDA:12,0,1,0
BRDA:22,1,0,0
BRDA:22,1,1,0
BRDA:24,2,0,0
BRDA:24,2,1,0
BRDA:25,3,0,0
BRDA:25,3,1,0
BRDA:30,4,0,0
BRDA:30,4,1,0
BRDA:48,5,0,0
BRDA:48,5,1,0
BRDA:48,6,0,0
BRDA:48,6,1,0
BRDA:62,7,0,0
BRDA:62,7,1,0
BRDA:62,7,2,0
BRDA:62,7,3,0
BRDA:62,7,4,0
BRDA:66,8,0,0
BRDA:66,8,1,0
BRDA:72,9,0,0
BRDA:72,9,1,0
BRDA:78,10,0,0
BRDA:78,10,1,0
BRDA:78,11,0,0
BRDA:78,11,1,0
BRDA:96,12,0,0
BRDA:118,13,0,0
BRDA:118,13,1,0
BRDA:141,14,0,0
BRDA:141,14,1,0
BRDA:141,14,2,0
BRDA:141,14,3,0
BRDA:141,14,4,0
BRDA:141,14,5,0
BRDA:141,14,6,0
BRDA:145,15,0,0
BRDA:145,15,1,0
BRDA:151,16,0,0
BRDA:151,16,1,0
BRDA:157,17,0,0
BRDA:157,17,1,0
BRDA:157,18,0,0
BRDA:157,18,1,0
BRF:45
BRH:0
end_of_record
TN:
SF:src/hooks/useDebounce.js
FN:7,(anonymous_0)
FN:10,(anonymous_1)
FN:11,(anonymous_2)
FN:15,(anonymous_3)
FN:27,(anonymous_4)
FN:32,(anonymous_5)
FN:36,(anonymous_6)
FN:41,(anonymous_7)
FN:47,(anonymous_8)
FN:48,(anonymous_9)
FN:56,(anonymous_10)
FN:64,(anonymous_11)
FN:76,(anonymous_12)
FN:81,(anonymous_13)
FN:93,(anonymous_14)
FN:104,(anonymous_15)
FN:109,(anonymous_16)
FN:118,(anonymous_17)
FN:119,(anonymous_18)
FN:138,(anonymous_19)
FN:142,(anonymous_20)
FN:153,(anonymous_21)
FN:160,(anonymous_22)
FN:161,(anonymous_23)
FNF:24
FNH:0
FNDA:0,(anonymous_0)
FNDA:0,(anonymous_1)
FNDA:0,(anonymous_2)
FNDA:0,(anonymous_3)
FNDA:0,(anonymous_4)
FNDA:0,(anonymous_5)
FNDA:0,(anonymous_6)
FNDA:0,(anonymous_7)
FNDA:0,(anonymous_8)
FNDA:0,(anonymous_9)
FNDA:0,(anonymous_10)
FNDA:0,(anonymous_11)
FNDA:0,(anonymous_12)
FNDA:0,(anonymous_13)
FNDA:0,(anonymous_14)
FNDA:0,(anonymous_15)
FNDA:0,(anonymous_16)
FNDA:0,(anonymous_17)
FNDA:0,(anonymous_18)
FNDA:0,(anonymous_19)
FNDA:0,(anonymous_20)
FNDA:0,(anonymous_21)
FNDA:0,(anonymous_22)
FNDA:0,(anonymous_23)
DA:7,0
DA:8,0
DA:10,0
DA:11,0
DA:12,0
DA:15,0
DA:16,0
DA:20,0
DA:27,0
DA:28,0
DA:29,0
DA:32,0
DA:33,0
DA:36,0
DA:37,0
DA:38,0
DA:41,0
DA:42,0
DA:47,0
DA:48,0
DA:49,0
DA:50,0
DA:56,0
DA:57,0
DA:58,0
DA:59,0
DA:64,0
DA:65,0
DA:66,0
DA:69,0
DA:76,0
DA:77,0
DA:78,0
DA:79,0
DA:81,0
DA:82,0
DA:83,0
DA:86,0
DA:87,0
DA:88,0
DA:91,0
DA:93,0
DA:94,0
DA:95,0
DA:97,0
DA:99,0
DA:104,0
DA:105,0
DA:106,0
DA:109,0
DA:110,0
DA:111,0
DA:113,0
DA:114,0
DA:118,0
DA:119,0
DA:120,0
DA:121,0
DA:126,0
DA:138,0
DA:139,0
DA:140,0
DA:142,0
DA:143,0
DA:145,0
DA:146,0
DA:147,0
DA:149,0
DA:150,0
DA:153,0
DA:154,0
DA:155,0
DA:160,0
DA:161,0
DA:162,0
DA:163,0
DA:168,0
LF:77
LH:0
BRDA:7,0,0,0
BRDA:27,1,0,0
BRDA:27,2,0,0
BRDA:37,3,0,0
BRDA:37,3,1,0
BRDA:49,4,0,0
BRDA:49,4,1,0
BRDA:57,5,0,0
BRDA:57,5,1,0
BRDA:76,6,0,0
BRDA:82,7,0,0
BRDA:82,7,1,0
BRDA:86,8,0,0
BRDA:86,8,1,0
BRDA:110,9,0,0
BRDA:110,9,1,0
BRDA:120,10,0,0
BRDA:120,10,1,0
BRDA:138,11,0,0
BRDA:145,12,0,0
BRDA:145,12,1,0
BRDA:149,13,0,0
BRDA:149,13,1,0
BRDA:162,14,0,0
BRDA:162,14,1,0
BRF:25
BRH:0
end_of_record
TN:
SF:src/hooks/useErrorHandling.js
FN:8,(anonymous_0)
FN:14,(anonymous_1)
FN:80,(anonymous_2)
FN:91,(anonymous_3)
FN:97,(anonymous_4)
FN:98,(anonymous_5)
FN:99,(anonymous_6)
FN:117,(anonymous_7)
FN:182,(anonymous_8)
FN:185,(anonymous_9)
FN:194,(anonymous_10)
FN:204,(anonymous_11)
FN:207,(anonymous_12)
FN:213,(anonymous_13)
FN:217,(anonymous_14)
FNF:15
FNH:10
FNDA:25,(anonymous_0)
FNDA:30,(anonymous_1)
FNDA:8,(anonymous_2)
FNDA:9,(anonymous_3)
FNDA:11,(anonymous_4)
FNDA:7,(anonymous_5)
FNDA:2,(anonymous_6)
FNDA:8,(anonymous_7)
FNDA:1,(anonymous_8)
FNDA:0,(anonymous_9)
FNDA:0,(anonymous_10)
FNDA:1,(anonymous_11)
FNDA:0,(anonymous_12)
FNDA:0,(anonymous_13)
FNDA:0,(anonymous_14)
DA:8,1
DA:9,25
DA:10,25
DA:11,25
DA:14,25
DA:15,30
DA:16,1
DA:24,29
DA:26,29
DA:27,25
DA:35,4
DA:36,1
DA:44,3
DA:45,1
DA:53,2
DA:54,1
DA:62,1
DA:63,1
DA:71,0
DA:80,25
DA:81,8
DA:82,8
DA:83,8
DA:86,8
DA:87,8
DA:91,25
DA:97,11
DA:101,9
DA:103,9
DA:105,9
DA:106,17
DA:107,17
DA:109,17
DA:110,8
DA:111,8
DA:113,8
DA:117,8
DA:118,8
DA:122,16
DA:123,5
DA:124,5
DA:126,5
DA:127,3
DA:130,5
DA:133,11
DA:134,11
DA:137,11
DA:146,11
DA:147,3
DA:148,3
DA:151,3
DA:154,3
DA:155,3
DA:160,0
DA:164,3
DA:165,1
DA:166,1
DA:168,0
DA:172,2
DA:176,8
DA:182,25
DA:183,1
DA:186,0
DA:187,0
DA:194,25
DA:195,0
DA:196,0
DA:197,0
DA:199,0
DA:200,0
DA:204,25
DA:205,1
DA:207,1
DA:208,0
DA:214,0
DA:218,0
DA:219,0
DA:235,1
DA:241,25
LF:79
LH:65
BRDA:15,0,0,1
BRDA:15,0,1,29
BRDA:26,1,0,25
BRDA:26,1,1,4
BRDA:35,2,0,1
BRDA:35,2,1,3
BRDA:44,3,0,1
BRDA:44,3,1,2
BRDA:47,4,0,1
BRDA:47,4,1,0
BRDA:53,5,0,1
BRDA:53,5,1,1
BRDA:62,6,0,1
BRDA:62,6,1,0
BRDA:62,7,0,1
BRDA:62,7,1,1
BRDA:65,8,0,1
BRDA:65,8,1,0
BRDA:93,9,0,2
BRDA:96,10,0,2
BRDA:97,11,0,8
BRDA:98,12,0,8
BRDA:99,13,0,8
BRDA:100,14,0,8
BRDA:109,15,0,8
BRDA:109,15,1,9
BRDA:126,16,0,3
BRDA:126,16,1,2
BRDA:146,17,0,3
BRDA:146,17,1,8
BRDA:146,18,0,11
BRDA:146,18,1,11
BRDA:154,19,0,3
BRDA:154,19,1,0
BRDA:164,20,0,1
BRDA:164,20,1,2
BRDA:164,21,0,3
BRDA:164,21,1,1
BRDA:182,22,0,1
BRDA:195,23,0,0
BRDA:195,23,1,0
BRDA:204,24,0,1
BRF:42
BRH:36
end_of_record
TN:
SF:src/hooks/useFormValidation.js
FN:9,(anonymous_0)
FN:16,(anonymous_1)
FN:58,(anonymous_2)
FN:62,(anonymous_3)
FN:75,(anonymous_4)
FN:76,(anonymous_5)
FN:81,(anonymous_6)
FN:86,(anonymous_7)
FN:87,(anonymous_8)
FN:91,(anonymous_9)
FN:95,(anonymous_10)
FN:102,(anonymous_11)
FN:108,(anonymous_12)
FN:116,(anonymous_13)
FN:121,(anonymous_14)
FN:122,(anonymous_15)
FN:129,(anonymous_16)
FNF:17
FNH:17
FNDA:62,(anonymous_0)
FNDA:46,(anonymous_1)
FNDA:6,(anonymous_2)
FNDA:24,(anonymous_3)
FNDA:33,(anonymous_4)
FNDA:33,(anonymous_5)
FNDA:7,(anonymous_6)
FNDA:15,(anonymous_7)
FNDA:15,(anonymous_8)
FNDA:15,(anonymous_9)
FNDA:2,(anonymous_10)
FNDA:1,(anonymous_11)
FNDA:1,(anonymous_12)
FNDA:1,(anonymous_13)
FNDA:4,(anonymous_14)
FNDA:4,(anonymous_15)
FNDA:16,(anonymous_16)
DA:9,1
DA:10,62
DA:11,62
DA:12,62
DA:13,62
DA:16,62
DA:17,46
DA:18,46
DA:21,45
DA:22,20
DA:26,25
DA:27,0
DA:31,25
DA:32,2
DA:33,2
DA:34,0
DA:39,25
DA:40,0
DA:44,25
DA:45,0
DA:49,25
DA:50,5
DA:51,5
DA:54,25
DA:58,62
DA:59,6
DA:60,6
DA:62,6
DA:63,24
DA:64,24
DA:65,6
DA:66,6
DA:70,6
DA:71,6
DA:75,62
DA:76,33
DA:79,33
DA:80,7
DA:81,7
DA:86,62
DA:87,15
DA:90,15
DA:91,15
DA:95,62
DA:96,2
DA:97,2
DA:98,2
DA:102,62
DA:103,1
DA:104,1
DA:108,62
DA:109,1
DA:110,1
DA:111,1
DA:112,1
DA:116,62
DA:117,1
DA:121,62
DA:122,4
DA:123,4
DA:124,4
DA:127,4
DA:128,4
DA:129,4
DA:130,16
DA:132,4
DA:135,4
DA:137,4
DA:138,3
DA:139,3
DA:141,1
DA:145,4
DA:150,62
DA:153,62
LF:74
LH:70
BRDA:18,0,0,1
BRDA:18,0,1,45
BRDA:21,1,0,20
BRDA:21,1,1,25
BRDA:21,2,0,45
BRDA:21,2,1,36
BRDA:21,2,2,16
BRDA:22,3,0,20
BRDA:22,3,1,10
BRDA:26,4,0,0
BRDA:26,4,1,25
BRDA:26,5,0,25
BRDA:26,5,1,5
BRDA:26,5,2,5
BRDA:27,6,0,0
BRDA:27,6,1,0
BRDA:31,7,0,2
BRDA:31,7,1,23
BRDA:31,8,0,25
BRDA:31,8,1,9
BRDA:33,9,0,0
BRDA:33,9,1,2
BRDA:34,10,0,0
BRDA:34,10,1,0
BRDA:39,11,0,0
BRDA:39,11,1,25
BRDA:39,12,0,25
BRDA:39,12,1,11
BRDA:39,12,2,11
BRDA:40,13,0,0
BRDA:40,13,1,0
BRDA:44,14,0,0
BRDA:44,14,1,25
BRDA:44,15,0,25
BRDA:44,15,1,5
BRDA:44,15,2,5
BRDA:45,16,0,0
BRDA:45,16,1,0
BRDA:49,17,0,5
BRDA:49,17,1,20
BRDA:49,18,0,25
BRDA:49,18,1,5
BRDA:51,19,0,0
BRDA:51,19,1,5
BRDA:64,20,0,6
BRDA:64,20,1,18
BRDA:79,21,0,7
BRDA:79,21,1,26
BRDA:97,22,0,1
BRDA:97,22,1,1
BRDA:137,23,0,3
BRDA:137,23,1,1
BRDA:137,24,0,4
BRDA:137,24,1,3
BRDA:150,25,0,62
BRDA:150,25,1,40
BRF:56
BRH:43
end_of_record
TN:
SF:src/hooks/usePerformance.js
FN:7,(anonymous_0)
FN:15,(anonymous_1)
FN:30,(anonymous_2)
FN:46,(anonymous_3)
FN:51,(anonymous_4)
FN:57,(anonymous_5)
FN:69,(anonymous_6)
FN:77,(anonymous_7)
FN:83,(anonymous_8)
FN:85,(anonymous_9)
FN:88,(anonymous_10)
FN:107,(anonymous_11)
FN:125,(anonymous_12)
FN:128,(anonymous_13)
FN:147,(anonymous_14)
FN:151,(anonymous_15)
FN:153,(anonymous_16)
FN:157,(anonymous_17)
FN:159,(anonymous_18)
FN:176,(anonymous_19)
FN:181,(anonymous_20)
FN:214,(anonymous_21)
FN:217,(anonymous_22)
FN:221,(anonymous_23)
FN:228,(anonymous_24)
FN:229,(anonymous_25)
FN:240,(anonymous_26)
FN:241,(anonymous_27)
FNF:28
FNH:28
FNDA:8,(anonymous_0)
FNDA:6,(anonymous_1)
FNDA:3,(anonymous_2)
FNDA:7,(anonymous_3)
FNDA:6,(anonymous_4)
FNDA:2,(anonymous_5)
FNDA:9,(anonymous_6)
FNDA:9,(anonymous_7)
FNDA:8,(anonymous_8)
FNDA:18,(anonymous_9)
FNDA:4,(anonymous_10)
FNDA:2,(anonymous_11)
FNDA:15,(anonymous_12)
FNDA:15,(anonymous_13)
FNDA:5,(anonymous_14)
FNDA:2,(anonymous_15)
FNDA:1,(anonymous_16)
FNDA:2,(anonymous_17)
FNDA:1,(anonymous_18)
FNDA:11,(anonymous_19)
FNDA:11,(anonymous_20)
FNDA:5,(anonymous_21)
FNDA:8,(anonymous_22)
FNDA:1,(anonymous_23)
FNDA:10,(anonymous_24)
FNDA:7,(anonymous_25)
FNDA:5,(anonymous_26)
FNDA:5,(anonymous_27)
DA:7,1
DA:11,8
DA:13,8
DA:15,8
DA:16,6
DA:17,6
DA:20,6
DA:21,4
DA:22,4
DA:23,4
DA:24,4
DA:28,2
DA:30,3
DA:32,2
DA:33,2
DA:34,2
DA:35,2
DA:38,2
DA:46,1
DA:47,7
DA:48,7
DA:51,7
DA:52,6
DA:56,7
DA:57,3
DA:58,2
DA:62,7
DA:69,1
DA:75,9
DA:77,9
DA:78,9
DA:80,8
DA:83,8
DA:84,8
DA:85,6
DA:86,18
DA:88,3
DA:89,4
DA:90,4
DA:91,4
DA:92,4
DA:96,15
DA:97,15
DA:98,15
DA:99,15
DA:106,8
DA:107,1
DA:108,2
DA:109,2
DA:111,2
DA:112,0
DA:113,0
DA:117,8
DA:125,1
DA:126,15
DA:128,15
DA:129,15
DA:130,15
DA:131,15
DA:132,15
DA:133,15
DA:135,15
DA:147,15
DA:148,5
DA:151,15
DA:152,2
DA:153,1
DA:157,15
DA:158,2
DA:159,1
DA:163,15
DA:176,1
DA:177,11
DA:178,11
DA:179,11
DA:181,11
DA:182,11
DA:183,11
DA:184,11
DA:185,11
DA:187,11
DA:188,8
DA:196,8
DA:197,2
DA:201,11
DA:204,11
DA:214,1
DA:215,5
DA:217,5
DA:218,8
DA:221,5
DA:222,1
DA:223,1
DA:224,1
DA:228,5
DA:229,10
DA:230,7
DA:231,7
DA:233,1
DA:236,10
DA:240,5
DA:241,5
DA:242,5
DA:246,5
LF:104
LH:102
BRDA:7,0,0,4
BRDA:9,1,0,6
BRDA:10,2,0,6
BRDA:20,3,0,4
BRDA:20,3,1,2
BRDA:28,4,0,1
BRDA:28,4,1,1
BRDA:32,5,0,2
BRDA:32,5,1,0
BRDA:32,6,0,2
BRDA:32,6,1,0
BRDA:46,7,0,0
BRDA:56,8,0,3
BRDA:56,8,1,4
BRDA:69,9,0,6
BRDA:71,10,0,8
BRDA:72,11,0,8
BRDA:73,12,0,8
BRDA:74,13,0,8
BRDA:78,14,0,1
BRDA:78,14,1,8
BRDA:78,15,0,9
BRDA:78,15,1,9
BRDA:84,16,0,6
BRDA:84,16,1,2
BRDA:84,17,0,8
BRDA:84,17,1,7
BRDA:86,18,0,3
BRDA:86,18,1,15
BRDA:89,19,0,4
BRDA:89,19,1,0
BRDA:90,20,0,0
BRDA:90,20,1,4
BRDA:91,21,0,0
BRDA:91,21,1,4
BRDA:96,22,0,15
BRDA:96,22,1,0
BRDA:97,23,0,3
BRDA:97,23,1,12
BRDA:98,24,0,3
BRDA:98,24,1,12
BRDA:106,25,0,1
BRDA:106,25,1,7
BRDA:111,26,0,2
BRDA:111,26,1,0
BRDA:111,27,0,0
BRDA:111,27,1,2
BRDA:112,28,0,0
BRDA:112,28,1,0
BRDA:112,29,0,0
BRDA:112,29,1,0
BRDA:125,30,0,0
BRDA:152,31,0,1
BRDA:152,31,1,1
BRDA:158,32,0,1
BRDA:158,32,1,1
BRDA:176,33,0,0
BRDA:187,34,0,8
BRDA:187,34,1,3
BRDA:196,35,0,2
BRDA:196,35,1,6
BRDA:196,36,0,8
BRDA:196,36,1,8
BRDA:223,37,0,1
BRDA:223,37,1,0
BRF:65
BRH:49
end_of_record
TN:
SF:src/services/api.js
FN:17,(anonymous_0)
FN:18,(anonymous_1)
FN:19,(anonymous_2)
FN:20,(anonymous_3)
FN:21,(anonymous_4)
FN:22,(anonymous_5)
FN:23,(anonymous_6)
FN:28,(anonymous_7)
FN:29,(anonymous_8)
FN:30,(anonymous_9)
FN:31,(anonymous_10)
FN:32,(anonymous_11)
FN:33,(anonymous_12)
FN:34,(anonymous_13)
FN:35,(anonymous_14)
FN:40,(anonymous_15)
FN:41,(anonymous_16)
FN:42,(anonymous_17)
FN:43,(anonymous_18)
FN:44,(anonymous_19)
FN:45,(anonymous_20)
FN:46,(anonymous_21)
FN:47,(anonymous_22)
FN:52,(anonymous_23)
FN:53,(anonymous_24)
FN:54,(anonymous_25)
FN:55,(anonymous_26)
FN:56,(anonymous_27)
FN:57,(anonymous_28)
FN:58,(anonymous_29)
FN:59,(anonymous_30)
FN:60,(anonymous_31)
FN:61,(anonymous_32)
FN:65,(anonymous_33)
FN:65,(anonymous_34)
FN:66,(anonymous_35)
FN:66,(anonymous_36)
FN:67,(anonymous_37)
FN:67,(anonymous_38)
FN:68,(anonymous_39)
FN:68,(anonymous_40)
FN:69,(anonymous_41)
FN:69,(anonymous_42)
FN:70,(anonymous_43)
FN:70,(anonymous_44)
FN:72,(anonymous_45)
FN:72,(anonymous_46)
FN:73,(anonymous_47)
FN:73,(anonymous_48)
FN:74,(anonymous_49)
FN:74,(anonymous_50)
FN:75,(anonymous_51)
FN:75,(anonymous_52)
FN:76,(anonymous_53)
FN:76,(anonymous_54)
FN:77,(anonymous_55)
FN:77,(anonymous_56)
FN:79,(anonymous_57)
FN:79,(anonymous_58)
FN:80,(anonymous_59)
FN:80,(anonymous_60)
FN:81,(anonymous_61)
FN:81,(anonymous_62)
FN:82,(anonymous_63)
FN:82,(anonymous_64)
FN:83,(anonymous_65)
FN:83,(anonymous_66)
FN:85,(anonymous_67)
FN:85,(anonymous_68)
FN:86,(anonymous_69)
FN:86,(anonymous_70)
FN:87,(anonymous_71)
FN:87,(anonymous_72)
FN:88,(anonymous_73)
FN:88,(anonymous_74)
FN:89,(anonymous_75)
FN:89,(anonymous_76)
FNF:77
FNH:0
FNDA:0,(anonymous_0)
FNDA:0,(anonymous_1)
FNDA:0,(anonymous_2)
FNDA:0,(anonymous_3)
FNDA:0,(anonymous_4)
FNDA:0,(anonymous_5)
FNDA:0,(anonymous_6)
FNDA:0,(anonymous_7)
FNDA:0,(anonymous_8)
FNDA:0,(anonymous_9)
FNDA:0,(anonymous_10)
FNDA:0,(anonymous_11)
FNDA:0,(anonymous_12)
FNDA:0,(anonymous_13)
FNDA:0,(anonymous_14)
FNDA:0,(anonymous_15)
FNDA:0,(anonymous_16)
FNDA:0,(anonymous_17)
FNDA:0,(anonymous_18)
FNDA:0,(anonymous_19)
FNDA:0,(anonymous_20)
FNDA:0,(anonymous_21)
FNDA:0,(anonymous_22)
FNDA:0,(anonymous_23)
FNDA:0,(anonymous_24)
FNDA:0,(anonymous_25)
FNDA:0,(anonymous_26)
FNDA:0,(anonymous_27)
FNDA:0,(anonymous_28)
FNDA:0,(anonymous_29)
FNDA:0,(anonymous_30)
FNDA:0,(anonymous_31)
FNDA:0,(anonymous_32)
FNDA:0,(anonymous_33)
FNDA:0,(anonymous_34)
FNDA:0,(anonymous_35)
FNDA:0,(anonymous_36)
FNDA:0,(anonymous_37)
FNDA:0,(anonymous_38)
FNDA:0,(anonymous_39)
FNDA:0,(anonymous_40)
FNDA:0,(anonymous_41)
FNDA:0,(anonymous_42)
FNDA:0,(anonymous_43)
FNDA:0,(anonymous_44)
FNDA:0,(anonymous_45)
FNDA:0,(anonymous_46)
FNDA:0,(anonymous_47)
FNDA:0,(anonymous_48)
FNDA:0,(anonymous_49)
FNDA:0,(anonymous_50)
FNDA:0,(anonymous_51)
FNDA:0,(anonymous_52)
FNDA:0,(anonymous_53)
FNDA:0,(anonymous_54)
FNDA:0,(anonymous_55)
FNDA:0,(anonymous_56)
FNDA:0,(anonymous_57)
FNDA:0,(anonymous_58)
FNDA:0,(anonymous_59)
FNDA:0,(anonymous_60)
FNDA:0,(anonymous_61)
FNDA:0,(anonymous_62)
FNDA:0,(anonymous_63)
FNDA:0,(anonymous_64)
FNDA:0,(anonymous_65)
FNDA:0,(anonymous_66)
FNDA:0,(anonymous_67)
FNDA:0,(anonymous_68)
FNDA:0,(anonymous_69)
FNDA:0,(anonymous_70)
FNDA:0,(anonymous_71)
FNDA:0,(anonymous_72)
FNDA:0,(anonymous_73)
FNDA:0,(anonymous_74)
FNDA:0,(anonymous_75)
FNDA:0,(anonymous_76)
DA:5,1
DA:7,1
DA:16,1
DA:17,0
DA:18,0
DA:19,0
DA:20,0
DA:21,0
DA:22,0
DA:23,0
DA:27,1
DA:28,0
DA:29,0
DA:30,0
DA:31,0
DA:32,0
DA:33,0
DA:34,0
DA:35,0
DA:39,1
DA:40,0
DA:41,0
DA:42,0
DA:43,0
DA:44,0
DA:45,0
DA:46,0
DA:47,0
DA:51,1
DA:52,0
DA:53,0
DA:54,0
DA:55,0
DA:56,0
DA:57,0
DA:58,0
DA:59,0
DA:60,0
DA:61,0
DA:65,1
DA:66,1
DA:67,1
DA:68,1
DA:69,1
DA:70,1
DA:72,1
DA:73,1
DA:74,1
DA:75,1
DA:76,1
DA:77,1
DA:79,1
DA:80,1
DA:81,1
DA:82,1
DA:83,1
DA:85,1
DA:86,1
DA:87,1
DA:88,1
DA:89,1
LF:61
LH:28
BRDA:5,0,0,1
BRDA:5,0,1,1
BRF:2
BRH:2
end_of_record
