<?xml version="1.0" encoding="UTF-8" standalone="yes"?><!DOCTYPE report PUBLIC "-//JACOCO//DTD Report 1.1//EN" "report.dtd"><report name="beauty-salon-backend"><sessioninfo id="Mac-mini-de-Leandro.local-17254ea" start="1754788248541" dump="1754788262236"/><sessioninfo id="Mac-mini-de-Leandro.local-62cd531c" start="1754788341872" dump="1754788352369"/><sessioninfo id="Mac-mini-de-Leandro.local-62418bd9" start="1754788370146" dump="1754788370750"/><sessioninfo id="Mac-mini-de-Leandro.local-ba6563af" start="1754788390503" dump="1754788392939"/><sessioninfo id="Mac-mini-de-Leandro.local-fd65370d" start="1754788450939" dump="1754788460766"/><sessioninfo id="Mac-mini-de-Leandro.local-27206349" start="1754788506987" dump="1754788522637"/><sessioninfo id="Mini-de-Leandro-49badd3e" start="1754790124572" dump="1754790135282"/><sessioninfo id="Mini-de-Leandro-2eaf262" start="1754790788774" dump="1754790799888"/><sessioninfo id="Mini-de-Leandro-982e9951" start="1754791445665" dump="1754791456135"/><sessioninfo id="Mini-de-Leandro-df429bcd" start="1754791498404" dump="1754791508362"/><sessioninfo id="Mini-de-Leandro-43d2cb28" start="1754791567931" dump="1754791577712"/><sessioninfo id="Mini-de-Leandro-d4c5d7a8" start="1754791618668" dump="1754791628629"/><sessioninfo id="Mini-de-Leandro-8f80ea7c" start="1754791648707" dump="1754791659113"/><sessioninfo id="Mini-de-Leandro-cb2c800e" start="1754791893412" dump="1754791904149"/><sessioninfo id="Mini-de-Leandro-2ec46ecf" start="1754791933681" dump="1754791945429"/><sessioninfo id="Mini-de-Leandro-fe26c16c" start="1754792085423" dump="1754792096430"/><sessioninfo id="Mini-de-Leandro-b3fa5301" start="1754792191566" dump="1754792199030"/><sessioninfo id="Mini-de-Leandro-61c18b2" start="1754792219772" dump="1754792230291"/><sessioninfo id="Mini-de-Leandro-7f4d2680" start="1754792497246" dump="1754792505817"/><sessioninfo id="Mini-de-Leandro-b05611c6" start="1754792529037" dump="1754792539041"/><sessioninfo id="Mini-de-Leandro-d720eb68" start="1754792596812" dump="1754792607928"/><sessioninfo id="Mini-de-Leandro-d44b47ee" start="1754793385733" dump="1754793396512"/><sessioninfo id="Mini-de-Leandro-b23d8aa2" start="1754793423992" dump="1754793729484"/><sessioninfo id="Mini-de-Leandro-3ef2374c" start="1754794151714" dump="1754794413392"/><sessioninfo id="Mini-de-Leandro-be7de785" start="1754794423419" dump="1754794724220"/><sessioninfo id="Mini-de-Leandro-33e88e46" start="1754797070482" dump="1754797080266"/><sessioninfo id="Mini-de-Leandro-21fb413b" start="1754797082477" dump="1754797089766"/><sessioninfo id="Mini-de-Leandro-3062849b" start="1754797123963" dump="1754797131220"/><sessioninfo id="Mini-de-Leandro-facf9aae" start="1754797260114" dump="1754797293350"/><package name="com/beautysalon/repository"><class name="com/beautysalon/repository/StaffRepository" sourcefilename="StaffRepository.java"/><class name="com/beautysalon/repository/AppointmentRepository" sourcefilename="AppointmentRepository.java"/><class name="com/beautysalon/repository/CustomerRepository" sourcefilename="CustomerRepository.java"/><class name="com/beautysalon/repository/ServiceRepository" sourcefilename="ServiceRepository.java"/><sourcefile name="CustomerRepository.java"/><sourcefile name="ServiceRepository.java"/><sourcefile name="StaffRepository.java"/><sourcefile name="AppointmentRepository.java"/></package><package name="com/beautysalon/controller"><class name="com/beautysalon/controller/ServiceController" sourcefilename="ServiceController.java"><method name="&lt;init&gt;" desc="()V" line="17"><counter type="INSTRUCTION" missed="0" covered="3"/><counter type="LINE" missed="0" covered="1"/><counter type="COMPLEXITY" missed="0" covered="1"/><counter type="METHOD" missed="0" covered="1"/></method><method name="getAllServices" desc="()Lorg/springframework/http/ResponseEntity;" line="24"><counter type="INSTRUCTION" missed="7" covered="0"/><counter type="LINE" missed="2" covered="0"/><counter type="COMPLEXITY" missed="1" covered="0"/><counter type="METHOD" missed="1" covered="0"/></method><method name="getActiveServices" desc="()Lorg/springframework/http/ResponseEntity;" line="30"><counter type="INSTRUCTION" missed="7" covered="0"/><counter type="LINE" missed="2" covered="0"/><counter type="COMPLEXITY" missed="1" covered="0"/><counter type="METHOD" missed="1" covered="0"/></method><method name="getServiceById" desc="(Ljava/util/UUID;)Lorg/springframework/http/ResponseEntity;" line="36"><counter type="INSTRUCTION" missed="13" covered="0"/><counter type="LINE" missed="3" covered="0"/><counter type="COMPLEXITY" missed="1" covered="0"/><counter type="METHOD" missed="1" covered="0"/></method><method name="getServicesByCategory" desc="(Ljava/lang/String;)Lorg/springframework/http/ResponseEntity;" line="43"><counter type="INSTRUCTION" missed="8" covered="0"/><counter type="LINE" missed="2" covered="0"/><counter type="COMPLEXITY" missed="1" covered="0"/><counter type="METHOD" missed="1" covered="0"/></method><method name="getActiveServicesByCategory" desc="(Ljava/lang/String;)Lorg/springframework/http/ResponseEntity;" line="49"><counter type="INSTRUCTION" missed="8" covered="0"/><counter type="LINE" missed="2" covered="0"/><counter type="COMPLEXITY" missed="1" covered="0"/><counter type="METHOD" missed="1" covered="0"/></method><method name="createService" desc="(Lcom/beautysalon/model/Service;)Lorg/springframework/http/ResponseEntity;" line="56"><counter type="INSTRUCTION" missed="15" covered="0"/><counter type="LINE" missed="4" covered="0"/><counter type="COMPLEXITY" missed="1" covered="0"/><counter type="METHOD" missed="1" covered="0"/></method><method name="updateService" desc="(Ljava/util/UUID;Lcom/beautysalon/model/Service;)Lorg/springframework/http/ResponseEntity;" line="65"><counter type="INSTRUCTION" missed="14" covered="0"/><counter type="BRANCH" missed="2" covered="0"/><counter type="LINE" missed="4" covered="0"/><counter type="COMPLEXITY" missed="2" covered="0"/><counter type="METHOD" missed="1" covered="0"/></method><method name="deleteService" desc="(Ljava/util/UUID;)Lorg/springframework/http/ResponseEntity;" line="74"><counter type="INSTRUCTION" missed="13" covered="0"/><counter type="BRANCH" missed="2" covered="0"/><counter type="LINE" missed="4" covered="0"/><counter type="COMPLEXITY" missed="2" covered="0"/><counter type="METHOD" missed="1" covered="0"/></method><counter type="INSTRUCTION" missed="85" covered="3"/><counter type="BRANCH" missed="4" covered="0"/><counter type="LINE" missed="23" covered="1"/><counter type="COMPLEXITY" missed="10" covered="1"/><counter type="METHOD" missed="8" covered="1"/><counter type="CLASS" missed="0" covered="1"/></class><class name="com/beautysalon/controller/AppointmentController" sourcefilename="AppointmentController.java"><method name="&lt;init&gt;" desc="()V" line="19"><counter type="INSTRUCTION" missed="0" covered="3"/><counter type="LINE" missed="0" covered="1"/><counter type="COMPLEXITY" missed="0" covered="1"/><counter type="METHOD" missed="0" covered="1"/></method><method name="getAllAppointments" desc="()Lorg/springframework/http/ResponseEntity;" line="26"><counter type="INSTRUCTION" missed="7" covered="0"/><counter type="LINE" missed="2" covered="0"/><counter type="COMPLEXITY" missed="1" covered="0"/><counter type="METHOD" missed="1" covered="0"/></method><method name="getAppointmentById" desc="(Ljava/util/UUID;)Lorg/springframework/http/ResponseEntity;" line="32"><counter type="INSTRUCTION" missed="13" covered="0"/><counter type="LINE" missed="3" covered="0"/><counter type="COMPLEXITY" missed="1" covered="0"/><counter type="METHOD" missed="1" covered="0"/></method><method name="getAppointmentsByDate" desc="(Ljava/time/LocalDate;)Lorg/springframework/http/ResponseEntity;" line="40"><counter type="INSTRUCTION" missed="8" covered="0"/><counter type="LINE" missed="2" covered="0"/><counter type="COMPLEXITY" missed="1" covered="0"/><counter type="METHOD" missed="1" covered="0"/></method><method name="getAppointmentsByCustomer" desc="(Ljava/util/UUID;)Lorg/springframework/http/ResponseEntity;" line="46"><counter type="INSTRUCTION" missed="8" covered="0"/><counter type="LINE" missed="2" covered="0"/><counter type="COMPLEXITY" missed="1" covered="0"/><counter type="METHOD" missed="1" covered="0"/></method><method name="getAppointmentsByStaff" desc="(Ljava/util/UUID;)Lorg/springframework/http/ResponseEntity;" line="52"><counter type="INSTRUCTION" missed="8" covered="0"/><counter type="LINE" missed="2" covered="0"/><counter type="COMPLEXITY" missed="1" covered="0"/><counter type="METHOD" missed="1" covered="0"/></method><method name="getAppointmentsByStatus" desc="(Ljava/lang/String;)Lorg/springframework/http/ResponseEntity;" line="58"><counter type="INSTRUCTION" missed="8" covered="0"/><counter type="LINE" missed="2" covered="0"/><counter type="COMPLEXITY" missed="1" covered="0"/><counter type="METHOD" missed="1" covered="0"/></method><method name="getAppointmentsByDateAndStaff" desc="(Ljava/time/LocalDate;Ljava/util/UUID;)Lorg/springframework/http/ResponseEntity;" line="66"><counter type="INSTRUCTION" missed="9" covered="0"/><counter type="LINE" missed="2" covered="0"/><counter type="COMPLEXITY" missed="1" covered="0"/><counter type="METHOD" missed="1" covered="0"/></method><method name="createAppointment" desc="(Lcom/beautysalon/model/Appointment;)Lorg/springframework/http/ResponseEntity;" line="73"><counter type="INSTRUCTION" missed="15" covered="0"/><counter type="LINE" missed="4" covered="0"/><counter type="COMPLEXITY" missed="1" covered="0"/><counter type="METHOD" missed="1" covered="0"/></method><method name="updateAppointment" desc="(Ljava/util/UUID;Lcom/beautysalon/model/Appointment;)Lorg/springframework/http/ResponseEntity;" line="82"><counter type="INSTRUCTION" missed="14" covered="0"/><counter type="BRANCH" missed="2" covered="0"/><counter type="LINE" missed="4" covered="0"/><counter type="COMPLEXITY" missed="2" covered="0"/><counter type="METHOD" missed="1" covered="0"/></method><method name="deleteAppointment" desc="(Ljava/util/UUID;)Lorg/springframework/http/ResponseEntity;" line="91"><counter type="INSTRUCTION" missed="13" covered="0"/><counter type="BRANCH" missed="2" covered="0"/><counter type="LINE" missed="4" covered="0"/><counter type="COMPLEXITY" missed="2" covered="0"/><counter type="METHOD" missed="1" covered="0"/></method><counter type="INSTRUCTION" missed="103" covered="3"/><counter type="BRANCH" missed="4" covered="0"/><counter type="LINE" missed="27" covered="1"/><counter type="COMPLEXITY" missed="12" covered="1"/><counter type="METHOD" missed="10" covered="1"/><counter type="CLASS" missed="0" covered="1"/></class><class name="com/beautysalon/controller/StaffController" sourcefilename="StaffController.java"><method name="&lt;init&gt;" desc="()V" line="17"><counter type="INSTRUCTION" missed="0" covered="3"/><counter type="LINE" missed="0" covered="1"/><counter type="COMPLEXITY" missed="0" covered="1"/><counter type="METHOD" missed="0" covered="1"/></method><method name="getAllStaff" desc="()Lorg/springframework/http/ResponseEntity;" line="24"><counter type="INSTRUCTION" missed="7" covered="0"/><counter type="LINE" missed="2" covered="0"/><counter type="COMPLEXITY" missed="1" covered="0"/><counter type="METHOD" missed="1" covered="0"/></method><method name="getActiveStaff" desc="()Lorg/springframework/http/ResponseEntity;" line="30"><counter type="INSTRUCTION" missed="7" covered="0"/><counter type="LINE" missed="2" covered="0"/><counter type="COMPLEXITY" missed="1" covered="0"/><counter type="METHOD" missed="1" covered="0"/></method><method name="getStaffById" desc="(Ljava/util/UUID;)Lorg/springframework/http/ResponseEntity;" line="36"><counter type="INSTRUCTION" missed="13" covered="0"/><counter type="LINE" missed="3" covered="0"/><counter type="COMPLEXITY" missed="1" covered="0"/><counter type="METHOD" missed="1" covered="0"/></method><method name="getStaffByRole" desc="(Ljava/lang/String;)Lorg/springframework/http/ResponseEntity;" line="43"><counter type="INSTRUCTION" missed="8" covered="0"/><counter type="LINE" missed="2" covered="0"/><counter type="COMPLEXITY" missed="1" covered="0"/><counter type="METHOD" missed="1" covered="0"/></method><method name="getActiveStaffByRole" desc="(Ljava/lang/String;)Lorg/springframework/http/ResponseEntity;" line="49"><counter type="INSTRUCTION" missed="8" covered="0"/><counter type="LINE" missed="2" covered="0"/><counter type="COMPLEXITY" missed="1" covered="0"/><counter type="METHOD" missed="1" covered="0"/></method><method name="createStaff" desc="(Lcom/beautysalon/model/Staff;)Lorg/springframework/http/ResponseEntity;" line="56"><counter type="INSTRUCTION" missed="15" covered="0"/><counter type="LINE" missed="4" covered="0"/><counter type="COMPLEXITY" missed="1" covered="0"/><counter type="METHOD" missed="1" covered="0"/></method><method name="updateStaff" desc="(Ljava/util/UUID;Lcom/beautysalon/model/Staff;)Lorg/springframework/http/ResponseEntity;" line="65"><counter type="INSTRUCTION" missed="14" covered="0"/><counter type="BRANCH" missed="2" covered="0"/><counter type="LINE" missed="4" covered="0"/><counter type="COMPLEXITY" missed="2" covered="0"/><counter type="METHOD" missed="1" covered="0"/></method><method name="deleteStaff" desc="(Ljava/util/UUID;)Lorg/springframework/http/ResponseEntity;" line="74"><counter type="INSTRUCTION" missed="13" covered="0"/><counter type="BRANCH" missed="2" covered="0"/><counter type="LINE" missed="4" covered="0"/><counter type="COMPLEXITY" missed="2" covered="0"/><counter type="METHOD" missed="1" covered="0"/></method><counter type="INSTRUCTION" missed="85" covered="3"/><counter type="BRANCH" missed="4" covered="0"/><counter type="LINE" missed="23" covered="1"/><counter type="COMPLEXITY" missed="10" covered="1"/><counter type="METHOD" missed="8" covered="1"/><counter type="CLASS" missed="0" covered="1"/></class><class name="com/beautysalon/controller/MonitoringController" sourcefilename="MonitoringController.java"><method name="&lt;init&gt;" desc="(Lcom/beautysalon/service/PerformanceMonitoringService;)V" line="23"><counter type="INSTRUCTION" missed="0" covered="6"/><counter type="LINE" missed="0" covered="3"/><counter type="COMPLEXITY" missed="0" covered="1"/><counter type="METHOD" missed="0" covered="1"/></method><method name="getPerformanceStatistics" desc="()Lorg/springframework/http/ResponseEntity;" line="32"><counter type="INSTRUCTION" missed="7" covered="0"/><counter type="LINE" missed="2" covered="0"/><counter type="COMPLEXITY" missed="1" covered="0"/><counter type="METHOD" missed="1" covered="0"/></method><method name="getCacheStatistics" desc="()Lorg/springframework/http/ResponseEntity;" line="41"><counter type="INSTRUCTION" missed="7" covered="0"/><counter type="LINE" missed="2" covered="0"/><counter type="COMPLEXITY" missed="1" covered="0"/><counter type="METHOD" missed="1" covered="0"/></method><method name="performHealthCheck" desc="()Lorg/springframework/http/ResponseEntity;" line="50"><counter type="INSTRUCTION" missed="30" covered="0"/><counter type="BRANCH" missed="4" covered="0"/><counter type="LINE" missed="7" covered="0"/><counter type="COMPLEXITY" missed="3" covered="0"/><counter type="METHOD" missed="1" covered="0"/></method><method name="monitorCachePerformance" desc="()Lorg/springframework/http/ResponseEntity;" line="68"><counter type="INSTRUCTION" missed="6" covered="0"/><counter type="LINE" missed="2" covered="0"/><counter type="COMPLEXITY" missed="1" covered="0"/><counter type="METHOD" missed="1" covered="0"/></method><counter type="INSTRUCTION" missed="50" covered="6"/><counter type="BRANCH" missed="4" covered="0"/><counter type="LINE" missed="13" covered="3"/><counter type="COMPLEXITY" missed="6" covered="1"/><counter type="METHOD" missed="4" covered="1"/><counter type="CLASS" missed="0" covered="1"/></class><class name="com/beautysalon/controller/CustomerController" sourcefilename="CustomerController.java"><method name="&lt;init&gt;" desc="()V" line="18"><counter type="INSTRUCTION" missed="0" covered="3"/><counter type="LINE" missed="0" covered="1"/><counter type="COMPLEXITY" missed="0" covered="1"/><counter type="METHOD" missed="0" covered="1"/></method><method name="getAllCustomers" desc="()Lorg/springframework/http/ResponseEntity;" line="25"><counter type="INSTRUCTION" missed="0" covered="7"/><counter type="LINE" missed="0" covered="2"/><counter type="COMPLEXITY" missed="0" covered="1"/><counter type="METHOD" missed="0" covered="1"/></method><method name="getCustomerById" desc="(Ljava/util/UUID;)Lorg/springframework/http/ResponseEntity;" line="31"><counter type="INSTRUCTION" missed="13" covered="0"/><counter type="LINE" missed="3" covered="0"/><counter type="COMPLEXITY" missed="1" covered="0"/><counter type="METHOD" missed="1" covered="0"/></method><method name="getCustomerByEmail" desc="(Ljava/lang/String;)Lorg/springframework/http/ResponseEntity;" line="38"><counter type="INSTRUCTION" missed="13" covered="0"/><counter type="LINE" missed="3" covered="0"/><counter type="COMPLEXITY" missed="1" covered="0"/><counter type="METHOD" missed="1" covered="0"/></method><method name="searchCustomers" desc="(Ljava/lang/String;)Lorg/springframework/http/ResponseEntity;" line="45"><counter type="INSTRUCTION" missed="8" covered="0"/><counter type="LINE" missed="2" covered="0"/><counter type="COMPLEXITY" missed="1" covered="0"/><counter type="METHOD" missed="1" covered="0"/></method><method name="createCustomer" desc="(Lcom/beautysalon/model/Customer;)Lorg/springframework/http/ResponseEntity;" line="52"><counter type="INSTRUCTION" missed="12" covered="10"/><counter type="LINE" missed="4" covered="2"/><counter type="COMPLEXITY" missed="0" covered="1"/><counter type="METHOD" missed="0" covered="1"/></method><method name="updateCustomer" desc="(Ljava/util/UUID;Lcom/beautysalon/model/Customer;)Lorg/springframework/http/ResponseEntity;" line="63"><counter type="INSTRUCTION" missed="14" covered="0"/><counter type="BRANCH" missed="2" covered="0"/><counter type="LINE" missed="4" covered="0"/><counter type="COMPLEXITY" missed="2" covered="0"/><counter type="METHOD" missed="1" covered="0"/></method><method name="deleteCustomer" desc="(Ljava/util/UUID;)Lorg/springframework/http/ResponseEntity;" line="72"><counter type="INSTRUCTION" missed="13" covered="0"/><counter type="BRANCH" missed="2" covered="0"/><counter type="LINE" missed="4" covered="0"/><counter type="COMPLEXITY" missed="2" covered="0"/><counter type="METHOD" missed="1" covered="0"/></method><counter type="INSTRUCTION" missed="73" covered="20"/><counter type="BRANCH" missed="4" covered="0"/><counter type="LINE" missed="20" covered="5"/><counter type="COMPLEXITY" missed="7" covered="3"/><counter type="METHOD" missed="5" covered="3"/><counter type="CLASS" missed="0" covered="1"/></class><sourcefile name="StaffController.java"><line nr="17" mi="0" ci="3" mb="0" cb="0"/><line nr="24" mi="4" ci="0" mb="0" cb="0"/><line nr="25" mi="3" ci="0" mb="0" cb="0"/><line nr="30" mi="4" ci="0" mb="0" cb="0"/><line nr="31" mi="3" ci="0" mb="0" cb="0"/><line nr="36" mi="5" ci="0" mb="0" cb="0"/><line nr="37" mi="4" ci="0" mb="0" cb="0"/><line nr="38" mi="4" ci="0" mb="0" cb="0"/><line nr="43" mi="5" ci="0" mb="0" cb="0"/><line nr="44" mi="3" ci="0" mb="0" cb="0"/><line nr="49" mi="5" ci="0" mb="0" cb="0"/><line nr="50" mi="3" ci="0" mb="0" cb="0"/><line nr="56" mi="5" ci="0" mb="0" cb="0"/><line nr="57" mi="5" ci="0" mb="0" cb="0"/><line nr="58" mi="1" ci="0" mb="0" cb="0"/><line nr="59" mi="4" ci="0" mb="0" cb="0"/><line nr="65" mi="6" ci="0" mb="0" cb="0"/><line nr="66" mi="2" ci="0" mb="2" cb="0"/><line nr="67" mi="3" ci="0" mb="0" cb="0"/><line nr="69" mi="3" ci="0" mb="0" cb="0"/><line nr="74" mi="5" ci="0" mb="0" cb="0"/><line nr="75" mi="2" ci="0" mb="2" cb="0"/><line nr="76" mi="3" ci="0" mb="0" cb="0"/><line nr="78" mi="3" ci="0" mb="0" cb="0"/><counter type="INSTRUCTION" missed="85" covered="3"/><counter type="BRANCH" missed="4" covered="0"/><counter type="LINE" missed="23" covered="1"/><counter type="COMPLEXITY" missed="10" covered="1"/><counter type="METHOD" missed="8" covered="1"/><counter type="CLASS" missed="0" covered="1"/></sourcefile><sourcefile name="MonitoringController.java"><line nr="23" mi="0" ci="2" mb="0" cb="0"/><line nr="24" mi="0" ci="3" mb="0" cb="0"/><line nr="25" mi="0" ci="1" mb="0" cb="0"/><line nr="32" mi="4" ci="0" mb="0" cb="0"/><line nr="33" mi="3" ci="0" mb="0" cb="0"/><line nr="41" mi="4" ci="0" mb="0" cb="0"/><line nr="42" mi="3" ci="0" mb="0" cb="0"/><line nr="50" mi="4" ci="0" mb="0" cb="0"/><line nr="53" mi="5" ci="0" mb="0" cb="0"/><line nr="54" mi="4" ci="0" mb="2" cb="0"/><line nr="55" mi="3" ci="0" mb="0" cb="0"/><line nr="56" mi="4" ci="0" mb="2" cb="0"/><line nr="57" mi="5" ci="0" mb="0" cb="0"/><line nr="59" mi="5" ci="0" mb="0" cb="0"/><line nr="68" mi="3" ci="0" mb="0" cb="0"/><line nr="69" mi="3" ci="0" mb="0" cb="0"/><counter type="INSTRUCTION" missed="50" covered="6"/><counter type="BRANCH" missed="4" covered="0"/><counter type="LINE" missed="13" covered="3"/><counter type="COMPLEXITY" missed="6" covered="1"/><counter type="METHOD" missed="4" covered="1"/><counter type="CLASS" missed="0" covered="1"/></sourcefile><sourcefile name="CustomerController.java"><line nr="18" mi="0" ci="3" mb="0" cb="0"/><line nr="25" mi="0" ci="4" mb="0" cb="0"/><line nr="26" mi="0" ci="3" mb="0" cb="0"/><line nr="31" mi="5" ci="0" mb="0" cb="0"/><line nr="32" mi="4" ci="0" mb="0" cb="0"/><line nr="33" mi="4" ci="0" mb="0" cb="0"/><line nr="38" mi="5" ci="0" mb="0" cb="0"/><line nr="39" mi="4" ci="0" mb="0" cb="0"/><line nr="40" mi="4" ci="0" mb="0" cb="0"/><line nr="45" mi="5" ci="0" mb="0" cb="0"/><line nr="46" mi="3" ci="0" mb="0" cb="0"/><line nr="52" mi="0" ci="5" mb="0" cb="0"/><line nr="53" mi="0" ci="5" mb="0" cb="0"/><line nr="54" mi="1" ci="0" mb="0" cb="0"/><line nr="55" mi="5" ci="0" mb="0" cb="0"/><line nr="56" mi="2" ci="0" mb="0" cb="0"/><line nr="57" mi="4" ci="0" mb="0" cb="0"/><line nr="63" mi="6" ci="0" mb="0" cb="0"/><line nr="64" mi="2" ci="0" mb="2" cb="0"/><line nr="65" mi="3" ci="0" mb="0" cb="0"/><line nr="67" mi="3" ci="0" mb="0" cb="0"/><line nr="72" mi="5" ci="0" mb="0" cb="0"/><line nr="73" mi="2" ci="0" mb="2" cb="0"/><line nr="74" mi="3" ci="0" mb="0" cb="0"/><line nr="76" mi="3" ci="0" mb="0" cb="0"/><counter type="INSTRUCTION" missed="73" covered="20"/><counter type="BRANCH" missed="4" covered="0"/><counter type="LINE" missed="20" covered="5"/><counter type="COMPLEXITY" missed="7" covered="3"/><counter type="METHOD" missed="5" covered="3"/><counter type="CLASS" missed="0" covered="1"/></sourcefile><sourcefile name="AppointmentController.java"><line nr="19" mi="0" ci="3" mb="0" cb="0"/><line nr="26" mi="4" ci="0" mb="0" cb="0"/><line nr="27" mi="3" ci="0" mb="0" cb="0"/><line nr="32" mi="5" ci="0" mb="0" cb="0"/><line nr="33" mi="4" ci="0" mb="0" cb="0"/><line nr="34" mi="4" ci="0" mb="0" cb="0"/><line nr="40" mi="5" ci="0" mb="0" cb="0"/><line nr="41" mi="3" ci="0" mb="0" cb="0"/><line nr="46" mi="5" ci="0" mb="0" cb="0"/><line nr="47" mi="3" ci="0" mb="0" cb="0"/><line nr="52" mi="5" ci="0" mb="0" cb="0"/><line nr="53" mi="3" ci="0" mb="0" cb="0"/><line nr="58" mi="5" ci="0" mb="0" cb="0"/><line nr="59" mi="3" ci="0" mb="0" cb="0"/><line nr="66" mi="6" ci="0" mb="0" cb="0"/><line nr="67" mi="3" ci="0" mb="0" cb="0"/><line nr="73" mi="5" ci="0" mb="0" cb="0"/><line nr="74" mi="5" ci="0" mb="0" cb="0"/><line nr="75" mi="1" ci="0" mb="0" cb="0"/><line nr="76" mi="4" ci="0" mb="0" cb="0"/><line nr="82" mi="6" ci="0" mb="0" cb="0"/><line nr="83" mi="2" ci="0" mb="2" cb="0"/><line nr="84" mi="3" ci="0" mb="0" cb="0"/><line nr="86" mi="3" ci="0" mb="0" cb="0"/><line nr="91" mi="5" ci="0" mb="0" cb="0"/><line nr="92" mi="2" ci="0" mb="2" cb="0"/><line nr="93" mi="3" ci="0" mb="0" cb="0"/><line nr="95" mi="3" ci="0" mb="0" cb="0"/><counter type="INSTRUCTION" missed="103" covered="3"/><counter type="BRANCH" missed="4" covered="0"/><counter type="LINE" missed="27" covered="1"/><counter type="COMPLEXITY" missed="12" covered="1"/><counter type="METHOD" missed="10" covered="1"/><counter type="CLASS" missed="0" covered="1"/></sourcefile><sourcefile name="ServiceController.java"><line nr="17" mi="0" ci="3" mb="0" cb="0"/><line nr="24" mi="4" ci="0" mb="0" cb="0"/><line nr="25" mi="3" ci="0" mb="0" cb="0"/><line nr="30" mi="4" ci="0" mb="0" cb="0"/><line nr="31" mi="3" ci="0" mb="0" cb="0"/><line nr="36" mi="5" ci="0" mb="0" cb="0"/><line nr="37" mi="4" ci="0" mb="0" cb="0"/><line nr="38" mi="4" ci="0" mb="0" cb="0"/><line nr="43" mi="5" ci="0" mb="0" cb="0"/><line nr="44" mi="3" ci="0" mb="0" cb="0"/><line nr="49" mi="5" ci="0" mb="0" cb="0"/><line nr="50" mi="3" ci="0" mb="0" cb="0"/><line nr="56" mi="5" ci="0" mb="0" cb="0"/><line nr="57" mi="5" ci="0" mb="0" cb="0"/><line nr="58" mi="1" ci="0" mb="0" cb="0"/><line nr="59" mi="4" ci="0" mb="0" cb="0"/><line nr="65" mi="6" ci="0" mb="0" cb="0"/><line nr="66" mi="2" ci="0" mb="2" cb="0"/><line nr="67" mi="3" ci="0" mb="0" cb="0"/><line nr="69" mi="3" ci="0" mb="0" cb="0"/><line nr="74" mi="5" ci="0" mb="0" cb="0"/><line nr="75" mi="2" ci="0" mb="2" cb="0"/><line nr="76" mi="3" ci="0" mb="0" cb="0"/><line nr="78" mi="3" ci="0" mb="0" cb="0"/><counter type="INSTRUCTION" missed="85" covered="3"/><counter type="BRANCH" missed="4" covered="0"/><counter type="LINE" missed="23" covered="1"/><counter type="COMPLEXITY" missed="10" covered="1"/><counter type="METHOD" missed="8" covered="1"/><counter type="CLASS" missed="0" covered="1"/></sourcefile><counter type="INSTRUCTION" missed="396" covered="35"/><counter type="BRANCH" missed="20" covered="0"/><counter type="LINE" missed="106" covered="11"/><counter type="COMPLEXITY" missed="45" covered="7"/><counter type="METHOD" missed="35" covered="7"/><counter type="CLASS" missed="0" covered="5"/></package><package name="com/beautysalon/model"><class name="com/beautysalon/model/Customer" sourcefilename="Customer.java"><method name="&lt;init&gt;" desc="()V" line="38"><counter type="INSTRUCTION" missed="0" covered="12"/><counter type="LINE" missed="0" covered="5"/><counter type="COMPLEXITY" missed="0" covered="1"/><counter type="METHOD" missed="0" covered="1"/></method><method name="getId" desc="()Ljava/util/UUID;" line="46"><counter type="INSTRUCTION" missed="0" covered="3"/><counter type="LINE" missed="0" covered="1"/><counter type="COMPLEXITY" missed="0" covered="1"/><counter type="METHOD" missed="0" covered="1"/></method><method name="setId" desc="(Ljava/util/UUID;)V" line="50"><counter type="INSTRUCTION" missed="0" covered="4"/><counter type="LINE" missed="0" covered="2"/><counter type="COMPLEXITY" missed="0" covered="1"/><counter type="METHOD" missed="0" covered="1"/></method><method name="getName" desc="()Ljava/lang/String;" line="54"><counter type="INSTRUCTION" missed="0" covered="3"/><counter type="LINE" missed="0" covered="1"/><counter type="COMPLEXITY" missed="0" covered="1"/><counter type="METHOD" missed="0" covered="1"/></method><method name="setName" desc="(Ljava/lang/String;)V" line="58"><counter type="INSTRUCTION" missed="0" covered="4"/><counter type="LINE" missed="0" covered="2"/><counter type="COMPLEXITY" missed="0" covered="1"/><counter type="METHOD" missed="0" covered="1"/></method><method name="getEmail" desc="()Ljava/lang/String;" line="62"><counter type="INSTRUCTION" missed="0" covered="3"/><counter type="LINE" missed="0" covered="1"/><counter type="COMPLEXITY" missed="0" covered="1"/><counter type="METHOD" missed="0" covered="1"/></method><method name="setEmail" desc="(Ljava/lang/String;)V" line="66"><counter type="INSTRUCTION" missed="0" covered="4"/><counter type="LINE" missed="0" covered="2"/><counter type="COMPLEXITY" missed="0" covered="1"/><counter type="METHOD" missed="0" covered="1"/></method><method name="getPhone" desc="()Ljava/lang/String;" line="70"><counter type="INSTRUCTION" missed="0" covered="3"/><counter type="LINE" missed="0" covered="1"/><counter type="COMPLEXITY" missed="0" covered="1"/><counter type="METHOD" missed="0" covered="1"/></method><method name="setPhone" desc="(Ljava/lang/String;)V" line="74"><counter type="INSTRUCTION" missed="0" covered="4"/><counter type="LINE" missed="0" covered="2"/><counter type="COMPLEXITY" missed="0" covered="1"/><counter type="METHOD" missed="0" covered="1"/></method><method name="getAddress" desc="()Ljava/lang/String;" line="78"><counter type="INSTRUCTION" missed="0" covered="3"/><counter type="LINE" missed="0" covered="1"/><counter type="COMPLEXITY" missed="0" covered="1"/><counter type="METHOD" missed="0" covered="1"/></method><method name="setAddress" desc="(Ljava/lang/String;)V" line="82"><counter type="INSTRUCTION" missed="0" covered="4"/><counter type="LINE" missed="0" covered="2"/><counter type="COMPLEXITY" missed="0" covered="1"/><counter type="METHOD" missed="0" covered="1"/></method><method name="getCreatedAt" desc="()Ljava/time/Instant;" line="86"><counter type="INSTRUCTION" missed="0" covered="3"/><counter type="LINE" missed="0" covered="1"/><counter type="COMPLEXITY" missed="0" covered="1"/><counter type="METHOD" missed="0" covered="1"/></method><method name="setCreatedAt" desc="(Ljava/time/Instant;)V" line="90"><counter type="INSTRUCTION" missed="0" covered="4"/><counter type="LINE" missed="0" covered="2"/><counter type="COMPLEXITY" missed="0" covered="1"/><counter type="METHOD" missed="0" covered="1"/></method><method name="getUpdatedAt" desc="()Ljava/time/Instant;" line="94"><counter type="INSTRUCTION" missed="0" covered="3"/><counter type="LINE" missed="0" covered="1"/><counter type="COMPLEXITY" missed="0" covered="1"/><counter type="METHOD" missed="0" covered="1"/></method><method name="setUpdatedAt" desc="(Ljava/time/Instant;)V" line="98"><counter type="INSTRUCTION" missed="0" covered="4"/><counter type="LINE" missed="0" covered="2"/><counter type="COMPLEXITY" missed="0" covered="1"/><counter type="METHOD" missed="0" covered="1"/></method><counter type="INSTRUCTION" missed="0" covered="61"/><counter type="LINE" missed="0" covered="26"/><counter type="COMPLEXITY" missed="0" covered="15"/><counter type="METHOD" missed="0" covered="15"/><counter type="CLASS" missed="0" covered="1"/></class><class name="com/beautysalon/model/Appointment" sourcefilename="Appointment.java"><method name="&lt;init&gt;" desc="()V" line="46"><counter type="INSTRUCTION" missed="15" covered="0"/><counter type="LINE" missed="6" covered="0"/><counter type="COMPLEXITY" missed="1" covered="0"/><counter type="METHOD" missed="1" covered="0"/></method><method name="getId" desc="()Ljava/util/UUID;" line="55"><counter type="INSTRUCTION" missed="3" covered="0"/><counter type="LINE" missed="1" covered="0"/><counter type="COMPLEXITY" missed="1" covered="0"/><counter type="METHOD" missed="1" covered="0"/></method><method name="setId" desc="(Ljava/util/UUID;)V" line="59"><counter type="INSTRUCTION" missed="4" covered="0"/><counter type="LINE" missed="2" covered="0"/><counter type="COMPLEXITY" missed="1" covered="0"/><counter type="METHOD" missed="1" covered="0"/></method><method name="getCustomerId" desc="()Ljava/util/UUID;" line="63"><counter type="INSTRUCTION" missed="3" covered="0"/><counter type="LINE" missed="1" covered="0"/><counter type="COMPLEXITY" missed="1" covered="0"/><counter type="METHOD" missed="1" covered="0"/></method><method name="setCustomerId" desc="(Ljava/util/UUID;)V" line="67"><counter type="INSTRUCTION" missed="4" covered="0"/><counter type="LINE" missed="2" covered="0"/><counter type="COMPLEXITY" missed="1" covered="0"/><counter type="METHOD" missed="1" covered="0"/></method><method name="getStaffId" desc="()Ljava/util/UUID;" line="71"><counter type="INSTRUCTION" missed="3" covered="0"/><counter type="LINE" missed="1" covered="0"/><counter type="COMPLEXITY" missed="1" covered="0"/><counter type="METHOD" missed="1" covered="0"/></method><method name="setStaffId" desc="(Ljava/util/UUID;)V" line="75"><counter type="INSTRUCTION" missed="4" covered="0"/><counter type="LINE" missed="2" covered="0"/><counter type="COMPLEXITY" missed="1" covered="0"/><counter type="METHOD" missed="1" covered="0"/></method><method name="getServiceId" desc="()Ljava/util/UUID;" line="79"><counter type="INSTRUCTION" missed="3" covered="0"/><counter type="LINE" missed="1" covered="0"/><counter type="COMPLEXITY" missed="1" covered="0"/><counter type="METHOD" missed="1" covered="0"/></method><method name="setServiceId" desc="(Ljava/util/UUID;)V" line="83"><counter type="INSTRUCTION" missed="4" covered="0"/><counter type="LINE" missed="2" covered="0"/><counter type="COMPLEXITY" missed="1" covered="0"/><counter type="METHOD" missed="1" covered="0"/></method><method name="getAppointmentDate" desc="()Ljava/time/LocalDate;" line="87"><counter type="INSTRUCTION" missed="3" covered="0"/><counter type="LINE" missed="1" covered="0"/><counter type="COMPLEXITY" missed="1" covered="0"/><counter type="METHOD" missed="1" covered="0"/></method><method name="setAppointmentDate" desc="(Ljava/time/LocalDate;)V" line="91"><counter type="INSTRUCTION" missed="4" covered="0"/><counter type="LINE" missed="2" covered="0"/><counter type="COMPLEXITY" missed="1" covered="0"/><counter type="METHOD" missed="1" covered="0"/></method><method name="getAppointmentTime" desc="()Ljava/time/LocalTime;" line="95"><counter type="INSTRUCTION" missed="3" covered="0"/><counter type="LINE" missed="1" covered="0"/><counter type="COMPLEXITY" missed="1" covered="0"/><counter type="METHOD" missed="1" covered="0"/></method><method name="setAppointmentTime" desc="(Ljava/time/LocalTime;)V" line="99"><counter type="INSTRUCTION" missed="4" covered="0"/><counter type="LINE" missed="2" covered="0"/><counter type="COMPLEXITY" missed="1" covered="0"/><counter type="METHOD" missed="1" covered="0"/></method><method name="getStatus" desc="()Ljava/lang/String;" line="103"><counter type="INSTRUCTION" missed="3" covered="0"/><counter type="LINE" missed="1" covered="0"/><counter type="COMPLEXITY" missed="1" covered="0"/><counter type="METHOD" missed="1" covered="0"/></method><method name="setStatus" desc="(Ljava/lang/String;)V" line="107"><counter type="INSTRUCTION" missed="4" covered="0"/><counter type="LINE" missed="2" covered="0"/><counter type="COMPLEXITY" missed="1" covered="0"/><counter type="METHOD" missed="1" covered="0"/></method><method name="getNotes" desc="()Ljava/lang/String;" line="111"><counter type="INSTRUCTION" missed="3" covered="0"/><counter type="LINE" missed="1" covered="0"/><counter type="COMPLEXITY" missed="1" covered="0"/><counter type="METHOD" missed="1" covered="0"/></method><method name="setNotes" desc="(Ljava/lang/String;)V" line="115"><counter type="INSTRUCTION" missed="4" covered="0"/><counter type="LINE" missed="2" covered="0"/><counter type="COMPLEXITY" missed="1" covered="0"/><counter type="METHOD" missed="1" covered="0"/></method><method name="getTotalPrice" desc="()Ljava/math/BigDecimal;" line="119"><counter type="INSTRUCTION" missed="3" covered="0"/><counter type="LINE" missed="1" covered="0"/><counter type="COMPLEXITY" missed="1" covered="0"/><counter type="METHOD" missed="1" covered="0"/></method><method name="setTotalPrice" desc="(Ljava/math/BigDecimal;)V" line="123"><counter type="INSTRUCTION" missed="4" covered="0"/><counter type="LINE" missed="2" covered="0"/><counter type="COMPLEXITY" missed="1" covered="0"/><counter type="METHOD" missed="1" covered="0"/></method><method name="getCreatedAt" desc="()Ljava/time/Instant;" line="127"><counter type="INSTRUCTION" missed="3" covered="0"/><counter type="LINE" missed="1" covered="0"/><counter type="COMPLEXITY" missed="1" covered="0"/><counter type="METHOD" missed="1" covered="0"/></method><method name="setCreatedAt" desc="(Ljava/time/Instant;)V" line="131"><counter type="INSTRUCTION" missed="4" covered="0"/><counter type="LINE" missed="2" covered="0"/><counter type="COMPLEXITY" missed="1" covered="0"/><counter type="METHOD" missed="1" covered="0"/></method><method name="getUpdatedAt" desc="()Ljava/time/Instant;" line="135"><counter type="INSTRUCTION" missed="3" covered="0"/><counter type="LINE" missed="1" covered="0"/><counter type="COMPLEXITY" missed="1" covered="0"/><counter type="METHOD" missed="1" covered="0"/></method><method name="setUpdatedAt" desc="(Ljava/time/Instant;)V" line="139"><counter type="INSTRUCTION" missed="4" covered="0"/><counter type="LINE" missed="2" covered="0"/><counter type="COMPLEXITY" missed="1" covered="0"/><counter type="METHOD" missed="1" covered="0"/></method><counter type="INSTRUCTION" missed="92" covered="0"/><counter type="LINE" missed="39" covered="0"/><counter type="COMPLEXITY" missed="23" covered="0"/><counter type="METHOD" missed="23" covered="0"/><counter type="CLASS" missed="1" covered="0"/></class><class name="com/beautysalon/model/Service" sourcefilename="Service.java"><method name="&lt;init&gt;" desc="()V" line="32"><counter type="INSTRUCTION" missed="16" covered="0"/><counter type="LINE" missed="6" covered="0"/><counter type="COMPLEXITY" missed="1" covered="0"/><counter type="METHOD" missed="1" covered="0"/></method><method name="getId" desc="()Ljava/util/UUID;" line="41"><counter type="INSTRUCTION" missed="3" covered="0"/><counter type="LINE" missed="1" covered="0"/><counter type="COMPLEXITY" missed="1" covered="0"/><counter type="METHOD" missed="1" covered="0"/></method><method name="setId" desc="(Ljava/util/UUID;)V" line="45"><counter type="INSTRUCTION" missed="4" covered="0"/><counter type="LINE" missed="2" covered="0"/><counter type="COMPLEXITY" missed="1" covered="0"/><counter type="METHOD" missed="1" covered="0"/></method><method name="getName" desc="()Ljava/lang/String;" line="49"><counter type="INSTRUCTION" missed="3" covered="0"/><counter type="LINE" missed="1" covered="0"/><counter type="COMPLEXITY" missed="1" covered="0"/><counter type="METHOD" missed="1" covered="0"/></method><method name="setName" desc="(Ljava/lang/String;)V" line="53"><counter type="INSTRUCTION" missed="4" covered="0"/><counter type="LINE" missed="2" covered="0"/><counter type="COMPLEXITY" missed="1" covered="0"/><counter type="METHOD" missed="1" covered="0"/></method><method name="getDescription" desc="()Ljava/lang/String;" line="57"><counter type="INSTRUCTION" missed="3" covered="0"/><counter type="LINE" missed="1" covered="0"/><counter type="COMPLEXITY" missed="1" covered="0"/><counter type="METHOD" missed="1" covered="0"/></method><method name="setDescription" desc="(Ljava/lang/String;)V" line="61"><counter type="INSTRUCTION" missed="4" covered="0"/><counter type="LINE" missed="2" covered="0"/><counter type="COMPLEXITY" missed="1" covered="0"/><counter type="METHOD" missed="1" covered="0"/></method><method name="getDuration" desc="()Ljava/lang/Integer;" line="65"><counter type="INSTRUCTION" missed="3" covered="0"/><counter type="LINE" missed="1" covered="0"/><counter type="COMPLEXITY" missed="1" covered="0"/><counter type="METHOD" missed="1" covered="0"/></method><method name="setDuration" desc="(Ljava/lang/Integer;)V" line="69"><counter type="INSTRUCTION" missed="4" covered="0"/><counter type="LINE" missed="2" covered="0"/><counter type="COMPLEXITY" missed="1" covered="0"/><counter type="METHOD" missed="1" covered="0"/></method><method name="getPrice" desc="()Ljava/math/BigDecimal;" line="73"><counter type="INSTRUCTION" missed="3" covered="0"/><counter type="LINE" missed="1" covered="0"/><counter type="COMPLEXITY" missed="1" covered="0"/><counter type="METHOD" missed="1" covered="0"/></method><method name="setPrice" desc="(Ljava/math/BigDecimal;)V" line="77"><counter type="INSTRUCTION" missed="4" covered="0"/><counter type="LINE" missed="2" covered="0"/><counter type="COMPLEXITY" missed="1" covered="0"/><counter type="METHOD" missed="1" covered="0"/></method><method name="getCategory" desc="()Ljava/lang/String;" line="81"><counter type="INSTRUCTION" missed="3" covered="0"/><counter type="LINE" missed="1" covered="0"/><counter type="COMPLEXITY" missed="1" covered="0"/><counter type="METHOD" missed="1" covered="0"/></method><method name="setCategory" desc="(Ljava/lang/String;)V" line="85"><counter type="INSTRUCTION" missed="4" covered="0"/><counter type="LINE" missed="2" covered="0"/><counter type="COMPLEXITY" missed="1" covered="0"/><counter type="METHOD" missed="1" covered="0"/></method><method name="getIsActive" desc="()Ljava/lang/Boolean;" line="89"><counter type="INSTRUCTION" missed="3" covered="0"/><counter type="LINE" missed="1" covered="0"/><counter type="COMPLEXITY" missed="1" covered="0"/><counter type="METHOD" missed="1" covered="0"/></method><method name="setIsActive" desc="(Ljava/lang/Boolean;)V" line="93"><counter type="INSTRUCTION" missed="4" covered="0"/><counter type="LINE" missed="2" covered="0"/><counter type="COMPLEXITY" missed="1" covered="0"/><counter type="METHOD" missed="1" covered="0"/></method><method name="getCreatedAt" desc="()Ljava/time/Instant;" line="97"><counter type="INSTRUCTION" missed="3" covered="0"/><counter type="LINE" missed="1" covered="0"/><counter type="COMPLEXITY" missed="1" covered="0"/><counter type="METHOD" missed="1" covered="0"/></method><method name="setCreatedAt" desc="(Ljava/time/Instant;)V" line="101"><counter type="INSTRUCTION" missed="4" covered="0"/><counter type="LINE" missed="2" covered="0"/><counter type="COMPLEXITY" missed="1" covered="0"/><counter type="METHOD" missed="1" covered="0"/></method><method name="getUpdatedAt" desc="()Ljava/time/Instant;" line="105"><counter type="INSTRUCTION" missed="3" covered="0"/><counter type="LINE" missed="1" covered="0"/><counter type="COMPLEXITY" missed="1" covered="0"/><counter type="METHOD" missed="1" covered="0"/></method><method name="setUpdatedAt" desc="(Ljava/time/Instant;)V" line="109"><counter type="INSTRUCTION" missed="4" covered="0"/><counter type="LINE" missed="2" covered="0"/><counter type="COMPLEXITY" missed="1" covered="0"/><counter type="METHOD" missed="1" covered="0"/></method><counter type="INSTRUCTION" missed="79" covered="0"/><counter type="LINE" missed="33" covered="0"/><counter type="COMPLEXITY" missed="19" covered="0"/><counter type="METHOD" missed="19" covered="0"/><counter type="CLASS" missed="1" covered="0"/></class><class name="com/beautysalon/model/Staff" sourcefilename="Staff.java"><method name="&lt;init&gt;" desc="()V" line="32"><counter type="INSTRUCTION" missed="16" covered="0"/><counter type="LINE" missed="6" covered="0"/><counter type="COMPLEXITY" missed="1" covered="0"/><counter type="METHOD" missed="1" covered="0"/></method><method name="getId" desc="()Ljava/util/UUID;" line="41"><counter type="INSTRUCTION" missed="3" covered="0"/><counter type="LINE" missed="1" covered="0"/><counter type="COMPLEXITY" missed="1" covered="0"/><counter type="METHOD" missed="1" covered="0"/></method><method name="setId" desc="(Ljava/util/UUID;)V" line="45"><counter type="INSTRUCTION" missed="4" covered="0"/><counter type="LINE" missed="2" covered="0"/><counter type="COMPLEXITY" missed="1" covered="0"/><counter type="METHOD" missed="1" covered="0"/></method><method name="getName" desc="()Ljava/lang/String;" line="49"><counter type="INSTRUCTION" missed="3" covered="0"/><counter type="LINE" missed="1" covered="0"/><counter type="COMPLEXITY" missed="1" covered="0"/><counter type="METHOD" missed="1" covered="0"/></method><method name="setName" desc="(Ljava/lang/String;)V" line="53"><counter type="INSTRUCTION" missed="4" covered="0"/><counter type="LINE" missed="2" covered="0"/><counter type="COMPLEXITY" missed="1" covered="0"/><counter type="METHOD" missed="1" covered="0"/></method><method name="getEmail" desc="()Ljava/lang/String;" line="57"><counter type="INSTRUCTION" missed="3" covered="0"/><counter type="LINE" missed="1" covered="0"/><counter type="COMPLEXITY" missed="1" covered="0"/><counter type="METHOD" missed="1" covered="0"/></method><method name="setEmail" desc="(Ljava/lang/String;)V" line="61"><counter type="INSTRUCTION" missed="4" covered="0"/><counter type="LINE" missed="2" covered="0"/><counter type="COMPLEXITY" missed="1" covered="0"/><counter type="METHOD" missed="1" covered="0"/></method><method name="getPhone" desc="()Ljava/lang/String;" line="65"><counter type="INSTRUCTION" missed="3" covered="0"/><counter type="LINE" missed="1" covered="0"/><counter type="COMPLEXITY" missed="1" covered="0"/><counter type="METHOD" missed="1" covered="0"/></method><method name="setPhone" desc="(Ljava/lang/String;)V" line="69"><counter type="INSTRUCTION" missed="4" covered="0"/><counter type="LINE" missed="2" covered="0"/><counter type="COMPLEXITY" missed="1" covered="0"/><counter type="METHOD" missed="1" covered="0"/></method><method name="getRole" desc="()Ljava/lang/String;" line="73"><counter type="INSTRUCTION" missed="3" covered="0"/><counter type="LINE" missed="1" covered="0"/><counter type="COMPLEXITY" missed="1" covered="0"/><counter type="METHOD" missed="1" covered="0"/></method><method name="setRole" desc="(Ljava/lang/String;)V" line="77"><counter type="INSTRUCTION" missed="4" covered="0"/><counter type="LINE" missed="2" covered="0"/><counter type="COMPLEXITY" missed="1" covered="0"/><counter type="METHOD" missed="1" covered="0"/></method><method name="getSpecialties" desc="()Ljava/util/Set;" line="81"><counter type="INSTRUCTION" missed="3" covered="0"/><counter type="LINE" missed="1" covered="0"/><counter type="COMPLEXITY" missed="1" covered="0"/><counter type="METHOD" missed="1" covered="0"/></method><method name="setSpecialties" desc="(Ljava/util/Set;)V" line="85"><counter type="INSTRUCTION" missed="4" covered="0"/><counter type="LINE" missed="2" covered="0"/><counter type="COMPLEXITY" missed="1" covered="0"/><counter type="METHOD" missed="1" covered="0"/></method><method name="getIsActive" desc="()Ljava/lang/Boolean;" line="89"><counter type="INSTRUCTION" missed="3" covered="0"/><counter type="LINE" missed="1" covered="0"/><counter type="COMPLEXITY" missed="1" covered="0"/><counter type="METHOD" missed="1" covered="0"/></method><method name="setIsActive" desc="(Ljava/lang/Boolean;)V" line="93"><counter type="INSTRUCTION" missed="4" covered="0"/><counter type="LINE" missed="2" covered="0"/><counter type="COMPLEXITY" missed="1" covered="0"/><counter type="METHOD" missed="1" covered="0"/></method><method name="getCreatedAt" desc="()Ljava/time/Instant;" line="97"><counter type="INSTRUCTION" missed="3" covered="0"/><counter type="LINE" missed="1" covered="0"/><counter type="COMPLEXITY" missed="1" covered="0"/><counter type="METHOD" missed="1" covered="0"/></method><method name="setCreatedAt" desc="(Ljava/time/Instant;)V" line="101"><counter type="INSTRUCTION" missed="4" covered="0"/><counter type="LINE" missed="2" covered="0"/><counter type="COMPLEXITY" missed="1" covered="0"/><counter type="METHOD" missed="1" covered="0"/></method><method name="getUpdatedAt" desc="()Ljava/time/Instant;" line="105"><counter type="INSTRUCTION" missed="3" covered="0"/><counter type="LINE" missed="1" covered="0"/><counter type="COMPLEXITY" missed="1" covered="0"/><counter type="METHOD" missed="1" covered="0"/></method><method name="setUpdatedAt" desc="(Ljava/time/Instant;)V" line="109"><counter type="INSTRUCTION" missed="4" covered="0"/><counter type="LINE" missed="2" covered="0"/><counter type="COMPLEXITY" missed="1" covered="0"/><counter type="METHOD" missed="1" covered="0"/></method><counter type="INSTRUCTION" missed="79" covered="0"/><counter type="LINE" missed="33" covered="0"/><counter type="COMPLEXITY" missed="19" covered="0"/><counter type="METHOD" missed="19" covered="0"/><counter type="CLASS" missed="1" covered="0"/></class><sourcefile name="Staff.java"><line nr="32" mi="2" ci="0" mb="0" cb="0"/><line nr="33" mi="3" ci="0" mb="0" cb="0"/><line nr="34" mi="4" ci="0" mb="0" cb="0"/><line nr="35" mi="3" ci="0" mb="0" cb="0"/><line nr="36" mi="3" ci="0" mb="0" cb="0"/><line nr="37" mi="1" ci="0" mb="0" cb="0"/><line nr="41" mi="3" ci="0" mb="0" cb="0"/><line nr="45" mi="3" ci="0" mb="0" cb="0"/><line nr="46" mi="1" ci="0" mb="0" cb="0"/><line nr="49" mi="3" ci="0" mb="0" cb="0"/><line nr="53" mi="3" ci="0" mb="0" cb="0"/><line nr="54" mi="1" ci="0" mb="0" cb="0"/><line nr="57" mi="3" ci="0" mb="0" cb="0"/><line nr="61" mi="3" ci="0" mb="0" cb="0"/><line nr="62" mi="1" ci="0" mb="0" cb="0"/><line nr="65" mi="3" ci="0" mb="0" cb="0"/><line nr="69" mi="3" ci="0" mb="0" cb="0"/><line nr="70" mi="1" ci="0" mb="0" cb="0"/><line nr="73" mi="3" ci="0" mb="0" cb="0"/><line nr="77" mi="3" ci="0" mb="0" cb="0"/><line nr="78" mi="1" ci="0" mb="0" cb="0"/><line nr="81" mi="3" ci="0" mb="0" cb="0"/><line nr="85" mi="3" ci="0" mb="0" cb="0"/><line nr="86" mi="1" ci="0" mb="0" cb="0"/><line nr="89" mi="3" ci="0" mb="0" cb="0"/><line nr="93" mi="3" ci="0" mb="0" cb="0"/><line nr="94" mi="1" ci="0" mb="0" cb="0"/><line nr="97" mi="3" ci="0" mb="0" cb="0"/><line nr="101" mi="3" ci="0" mb="0" cb="0"/><line nr="102" mi="1" ci="0" mb="0" cb="0"/><line nr="105" mi="3" ci="0" mb="0" cb="0"/><line nr="109" mi="3" ci="0" mb="0" cb="0"/><line nr="110" mi="1" ci="0" mb="0" cb="0"/><counter type="INSTRUCTION" missed="79" covered="0"/><counter type="LINE" missed="33" covered="0"/><counter type="COMPLEXITY" missed="19" covered="0"/><counter type="METHOD" missed="19" covered="0"/><counter type="CLASS" missed="1" covered="0"/></sourcefile><sourcefile name="Service.java"><line nr="32" mi="2" ci="0" mb="0" cb="0"/><line nr="33" mi="3" ci="0" mb="0" cb="0"/><line nr="34" mi="4" ci="0" mb="0" cb="0"/><line nr="35" mi="3" ci="0" mb="0" cb="0"/><line nr="36" mi="3" ci="0" mb="0" cb="0"/><line nr="37" mi="1" ci="0" mb="0" cb="0"/><line nr="41" mi="3" ci="0" mb="0" cb="0"/><line nr="45" mi="3" ci="0" mb="0" cb="0"/><line nr="46" mi="1" ci="0" mb="0" cb="0"/><line nr="49" mi="3" ci="0" mb="0" cb="0"/><line nr="53" mi="3" ci="0" mb="0" cb="0"/><line nr="54" mi="1" ci="0" mb="0" cb="0"/><line nr="57" mi="3" ci="0" mb="0" cb="0"/><line nr="61" mi="3" ci="0" mb="0" cb="0"/><line nr="62" mi="1" ci="0" mb="0" cb="0"/><line nr="65" mi="3" ci="0" mb="0" cb="0"/><line nr="69" mi="3" ci="0" mb="0" cb="0"/><line nr="70" mi="1" ci="0" mb="0" cb="0"/><line nr="73" mi="3" ci="0" mb="0" cb="0"/><line nr="77" mi="3" ci="0" mb="0" cb="0"/><line nr="78" mi="1" ci="0" mb="0" cb="0"/><line nr="81" mi="3" ci="0" mb="0" cb="0"/><line nr="85" mi="3" ci="0" mb="0" cb="0"/><line nr="86" mi="1" ci="0" mb="0" cb="0"/><line nr="89" mi="3" ci="0" mb="0" cb="0"/><line nr="93" mi="3" ci="0" mb="0" cb="0"/><line nr="94" mi="1" ci="0" mb="0" cb="0"/><line nr="97" mi="3" ci="0" mb="0" cb="0"/><line nr="101" mi="3" ci="0" mb="0" cb="0"/><line nr="102" mi="1" ci="0" mb="0" cb="0"/><line nr="105" mi="3" ci="0" mb="0" cb="0"/><line nr="109" mi="3" ci="0" mb="0" cb="0"/><line nr="110" mi="1" ci="0" mb="0" cb="0"/><counter type="INSTRUCTION" missed="79" covered="0"/><counter type="LINE" missed="33" covered="0"/><counter type="COMPLEXITY" missed="19" covered="0"/><counter type="METHOD" missed="19" covered="0"/><counter type="CLASS" missed="1" covered="0"/></sourcefile><sourcefile name="Appointment.java"><line nr="46" mi="2" ci="0" mb="0" cb="0"/><line nr="47" mi="3" ci="0" mb="0" cb="0"/><line nr="48" mi="3" ci="0" mb="0" cb="0"/><line nr="49" mi="3" ci="0" mb="0" cb="0"/><line nr="50" mi="3" ci="0" mb="0" cb="0"/><line nr="51" mi="1" ci="0" mb="0" cb="0"/><line nr="55" mi="3" ci="0" mb="0" cb="0"/><line nr="59" mi="3" ci="0" mb="0" cb="0"/><line nr="60" mi="1" ci="0" mb="0" cb="0"/><line nr="63" mi="3" ci="0" mb="0" cb="0"/><line nr="67" mi="3" ci="0" mb="0" cb="0"/><line nr="68" mi="1" ci="0" mb="0" cb="0"/><line nr="71" mi="3" ci="0" mb="0" cb="0"/><line nr="75" mi="3" ci="0" mb="0" cb="0"/><line nr="76" mi="1" ci="0" mb="0" cb="0"/><line nr="79" mi="3" ci="0" mb="0" cb="0"/><line nr="83" mi="3" ci="0" mb="0" cb="0"/><line nr="84" mi="1" ci="0" mb="0" cb="0"/><line nr="87" mi="3" ci="0" mb="0" cb="0"/><line nr="91" mi="3" ci="0" mb="0" cb="0"/><line nr="92" mi="1" ci="0" mb="0" cb="0"/><line nr="95" mi="3" ci="0" mb="0" cb="0"/><line nr="99" mi="3" ci="0" mb="0" cb="0"/><line nr="100" mi="1" ci="0" mb="0" cb="0"/><line nr="103" mi="3" ci="0" mb="0" cb="0"/><line nr="107" mi="3" ci="0" mb="0" cb="0"/><line nr="108" mi="1" ci="0" mb="0" cb="0"/><line nr="111" mi="3" ci="0" mb="0" cb="0"/><line nr="115" mi="3" ci="0" mb="0" cb="0"/><line nr="116" mi="1" ci="0" mb="0" cb="0"/><line nr="119" mi="3" ci="0" mb="0" cb="0"/><line nr="123" mi="3" ci="0" mb="0" cb="0"/><line nr="124" mi="1" ci="0" mb="0" cb="0"/><line nr="127" mi="3" ci="0" mb="0" cb="0"/><line nr="131" mi="3" ci="0" mb="0" cb="0"/><line nr="132" mi="1" ci="0" mb="0" cb="0"/><line nr="135" mi="3" ci="0" mb="0" cb="0"/><line nr="139" mi="3" ci="0" mb="0" cb="0"/><line nr="140" mi="1" ci="0" mb="0" cb="0"/><counter type="INSTRUCTION" missed="92" covered="0"/><counter type="LINE" missed="39" covered="0"/><counter type="COMPLEXITY" missed="23" covered="0"/><counter type="METHOD" missed="23" covered="0"/><counter type="CLASS" missed="1" covered="0"/></sourcefile><sourcefile name="Customer.java"><line nr="38" mi="0" ci="2" mb="0" cb="0"/><line nr="39" mi="0" ci="3" mb="0" cb="0"/><line nr="40" mi="0" ci="3" mb="0" cb="0"/><line nr="41" mi="0" ci="3" mb="0" cb="0"/><line nr="42" mi="0" ci="1" mb="0" cb="0"/><line nr="46" mi="0" ci="3" mb="0" cb="0"/><line nr="50" mi="0" ci="3" mb="0" cb="0"/><line nr="51" mi="0" ci="1" mb="0" cb="0"/><line nr="54" mi="0" ci="3" mb="0" cb="0"/><line nr="58" mi="0" ci="3" mb="0" cb="0"/><line nr="59" mi="0" ci="1" mb="0" cb="0"/><line nr="62" mi="0" ci="3" mb="0" cb="0"/><line nr="66" mi="0" ci="3" mb="0" cb="0"/><line nr="67" mi="0" ci="1" mb="0" cb="0"/><line nr="70" mi="0" ci="3" mb="0" cb="0"/><line nr="74" mi="0" ci="3" mb="0" cb="0"/><line nr="75" mi="0" ci="1" mb="0" cb="0"/><line nr="78" mi="0" ci="3" mb="0" cb="0"/><line nr="82" mi="0" ci="3" mb="0" cb="0"/><line nr="83" mi="0" ci="1" mb="0" cb="0"/><line nr="86" mi="0" ci="3" mb="0" cb="0"/><line nr="90" mi="0" ci="3" mb="0" cb="0"/><line nr="91" mi="0" ci="1" mb="0" cb="0"/><line nr="94" mi="0" ci="3" mb="0" cb="0"/><line nr="98" mi="0" ci="3" mb="0" cb="0"/><line nr="99" mi="0" ci="1" mb="0" cb="0"/><counter type="INSTRUCTION" missed="0" covered="61"/><counter type="LINE" missed="0" covered="26"/><counter type="COMPLEXITY" missed="0" covered="15"/><counter type="METHOD" missed="0" covered="15"/><counter type="CLASS" missed="0" covered="1"/></sourcefile><counter type="INSTRUCTION" missed="250" covered="61"/><counter type="LINE" missed="105" covered="26"/><counter type="COMPLEXITY" missed="61" covered="15"/><counter type="METHOD" missed="61" covered="15"/><counter type="CLASS" missed="3" covered="1"/></package><package name="com/beautysalon/service"><class name="com/beautysalon/service/PerformanceMonitoringService" sourcefilename="PerformanceMonitoringService.java"><method name="&lt;clinit&gt;" desc="()V" line="24"><counter type="INSTRUCTION" missed="0" covered="4"/><counter type="LINE" missed="0" covered="2"/><counter type="COMPLEXITY" missed="0" covered="1"/><counter type="METHOD" missed="0" covered="1"/></method><method name="&lt;init&gt;" desc="(Lcom/beautysalon/config/MetricsConfiguration;Lorg/springframework/cache/CacheManager;)V" line="35"><counter type="INSTRUCTION" missed="0" covered="21"/><counter type="LINE" missed="0" covered="6"/><counter type="COMPLEXITY" missed="0" covered="1"/><counter type="METHOD" missed="0" covered="1"/></method><method name="monitorCachePerformance" desc="()V" line="49"><counter type="INSTRUCTION" missed="26" covered="20"/><counter type="BRANCH" missed="1" covered="1"/><counter type="LINE" missed="5" covered="6"/><counter type="COMPLEXITY" missed="1" covered="1"/><counter type="METHOD" missed="0" covered="1"/></method><method name="monitorResponseTime" desc="(J)V" line="69"><counter type="INSTRUCTION" missed="22" covered="0"/><counter type="BRANCH" missed="2" covered="0"/><counter type="LINE" missed="5" covered="0"/><counter type="COMPLEXITY" missed="2" covered="0"/><counter type="METHOD" missed="1" covered="0"/></method><method name="getPerformanceStatistics" desc="()Ljava/util/Map;" line="80"><counter type="INSTRUCTION" missed="9" covered="35"/><counter type="LINE" missed="2" covered="8"/><counter type="COMPLEXITY" missed="0" covered="1"/><counter type="METHOD" missed="0" covered="1"/></method><method name="getCacheStatistics" desc="()Ljava/util/Map;" line="106"><counter type="INSTRUCTION" missed="10" covered="68"/><counter type="BRANCH" missed="2" covered="4"/><counter type="LINE" missed="2" covered="13"/><counter type="COMPLEXITY" missed="2" covered="2"/><counter type="METHOD" missed="0" covered="1"/></method><method name="performHealthCheck" desc="()Ljava/util/Map;" line="137"><counter type="INSTRUCTION" missed="24" covered="78"/><counter type="BRANCH" missed="5" covered="5"/><counter type="LINE" missed="4" covered="14"/><counter type="COMPLEXITY" missed="5" covered="1"/><counter type="METHOD" missed="0" covered="1"/></method><method name="triggerAlert" desc="(Ljava/lang/String;Ljava/lang/String;)V" line="171"><counter type="INSTRUCTION" missed="24" covered="0"/><counter type="BRANCH" missed="2" covered="0"/><counter type="LINE" missed="6" covered="0"/><counter type="COMPLEXITY" missed="2" covered="0"/><counter type="METHOD" missed="1" covered="0"/></method><method name="calculateOverallCacheHitRate" desc="()D" line="186"><counter type="INSTRUCTION" missed="0" covered="6"/><counter type="LINE" missed="0" covered="1"/><counter type="COMPLEXITY" missed="0" covered="1"/><counter type="METHOD" missed="0" covered="1"/></method><method name="getCacheSize" desc="(Lorg/springframework/cache/Cache;)I" line="191"><counter type="INSTRUCTION" missed="0" covered="2"/><counter type="LINE" missed="0" covered="1"/><counter type="COMPLEXITY" missed="0" covered="1"/><counter type="METHOD" missed="0" covered="1"/></method><method name="getUptimeMs" desc="()J" line="195"><counter type="INSTRUCTION" missed="0" covered="5"/><counter type="LINE" missed="0" covered="1"/><counter type="COMPLEXITY" missed="0" covered="1"/><counter type="METHOD" missed="0" covered="1"/></method><method name="getStartTime" desc="()J" line="200"><counter type="INSTRUCTION" missed="0" covered="4"/><counter type="LINE" missed="0" covered="1"/><counter type="COMPLEXITY" missed="0" covered="1"/><counter type="METHOD" missed="0" covered="1"/></method><method name="getMemoryUsage" desc="()Ljava/util/Map;" line="204"><counter type="INSTRUCTION" missed="0" covered="55"/><counter type="LINE" missed="0" covered="12"/><counter type="COMPLEXITY" missed="0" covered="1"/><counter type="METHOD" missed="0" covered="1"/></method><method name="getPerformanceThresholds" desc="()Ljava/util/Map;" line="221"><counter type="INSTRUCTION" missed="0" covered="24"/><counter type="LINE" missed="0" covered="5"/><counter type="COMPLEXITY" missed="0" covered="1"/><counter type="METHOD" missed="0" covered="1"/></method><counter type="INSTRUCTION" missed="115" covered="322"/><counter type="BRANCH" missed="12" covered="10"/><counter type="LINE" missed="24" covered="70"/><counter type="COMPLEXITY" missed="12" covered="13"/><counter type="METHOD" missed="2" covered="12"/><counter type="CLASS" missed="0" covered="1"/></class><class name="com/beautysalon/service/CustomerService" sourcefilename="CustomerService.java"><method name="&lt;init&gt;" desc="()V" line="21"><counter type="INSTRUCTION" missed="0" covered="3"/><counter type="LINE" missed="0" covered="1"/><counter type="COMPLEXITY" missed="0" covered="1"/><counter type="METHOD" missed="0" covered="1"/></method><method name="getAllCustomers" desc="()Ljava/util/List;" line="28"><counter type="INSTRUCTION" missed="0" covered="4"/><counter type="LINE" missed="0" covered="1"/><counter type="COMPLEXITY" missed="0" covered="1"/><counter type="METHOD" missed="0" covered="1"/></method><method name="getCustomerById" desc="(Ljava/util/UUID;)Ljava/util/Optional;" line="33"><counter type="INSTRUCTION" missed="5" covered="0"/><counter type="LINE" missed="1" covered="0"/><counter type="COMPLEXITY" missed="1" covered="0"/><counter type="METHOD" missed="1" covered="0"/></method><method name="getCustomerByEmail" desc="(Ljava/lang/String;)Ljava/util/Optional;" line="38"><counter type="INSTRUCTION" missed="5" covered="0"/><counter type="LINE" missed="1" covered="0"/><counter type="COMPLEXITY" missed="1" covered="0"/><counter type="METHOD" missed="1" covered="0"/></method><method name="searchCustomersByName" desc="(Ljava/lang/String;)Ljava/util/List;" line="43"><counter type="INSTRUCTION" missed="6" covered="0"/><counter type="LINE" missed="1" covered="0"/><counter type="COMPLEXITY" missed="1" covered="0"/><counter type="METHOD" missed="1" covered="0"/></method><method name="createCustomer" desc="(Lcom/beautysalon/model/Customer;)Lcom/beautysalon/model/Customer;" line="48"><counter type="INSTRUCTION" missed="0" covered="12"/><counter type="LINE" missed="0" covered="3"/><counter type="COMPLEXITY" missed="0" covered="1"/><counter type="METHOD" missed="0" covered="1"/></method><method name="updateCustomer" desc="(Ljava/util/UUID;Lcom/beautysalon/model/Customer;)Lcom/beautysalon/model/Customer;" line="56"><counter type="INSTRUCTION" missed="39" covered="0"/><counter type="BRANCH" missed="2" covered="0"/><counter type="LINE" missed="10" covered="0"/><counter type="COMPLEXITY" missed="2" covered="0"/><counter type="METHOD" missed="1" covered="0"/></method><method name="deleteCustomer" desc="(Ljava/util/UUID;)Z" line="71"><counter type="INSTRUCTION" missed="13" covered="0"/><counter type="BRANCH" missed="2" covered="0"/><counter type="LINE" missed="4" covered="0"/><counter type="COMPLEXITY" missed="2" covered="0"/><counter type="METHOD" missed="1" covered="0"/></method><counter type="INSTRUCTION" missed="68" covered="19"/><counter type="BRANCH" missed="4" covered="0"/><counter type="LINE" missed="17" covered="5"/><counter type="COMPLEXITY" missed="7" covered="3"/><counter type="METHOD" missed="5" covered="3"/><counter type="CLASS" missed="0" covered="1"/></class><class name="com/beautysalon/service/ServiceService" sourcefilename="ServiceService.java"><method name="&lt;init&gt;" desc="()V" line="13"><counter type="INSTRUCTION" missed="0" covered="3"/><counter type="LINE" missed="0" covered="1"/><counter type="COMPLEXITY" missed="0" covered="1"/><counter type="METHOD" missed="0" covered="1"/></method><method name="getAllServices" desc="()Ljava/util/List;" line="19"><counter type="INSTRUCTION" missed="4" covered="0"/><counter type="LINE" missed="1" covered="0"/><counter type="COMPLEXITY" missed="1" covered="0"/><counter type="METHOD" missed="1" covered="0"/></method><method name="getActiveServices" desc="()Ljava/util/List;" line="23"><counter type="INSTRUCTION" missed="4" covered="0"/><counter type="LINE" missed="1" covered="0"/><counter type="COMPLEXITY" missed="1" covered="0"/><counter type="METHOD" missed="1" covered="0"/></method><method name="getServiceById" desc="(Ljava/util/UUID;)Ljava/util/Optional;" line="27"><counter type="INSTRUCTION" missed="5" covered="0"/><counter type="LINE" missed="1" covered="0"/><counter type="COMPLEXITY" missed="1" covered="0"/><counter type="METHOD" missed="1" covered="0"/></method><method name="getServicesByCategory" desc="(Ljava/lang/String;)Ljava/util/List;" line="31"><counter type="INSTRUCTION" missed="5" covered="0"/><counter type="LINE" missed="1" covered="0"/><counter type="COMPLEXITY" missed="1" covered="0"/><counter type="METHOD" missed="1" covered="0"/></method><method name="getActiveServicesByCategory" desc="(Ljava/lang/String;)Ljava/util/List;" line="35"><counter type="INSTRUCTION" missed="5" covered="0"/><counter type="LINE" missed="1" covered="0"/><counter type="COMPLEXITY" missed="1" covered="0"/><counter type="METHOD" missed="1" covered="0"/></method><method name="createService" desc="(Lcom/beautysalon/model/Service;)Lcom/beautysalon/model/Service;" line="39"><counter type="INSTRUCTION" missed="12" covered="0"/><counter type="LINE" missed="3" covered="0"/><counter type="COMPLEXITY" missed="1" covered="0"/><counter type="METHOD" missed="1" covered="0"/></method><method name="updateService" desc="(Ljava/util/UUID;Lcom/beautysalon/model/Service;)Lcom/beautysalon/model/Service;" line="45"><counter type="INSTRUCTION" missed="47" covered="0"/><counter type="BRANCH" missed="2" covered="0"/><counter type="LINE" missed="12" covered="0"/><counter type="COMPLEXITY" missed="2" covered="0"/><counter type="METHOD" missed="1" covered="0"/></method><method name="deleteService" desc="(Ljava/util/UUID;)Z" line="61"><counter type="INSTRUCTION" missed="13" covered="0"/><counter type="BRANCH" missed="2" covered="0"/><counter type="LINE" missed="4" covered="0"/><counter type="COMPLEXITY" missed="2" covered="0"/><counter type="METHOD" missed="1" covered="0"/></method><counter type="INSTRUCTION" missed="95" covered="3"/><counter type="BRANCH" missed="4" covered="0"/><counter type="LINE" missed="24" covered="1"/><counter type="COMPLEXITY" missed="10" covered="1"/><counter type="METHOD" missed="8" covered="1"/><counter type="CLASS" missed="0" covered="1"/></class><class name="com/beautysalon/service/StaffService" sourcefilename="StaffService.java"><method name="&lt;init&gt;" desc="()V" line="14"><counter type="INSTRUCTION" missed="0" covered="3"/><counter type="LINE" missed="0" covered="1"/><counter type="COMPLEXITY" missed="0" covered="1"/><counter type="METHOD" missed="0" covered="1"/></method><method name="getAllStaff" desc="()Ljava/util/List;" line="20"><counter type="INSTRUCTION" missed="4" covered="0"/><counter type="LINE" missed="1" covered="0"/><counter type="COMPLEXITY" missed="1" covered="0"/><counter type="METHOD" missed="1" covered="0"/></method><method name="getActiveStaff" desc="()Ljava/util/List;" line="24"><counter type="INSTRUCTION" missed="4" covered="0"/><counter type="LINE" missed="1" covered="0"/><counter type="COMPLEXITY" missed="1" covered="0"/><counter type="METHOD" missed="1" covered="0"/></method><method name="getStaffById" desc="(Ljava/util/UUID;)Ljava/util/Optional;" line="28"><counter type="INSTRUCTION" missed="5" covered="0"/><counter type="LINE" missed="1" covered="0"/><counter type="COMPLEXITY" missed="1" covered="0"/><counter type="METHOD" missed="1" covered="0"/></method><method name="getStaffByRole" desc="(Ljava/lang/String;)Ljava/util/List;" line="32"><counter type="INSTRUCTION" missed="5" covered="0"/><counter type="LINE" missed="1" covered="0"/><counter type="COMPLEXITY" missed="1" covered="0"/><counter type="METHOD" missed="1" covered="0"/></method><method name="getActiveStaffByRole" desc="(Ljava/lang/String;)Ljava/util/List;" line="36"><counter type="INSTRUCTION" missed="5" covered="0"/><counter type="LINE" missed="1" covered="0"/><counter type="COMPLEXITY" missed="1" covered="0"/><counter type="METHOD" missed="1" covered="0"/></method><method name="createStaff" desc="(Lcom/beautysalon/model/Staff;)Lcom/beautysalon/model/Staff;" line="40"><counter type="INSTRUCTION" missed="12" covered="0"/><counter type="LINE" missed="3" covered="0"/><counter type="COMPLEXITY" missed="1" covered="0"/><counter type="METHOD" missed="1" covered="0"/></method><method name="updateStaff" desc="(Ljava/util/UUID;Lcom/beautysalon/model/Staff;)Lcom/beautysalon/model/Staff;" line="46"><counter type="INSTRUCTION" missed="47" covered="0"/><counter type="BRANCH" missed="2" covered="0"/><counter type="LINE" missed="12" covered="0"/><counter type="COMPLEXITY" missed="2" covered="0"/><counter type="METHOD" missed="1" covered="0"/></method><method name="deleteStaff" desc="(Ljava/util/UUID;)Z" line="62"><counter type="INSTRUCTION" missed="13" covered="0"/><counter type="BRANCH" missed="2" covered="0"/><counter type="LINE" missed="4" covered="0"/><counter type="COMPLEXITY" missed="2" covered="0"/><counter type="METHOD" missed="1" covered="0"/></method><counter type="INSTRUCTION" missed="95" covered="3"/><counter type="BRANCH" missed="4" covered="0"/><counter type="LINE" missed="24" covered="1"/><counter type="COMPLEXITY" missed="10" covered="1"/><counter type="METHOD" missed="8" covered="1"/><counter type="CLASS" missed="0" covered="1"/></class><class name="com/beautysalon/service/AppointmentService" sourcefilename="AppointmentService.java"><method name="&lt;init&gt;" desc="()V" line="15"><counter type="INSTRUCTION" missed="0" covered="3"/><counter type="LINE" missed="0" covered="1"/><counter type="COMPLEXITY" missed="0" covered="1"/><counter type="METHOD" missed="0" covered="1"/></method><method name="getAllAppointments" desc="()Ljava/util/List;" line="21"><counter type="INSTRUCTION" missed="4" covered="0"/><counter type="LINE" missed="1" covered="0"/><counter type="COMPLEXITY" missed="1" covered="0"/><counter type="METHOD" missed="1" covered="0"/></method><method name="getAppointmentById" desc="(Ljava/util/UUID;)Ljava/util/Optional;" line="25"><counter type="INSTRUCTION" missed="5" covered="0"/><counter type="LINE" missed="1" covered="0"/><counter type="COMPLEXITY" missed="1" covered="0"/><counter type="METHOD" missed="1" covered="0"/></method><method name="getAppointmentsByDate" desc="(Ljava/time/LocalDate;)Ljava/util/List;" line="29"><counter type="INSTRUCTION" missed="5" covered="0"/><counter type="LINE" missed="1" covered="0"/><counter type="COMPLEXITY" missed="1" covered="0"/><counter type="METHOD" missed="1" covered="0"/></method><method name="getAppointmentsByCustomer" desc="(Ljava/util/UUID;)Ljava/util/List;" line="33"><counter type="INSTRUCTION" missed="5" covered="0"/><counter type="LINE" missed="1" covered="0"/><counter type="COMPLEXITY" missed="1" covered="0"/><counter type="METHOD" missed="1" covered="0"/></method><method name="getAppointmentsByStaff" desc="(Ljava/util/UUID;)Ljava/util/List;" line="37"><counter type="INSTRUCTION" missed="5" covered="0"/><counter type="LINE" missed="1" covered="0"/><counter type="COMPLEXITY" missed="1" covered="0"/><counter type="METHOD" missed="1" covered="0"/></method><method name="getAppointmentsByStatus" desc="(Ljava/lang/String;)Ljava/util/List;" line="41"><counter type="INSTRUCTION" missed="5" covered="0"/><counter type="LINE" missed="1" covered="0"/><counter type="COMPLEXITY" missed="1" covered="0"/><counter type="METHOD" missed="1" covered="0"/></method><method name="getAppointmentsByDateAndStaff" desc="(Ljava/time/LocalDate;Ljava/util/UUID;)Ljava/util/List;" line="45"><counter type="INSTRUCTION" missed="6" covered="0"/><counter type="LINE" missed="1" covered="0"/><counter type="COMPLEXITY" missed="1" covered="0"/><counter type="METHOD" missed="1" covered="0"/></method><method name="createAppointment" desc="(Lcom/beautysalon/model/Appointment;)Lcom/beautysalon/model/Appointment;" line="49"><counter type="INSTRUCTION" missed="12" covered="0"/><counter type="LINE" missed="3" covered="0"/><counter type="COMPLEXITY" missed="1" covered="0"/><counter type="METHOD" missed="1" covered="0"/></method><method name="updateAppointment" desc="(Ljava/util/UUID;Lcom/beautysalon/model/Appointment;)Lcom/beautysalon/model/Appointment;" line="55"><counter type="INSTRUCTION" missed="55" covered="0"/><counter type="BRANCH" missed="2" covered="0"/><counter type="LINE" missed="14" covered="0"/><counter type="COMPLEXITY" missed="2" covered="0"/><counter type="METHOD" missed="1" covered="0"/></method><method name="deleteAppointment" desc="(Ljava/util/UUID;)Z" line="73"><counter type="INSTRUCTION" missed="13" covered="0"/><counter type="BRANCH" missed="2" covered="0"/><counter type="LINE" missed="4" covered="0"/><counter type="COMPLEXITY" missed="2" covered="0"/><counter type="METHOD" missed="1" covered="0"/></method><counter type="INSTRUCTION" missed="115" covered="3"/><counter type="BRANCH" missed="4" covered="0"/><counter type="LINE" missed="28" covered="1"/><counter type="COMPLEXITY" missed="12" covered="1"/><counter type="METHOD" missed="10" covered="1"/><counter type="CLASS" missed="0" covered="1"/></class><sourcefile name="CustomerService.java"><line nr="21" mi="0" ci="3" mb="0" cb="0"/><line nr="28" mi="0" ci="4" mb="0" cb="0"/><line nr="33" mi="5" ci="0" mb="0" cb="0"/><line nr="38" mi="5" ci="0" mb="0" cb="0"/><line nr="43" mi="6" ci="0" mb="0" cb="0"/><line nr="48" mi="0" ci="3" mb="0" cb="0"/><line nr="49" mi="0" ci="3" mb="0" cb="0"/><line nr="50" mi="0" ci="6" mb="0" cb="0"/><line nr="56" mi="5" ci="0" mb="0" cb="0"/><line nr="57" mi="3" ci="0" mb="2" cb="0"/><line nr="58" mi="4" ci="0" mb="0" cb="0"/><line nr="59" mi="4" ci="0" mb="0" cb="0"/><line nr="60" mi="4" ci="0" mb="0" cb="0"/><line nr="61" mi="4" ci="0" mb="0" cb="0"/><line nr="62" mi="4" ci="0" mb="0" cb="0"/><line nr="63" mi="3" ci="0" mb="0" cb="0"/><line nr="64" mi="6" ci="0" mb="0" cb="0"/><line nr="66" mi="2" ci="0" mb="0" cb="0"/><line nr="71" mi="5" ci="0" mb="2" cb="0"/><line nr="72" mi="4" ci="0" mb="0" cb="0"/><line nr="73" mi="2" ci="0" mb="0" cb="0"/><line nr="75" mi="2" ci="0" mb="0" cb="0"/><counter type="INSTRUCTION" missed="68" covered="19"/><counter type="BRANCH" missed="4" covered="0"/><counter type="LINE" missed="17" covered="5"/><counter type="COMPLEXITY" missed="7" covered="3"/><counter type="METHOD" missed="5" covered="3"/><counter type="CLASS" missed="0" covered="1"/></sourcefile><sourcefile name="ServiceService.java"><line nr="13" mi="0" ci="3" mb="0" cb="0"/><line nr="19" mi="4" ci="0" mb="0" cb="0"/><line nr="23" mi="4" ci="0" mb="0" cb="0"/><line nr="27" mi="5" ci="0" mb="0" cb="0"/><line nr="31" mi="5" ci="0" mb="0" cb="0"/><line nr="35" mi="5" ci="0" mb="0" cb="0"/><line nr="39" mi="3" ci="0" mb="0" cb="0"/><line nr="40" mi="3" ci="0" mb="0" cb="0"/><line nr="41" mi="6" ci="0" mb="0" cb="0"/><line nr="45" mi="5" ci="0" mb="0" cb="0"/><line nr="46" mi="3" ci="0" mb="2" cb="0"/><line nr="47" mi="4" ci="0" mb="0" cb="0"/><line nr="48" mi="4" ci="0" mb="0" cb="0"/><line nr="49" mi="4" ci="0" mb="0" cb="0"/><line nr="50" mi="4" ci="0" mb="0" cb="0"/><line nr="51" mi="4" ci="0" mb="0" cb="0"/><line nr="52" mi="4" ci="0" mb="0" cb="0"/><line nr="53" mi="4" ci="0" mb="0" cb="0"/><line nr="54" mi="3" ci="0" mb="0" cb="0"/><line nr="55" mi="6" ci="0" mb="0" cb="0"/><line nr="57" mi="2" ci="0" mb="0" cb="0"/><line nr="61" mi="5" ci="0" mb="2" cb="0"/><line nr="62" mi="4" ci="0" mb="0" cb="0"/><line nr="63" mi="2" ci="0" mb="0" cb="0"/><line nr="65" mi="2" ci="0" mb="0" cb="0"/><counter type="INSTRUCTION" missed="95" covered="3"/><counter type="BRANCH" missed="4" covered="0"/><counter type="LINE" missed="24" covered="1"/><counter type="COMPLEXITY" missed="10" covered="1"/><counter type="METHOD" missed="8" covered="1"/><counter type="CLASS" missed="0" covered="1"/></sourcefile><sourcefile name="PerformanceMonitoringService.java"><line nr="24" mi="0" ci="3" mb="0" cb="0"/><line nr="32" mi="0" ci="1" mb="0" cb="0"/><line nr="35" mi="0" ci="6" mb="0" cb="0"/><line nr="36" mi="0" ci="6" mb="0" cb="0"/><line nr="39" mi="0" ci="2" mb="0" cb="0"/><line nr="40" mi="0" ci="3" mb="0" cb="0"/><line nr="41" mi="0" ci="3" mb="0" cb="0"/><line nr="42" mi="0" ci="1" mb="0" cb="0"/><line nr="49" mi="0" ci="3" mb="0" cb="0"/><line nr="50" mi="0" ci="6" mb="0" cb="0"/><line nr="52" mi="0" ci="4" mb="1" cb="1"/><line nr="53" mi="3" ci="0" mb="0" cb="0"/><line nr="54" mi="6" ci="0" mb="0" cb="0"/><line nr="55" mi="8" ci="0" mb="0" cb="0"/><line nr="58" mi="0" ci="5" mb="0" cb="0"/><line nr="59" mi="1" ci="1" mb="0" cb="0"/><line nr="60" mi="4" ci="0" mb="0" cb="0"/><line nr="61" mi="4" ci="0" mb="0" cb="0"/><line nr="63" mi="0" ci="1" mb="0" cb="0"/><line nr="69" mi="4" ci="0" mb="2" cb="0"/><line nr="70" mi="3" ci="0" mb="0" cb="0"/><line nr="71" mi="6" ci="0" mb="0" cb="0"/><line nr="72" mi="8" ci="0" mb="0" cb="0"/><line nr="74" mi="1" ci="0" mb="0" cb="0"/><line nr="80" mi="0" ci="4" mb="0" cb="0"/><line nr="84" mi="0" ci="4" mb="0" cb="0"/><line nr="87" mi="0" ci="5" mb="0" cb="0"/><line nr="88" mi="0" ci="7" mb="0" cb="0"/><line nr="89" mi="0" ci="6" mb="0" cb="0"/><line nr="92" mi="0" ci="6" mb="0" cb="0"/><line nr="94" mi="1" ci="1" mb="0" cb="0"/><line nr="95" mi="4" ci="0" mb="0" cb="0"/><line nr="96" mi="4" ci="0" mb="0" cb="0"/><line nr="99" mi="0" ci="2" mb="0" cb="0"/><line nr="106" mi="0" ci="4" mb="0" cb="0"/><line nr="110" mi="0" ci="13" mb="0" cb="2"/><line nr="111" mi="0" ci="5" mb="0" cb="0"/><line nr="112" mi="0" ci="2" mb="1" cb="1"/><line nr="113" mi="0" ci="4" mb="0" cb="0"/><line nr="114" mi="0" ci="5" mb="0" cb="0"/><line nr="115" mi="0" ci="8" mb="0" cb="0"/><line nr="116" mi="0" ci="5" mb="0" cb="0"/><line nr="121" mi="0" ci="3" mb="0" cb="0"/><line nr="122" mi="0" ci="6" mb="0" cb="0"/><line nr="123" mi="1" ci="10" mb="1" cb="1"/><line nr="125" mi="1" ci="1" mb="0" cb="0"/><line nr="126" mi="4" ci="0" mb="0" cb="0"/><line nr="127" mi="4" ci="0" mb="0" cb="0"/><line nr="130" mi="0" ci="2" mb="0" cb="0"/><line nr="137" mi="0" ci="4" mb="0" cb="0"/><line nr="141" mi="0" ci="3" mb="0" cb="0"/><line nr="142" mi="1" ci="10" mb="1" cb="1"/><line nr="143" mi="0" ci="6" mb="0" cb="0"/><line nr="146" mi="0" ci="3" mb="0" cb="0"/><line nr="147" mi="0" ci="6" mb="0" cb="0"/><line nr="148" mi="1" ci="10" mb="1" cb="1"/><line nr="149" mi="0" ci="5" mb="0" cb="0"/><line nr="152" mi="1" ci="9" mb="1" cb="1"/><line nr="153" mi="0" ci="6" mb="1" cb="1"/><line nr="154" mi="1" ci="8" mb="1" cb="1"/><line nr="155" mi="0" ci="5" mb="0" cb="0"/><line nr="157" mi="1" ci="1" mb="0" cb="0"/><line nr="158" mi="4" ci="0" mb="0" cb="0"/><line nr="159" mi="5" ci="0" mb="0" cb="0"/><line nr="160" mi="6" ci="0" mb="0" cb="0"/><line nr="161" mi="4" ci="0" mb="0" cb="0"/><line nr="164" mi="0" ci="2" mb="0" cb="0"/><line nr="171" mi="2" ci="0" mb="0" cb="0"/><line nr="172" mi="4" ci="0" mb="0" cb="0"/><line nr="174" mi="8" ci="0" mb="2" cb="0"/><line nr="175" mi="5" ci="0" mb="0" cb="0"/><line nr="176" mi="4" ci="0" mb="0" cb="0"/><line nr="181" mi="1" ci="0" mb="0" cb="0"/><line nr="186" mi="0" ci="6" mb="0" cb="0"/><line nr="191" mi="0" ci="2" mb="0" cb="0"/><line nr="195" mi="0" ci="5" mb="0" cb="0"/><line nr="200" mi="0" ci="4" mb="0" cb="0"/><line nr="204" mi="0" ci="2" mb="0" cb="0"/><line nr="205" mi="0" ci="3" mb="0" cb="0"/><line nr="206" mi="0" ci="3" mb="0" cb="0"/><line nr="207" mi="0" ci="3" mb="0" cb="0"/><line nr="208" mi="0" ci="4" mb="0" cb="0"/><line nr="210" mi="0" ci="4" mb="0" cb="0"/><line nr="211" mi="0" ci="6" mb="0" cb="0"/><line nr="212" mi="0" ci="6" mb="0" cb="0"/><line nr="213" mi="0" ci="6" mb="0" cb="0"/><line nr="214" mi="0" ci="6" mb="0" cb="0"/><line nr="215" mi="0" ci="10" mb="0" cb="0"/><line nr="217" mi="0" ci="2" mb="0" cb="0"/><line nr="221" mi="0" ci="4" mb="0" cb="0"/><line nr="222" mi="0" ci="6" mb="0" cb="0"/><line nr="223" mi="0" ci="6" mb="0" cb="0"/><line nr="224" mi="0" ci="6" mb="0" cb="0"/><line nr="225" mi="0" ci="2" mb="0" cb="0"/><counter type="INSTRUCTION" missed="115" covered="322"/><counter type="BRANCH" missed="12" covered="10"/><counter type="LINE" missed="24" covered="70"/><counter type="COMPLEXITY" missed="12" covered="13"/><counter type="METHOD" missed="2" covered="12"/><counter type="CLASS" missed="0" covered="1"/></sourcefile><sourcefile name="StaffService.java"><line nr="14" mi="0" ci="3" mb="0" cb="0"/><line nr="20" mi="4" ci="0" mb="0" cb="0"/><line nr="24" mi="4" ci="0" mb="0" cb="0"/><line nr="28" mi="5" ci="0" mb="0" cb="0"/><line nr="32" mi="5" ci="0" mb="0" cb="0"/><line nr="36" mi="5" ci="0" mb="0" cb="0"/><line nr="40" mi="3" ci="0" mb="0" cb="0"/><line nr="41" mi="3" ci="0" mb="0" cb="0"/><line nr="42" mi="6" ci="0" mb="0" cb="0"/><line nr="46" mi="5" ci="0" mb="0" cb="0"/><line nr="47" mi="3" ci="0" mb="2" cb="0"/><line nr="48" mi="4" ci="0" mb="0" cb="0"/><line nr="49" mi="4" ci="0" mb="0" cb="0"/><line nr="50" mi="4" ci="0" mb="0" cb="0"/><line nr="51" mi="4" ci="0" mb="0" cb="0"/><line nr="52" mi="4" ci="0" mb="0" cb="0"/><line nr="53" mi="4" ci="0" mb="0" cb="0"/><line nr="54" mi="4" ci="0" mb="0" cb="0"/><line nr="55" mi="3" ci="0" mb="0" cb="0"/><line nr="56" mi="6" ci="0" mb="0" cb="0"/><line nr="58" mi="2" ci="0" mb="0" cb="0"/><line nr="62" mi="5" ci="0" mb="2" cb="0"/><line nr="63" mi="4" ci="0" mb="0" cb="0"/><line nr="64" mi="2" ci="0" mb="0" cb="0"/><line nr="66" mi="2" ci="0" mb="0" cb="0"/><counter type="INSTRUCTION" missed="95" covered="3"/><counter type="BRANCH" missed="4" covered="0"/><counter type="LINE" missed="24" covered="1"/><counter type="COMPLEXITY" missed="10" covered="1"/><counter type="METHOD" missed="8" covered="1"/><counter type="CLASS" missed="0" covered="1"/></sourcefile><sourcefile name="AppointmentService.java"><line nr="15" mi="0" ci="3" mb="0" cb="0"/><line nr="21" mi="4" ci="0" mb="0" cb="0"/><line nr="25" mi="5" ci="0" mb="0" cb="0"/><line nr="29" mi="5" ci="0" mb="0" cb="0"/><line nr="33" mi="5" ci="0" mb="0" cb="0"/><line nr="37" mi="5" ci="0" mb="0" cb="0"/><line nr="41" mi="5" ci="0" mb="0" cb="0"/><line nr="45" mi="6" ci="0" mb="0" cb="0"/><line nr="49" mi="3" ci="0" mb="0" cb="0"/><line nr="50" mi="3" ci="0" mb="0" cb="0"/><line nr="51" mi="6" ci="0" mb="0" cb="0"/><line nr="55" mi="5" ci="0" mb="0" cb="0"/><line nr="56" mi="3" ci="0" mb="2" cb="0"/><line nr="57" mi="4" ci="0" mb="0" cb="0"/><line nr="58" mi="4" ci="0" mb="0" cb="0"/><line nr="59" mi="4" ci="0" mb="0" cb="0"/><line nr="60" mi="4" ci="0" mb="0" cb="0"/><line nr="61" mi="4" ci="0" mb="0" cb="0"/><line nr="62" mi="4" ci="0" mb="0" cb="0"/><line nr="63" mi="4" ci="0" mb="0" cb="0"/><line nr="64" mi="4" ci="0" mb="0" cb="0"/><line nr="65" mi="4" ci="0" mb="0" cb="0"/><line nr="66" mi="3" ci="0" mb="0" cb="0"/><line nr="67" mi="6" ci="0" mb="0" cb="0"/><line nr="69" mi="2" ci="0" mb="0" cb="0"/><line nr="73" mi="5" ci="0" mb="2" cb="0"/><line nr="74" mi="4" ci="0" mb="0" cb="0"/><line nr="75" mi="2" ci="0" mb="0" cb="0"/><line nr="77" mi="2" ci="0" mb="0" cb="0"/><counter type="INSTRUCTION" missed="115" covered="3"/><counter type="BRANCH" missed="4" covered="0"/><counter type="LINE" missed="28" covered="1"/><counter type="COMPLEXITY" missed="12" covered="1"/><counter type="METHOD" missed="10" covered="1"/><counter type="CLASS" missed="0" covered="1"/></sourcefile><counter type="INSTRUCTION" missed="488" covered="350"/><counter type="BRANCH" missed="28" covered="10"/><counter type="LINE" missed="117" covered="78"/><counter type="COMPLEXITY" missed="51" covered="19"/><counter type="METHOD" missed="33" covered="18"/><counter type="CLASS" missed="0" covered="5"/></package><counter type="INSTRUCTION" missed="1134" covered="446"/><counter type="BRANCH" missed="48" covered="10"/><counter type="LINE" missed="328" covered="115"/><counter type="COMPLEXITY" missed="157" covered="41"/><counter type="METHOD" missed="129" covered="40"/><counter type="CLASS" missed="3" covered="11"/></report>